2025-12-02T17:06:33.137Z [INFO]:[ASYNC]: isGuidedAccessEnabled :: false
2025-12-02T17:06:33.137Z [INFO]:[ASYNC]: netInfoState :: {}
2025-12-02T17:06:33.137Z [INFO]:[ASYNC]: Start fetchTokenProvider :: {"fetchURL":"https://sandbox.api.goodbricks.app/stripe/connection-token?organizationPublicId="}
2025-12-02T17:06:33.137Z [INFO]:[ASYNC]: Start fetchTokenProvider :: {"fetchURL":"https://sandbox.api.goodbricks.app/stripe/connection-token?organizationPublicId="}
2025-12-02T17:06:33.137Z [INFO]:[ASYNC]: netInfoState :: {"type":"wifi","isConnected":true,"details":{"ipAddress":"192.168.7.199","subnet":"255.255.252.0","isConnectionExpensive":false},"isInternetReachable":null}
2025-12-02T17:06:33.138Z [INFO]:[ASYNC]: netInfoState :: {"type":"wifi","isConnected":true,"details":{"ipAddress":"192.168.7.199","subnet":"255.255.252.0","isConnectionExpensive":false},"isInternetReachable":null}
2025-12-02T17:06:33.248Z [INFO]:[ASYNC]: netInfoState :: {"type":"wifi","isConnected":true,"details":{"ipAddress":"192.168.7.199","subnet":"255.255.252.0","isConnectionExpensive":false},"isInternetReachable":true}
2025-12-02T17:06:33.639Z [INFO]:[ASYNC]: guidedAccessStatusDidChange:  :: {"enabled":false}
2025-12-02T17:06:38.260Z [INFO]:[ASYNC]: Done fetchTokenProvider :: {"connectionToken":"pst_test_YWNjdF8xQU1WY3FMc0JnZzlDQzQ2LDAyV2FWSnlZNExIMWx6RU5ZTExaQlVRN3Z1WW90dU8_00pEilmQXw","locationId":"tml_Enq6AmuRiHOSAi","applicationFeesCapInCents":3000,"applicationFeesInPercent":1.5,"receiptAmountThresholdInDollars":50}
2025-12-02T17:06:38.263Z [INFO]:[ASYNC]: Updated fetchTokenProvider :: {"organization":{"message":"Internal server error"},"environment":"sandbox"}
2025-12-02T17:06:39.384Z [INFO]:[1764695199380]: Discovering Readers. isSimulator: false :: ""
2025-12-02T17:06:39.393Z [INFO]:[FE-1764695199389]: Discovering readers :: "discovering readers"
2025-12-02T17:06:39.401Z [INFO]:[ASYNC]: onDidChangeConnectionStatus :: "discovering"
2025-12-02T17:06:39.404Z [INFO]:[FE-1764695199402]: Reader Connection Status :: "discovering"
2025-12-02T17:06:39.950Z [INFO]:[ASYNC]: Start fetchTokenProvider :: {"fetchURL":"https://sandbox.api.goodbricks.app/stripe/connection-token?organizationPublicId=icsd.org"}
2025-12-02T17:06:40.237Z [INFO]:[ASYNC]: Done fetchTokenProvider :: {"connectionToken":"pst_test_YWNjdF8xQU1WY3FMc0JnZzlDQzQ2LG5pYWdwSlU2ZG90SzgwR1VhYllvdWI0OEJJMnczeEQ_00W4GqNWcr","locationId":"tml_Enq6AmuRiHOSAi","applicationFeesCapInCents":3000,"applicationFeesInPercent":1.5,"receiptAmountThresholdInDollars":50}
2025-12-02T17:06:40.568Z [INFO]:[ASYNC]: onUpdateDiscoveredReaders :: [{"status":"offline","simulated":false,"batteryStatus":"unknown","location":{"displayName":"ICSD Primary Location","phone":null,"id":"tml_Enq6AmuRiHOSAi","addressKana":null,"address":{"line1":"6666 Beadnell Way Unit 8","state":"CA","town":null,"line2":"","postalCode":"92117","country":"US","city":"San Diego"},"addressKanji":null,"livemode":false,"displayNameKana":null,"displayNameKanji":null},"availableUpdate":null,"deviceType":"chipper2X","isCharging":null,"deviceSoftwareVersion":null,"ipAddress":null,"locationStatus":"set","serialNumber":"CHB202937003343","batteryLevel":null,"label":null,"locationId":"tml_Enq6AmuRiHOSAi","id":null}]
2025-12-02T17:06:40.573Z [INFO]:[FE-1764695200571]: Discovered Readers :: [{"status":"offline","simulated":false,"batteryStatus":"unknown","location":{"displayName":"ICSD Primary Location","phone":null,"id":"tml_Enq6AmuRiHOSAi","addressKana":null,"address":{"line1":"6666 Beadnell Way Unit 8","state":"CA","town":null,"line2":"","postalCode":"92117","country":"US","city":"San Diego"},"addressKanji":null,"livemode":false,"displayNameKana":null,"displayNameKanji":null},"availableUpdate":null,"deviceType":"chipper2X","isCharging":null,"deviceSoftwareVersion":null,"ipAddress":null,"locationStatus":"set","serialNumber":"CHB202937003343","batteryLevel":null,"label":null,"locationId":"tml_Enq6AmuRiHOSAi","id":null}]
2025-12-02T17:06:40.576Z [INFO]:[FE-1764695200574]: ReaderHealthManager:DiscoveredReaderChange:  :: {"lockedReader":"CHB202937003343","connectingToReader":false,"readerDiscoveryStatus":"discovering-readers","readerConnectionStatus":"discovering","discoveredReaders":[{"status":"offline","simulated":false,"batteryStatus":"unknown","location":{"displayName":"ICSD Primary Location","phone":null,"id":"tml_Enq6AmuRiHOSAi","addressKana":null,"address":{"line1":"6666 Beadnell Way Unit 8","state":"CA","town":null,"line2":"","postalCode":"92117","country":"US","city":"San Diego"},"addressKanji":null,"livemode":false,"displayNameKana":null,"displayNameKanji":null},"availableUpdate":null,"deviceType":"chipper2X","isCharging":null,"deviceSoftwareVersion":null,"ipAddress":null,"locationStatus":"set","serialNumber":"CHB202937003343","batteryLevel":null,"label":null,"locationId":"tml_Enq6AmuRiHOSAi","id":null}]}
2025-12-02T17:06:43.868Z [INFO]:[1764695203864]: handleConnectReader  :: {"payload":{"serialNumber":"CHB202937003343","offlineModePreference":"enabled"},"discoveredReaders":[{"status":"offline","simulated":false,"batteryStatus":"unknown","location":{"displayName":"ICSD Primary Location","phone":null,"id":"tml_Enq6AmuRiHOSAi","addressKana":null,"address":{"line1":"6666 Beadnell Way Unit 8","state":"CA","town":null,"line2":"","postalCode":"92117","country":"US","city":"San Diego"},"addressKanji":null,"livemode":false,"displayNameKana":null,"displayNameKanji":null},"availableUpdate":null,"deviceType":"chipper2X","isCharging":null,"deviceSoftwareVersion":null,"ipAddress":null,"locationStatus":"set","serialNumber":"CHB202937003343","batteryLevel":null,"label":null,"locationId":"tml_Enq6AmuRiHOSAi","id":null}]}
2025-12-02T17:06:43.872Z [INFO]:[1764695203864]: handleConnectBluetoothReader  :: {"selectReader":{"status":"offline","simulated":false,"batteryStatus":"unknown","location":{"displayName":"ICSD Primary Location","phone":null,"id":"tml_Enq6AmuRiHOSAi","addressKana":null,"address":{"line1":"6666 Beadnell Way Unit 8","state":"CA","town":null,"line2":"","postalCode":"92117","country":"US","city":"San Diego"},"addressKanji":null,"livemode":false,"displayNameKana":null,"displayNameKanji":null},"availableUpdate":null,"deviceType":"chipper2X","isCharging":null,"deviceSoftwareVersion":null,"ipAddress":null,"locationStatus":"set","serialNumber":"CHB202937003343","batteryLevel":null,"label":null,"locationId":"tml_Enq6AmuRiHOSAi","id":null},"offlineModePreference":"enabled"}
2025-12-02T17:06:43.876Z [INFO]:[1764695203864]: Offline mode preference: enabled, enabling: true :: {}
2025-12-02T17:06:43.997Z [INFO]:[1764695199380]: discovering readers :: "started"
2025-12-02T17:06:44.009Z [INFO]:[ASYNC]: onDidChangeConnectionStatus :: "connecting"
2025-12-02T17:06:44.029Z [INFO]:[FE-1764695204021]: Canceled Discovering Readers :: "onFinishDiscoveringReaders error undefined"
2025-12-02T17:06:44.029Z [INFO]:[FE-1764695204022]: Discovered Readers :: [{"status":"offline","simulated":false,"batteryStatus":"unknown","location":{"displayName":"ICSD Primary Location","phone":null,"id":"tml_Enq6AmuRiHOSAi","addressKana":null,"address":{"line1":"6666 Beadnell Way Unit 8","state":"CA","town":null,"line2":"","postalCode":"92117","country":"US","city":"San Diego"},"addressKanji":null,"livemode":false,"displayNameKana":null,"displayNameKanji":null},"availableUpdate":null,"deviceType":"chipper2X","isCharging":null,"deviceSoftwareVersion":null,"ipAddress":null,"locationStatus":"set","serialNumber":"CHB202937003343","batteryLevel":null,"label":null,"locationId":"tml_Enq6AmuRiHOSAi","id":null}]
2025-12-02T17:06:44.030Z [INFO]:[FE-1764695204022]: ReaderHealthManager:DiscoveredReaderChange:  :: {"lockedReader":"CHB202937003343","connectingToReader":false,"readerDiscoveryStatus":"canceled-discovering-readers","readerConnectionStatus":"discovering","discoveredReaders":[{"status":"offline","simulated":false,"batteryStatus":"unknown","location":{"displayName":"ICSD Primary Location","phone":null,"id":"tml_Enq6AmuRiHOSAi","addressKana":null,"address":{"line1":"6666 Beadnell Way Unit 8","state":"CA","town":null,"line2":"","postalCode":"92117","country":"US","city":"San Diego"},"addressKanji":null,"livemode":false,"displayNameKana":null,"displayNameKanji":null},"availableUpdate":null,"deviceType":"chipper2X","isCharging":null,"deviceSoftwareVersion":null,"ipAddress":null,"locationStatus":"set","serialNumber":"CHB202937003343","batteryLevel":null,"label":null,"locationId":"tml_Enq6AmuRiHOSAi","id":null}]}
2025-12-02T17:06:44.031Z [INFO]:[FE-1764695204023]: Discovering readers :: "discovering readers"
2025-12-02T17:06:44.031Z [INFO]:[FE-1764695204023]: Reader Connection Status :: "connecting"
2025-12-02T17:06:45.434Z [INFO]:[ASYNC]: Start fetchTokenProvider :: {"fetchURL":"https://sandbox.api.goodbricks.app/stripe/connection-token?organizationPublicId=icsd.org"}
2025-12-02T17:06:45.698Z [INFO]:[ASYNC]: Done fetchTokenProvider :: {"connectionToken":"pst_test_YWNjdF8xQU1WY3FMc0JnZzlDQzQ2LGg2WDFLckdSUURiWXkyV1U1Sm1kZ0JYaTBOMXN3U0I_00ULd5W6iS","locationId":"tml_Enq6AmuRiHOSAi","applicationFeesCapInCents":3000,"applicationFeesInPercent":1.5,"receiptAmountThresholdInDollars":50}
2025-12-02T17:06:46.318Z [INFO]:[ASYNC]: onDidChangeOfflineStatus:  :: {"sdk":{"offlinePaymentAmountsByCurrency":{"usd":2700},"networkStatus":"online","offlinePaymentsCount":1}}
2025-12-02T17:06:46.320Z [INFO]:[ASYNC]: ðŸ”„ Connection restored - forwarding offline payments :: {"count":1,"amounts":{"usd":2700}}
2025-12-02T17:06:46.323Z [INFO]:[FE-1764695206321]: Reader Offline Status :: {"sdk":{"offlinePaymentAmountsByCurrency":{"usd":2700},"networkStatus":"online","offlinePaymentsCount":1}}
2025-12-02T17:06:46.324Z [INFO]:[FE-1764695206321]: ðŸŒ [Network Recovery] Network is back online :: {"newStatus":"online"}
2025-12-02T17:06:46.367Z [INFO]:[ASYNC]: Start fetchTokenProvider :: {"fetchURL":"https://sandbox.api.goodbricks.app/stripe/connection-token?organizationPublicId=icsd.org"}
2025-12-02T17:06:46.618Z [INFO]:[ASYNC]: Done fetchTokenProvider :: {"connectionToken":"pst_test_YWNjdF8xQU1WY3FMc0JnZzlDQzQ2LHNGa1BpYUJ0aldBbzh4ZmV6OFpKSkoxWjBsUkpXN1U_00qapiqSUn","locationId":"tml_Enq6AmuRiHOSAi","applicationFeesCapInCents":3000,"applicationFeesInPercent":1.5,"receiptAmountThresholdInDollars":50}
2025-12-02T17:06:47.113Z [INFO]:[ASYNC]: onDidChangeConnectionStatus :: "connected"
2025-12-02T17:06:47.115Z [INFO]:[ASYNC]: Battery Level:  :: 0.4099999964237213
2025-12-02T17:06:47.116Z [INFO]:[ASYNC]: onDidChangePaymentStatus:  :: "ready"
2025-12-02T17:06:47.119Z [INFO]:[1764695203864]: Reader connected successfully :: {"status":"offline","simulated":false,"batteryStatus":"nominal","location":{"displayName":"ICSD Primary Location","phone":null,"id":"tml_Enq6AmuRiHOSAi","addressKana":null,"address":{"line1":"6666 Beadnell Way Unit 8","state":"CA","town":null,"line2":"","postalCode":"92117","country":"US","city":"San Diego"},"addressKanji":null,"livemode":false,"displayNameKana":null,"displayNameKanji":null},"availableUpdate":null,"deviceType":"chipper2X","isCharging":false,"deviceSoftwareVersion":"1.00.03.51-SZZZ_Generic_v51-300001","ipAddress":null,"locationStatus":"set","serialNumber":"CHB202937003343","batteryLevel":0.4099999964237213,"label":null,"locationId":"tml_Enq6AmuRiHOSAi","id":"tmr_GQWCggQG3YYSHi"}
2025-12-02T17:06:47.123Z [WARN]:[1764695203864]: cancelDiscovering error :: {"code":"CancelFailedAlreadyCompleted","message":"discoverReaders could not be canceled because the command has already been canceled or has completed."}
2025-12-02T17:06:47.124Z [INFO]:[1764695203864]: cancelDiscoverReaders :: "done"
2025-12-02T17:06:47.129Z [INFO]:[FE-1764695207126]: Reader Connection Status :: "connected"
2025-12-02T17:06:47.130Z [INFO]:[FE-1764695207127]: Battery Level Update :: {"batteryLevel":0.4099999964237213,"isCharging":false,"batteryStatus":"nominal"}
2025-12-02T17:06:47.130Z [INFO]:[FE-1764695207128]: Battery Level Update :: 0.4099999964237213
2025-12-02T17:06:47.131Z [INFO]:[FE-1764695207128]: Reader Connected :: {"status":"offline","simulated":false,"batteryStatus":"nominal","location":{"displayName":"ICSD Primary Location","phone":null,"id":"tml_Enq6AmuRiHOSAi","addressKana":null,"address":{"line1":"6666 Beadnell Way Unit 8","state":"CA","town":null,"line2":"","postalCode":"92117","country":"US","city":"San Diego"},"addressKanji":null,"livemode":false,"displayNameKana":null,"displayNameKanji":null},"availableUpdate":null,"deviceType":"chipper2X","isCharging":false,"deviceSoftwareVersion":"1.00.03.51-SZZZ_Generic_v51-300001","ipAddress":null,"locationStatus":"set","serialNumber":"CHB202937003343","batteryLevel":0.4099999964237213,"label":null,"locationId":"tml_Enq6AmuRiHOSAi","id":"tmr_GQWCggQG3YYSHi"}
2025-12-02T17:06:47.132Z [INFO]:[FE-1764695207129]: ReaderHealthManager:ConnectedReader:  :: {"connectedReader":"CHB202937003343","readerConnectionStatus":"connected","connectingToReader":false}
2025-12-02T17:06:47.133Z [INFO]:[FE-1764695207130]: Canceled Discovering Readers :: "canceled discover readers"
2025-12-02T17:06:47.468Z [INFO]:[ASYNC]: onDidChangeOfflineStatus:  :: {"sdk":{"offlinePaymentAmountsByCurrency":{"usd":2700},"networkStatus":"online","offlinePaymentsCount":1}}
2025-12-02T17:06:47.470Z [INFO]:[ASYNC]: ðŸ”„ Connection restored - forwarding offline payments :: {"count":1,"amounts":{"usd":2700}}
2025-12-02T17:06:47.475Z [INFO]:[FE-1764695207473]: Reader Offline Status :: {"sdk":{"offlinePaymentAmountsByCurrency":{"usd":2700},"networkStatus":"online","offlinePaymentsCount":1}}
2025-12-02T17:06:48.829Z [INFO]:[ASYNC]: onDidChangeOfflineStatus:  :: {"sdk":{"offlinePaymentAmountsByCurrency":{},"networkStatus":"online","offlinePaymentsCount":0}}
2025-12-02T17:06:48.835Z [INFO]:[FE-1764695208833]: Reader Offline Status :: {"sdk":{"offlinePaymentAmountsByCurrency":{},"networkStatus":"online","offlinePaymentsCount":0}}
2025-12-02T17:06:48.864Z [INFO]:[ASYNC]: onDidChangeOfflineStatus:  :: {"sdk":{"offlinePaymentAmountsByCurrency":{},"networkStatus":"online","offlinePaymentsCount":0}}
2025-12-02T17:06:48.868Z [INFO]:[FE-1764695208866]: Reader Offline Status :: {"sdk":{"offlinePaymentAmountsByCurrency":{},"networkStatus":"online","offlinePaymentsCount":0}}
2025-12-02T17:06:55.215Z [INFO]:[FE-1764695215212]: ReadyToPayScreen mounted :: {"category":{"coverFeePercentage":"3.00","coverFees":true,"defaultAmount":"100","defaultAmounts":"5000,2500,1000,750","displayOrder":999,"externalCategoryId":null,"id":"wudu-bathroom-renovations","name":"wudu-bathroom renovations","showNotes":false,"slug":"wudu-bathroom-renovations","tags":"","text":"wudu-bathroom renovations"},"amount":27,"context":{}}
2025-12-02T17:06:55.216Z [INFO]:[FE-1764695215213]: ReadyToPayScreen: Payment status changed :: "ready"
2025-12-02T17:06:55.217Z [INFO]:[FE-1764695215215]: ReadyToPayScreen: Payment status changed :: "initialized"
2025-12-02T17:06:55.218Z [INFO]:[FE-1764695215215]: ReadyToPayScreen: Creating payment intent :: {"reason":"refresh","sdkOnline":true}
2025-12-02T17:06:55.219Z [INFO]:[FE-1764695215215]: ReadyToPayScreen: Creating payment intent :: {"totalAmount":27,"category":"wudu-bathroom renovations"}
2025-12-02T17:06:55.244Z [INFO]:[1764695215241]: ðŸ”„ [Native] Creating payment intent :: {"amount":2700,"offlineBehavior":"force_offline","offlineModePreference":"enabled","shouldEnableOfflineMode":true}
2025-12-02T17:06:55.273Z [INFO]:[1764695215241]: âœ… [Native] Payment intent created successfully :: {"paymentIntentId":null}
2025-12-02T17:06:55.275Z [INFO]:[FE-1764695215274]: âœ… [Payment Intent] Created :: {"paymentIntentId":null,"previousPaymentIntentId":""}
2025-12-02T17:06:55.276Z [INFO]:[FE-1764695215275]: ReadyToPayScreen: Payment status changed :: "initialized"
2025-12-02T17:06:55.276Z [INFO]:[FE-1764695215275]: ReadyToPayScreen: Creating payment intent :: {"reason":"initial_load","sdkOnline":true}
2025-12-02T17:06:55.277Z [WARN]:[FE-1764695215275]: ReadyToPayScreen: Payment intent creation already in progress, skipping duplicate call :: undefined
2025-12-02T17:06:55.277Z [INFO]:[FE-1764695215275]: â±ï¸ [Payment Intent Timeout] Tracking handled by ReaderHealthManager :: {"paymentIntentId":null,"createdAt":1764695215273}
2025-12-02T17:06:55.280Z [INFO]:[ASYNC]: onDidChangePaymentStatus:  :: "waitingForInput"
2025-12-02T17:06:55.282Z [INFO]:[FE-1764695215281]: ReadyToPayScreen: Payment status changed :: "waitingForInput"
2025-12-02T17:06:55.443Z [INFO]:[ASYNC]: onDidRequestReaderInput:  :: ["insertCard","tapCard"]
2025-12-02T17:06:55.445Z [INFO]:[FE-1764695215444]: ReadyToPayScreen: Payment status changed :: "readerInput"
2025-12-02T17:06:59.765Z [INFO]:[ASYNC]: netInfoState :: {"type":"wifi","isConnected":true,"details":{"ipAddress":"192.168.7.199","subnet":"255.255.252.0","isConnectionExpensive":false},"isInternetReachable":false}
2025-12-02T17:06:59.766Z [INFO]:[ASYNC]: netInfoState :: {"type":"none","isConnected":false,"details":{},"isInternetReachable":false}
2025-12-02T17:06:59.771Z [INFO]:[ASYNC]: onDidChangeOfflineStatus:  :: {"sdk":{"offlinePaymentAmountsByCurrency":{},"networkStatus":"offline","offlinePaymentsCount":0}}
2025-12-02T17:06:59.773Z [WARN]:[ASYNC]: ðŸ“´ SDK went offline - offline mode active :: {"pendingPayments":0}
2025-12-02T17:06:59.776Z [INFO]:[FE-1764695219774]: Internet Connection Change :: {"type":"wifi","isConnected":true,"details":{"ipAddress":"192.168.7.199","subnet":"255.255.252.0","isConnectionExpensive":false},"isInternetReachable":false}
2025-12-02T17:06:59.776Z [INFO]:[FE-1764695219775]: Internet Connection Change :: {"type":"none","isConnected":false,"details":{},"isInternetReachable":false}
2025-12-02T17:06:59.777Z [INFO]:[FE-1764695219777]: Reader Offline Status :: {"sdk":{"offlinePaymentAmountsByCurrency":{},"networkStatus":"offline","offlinePaymentsCount":0}}
2025-12-02T17:06:59.791Z [INFO]:[FE-1764695219777]: ReadyToPayScreen: Payment status changed :: "readerInput"
2025-12-02T17:07:02.293Z [INFO]:[ASYNC]: Start fetchTokenProvider :: {"fetchURL":"https://sandbox.api.goodbricks.app/stripe/connection-token?organizationPublicId=icsd.org"}
2025-12-02T17:07:02.823Z [INFO]:[ASYNC]: guidedAccessStatusDidChange:  :: {"enabled":false}
2025-12-02T17:07:03.894Z [INFO]:[ASYNC]: onDidRequestReaderDisplayMessage:  :: "removeCard"
2025-12-02T17:07:03.898Z [INFO]:[FE-1764695223896]: ReadyToPayScreen: Payment status changed :: "removeCard"
2025-12-02T17:07:04.778Z [INFO]:[ASYNC]: onDidChangePaymentStatus:  :: "ready"
2025-12-02T17:07:04.782Z [INFO]:[1764695215241]: Collect Payment Method successful :: {"sdkUuid":"8F787DA5-B451-4A16-BB06-9DD46DC28D6C","status":"requiresConfirmation","created":"1764695215252","amountDetails":{"tip":{"amount":null}},"offlineDetails":{"cardPresentDetails":null,"storedAtMs":null,"requiresUpload":false,"amountDetails":null},"currency":"usd","captureMethod":"automatic","paymentMethodId":null,"statementDescriptor":null,"paymentMethodOptions":null,"statementDescriptorSuffix":null,"paymentMethod":null,"amountTip":0,"id":null,"metadata":{"donation_date_epoch":"1764695215215","total_amount":"27","slug":"wudu-bathroom-renovations","reader_serial_number":"CHB202937003343","notes":"Tap-to-Pay","covered_fees":"false","covered_fees_amount":"0","platform":"Goodbricks","terminal_name":"CHB202937003343","payment_mode":"Terminal","purpose":"wudu-bathroom renovations","donation_date":"12/2/2025, 9:06:55 AM","purpose_slug":"wudu-bathroom-renovations"},"charges":[],"amount":2700}
2025-12-02T17:07:04.786Z [INFO]:[FE-1764695224783]: ReadyToPayScreen: Payment status changed :: "ready"
2025-12-02T17:07:04.795Z [INFO]:[ASYNC]: onDidChangePaymentStatus:  :: "processing"
2025-12-02T17:07:04.848Z [INFO]:[FE-1764695224847]: ReadyToPayScreen: Payment status changed :: "processing"
2025-12-02T17:07:04.849Z [INFO]:[FE-1764695224847]: ReadyToPayScreen: Card tapped, transitioning to payment flow :: undefined
2025-12-02T17:07:04.850Z [INFO]:[FE-1764695224848]: PaymentProcessingScreen :: "PaymentProcessingScreen"
2025-12-02T17:07:04.850Z [INFO]:[FE-1764695224848]: PaymentProcessingScreen:displayPaymentProcessingAnimation:  :: {"paymentProcessingStatus":"processing"}
2025-12-02T17:07:04.852Z [INFO]:[ASYNC]: onDidChangeOfflineStatus:  :: {"sdk":{"offlinePaymentAmountsByCurrency":{"usd":2700},"networkStatus":"offline","offlinePaymentsCount":1}}
2025-12-02T17:07:04.854Z [WARN]:[ASYNC]: ðŸ“´ SDK went offline - offline mode active :: {"pendingPayments":1}
2025-12-02T17:07:04.855Z [INFO]:[ASYNC]: onDidChangePaymentStatus:  :: "ready"
2025-12-02T17:07:04.856Z [INFO]:[1764695215241]: Confirm Payment Intent successful :: {"sdkUuid":"EEC7080E-29C8-46E7-8946-FBBE403BB46A","status":"succeeded","created":"1764695215252","amountDetails":{"tip":{"amount":null}},"offlineDetails":{"cardPresentDetails":{"last4":"9969","expYear":2023,"cardholderName":"CARDHOLDER/VISA","readMethod":"contactlessEMV","brand":null,"expMonth":3,"receiptDetails":{"dedicatedFileName":"A000000003101001","authorizationCode":null,"authorizationResponseCode":"","applicationCryptogram":"CCEC142B6335DF9D","cvm":"none","accountType":null,"applicationPreferredName":"Stripe Credit","terminalVerificationResults":"0000000000","transactionStatusInformation":"0000"}},"storedAtMs":"1764695224829","requiresUpload":true,"amountDetails":{"tip":{"amount":null}}},"currency":"usd","captureMethod":"automatic","paymentMethodId":null,"statementDescriptor":null,"paymentMethodOptions":null,"statementDescriptorSuffix":null,"paymentMethod":null,"amountTip":0,"id":null,"metadata":{"donation_date_epoch":"1764695215215","total_amount":"27","slug":"wudu-bathroom-renovations","reader_serial_number":"CHB202937003343","notes":"Tap-to-Pay","covered_fees":"false","covered_fees_amount":"0","platform":"Goodbricks","terminal_name":"CHB202937003343","payment_mode":"Terminal","purpose":"wudu-bathroom renovations","donation_date":"12/2/2025, 9:06:55 AM","purpose_slug":"wudu-bathroom-renovations"},"charges":[],"amount":2700}
2025-12-02T17:07:04.858Z [INFO]:[FE-1764695224856]: Reader Offline Status :: {"sdk":{"offlinePaymentAmountsByCurrency":{"usd":2700},"networkStatus":"offline","offlinePaymentsCount":1}}
2025-12-02T17:07:04.858Z [INFO]:[FE-1764695224857]: PaymentProcessingScreen :: "PaymentProcessingScreen"
2025-12-02T17:07:04.858Z [INFO]:[FE-1764695224857]: PaymentProcessingScreen:displayPaymentProcessingAnimation:  :: {"paymentProcessingStatus":"ready"}
2025-12-02T17:07:04.859Z [INFO]:[FE-1764695224857]: Payment Captured :: null
2025-12-02T17:07:04.859Z [INFO]:[FE-1764695224857]: PaymentProcessingScreen :: "PaymentProcessingScreen"
2025-12-02T17:07:04.860Z [INFO]:[FE-1764695224857]: PaymentProcessingScreen:displayPaymentProcessingAnimation:  :: {"paymentProcessingStatus":"paymentCaptured"}
2025-12-02T17:07:04.861Z [INFO]:[FE-1764695224858]: PaymentCaptured: Tap-to-pay mode detected, skipping receipt screens :: undefined
2025-12-02T17:07:04.862Z [INFO]:[FE-1764695224858]: QuickSuccessScreen: Payment successful :: {"category":"wudu-bathroom renovations","amount":27}
2025-12-02T17:07:04.862Z [INFO]:[FE-1764695224858]: â±ï¸ [Payment Intent Timeout] Tracking handled by ReaderHealthManager :: {"paymentIntentId":null,"reason":"payment_completed"}
2025-12-02T17:07:06.873Z [INFO]:[FE-1764695226868]: ReadyToPayScreen mounted :: {"category":{"coverFeePercentage":"3.00","coverFees":true,"defaultAmount":"100","defaultAmounts":"5000,2500,1000,750","displayOrder":999,"externalCategoryId":null,"id":"wudu-bathroom-renovations","name":"wudu-bathroom renovations","showNotes":false,"slug":"wudu-bathroom-renovations","tags":"","text":"wudu-bathroom renovations"},"amount":27,"context":{"customerEmail":"","customerName":"","totalAmount":"","category":{}}}
2025-12-02T17:07:06.876Z [INFO]:[FE-1764695226869]: ReadyToPayScreen: Payment status changed :: "paymentCaptured"
2025-12-02T17:07:06.877Z [INFO]:[FE-1764695226871]: ReadyToPayScreen: Payment status changed :: "initialized"
2025-12-02T17:07:06.878Z [WARN]:[FE-1764695226871]: ReadyToPayScreen: Cannot create payment intent - SDK offline :: {"connectedReader":"CHB202937003343","sdkOnline":false}
2025-12-02T17:07:27.623Z [INFO]:[ASYNC]: Start fetchTokenProvider :: {"fetchURL":"https://sandbox.api.goodbricks.app/stripe/connection-token?organizationPublicId=icsd.org"}
2025-12-02T17:07:27.715Z [INFO]:[ASYNC]: Battery Level:  :: 0.3700000047683716
2025-12-02T17:07:27.726Z [INFO]:[FE-1764695247720]: Battery Level Update :: {"batteryLevel":0.3700000047683716,"isCharging":false,"batteryStatus":"nominal"}
2025-12-02T17:07:28.159Z [INFO]:[ASYNC]: guidedAccessStatusDidChange:  :: {"enabled":false}
2025-12-02T17:07:33.099Z [INFO]:[ASYNC]: netInfoState :: {"type":"none","isConnected":false,"details":{},"isInternetReachable":false}
2025-12-02T17:07:33.105Z [INFO]:[FE-1764695253099]: Internet Connection Change :: {"type":"none","isConnected":false,"details":{},"isInternetReachable":false}
2025-12-02T17:07:33.406Z [INFO]:[ASYNC]: netInfoState :: {"type":"none","isConnected":false,"details":{},"isInternetReachable":null}
2025-12-02T17:07:33.407Z [INFO]:[ASYNC]: netInfoState :: {"type":"cellular","isConnected":true,"details":{"cellularGeneration":"5g","isConnectionExpensive":true,"carrier":"--"},"isInternetReachable":null}
2025-12-02T17:07:33.419Z [INFO]:[FE-1764695253411]: Internet Connection Change :: {"type":"none","isConnected":false,"details":{},"isInternetReachable":null}
2025-12-02T17:07:33.420Z [INFO]:[FE-1764695253412]: Internet Connection Change :: {"type":"cellular","isConnected":true,"details":{"cellularGeneration":"5g","isConnectionExpensive":true,"carrier":"--"},"isInternetReachable":null}
2025-12-02T17:07:33.421Z [INFO]:[ASYNC]: onDidChangeOfflineStatus:  :: {"sdk":{"offlinePaymentAmountsByCurrency":{"usd":2700},"networkStatus":"unknown","offlinePaymentsCount":1}}
2025-12-02T17:07:33.423Z [INFO]:[FE-1764695253422]: Reader Offline Status :: {"sdk":{"offlinePaymentAmountsByCurrency":{"usd":2700},"networkStatus":"unknown","offlinePaymentsCount":1}}
2025-12-02T17:07:33.699Z [INFO]:[ASYNC]: Start fetchTokenProvider :: {"fetchURL":"https://sandbox.api.goodbricks.app/stripe/connection-token?organizationPublicId=icsd.org"}
2025-12-02T17:07:33.754Z [INFO]:[ASYNC]: onDidChangeOfflineStatus:  :: {"sdk":{"offlinePaymentAmountsByCurrency":{"usd":2700},"networkStatus":"online","offlinePaymentsCount":1}}
2025-12-02T17:07:33.756Z [INFO]:[ASYNC]: ðŸ”„ Connection restored - forwarding offline payments :: {"count":1,"amounts":{"usd":2700}}
2025-12-02T17:07:33.759Z [INFO]:[FE-1764695253757]: Reader Offline Status :: {"sdk":{"offlinePaymentAmountsByCurrency":{"usd":2700},"networkStatus":"online","offlinePaymentsCount":1}}
2025-12-02T17:07:33.760Z [INFO]:[FE-1764695253758]: ðŸŒ [Network Recovery] Network is back online :: {"previousStatus":"unknown","newStatus":"online"}
2025-12-02T17:07:33.763Z [INFO]:[FE-1764695253759]: ReadyToPayScreen: Payment status changed :: "initialized"
2025-12-02T17:07:33.763Z [INFO]:[FE-1764695253759]: ReadyToPayScreen: Creating payment intent :: {"reason":"refresh","sdkOnline":true}
2025-12-02T17:07:33.763Z [INFO]:[FE-1764695253759]: ReadyToPayScreen: Creating payment intent :: {"totalAmount":27,"category":"wudu-bathroom renovations"}
2025-12-02T17:07:33.763Z [INFO]:[1764695253759]: ðŸ”„ [Native] Creating payment intent :: {"amount":2700,"offlineBehavior":"force_offline","offlineModePreference":"enabled","shouldEnableOfflineMode":true}
2025-12-02T17:07:33.785Z [INFO]:[1764695253759]: âœ… [Native] Payment intent created successfully :: {"paymentIntentId":null}
2025-12-02T17:07:33.788Z [INFO]:[FE-1764695253786]: âœ… [Payment Intent] Created :: {"paymentIntentId":null,"previousPaymentIntentId":""}
2025-12-02T17:07:33.788Z [INFO]:[FE-1764695253787]: ReadyToPayScreen: Payment status changed :: "initialized"
2025-12-02T17:07:33.789Z [INFO]:[FE-1764695253787]: ReadyToPayScreen: Creating payment intent :: {"reason":"initial_load","sdkOnline":true}
2025-12-02T17:07:33.790Z [WARN]:[FE-1764695253787]: ReadyToPayScreen: Payment intent creation already in progress, skipping duplicate call :: undefined
2025-12-02T17:07:33.790Z [INFO]:[FE-1764695253787]: â±ï¸ [Payment Intent Timeout] Tracking handled by ReaderHealthManager :: {"paymentIntentId":null,"createdAt":1764695253786}
2025-12-02T17:07:33.793Z [INFO]:[ASYNC]: onDidChangePaymentStatus:  :: "waitingForInput"
2025-12-02T17:07:33.795Z [INFO]:[FE-1764695253795]: ReadyToPayScreen: Payment status changed :: "waitingForInput"
2025-12-02T17:07:33.866Z [INFO]:[ASYNC]: netInfoState :: {"type":"cellular","isConnected":true,"details":{"cellularGeneration":"5g","isConnectionExpensive":true,"carrier":"--"},"isInternetReachable":true}
2025-12-02T17:07:33.867Z [INFO]:[FE-1764695253867]: Internet Connection Change :: {"type":"cellular","isConnected":true,"details":{"cellularGeneration":"5g","isConnectionExpensive":true,"carrier":"--"},"isInternetReachable":true}
2025-12-02T17:07:33.960Z [INFO]:[ASYNC]: onDidRequestReaderInput:  :: ["insertCard","tapCard"]
2025-12-02T17:07:33.962Z [INFO]:[FE-1764695253961]: ReadyToPayScreen: Payment status changed :: "readerInput"
2025-12-02T17:07:34.236Z [INFO]:[ASYNC]: guidedAccessStatusDidChange:  :: {"enabled":false}
2025-12-02T17:07:34.325Z [INFO]:[ASYNC]: Done fetchTokenProvider :: {"connectionToken":"pst_test_YWNjdF8xQU1WY3FMc0JnZzlDQzQ2LFV0QXhKb3NIa1BRRWc1TzV4ZnhIZzczVDZuaThnZHM_00A5jypIsH","locationId":"tml_Enq6AmuRiHOSAi","applicationFeesCapInCents":3000,"applicationFeesInPercent":1.5,"receiptAmountThresholdInDollars":50}
2025-12-02T17:07:36.339Z [INFO]:[ASYNC]: netInfoState :: {"type":"wifi","isConnected":true,"details":{"ipAddress":"192.168.7.199","subnet":"255.255.252.0","isConnectionExpensive":false},"isInternetReachable":true}
2025-12-02T17:07:36.343Z [INFO]:[FE-1764695256341]: Internet Connection Change :: {"type":"wifi","isConnected":true,"details":{"ipAddress":"192.168.7.199","subnet":"255.255.252.0","isConnectionExpensive":false},"isInternetReachable":true}
2025-12-02T17:07:53.123Z [INFO]:[ASYNC]: onDidChangeOfflineStatus:  :: {"sdk":{"offlinePaymentAmountsByCurrency":{"usd":2700},"networkStatus":"online","offlinePaymentsCount":1}}
2025-12-02T17:07:53.125Z [INFO]:[ASYNC]: ðŸ”„ Connection restored - forwarding offline payments :: {"count":1,"amounts":{"usd":2700}}
2025-12-02T17:07:53.134Z [INFO]:[FE-1764695273132]: Reader Offline Status :: {"sdk":{"offlinePaymentAmountsByCurrency":{"usd":2700},"networkStatus":"online","offlinePaymentsCount":1}}
2025-12-02T17:07:53.525Z [INFO]:[ASYNC]: onDidChangeOfflineStatus:  :: {"sdk":{"offlinePaymentAmountsByCurrency":{"usd":2700},"networkStatus":"online","offlinePaymentsCount":1}}
2025-12-02T17:07:53.527Z [INFO]:[ASYNC]: ðŸ”„ Connection restored - forwarding offline payments :: {"count":1,"amounts":{"usd":2700}}
2025-12-02T17:07:53.533Z [INFO]:[FE-1764695273531]: Reader Offline Status :: {"sdk":{"offlinePaymentAmountsByCurrency":{"usd":2700},"networkStatus":"online","offlinePaymentsCount":1}}
2025-12-02T17:07:54.880Z [INFO]:[ASYNC]: onDidChangeOfflineStatus:  :: {"sdk":{"offlinePaymentAmountsByCurrency":{},"networkStatus":"online","offlinePaymentsCount":0}}
2025-12-02T17:07:54.885Z [INFO]:[FE-1764695274884]: Reader Offline Status :: {"sdk":{"offlinePaymentAmountsByCurrency":{},"networkStatus":"online","offlinePaymentsCount":0}}
2025-12-02T17:07:54.911Z [INFO]:[ASYNC]: onDidChangeOfflineStatus:  :: {"sdk":{"offlinePaymentAmountsByCurrency":{},"networkStatus":"online","offlinePaymentsCount":0}}
2025-12-02T17:07:54.915Z [INFO]:[FE-1764695274913]: Reader Offline Status :: {"sdk":{"offlinePaymentAmountsByCurrency":{},"networkStatus":"online","offlinePaymentsCount":0}}
2025-12-02T17:08:24.924Z [INFO]:[ASYNC]: readerSoftwareUpdateProgress After finish :  :: ""
2025-12-02T17:08:24.929Z [INFO]:[1764695304918]: handleGetConnectedReader :: {"id":"tmr_GQWCggQG3YYSHi","locationId":"tml_Enq6AmuRiHOSAi","label":null,"batteryLevel":0.3700000047683716,"serialNumber":"CHB202937003343","locationStatus":"set","ipAddress":null,"deviceSoftwareVersion":"1.00.03.51-SZZZ_Generic_v51-300001","isCharging":false,"deviceType":"chipper2X","availableUpdate":null,"location":{"displayNameKanji":null,"displayNameKana":null,"livemode":false,"addressKanji":null,"address":{"city":"San Diego","country":"US","postalCode":"92117","line2":"","town":null,"state":"CA","line1":"6666 Beadnell Way Unit 8"},"addressKana":null,"id":"tml_Enq6AmuRiHOSAi","phone":null,"displayName":"ICSD Primary Location"},"batteryStatus":"nominal","simulated":false,"status":"offline"}
2025-12-02T17:08:24.946Z [INFO]:[FE-1764695304943]: Connected Reader :: {"id":"tmr_GQWCggQG3YYSHi","locationId":"tml_Enq6AmuRiHOSAi","label":null,"batteryLevel":0.3700000047683716,"serialNumber":"CHB202937003343","locationStatus":"set","ipAddress":null,"deviceSoftwareVersion":"1.00.03.51-SZZZ_Generic_v51-300001","isCharging":false,"deviceType":"chipper2X","availableUpdate":null,"location":{"displayNameKanji":null,"displayNameKana":null,"livemode":false,"addressKanji":null,"address":{"city":"San Diego","country":"US","postalCode":"92117","line2":"","town":null,"state":"CA","line1":"6666 Beadnell Way Unit 8"},"addressKana":null,"id":"tml_Enq6AmuRiHOSAi","phone":null,"displayName":"ICSD Primary Location"},"batteryStatus":"nominal","simulated":false,"status":"offline"}
2025-12-02T17:08:24.947Z [INFO]:[FE-1764695304945]: ReaderHealthManager:DiscoveredReaderChange:  :: {"lockedReader":"CHB202937003343","connectingToReader":false,"connectedReader":"CHB202937003343","readerDiscoveryStatus":"","readerConnectionStatus":"connected","discoveredReaders":[]}
2025-12-02T17:08:25.199Z [INFO]:[ASYNC]: guidedAccessStatusDidChange:  :: {"enabled":false}
2025-12-02T17:08:25.925Z [INFO]:[FE-1764695305921]: ReaderHealthManager:HealthCheck: :: {"terminalName":"","lockedReader":"CHB202937003343","connectedReader":"CHB202937003343","isConnected":true,"isReady":true,"sdkOnline":true,"readerPaymentStatus":"waitingForInput","isReaderOnline":false,"offlineModePreference":"enabled","stripeOfflineModeEnabled":true,"offlineModeEnabled":true,"offlinePaymentsCount":0,"recoveryType":null,"attemptCount":0,"timeSinceFirstFailure":"N/A","readerBatteryLevel":{"batteryLevel":0.3700000047683716,"isCharging":false,"batteryStatus":"nominal"},"discoveredReadersSize":1,"connectedToWifi":"Yes","isInternetReachable":"Yes"}