2025-12-02T15:24:19.676Z [INFO]:[ASYNC]: isGuidedAccessEnabled :: false
2025-12-02T15:24:19.677Z [INFO]:[ASYNC]: netInfoState :: {}
2025-12-02T15:24:19.677Z [INFO]:[ASYNC]: Start fetchTokenProvider :: {"fetchURL":"https://sandbox.api.goodbricks.app/stripe/connection-token?organizationPublicId="}
2025-12-02T15:24:19.677Z [INFO]:[ASYNC]: Start fetchTokenProvider :: {"fetchURL":"https://sandbox.api.goodbricks.app/stripe/connection-token?organizationPublicId="}
2025-12-02T15:24:19.677Z [INFO]:[ASYNC]: netInfoState :: {"type":"wifi","isConnected":true,"details":{"ipAddress":"192.168.7.199","subnet":"255.255.252.0","isConnectionExpensive":false},"isInternetReachable":null}
2025-12-02T15:24:19.677Z [INFO]:[ASYNC]: netInfoState :: {"type":"wifi","isConnected":true,"details":{"ipAddress":"192.168.7.199","subnet":"255.255.252.0","isConnectionExpensive":false},"isInternetReachable":null}
2025-12-02T15:24:19.808Z [INFO]:[ASYNC]: netInfoState :: {"type":"wifi","isConnected":true,"details":{"ipAddress":"192.168.7.199","subnet":"255.255.252.0","isConnectionExpensive":false},"isInternetReachable":true}
2025-12-02T15:24:20.183Z [INFO]:[ASYNC]: guidedAccessStatusDidChange:  :: {"enabled":false}
2025-12-02T15:24:22.770Z [INFO]:[ASYNC]: Done fetchTokenProvider :: {"connectionToken":"pst_test_YWNjdF8xQU1WY3FMc0JnZzlDQzQ2LG94U0pWZ1o0UFhyckJYYWpKamxtdllmdklpTFBpcmk_00EDly1UGZ","locationId":"tml_Enq6AmuRiHOSAi","applicationFeesCapInCents":3000,"applicationFeesInPercent":1.5,"receiptAmountThresholdInDollars":50}
2025-12-02T15:24:22.773Z [INFO]:[ASYNC]: Updated fetchTokenProvider :: {"organization":{"message":"Internal server error"},"environment":"sandbox"}
2025-12-02T15:24:23.270Z [INFO]:[1764689063266]: Discovering Readers. isSimulator: false :: ""
2025-12-02T15:24:23.279Z [INFO]:[FE-1764689063275]: Discovering readers :: "discovering readers"
2025-12-02T15:24:23.290Z [INFO]:[ASYNC]: onDidChangeConnectionStatus :: "discovering"
2025-12-02T15:24:23.298Z [INFO]:[FE-1764689063294]: Reader Connection Status :: "discovering"
2025-12-02T15:24:23.708Z [INFO]:[ASYNC]: Start fetchTokenProvider :: {"fetchURL":"https://sandbox.api.goodbricks.app/stripe/connection-token?organizationPublicId=icsd.org"}
2025-12-02T15:24:24.101Z [INFO]:[ASYNC]: Done fetchTokenProvider :: {"connectionToken":"pst_test_YWNjdF8xQU1WY3FMc0JnZzlDQzQ2LDFkREg3ZlByVEZKUG9NeldVRVlhcEhYRmhoWjZmMmk_00AA9eCRkd","locationId":"tml_Enq6AmuRiHOSAi","applicationFeesCapInCents":3000,"applicationFeesInPercent":1.5,"receiptAmountThresholdInDollars":50}
2025-12-02T15:24:24.444Z [INFO]:[ASYNC]: onUpdateDiscoveredReaders :: [{"status":"offline","simulated":false,"batteryStatus":"unknown","location":{"displayName":"ICSD Primary Location","phone":null,"id":"tml_Enq6AmuRiHOSAi","addressKana":null,"address":{"line1":"6666 Beadnell Way Unit 8","state":"CA","town":null,"line2":"","postalCode":"92117","country":"US","city":"San Diego"},"addressKanji":null,"livemode":false,"displayNameKana":null,"displayNameKanji":null},"availableUpdate":null,"deviceType":"chipper2X","isCharging":null,"deviceSoftwareVersion":null,"ipAddress":null,"locationStatus":"set","serialNumber":"CHB202937003343","batteryLevel":null,"label":null,"locationId":"tml_Enq6AmuRiHOSAi","id":null}]
2025-12-02T15:24:24.448Z [INFO]:[FE-1764689064447]: Discovered Readers :: [{"status":"offline","simulated":false,"batteryStatus":"unknown","location":{"displayName":"ICSD Primary Location","phone":null,"id":"tml_Enq6AmuRiHOSAi","addressKana":null,"address":{"line1":"6666 Beadnell Way Unit 8","state":"CA","town":null,"line2":"","postalCode":"92117","country":"US","city":"San Diego"},"addressKanji":null,"livemode":false,"displayNameKana":null,"displayNameKanji":null},"availableUpdate":null,"deviceType":"chipper2X","isCharging":null,"deviceSoftwareVersion":null,"ipAddress":null,"locationStatus":"set","serialNumber":"CHB202937003343","batteryLevel":null,"label":null,"locationId":"tml_Enq6AmuRiHOSAi","id":null}]
2025-12-02T15:24:24.451Z [INFO]:[FE-1764689064450]: ReaderHealthManager:DiscoveredReaderChange:  :: {"lockedReader":"CHB202937003343","connectingToReader":false,"readerDiscoveryStatus":"discovering-readers","readerConnectionStatus":"discovering","discoveredReaders":[{"status":"offline","simulated":false,"batteryStatus":"unknown","location":{"displayName":"ICSD Primary Location","phone":null,"id":"tml_Enq6AmuRiHOSAi","addressKana":null,"address":{"line1":"6666 Beadnell Way Unit 8","state":"CA","town":null,"line2":"","postalCode":"92117","country":"US","city":"San Diego"},"addressKanji":null,"livemode":false,"displayNameKana":null,"displayNameKanji":null},"availableUpdate":null,"deviceType":"chipper2X","isCharging":null,"deviceSoftwareVersion":null,"ipAddress":null,"locationStatus":"set","serialNumber":"CHB202937003343","batteryLevel":null,"label":null,"locationId":"tml_Enq6AmuRiHOSAi","id":null}]}
2025-12-02T15:24:26.068Z [INFO]:[1764689066065]: handleConnectReader  :: {"payload":{"serialNumber":"CHB202937003343","offlineModePreference":"enabled"},"discoveredReaders":[{"status":"offline","simulated":false,"batteryStatus":"unknown","location":{"displayName":"ICSD Primary Location","phone":null,"id":"tml_Enq6AmuRiHOSAi","addressKana":null,"address":{"line1":"6666 Beadnell Way Unit 8","state":"CA","town":null,"line2":"","postalCode":"92117","country":"US","city":"San Diego"},"addressKanji":null,"livemode":false,"displayNameKana":null,"displayNameKanji":null},"availableUpdate":null,"deviceType":"chipper2X","isCharging":null,"deviceSoftwareVersion":null,"ipAddress":null,"locationStatus":"set","serialNumber":"CHB202937003343","batteryLevel":null,"label":null,"locationId":"tml_Enq6AmuRiHOSAi","id":null}]}
2025-12-02T15:24:26.072Z [INFO]:[1764689066065]: handleConnectBluetoothReader  :: {"selectReader":{"status":"offline","simulated":false,"batteryStatus":"unknown","location":{"displayName":"ICSD Primary Location","phone":null,"id":"tml_Enq6AmuRiHOSAi","addressKana":null,"address":{"line1":"6666 Beadnell Way Unit 8","state":"CA","town":null,"line2":"","postalCode":"92117","country":"US","city":"San Diego"},"addressKanji":null,"livemode":false,"displayNameKana":null,"displayNameKanji":null},"availableUpdate":null,"deviceType":"chipper2X","isCharging":null,"deviceSoftwareVersion":null,"ipAddress":null,"locationStatus":"set","serialNumber":"CHB202937003343","batteryLevel":null,"label":null,"locationId":"tml_Enq6AmuRiHOSAi","id":null},"offlineModePreference":"enabled"}
2025-12-02T15:24:26.074Z [INFO]:[1764689066065]: Offline mode preference: enabled, enabling: true :: {}
2025-12-02T15:24:26.200Z [INFO]:[1764689063266]: discovering readers :: "started"
2025-12-02T15:24:26.211Z [INFO]:[ASYNC]: onDidChangeConnectionStatus :: "connecting"
2025-12-02T15:24:26.229Z [INFO]:[FE-1764689066223]: Canceled Discovering Readers :: "onFinishDiscoveringReaders error undefined"
2025-12-02T15:24:26.230Z [INFO]:[FE-1764689066224]: Discovered Readers :: [{"status":"offline","simulated":false,"batteryStatus":"unknown","location":{"displayName":"ICSD Primary Location","phone":null,"id":"tml_Enq6AmuRiHOSAi","addressKana":null,"address":{"line1":"6666 Beadnell Way Unit 8","state":"CA","town":null,"line2":"","postalCode":"92117","country":"US","city":"San Diego"},"addressKanji":null,"livemode":false,"displayNameKana":null,"displayNameKanji":null},"availableUpdate":null,"deviceType":"chipper2X","isCharging":null,"deviceSoftwareVersion":null,"ipAddress":null,"locationStatus":"set","serialNumber":"CHB202937003343","batteryLevel":null,"label":null,"locationId":"tml_Enq6AmuRiHOSAi","id":null}]
2025-12-02T15:24:26.231Z [INFO]:[FE-1764689066224]: ReaderHealthManager:DiscoveredReaderChange:  :: {"lockedReader":"CHB202937003343","connectingToReader":false,"readerDiscoveryStatus":"canceled-discovering-readers","readerConnectionStatus":"discovering","discoveredReaders":[{"status":"offline","simulated":false,"batteryStatus":"unknown","location":{"displayName":"ICSD Primary Location","phone":null,"id":"tml_Enq6AmuRiHOSAi","addressKana":null,"address":{"line1":"6666 Beadnell Way Unit 8","state":"CA","town":null,"line2":"","postalCode":"92117","country":"US","city":"San Diego"},"addressKanji":null,"livemode":false,"displayNameKana":null,"displayNameKanji":null},"availableUpdate":null,"deviceType":"chipper2X","isCharging":null,"deviceSoftwareVersion":null,"ipAddress":null,"locationStatus":"set","serialNumber":"CHB202937003343","batteryLevel":null,"label":null,"locationId":"tml_Enq6AmuRiHOSAi","id":null}]}
2025-12-02T15:24:26.232Z [INFO]:[FE-1764689066224]: Discovering readers :: "discovering readers"
2025-12-02T15:24:26.232Z [INFO]:[FE-1764689066225]: Reader Connection Status :: "connecting"
2025-12-02T15:24:27.455Z [INFO]:[ASYNC]: Start fetchTokenProvider :: {"fetchURL":"https://sandbox.api.goodbricks.app/stripe/connection-token?organizationPublicId=icsd.org"}
2025-12-02T15:24:27.788Z [INFO]:[ASYNC]: Done fetchTokenProvider :: {"connectionToken":"pst_test_YWNjdF8xQU1WY3FMc0JnZzlDQzQ2LEwxVTlqcm9iMjlFbFNrOHRGa0V1UmRIVHY3eVk3UWw_00IWs7wQ01","locationId":"tml_Enq6AmuRiHOSAi","applicationFeesCapInCents":3000,"applicationFeesInPercent":1.5,"receiptAmountThresholdInDollars":50}
2025-12-02T15:24:28.440Z [INFO]:[ASYNC]: onDidChangeOfflineStatus:  :: {"sdk":{"offlinePaymentAmountsByCurrency":{},"networkStatus":"online","offlinePaymentsCount":0}}
2025-12-02T15:24:28.444Z [INFO]:[FE-1764689068443]: Reader Offline Status :: {"sdk":{"offlinePaymentAmountsByCurrency":{},"networkStatus":"online","offlinePaymentsCount":0}}
2025-12-02T15:24:28.444Z [INFO]:[FE-1764689068443]: ðŸŒ [Network Recovery] Network is back online :: {"newStatus":"online"}
2025-12-02T15:24:29.151Z [INFO]:[ASYNC]: onDidChangeConnectionStatus :: "connected"
2025-12-02T15:24:29.153Z [INFO]:[ASYNC]: Battery Level:  :: 0.49000000953674316
2025-12-02T15:24:29.155Z [INFO]:[ASYNC]: onDidChangePaymentStatus:  :: "ready"
2025-12-02T15:24:29.158Z [INFO]:[1764689066065]: Reader connected successfully :: {"status":"offline","simulated":false,"batteryStatus":"nominal","location":{"displayName":"ICSD Primary Location","phone":null,"id":"tml_Enq6AmuRiHOSAi","addressKana":null,"address":{"line1":"6666 Beadnell Way Unit 8","state":"CA","town":null,"line2":"","postalCode":"92117","country":"US","city":"San Diego"},"addressKanji":null,"livemode":false,"displayNameKana":null,"displayNameKanji":null},"availableUpdate":null,"deviceType":"chipper2X","isCharging":false,"deviceSoftwareVersion":"1.00.03.51-SZZZ_Generic_v51-300001","ipAddress":null,"locationStatus":"set","serialNumber":"CHB202937003343","batteryLevel":0.49000000953674316,"label":null,"locationId":"tml_Enq6AmuRiHOSAi","id":"tmr_GQWCggQG3YYSHi"}
2025-12-02T15:24:29.165Z [WARN]:[1764689066065]: cancelDiscovering error :: {"code":"CancelFailedAlreadyCompleted","message":"discoverReaders could not be canceled because the command has already been canceled or has completed."}
2025-12-02T15:24:29.166Z [INFO]:[FE-1764689069161]: Reader Connection Status :: "connected"
2025-12-02T15:24:29.167Z [INFO]:[FE-1764689069162]: Battery Level Update :: {"batteryLevel":0.49000000953674316,"isCharging":false,"batteryStatus":"nominal"}
2025-12-02T15:24:29.167Z [INFO]:[FE-1764689069164]: Battery Level Update :: 0.49000000953674316
2025-12-02T15:24:29.167Z [INFO]:[FE-1764689069164]: Reader Connected :: {"status":"offline","simulated":false,"batteryStatus":"nominal","location":{"displayName":"ICSD Primary Location","phone":null,"id":"tml_Enq6AmuRiHOSAi","addressKana":null,"address":{"line1":"6666 Beadnell Way Unit 8","state":"CA","town":null,"line2":"","postalCode":"92117","country":"US","city":"San Diego"},"addressKanji":null,"livemode":false,"displayNameKana":null,"displayNameKanji":null},"availableUpdate":null,"deviceType":"chipper2X","isCharging":false,"deviceSoftwareVersion":"1.00.03.51-SZZZ_Generic_v51-300001","ipAddress":null,"locationStatus":"set","serialNumber":"CHB202937003343","batteryLevel":0.49000000953674316,"label":null,"locationId":"tml_Enq6AmuRiHOSAi","id":"tmr_GQWCggQG3YYSHi"}
2025-12-02T15:24:29.168Z [INFO]:[FE-1764689069164]: ReaderHealthManager:ConnectedReader:  :: {"connectedReader":"CHB202937003343","readerConnectionStatus":"connected","connectingToReader":false}
2025-12-02T15:24:29.169Z [INFO]:[1764689066065]: cancelDiscoverReaders :: "done"
2025-12-02T15:24:29.171Z [INFO]:[FE-1764689069170]: Canceled Discovering Readers :: "canceled discover readers"
2025-12-02T15:24:32.368Z [INFO]:[FE-1764689072366]: ReadyToPayScreen mounted :: {"category":{"coverFeePercentage":"3.00","coverFees":true,"defaultAmount":"100","defaultAmounts":"5000,2500,1000,750","displayOrder":999,"externalCategoryId":null,"id":"wudu-bathroom-renovations","name":"wudu-bathroom renovations","showNotes":false,"slug":"wudu-bathroom-renovations","tags":"","text":"wudu-bathroom renovations"},"amount":27,"context":{}}
2025-12-02T15:24:32.372Z [INFO]:[FE-1764689072367]: ReadyToPayScreen: Payment status changed :: "ready"
2025-12-02T15:24:32.373Z [INFO]:[FE-1764689072368]: ReadyToPayScreen: Payment status changed :: "initialized"
2025-12-02T15:24:32.373Z [INFO]:[FE-1764689072368]: ReadyToPayScreen: Creating payment intent :: {"reason":"refresh","sdkOnline":true}
2025-12-02T15:24:32.373Z [INFO]:[FE-1764689072368]: ReadyToPayScreen: Creating payment intent :: {"totalAmount":27,"category":"wudu-bathroom renovations"}
2025-12-02T15:24:32.396Z [INFO]:[1764689072393]: ðŸ”„ [Native] Creating payment intent :: {"amount":2700,"offlineBehavior":"force_offline","offlineModePreference":"enabled","shouldEnableOfflineMode":true}
2025-12-02T15:24:32.408Z [ERROR]:[1764689072393]: âŒ [Native] Create payment intent error :: {"message":"An attempt was made to create a PaymentIntent with offline behavior of force offline and the reader in use is not configured to operate offline.","code":"OfflineBehaviorForceOfflineWithFeatureDisabled"}
2025-12-02T15:24:32.412Z [ERROR]:[FE-1764689072411]: Create Payment Intent :: "An attempt was made to create a PaymentIntent with offline behavior of force offline and the reader in use is not configured to operate offline."