2025-11-29T16:03:25.551Z [INFO]:[ASYNC]: onDidChangePaymentStatus:  :: "waitingForInput"
2025-11-29T16:03:25.552Z [INFO]:[ASYNC]: onDidRequestReaderInput:  :: ["swipeCard","insertCard","tapCard"]
2025-11-29T16:03:25.553Z [INFO]:[FE-1764432203270]: PaymentProcessingScreen:displayPaymentProcessingAnimation:  :: {"error":{"title":"Confirm Payment Intent","message":"confirmPaymentIntent was called with an unknown or invalid PaymentIntent. You must confirm a payment immediately after collecting a payment method.","suppressDialog":true}}
2025-11-29T16:03:25.553Z [INFO]:[FE-1764432205550]: PaymentProcessingScreen :: "PaymentProcessingScreen"
2025-11-29T16:03:25.553Z [INFO]:[FE-1764432205550]: PaymentProcessingScreen:displayPaymentProcessingAnimation:  :: {"error":{"title":"Confirm Payment Intent","message":"confirmPaymentIntent was called with an unknown or invalid PaymentIntent. You must confirm a payment immediately after collecting a payment method.","suppressDialog":true}}
2025-11-29T16:03:25.556Z [INFO]:[FE-1764432205555]: PaymentProcessingScreen :: "PaymentProcessingScreen"
2025-11-29T16:03:25.557Z [INFO]:[FE-1764432205555]: PaymentProcessingScreen:displayPaymentProcessingAnimation:  :: {"error":{"title":"Confirm Payment Intent","message":"confirmPaymentIntent was called with an unknown or invalid PaymentIntent. You must confirm a payment immediately after collecting a payment method.","suppressDialog":true}}
2025-11-29T16:03:25.557Z [INFO]:[FE-1764432205556]: PaymentProcessingScreen :: "PaymentProcessingScreen"
2025-11-29T16:03:25.557Z [INFO]:[FE-1764432205556]: PaymentProcessingScreen:displayPaymentProcessingAnimation:  :: {"error":{"title":"Confirm Payment Intent","message":"confirmPaymentIntent was called with an unknown or invalid PaymentIntent. You must confirm a payment immediately after collecting a payment method.","suppressDialog":true}}
2025-11-29T16:03:26.379Z [INFO]:[ASYNC]: onDidChangePaymentStatus:  :: "ready"
2025-11-29T16:03:26.384Z [INFO]:[1764428596359]: Collect Payment Method successful :: {"sdkUuid":"FA7A2796-8496-41A3-B300-53C7462A1DFB","status":"requiresConfirmation","created":"1764432199000","amountDetails":{"tip":{"amount":null}},"offlineDetails":null,"currency":"usd","captureMethod":"automatic","paymentMethodId":null,"statementDescriptor":null,"paymentMethodOptions":{"cardPresent":{"requestPartialAuthorization":"","requestExtendedAuthorization":false,"surcharge":null,"requestIncrementalAuthorizationSupport":false}},"statementDescriptorSuffix":null,"paymentMethod":null,"amountTip":0,"id":"pi_3SYqcFLsBgg9CC461KaaW7rR","metadata":{"donation_date_epoch":"1764428596359","total_amount":"5","slug":"masjid-operations-2025","reader_serial_number":"STRM26142024283","notes":"Tap-to-Pay","platform":"Goodbricks","terminal_name":"STRM26142024283","payment_mode":"Terminal","purpose":"masjid operations 2025","covered_fees_amount":"0","covered_fees":"false","donation_date":"11/29/2025, 7:03:16 AM","purpose_slug":"masjid-operations-2025"},"charges":[],"amount":500}
2025-11-29T16:03:26.388Z [ERROR]:[1764428475691]: confirmPaymentIntent error :: {"code":"ProcessInvalidPaymentIntent","message":"confirmPaymentIntent was called with an unknown or invalid PaymentIntent. You must confirm a payment immediately after collecting a payment method."}
2025-11-29T16:03:26.389Z [INFO]:[FE-1764432206385]: PaymentProcessingScreen :: "PaymentProcessingScreen"
2025-11-29T16:03:26.389Z [INFO]:[FE-1764432206386]: PaymentProcessingScreen:displayPaymentProcessingAnimation:  :: {"error":{"title":"Confirm Payment Intent","message":"confirmPaymentIntent was called with an unknown or invalid PaymentIntent. You must confirm a payment immediately after collecting a payment method.","suppressDialog":true}}
2025-11-29T16:03:26.392Z [ERROR]:[FE-1764432206391]: Confirm Payment Intent :: "confirmPaymentIntent was called with an unknown or invalid PaymentIntent. You must confirm a payment immediately after collecting a payment method."
2025-11-29T16:03:26.393Z [INFO]:[FE-1764432206391]: PaymentProcessingScreen :: "PaymentProcessingScreen"
2025-11-29T16:03:26.394Z [INFO]:[FE-1764432206391]: PaymentProcessingScreen:displayPaymentProcessingAnimation:  :: {"error":{"title":"Confirm Payment Intent","message":"confirmPaymentIntent was called with an unknown or invalid PaymentIntent. You must confirm a payment immediately after collecting a payment method.","suppressDialog":true}}
2025-11-29T16:03:26.397Z [INFO]:[ASYNC]: onDidChangePaymentStatus:  :: "processing"
2025-11-29T16:03:26.404Z [INFO]:[FE-1764432206403]: PaymentProcessingScreen :: "PaymentProcessingScreen"
2025-11-29T16:03:26.405Z [INFO]:[FE-1764432206403]: PaymentProcessingScreen:displayPaymentProcessingAnimation:  :: {"error":{"title":"Confirm Payment Intent","message":"confirmPaymentIntent was called with an unknown or invalid PaymentIntent. You must confirm a payment immediately after collecting a payment method.","suppressDialog":true}}
2025-11-29T16:03:27.838Z [INFO]:[ASYNC]: onDidChangePaymentStatus:  :: "ready"
2025-11-29T16:03:27.843Z [INFO]:[1764428596359]: Confirm Payment Intent successful :: {"sdkUuid":"D6C0760E-4670-4E7F-87B6-EED5914561A5","status":"succeeded","created":"1764432199000","amountDetails":{"tip":{"amount":null}},"offlineDetails":null,"currency":"usd","captureMethod":"automatic","paymentMethodId":"pm_1SYqcMLsBgg9CC46IQPOlh5M","statementDescriptor":null,"paymentMethodOptions":{"cardPresent":{"requestPartialAuthorization":"","requestExtendedAuthorization":false,"surcharge":null,"requestIncrementalAuthorizationSupport":false}},"statementDescriptorSuffix":null,"paymentMethod":null,"amountTip":0,"id":"pi_3SYqcFLsBgg9CC461KaaW7rR","metadata":{"donation_date_epoch":"1764428596359","total_amount":"5","slug":"masjid-operations-2025","reader_serial_number":"STRM26142024283","notes":"Tap-to-Pay","covered_fees":"false","covered_fees_amount":"0","platform":"Goodbricks","terminal_name":"STRM26142024283","payment_mode":"Terminal","purpose":"masjid operations 2025","donation_date":"11/29/2025, 7:03:16 AM","purpose_slug":"masjid-operations-2025"},"charges":[{"amount":500,"authorizationCode":"525176","paymentMethodDetails":{"wechatPayDetails":null,"type":"cardPresent","cardPresentDetails":{"description":"Visa Purchasing","reader":null,"expYear":2022,"funding":"credit","issuer":"Celtic Bank","receipt":{"transactionStatusInformation":"0000","terminalVerificationResults":"0000000000","applicationPreferredName":"Stripe Credit","accountType":"credit","cvm":"approval","applicationCryptogram":"B2EA7B2C811B63F3","authorizationResponseCode":"3030","authorizationCode":"525176","dedicatedFileName":"A0000000031010"},"generatedCard":null,"expMonth":12,"wallet":null,"brand":"visa","cardholderName":"CARDHOLDER/VISA","last4":"9969","location":null,"preferredLocales":[],"emvAuthData":"5F2A020840820200008407A00000000310108A023030950500000000009A032511299C01009F02060000000005009F03060000000000009F090200A09F100706310A03A000009F1A0208409F2608B2EA7B2C811B63F39F2701809F33036028C89F34033F00009F3501219F360201569F370413B61C8A9F4104000003009F6E0420700000","network":"visa","country":"US","iin":null},"paynowDetails":null,"paypayDetails":null,"cardDetails":null,"affirmDetails":null,"interacPresentDetails":null},"description":null,"status":"succeeded","id":"ch_3SYqcFLsBgg9CC4618FQmSDC","currency":"usd"}],"amount":500}
2025-11-29T16:03:27.849Z [INFO]:[FE-1764432207844]: PaymentProcessingScreen :: "PaymentProcessingScreen"
2025-11-29T16:03:27.849Z [INFO]:[FE-1764432207844]: PaymentProcessingScreen:displayPaymentProcessingAnimation:  :: {"error":{"title":"Confirm Payment Intent","message":"confirmPaymentIntent was called with an unknown or invalid PaymentIntent. You must confirm a payment immediately after collecting a payment method.","suppressDialog":true}}
2025-11-29T16:03:27.850Z [INFO]:[FE-1764432207848]: Payment Captured :: "pi_3SYqcFLsBgg9CC461KaaW7rR"
2025-11-29T16:03:27.851Z [INFO]:[FE-1764432207848]: PaymentProcessingScreen :: "PaymentProcessingScreen"
2025-11-29T16:03:27.852Z [INFO]:[FE-1764432207848]: PaymentProcessingScreen:displayPaymentProcessingAnimation:  :: {"error":{"title":"Confirm Payment Intent","message":"confirmPaymentIntent was called with an unknown or invalid PaymentIntent. You must confirm a payment immediately after collecting a payment method.","suppressDialog":true}}
2025-11-29T16:03:27.853Z [INFO]:[FE-1764432207848]: â±ï¸ [Payment Intent Timeout] Stopping timeout tracking :: {"paymentIntentId":"pi_3SYqcFLsBgg9CC461KaaW7rR","reason":"payment_completed"}
2025-11-29T16:03:28.587Z [INFO]:[1764432208578]: ðŸ—‘ï¸ [Native] Canceling collect payment method :: {"paymentIntentId":"pi_3SYqcFLsBgg9CC461KaaW7rR"}
2025-11-29T16:03:28.596Z [INFO]:[1764432208578]: cancelCollectSetupIntent :: "done"
2025-11-29T16:03:28.601Z [INFO]:[1764432208578]: âœ… [Native] Collect payment method canceled successfully :: {"paymentIntentId":"pi_3SYqcFLsBgg9CC461KaaW7rR"}
2025-11-29T16:03:28.604Z [INFO]:[FE-1764432208600]: ReadyToPayScreen mounted :: {"category":{"coverFeePercentage":"3.00","coverFees":true,"defaultAmount":"100","defaultAmounts":"2500,1000,750,500","displayOrder":999,"externalCategoryId":null,"id":"masjid-operations-2025","name":"masjid operations 2025","showNotes":false,"slug":"masjid-operations-2025","tags":"","text":"masjid operations 2025"},"amount":5,"context":{"customerEmail":"","customerName":"","totalAmount":"","category":{}}}
2025-11-29T16:03:28.605Z [INFO]:[1764432208578]: ðŸ—‘ï¸ [Native] Canceling payment intent :: {"paymentIntentId":"pi_3SYqcFLsBgg9CC461KaaW7rR"}
2025-11-29T16:03:28.606Z [INFO]:[FE-1764432208601]: ReadyToPayScreen: Payment status changed :: "paymentCaptured"
2025-11-29T16:03:28.611Z [INFO]:[FE-1764432208602]: ReadyToPayScreen: Payment status changed :: "initialized"
2025-11-29T16:03:28.611Z [INFO]:[FE-1764432208602]: ReadyToPayScreen: Creating payment intent :: {"reason":"refresh"}
2025-11-29T16:03:28.612Z [INFO]:[FE-1764432208602]: ReadyToPayScreen: Creating payment intent :: {"totalAmount":5,"category":"masjid operations 2025"}
2025-11-29T16:03:28.613Z [INFO]:[FE-1764432208603]: Unhandled Event :: {"topic":"goodbricks.cancelCollectSetupIntent","message":"cancel Collect Setup Intent","executionContext":{"messageId":"ASYNC"}}
2025-11-29T16:03:28.615Z [INFO]:[1764432208602]: ðŸ”„ [Native] Creating payment intent :: {"amount":500}
2025-11-29T16:03:28.619Z [INFO]:[FE-1764432208611]: ðŸ—‘ï¸ [Payment Intent] Collect payment method canceled :: {"paymentIntentId":"pi_3SYqcFLsBgg9CC461KaaW7rR"}
2025-11-29T16:03:28.621Z [INFO]:[FE-1764432208612]: â±ï¸ [Payment Intent Timeout] Stopping timeout tracking :: {"paymentIntentId":"pi_3SYqcFLsBgg9CC461KaaW7rR","reason":"payment_canceled"}
2025-11-29T16:03:29.012Z [INFO]:[1764432208602]: âœ… [Native] Payment intent created successfully :: {"paymentIntentId":"pi_3SYqcOLsBgg9CC460vp8vp9r"}
2025-11-29T16:03:29.022Z [INFO]:[FE-1764432209020]: âœ… [Payment Intent] Created :: {"paymentIntentId":"pi_3SYqcOLsBgg9CC460vp8vp9r","previousPaymentIntentId":""}
2025-11-29T16:03:29.023Z [INFO]:[FE-1764432209021]: ReadyToPayScreen: Payment status changed :: "initialized"
2025-11-29T16:03:29.024Z [INFO]:[FE-1764432209021]: â±ï¸ [Payment Intent Timeout] Starting timeout tracking :: {"paymentIntentId":"pi_3SYqcOLsBgg9CC460vp8vp9r","createdAt":1764432209013}
2025-11-29T16:03:29.025Z [INFO]:[FE-1764432209021]: â±ï¸ [Payment Intent Timeout] Tracking started :: {"paymentIntentId":"pi_3SYqcOLsBgg9CC460vp8vp9r","timeoutIn":"60 minutes"}
2025-11-29T16:03:29.031Z [INFO]:[ASYNC]: onDidChangePaymentStatus:  :: "waitingForInput"
2025-11-29T16:03:29.036Z [INFO]:[FE-1764432209034]: ReadyToPayScreen: Payment status changed :: "waitingForInput"
2025-11-29T16:03:29.511Z [INFO]:[ASYNC]: onDidRequestReaderInput:  :: ["swipeCard","insertCard","tapCard"]
2025-11-29T16:03:29.516Z [INFO]:[FE-1764432209514]: ReadyToPayScreen: Payment status changed :: "readerInput"
2025-11-29T16:03:30.502Z [INFO]:[ASYNC]: onDidRequestReaderDisplayMessage:  :: "removeCard"
2025-11-29T16:03:30.506Z [INFO]:[FE-1764432210504]: ReadyToPayScreen: Payment status changed :: "removeCard"
2025-11-29T16:03:31.118Z [INFO]:[ASYNC]: onDidChangePaymentStatus:  :: "ready"
2025-11-29T16:03:31.123Z [INFO]:[1764432208602]: Collect Payment Method successful :: {"sdkUuid":"2564F7FC-A252-4A37-90FE-25CAE18B282D","status":"requiresConfirmation","created":"1764432208000","amountDetails":{"tip":{"amount":null}},"offlineDetails":null,"currency":"usd","captureMethod":"automatic","paymentMethodId":null,"statementDescriptor":null,"paymentMethodOptions":{"cardPresent":{"requestPartialAuthorization":"","requestExtendedAuthorization":false,"surcharge":null,"requestIncrementalAuthorizationSupport":false}},"statementDescriptorSuffix":null,"paymentMethod":null,"amountTip":0,"id":"pi_3SYqcOLsBgg9CC460vp8vp9r","metadata":{"donation_date_epoch":"1764432208602","total_amount":"5","slug":"masjid-operations-2025","reader_serial_number":"STRM26142024283","notes":"Tap-to-Pay","covered_fees":"false","covered_fees_amount":"0","platform":"Goodbricks","terminal_name":"STRM26142024283","payment_mode":"Terminal","purpose":"masjid operations 2025","donation_date":"11/29/2025, 8:03:28 AM","purpose_slug":"masjid-operations-2025"},"charges":[],"amount":500}
2025-11-29T16:03:31.130Z [INFO]:[FE-1764432211129]: ReadyToPayScreen: Payment status changed :: "ready"
2025-11-29T16:03:31.624Z [ERROR]:[1764432208578]: âŒ [Native] Cancel payment intent error :: {"paymentIntentId":"pi_3SYqcFLsBgg9CC461KaaW7rR","error":{"code":"StripeAPIError","message":"You cannot cancel this PaymentIntent because it has a status of succeeded. Only a PaymentIntent with one of the following statuses may be canceled: requires_payment_method, requires_capture, requires_reauthorization, requires_confirmation, requires_action, processing."}}
2025-11-29T16:03:31.631Z [INFO]:[ASYNC]: onDidChangePaymentStatus:  :: "processing"
2025-11-29T16:03:31.642Z [WARN]:[FE-1764432211640]: Cancel PaymentIntent Error :: "You cannot cancel this PaymentIntent because it has a status of succeeded. Only a PaymentIntent with one of the following statuses may be canceled: requires_payment_method, requires_capture, requires_reauthorization, requires_confirmation, requires_action, processing."
2025-11-29T16:03:31.643Z [INFO]:[FE-1764432211641]: ReadyToPayScreen: Payment status changed :: "processing"
2025-11-29T16:03:31.644Z [INFO]:[FE-1764432211641]: ReadyToPayScreen: Card tapped, transitioning to payment flow :: undefined
2025-11-29T16:03:31.646Z [INFO]:[FE-1764432211642]: PaymentProcessingScreen :: "PaymentProcessingScreen"
2025-11-29T16:03:31.649Z [INFO]:[FE-1764432211642]: PaymentProcessingScreen:displayPaymentProcessingAnimation:  :: {"paymentProcessingStatus":"processing"}
2025-11-29T16:03:32.956Z [INFO]:[ASYNC]: onDidChangePaymentStatus:  :: "ready"
2025-11-29T16:03:32.961Z [INFO]:[1764432208602]: Confirm Payment Intent successful :: {"sdkUuid":"8DAAA314-742F-4D65-AA36-C6706E494BD1","status":"succeeded","created":"1764432208000","amountDetails":{"tip":{"amount":null}},"offlineDetails":null,"currency":"usd","captureMethod":"automatic","paymentMethodId":"pm_1SYqcRLsBgg9CC46qyMMeXZQ","statementDescriptor":null,"paymentMethodOptions":{"cardPresent":{"requestPartialAuthorization":"","requestExtendedAuthorization":false,"surcharge":null,"requestIncrementalAuthorizationSupport":false}},"statementDescriptorSuffix":null,"paymentMethod":null,"amountTip":0,"id":"pi_3SYqcOLsBgg9CC460vp8vp9r","metadata":{"donation_date_epoch":"1764432208602","total_amount":"5","slug":"masjid-operations-2025","reader_serial_number":"STRM26142024283","notes":"Tap-to-Pay","platform":"Goodbricks","terminal_name":"STRM26142024283","payment_mode":"Terminal","purpose":"masjid operations 2025","covered_fees_amount":"0","covered_fees":"false","donation_date":"11/29/2025, 8:03:28 AM","purpose_slug":"masjid-operations-2025"},"charges":[{"amount":500,"authorizationCode":"781898","paymentMethodDetails":{"wechatPayDetails":null,"type":"cardPresent","cardPresentDetails":{"description":"Visa Purchasing","reader":null,"expYear":2022,"funding":"credit","issuer":"Celtic Bank","receipt":{"transactionStatusInformation":"0000","terminalVerificationResults":"0000000000","applicationPreferredName":"Stripe Credit","accountType":"credit","cvm":"approval","applicationCryptogram":"95D613F810B94114","authorizationResponseCode":"3030","authorizationCode":"781898","dedicatedFileName":"A0000000031010"},"generatedCard":null,"expMonth":12,"wallet":null,"brand":"visa","cardholderName":"CARDHOLDER/VISA","last4":"9969","location":null,"preferredLocales":[],"emvAuthData":"5F2A020840820200008407A00000000310108A023030950500000000009A032511299C01009F02060000000005009F03060000000000009F090200A09F100706310A03A000009F1A0208409F260895D613F810B941149F2701809F33036028C89F34033F00009F3501219F360201579F370457ECF9C49F4104000003019F6E0420700000","network":"visa","country":"US","iin":null},"paynowDetails":null,"paypayDetails":null,"cardDetails":null,"affirmDetails":null,"interacPresentDetails":null},"description":null,"status":"succeeded","id":"ch_3SYqcOLsBgg9CC46066Vm3xG","currency":"usd"}],"amount":500}
2025-11-29T16:03:32.970Z [INFO]:[FE-1764432212966]: PaymentProcessingScreen :: "PaymentProcessingScreen"
2025-11-29T16:03:32.971Z [INFO]:[FE-1764432212967]: PaymentProcessingScreen:displayPaymentProcessingAnimation:  :: {"paymentProcessingStatus":"ready"}
2025-11-29T16:03:32.971Z [INFO]:[FE-1764432212968]: Payment Captured :: "pi_3SYqcOLsBgg9CC460vp8vp9r"
2025-11-29T16:03:32.972Z [INFO]:[FE-1764432212968]: PaymentProcessingScreen :: "PaymentProcessingScreen"
2025-11-29T16:03:32.973Z [INFO]:[FE-1764432212968]: PaymentProcessingScreen:displayPaymentProcessingAnimation:  :: {"paymentProcessingStatus":"paymentCaptured"}
2025-11-29T16:03:32.975Z [INFO]:[FE-1764432212970]: PaymentCaptured: Tap-to-pay mode detected, skipping receipt screens :: undefined
2025-11-29T16:03:32.977Z [INFO]:[FE-1764432212972]: QuickSuccessScreen: Payment successful :: {"category":"masjid operations 2025","amount":5}
2025-11-29T16:03:32.978Z [INFO]:[FE-1764432212972]: â±ï¸ [Payment Intent Timeout] Stopping timeout tracking :: {"paymentIntentId":"pi_3SYqcOLsBgg9CC460vp8vp9r","reason":"payment_completed"}
2025-11-29T16:03:34.986Z [INFO]:[FE-1764432214980]: ReadyToPayScreen mounted :: {"category":{"coverFeePercentage":"3.00","coverFees":true,"defaultAmount":"100","defaultAmounts":"2500,1000,750,500","displayOrder":999,"externalCategoryId":null,"id":"masjid-operations-2025","name":"masjid operations 2025","showNotes":false,"slug":"masjid-operations-2025","tags":"","text":"masjid operations 2025"},"amount":5,"context":{"customerEmail":"","customerName":"","totalAmount":"","category":{}}}
2025-11-29T16:03:34.994Z [INFO]:[FE-1764432214981]: ReadyToPayScreen: Payment status changed :: "paymentCaptured"
2025-11-29T16:03:34.995Z [INFO]:[FE-1764432214982]: ReadyToPayScreen: Payment status changed :: "initialized"
2025-11-29T16:03:34.995Z [INFO]:[FE-1764432214982]: ReadyToPayScreen: Creating payment intent :: {"reason":"refresh"}
2025-11-29T16:03:34.996Z [INFO]:[FE-1764432214982]: ReadyToPayScreen: Creating payment intent :: {"totalAmount":5,"category":"masjid operations 2025"}
2025-11-29T16:03:34.996Z [INFO]:[1764432214983]: ðŸ”„ [Native] Creating payment intent :: {"amount":500}
2025-11-29T16:03:35.393Z [INFO]:[1764432214983]: âœ… [Native] Payment intent created successfully :: {"paymentIntentId":"pi_3SYqcVLsBgg9CC4613X6dOrm"}
2025-11-29T16:03:35.400Z [INFO]:[FE-1764432215397]: âœ… [Payment Intent] Created :: {"paymentIntentId":"pi_3SYqcVLsBgg9CC4613X6dOrm","previousPaymentIntentId":""}
2025-11-29T16:03:35.401Z [INFO]:[FE-1764432215398]: ReadyToPayScreen: Payment status changed :: "initialized"
2025-11-29T16:03:35.402Z [INFO]:[FE-1764432215398]: â±ï¸ [Payment Intent Timeout] Starting timeout tracking :: {"paymentIntentId":"pi_3SYqcVLsBgg9CC4613X6dOrm","createdAt":1764432215394}
2025-11-29T16:03:35.404Z [INFO]:[FE-1764432215399]: â±ï¸ [Payment Intent Timeout] Tracking started :: {"paymentIntentId":"pi_3SYqcVLsBgg9CC4613X6dOrm","timeoutIn":"60 minutes"}
2025-11-29T16:03:35.412Z [INFO]:[ASYNC]: onDidChangePaymentStatus:  :: "waitingForInput"
2025-11-29T16:03:35.417Z [INFO]:[FE-1764432215415]: ReadyToPayScreen: Payment status changed :: "waitingForInput"
2025-11-29T16:03:35.901Z [INFO]:[ASYNC]: onDidRequestReaderInput:  :: ["swipeCard","insertCard","tapCard"]
2025-11-29T16:03:35.905Z [INFO]:[FE-1764432215904]: ReadyToPayScreen: Payment status changed :: "readerInput"
2025-11-29T16:03:36.922Z [INFO]:[ASYNC]: onDidRequestReaderDisplayMessage:  :: "removeCard"
2025-11-29T16:03:36.927Z [INFO]:[FE-1764432216925]: ReadyToPayScreen: Payment status changed :: "removeCard"
2025-11-29T16:03:37.511Z [INFO]:[ASYNC]: onDidChangePaymentStatus:  :: "ready"
2025-11-29T16:03:37.516Z [INFO]:[1764432214983]: Collect Payment Method successful :: {"sdkUuid":"07A8154C-A1AD-4B2F-9DB4-3C106B9C07C4","status":"requiresConfirmation","created":"1764432215000","amountDetails":{"tip":{"amount":null}},"offlineDetails":null,"currency":"usd","captureMethod":"automatic","paymentMethodId":null,"statementDescriptor":null,"paymentMethodOptions":{"cardPresent":{"requestPartialAuthorization":"","requestExtendedAuthorization":false,"surcharge":null,"requestIncrementalAuthorizationSupport":false}},"statementDescriptorSuffix":null,"paymentMethod":null,"amountTip":0,"id":"pi_3SYqcVLsBgg9CC4613X6dOrm","metadata":{"donation_date_epoch":"1764432214982","total_amount":"5","slug":"masjid-operations-2025","reader_serial_number":"STRM26142024283","notes":"Tap-to-Pay","covered_fees":"false","covered_fees_amount":"0","platform":"Goodbricks","terminal_name":"STRM26142024283","payment_mode":"Terminal","purpose":"masjid operations 2025","donation_date":"11/29/2025, 8:03:34 AM","purpose_slug":"masjid-operations-2025"},"charges":[],"amount":500}
2025-11-29T16:03:37.517Z [INFO]:[FE-1764432217514]: ReadyToPayScreen: Payment status changed :: "ready"
2025-11-29T16:03:37.527Z [INFO]:[ASYNC]: onDidChangePaymentStatus:  :: "processing"
2025-11-29T16:03:37.535Z [INFO]:[FE-1764432217535]: ReadyToPayScreen: Payment status changed :: "processing"
2025-11-29T16:03:37.537Z [INFO]:[FE-1764432217535]: ReadyToPayScreen: Card tapped, transitioning to payment flow :: undefined
2025-11-29T16:03:37.538Z [INFO]:[FE-1764432217535]: PaymentProcessingScreen :: "PaymentProcessingScreen"
2025-11-29T16:03:37.539Z [INFO]:[FE-1764432217535]: PaymentProcessingScreen:displayPaymentProcessingAnimation:  :: {"paymentProcessingStatus":"processing"}
2025-11-29T16:03:38.893Z [INFO]:[ASYNC]: onDidChangePaymentStatus:  :: "ready"
2025-11-29T16:03:38.899Z [INFO]:[1764432214983]: Confirm Payment Intent successful :: {"sdkUuid":"6986D736-689E-4825-B7D5-AF8EF7644AE6","status":"succeeded","created":"1764432215000","amountDetails":{"tip":{"amount":null}},"offlineDetails":null,"currency":"usd","captureMethod":"automatic","paymentMethodId":"pm_1SYqcXLsBgg9CC46G5f4lOwo","statementDescriptor":null,"paymentMethodOptions":{"cardPresent":{"requestPartialAuthorization":"","requestExtendedAuthorization":false,"surcharge":null,"requestIncrementalAuthorizationSupport":false}},"statementDescriptorSuffix":null,"paymentMethod":null,"amountTip":0,"id":"pi_3SYqcVLsBgg9CC4613X6dOrm","metadata":{"donation_date_epoch":"1764432214982","total_amount":"5","slug":"masjid-operations-2025","reader_serial_number":"STRM26142024283","notes":"Tap-to-Pay","platform":"Goodbricks","terminal_name":"STRM26142024283","payment_mode":"Terminal","purpose":"masjid operations 2025","covered_fees_amount":"0","covered_fees":"false","donation_date":"11/29/2025, 8:03:34 AM","purpose_slug":"masjid-operations-2025"},"charges":[{"amount":500,"authorizationCode":"728466","paymentMethodDetails":{"wechatPayDetails":null,"type":"cardPresent","cardPresentDetails":{"description":"Visa Purchasing","reader":null,"expYear":2022,"funding":"credit","issuer":"Celtic Bank","receipt":{"transactionStatusInformation":"0000","terminalVerificationResults":"0000000000","applicationPreferredName":"Stripe Credit","accountType":"credit","cvm":"approval","applicationCryptogram":"EBFEA44D27E4607A","authorizationResponseCode":"3030","authorizationCode":"728466","dedicatedFileName":"A0000000031010"},"generatedCard":null,"expMonth":12,"wallet":null,"brand":"visa","cardholderName":"CARDHOLDER/VISA","last4":"9969","location":null,"preferredLocales":[],"emvAuthData":"5F2A020840820200008407A00000000310108A023030950500000000009A032511299C01009F02060000000005009F03060000000000009F090200A09F100706310A03A000009F1A0208409F2608EBFEA44D27E4607A9F2701809F33036028C89F34033F00009F3501219F360201589F3704A115006B9F4104000003029F6E0420700000","network":"visa","country":"US","iin":null},"paynowDetails":null,"paypayDetails":null,"cardDetails":null,"affirmDetails":null,"interacPresentDetails":null},"description":null,"status":"succeeded","id":"ch_3SYqcVLsBgg9CC461ZnFHwMP","currency":"usd"}],"amount":500}
2025-11-29T16:03:38.904Z [INFO]:[FE-1764432218899]: PaymentProcessingScreen :: "PaymentProcessingScreen"
2025-11-29T16:03:38.905Z [INFO]:[FE-1764432218899]: PaymentProcessingScreen:displayPaymentProcessingAnimation:  :: {"paymentProcessingStatus":"ready"}
2025-11-29T16:03:38.906Z [INFO]:[FE-1764432218903]: Payment Captured :: "pi_3SYqcVLsBgg9CC4613X6dOrm"
2025-11-29T16:03:38.907Z [INFO]:[FE-1764432218903]: PaymentProcessingScreen :: "PaymentProcessingScreen"
2025-11-29T16:03:38.908Z [INFO]:[FE-1764432218903]: PaymentProcessingScreen:displayPaymentProcessingAnimation:  :: {"paymentProcessingStatus":"paymentCaptured"}
2025-11-29T16:03:38.909Z [INFO]:[FE-1764432218903]: PaymentCaptured: Tap-to-pay mode detected, skipping receipt screens :: undefined
2025-11-29T16:03:38.912Z [INFO]:[FE-1764432218905]: QuickSuccessScreen: Payment successful :: {"category":"masjid operations 2025","amount":5}
2025-11-29T16:03:38.913Z [INFO]:[FE-1764432218905]: â±ï¸ [Payment Intent Timeout] Stopping timeout tracking :: {"paymentIntentId":"pi_3SYqcVLsBgg9CC4613X6dOrm","reason":"payment_completed"}
2025-11-29T16:03:40.920Z [INFO]:[FE-1764432220914]: ReadyToPayScreen mounted :: {"category":{"coverFeePercentage":"3.00","coverFees":true,"defaultAmount":"100","defaultAmounts":"2500,1000,750,500","displayOrder":999,"externalCategoryId":null,"id":"masjid-operations-2025","name":"masjid operations 2025","showNotes":false,"slug":"masjid-operations-2025","tags":"","text":"masjid operations 2025"},"amount":5,"context":{"customerEmail":"","customerName":"","totalAmount":"","category":{}}}
2025-11-29T16:03:40.928Z [INFO]:[FE-1764432220915]: ReadyToPayScreen: Payment status changed :: "paymentCaptured"
2025-11-29T16:03:40.929Z [INFO]:[FE-1764432220916]: ReadyToPayScreen: Payment status changed :: "initialized"
2025-11-29T16:03:40.929Z [INFO]:[FE-1764432220916]: ReadyToPayScreen: Creating payment intent :: {"reason":"refresh"}
2025-11-29T16:03:40.929Z [INFO]:[FE-1764432220916]: ReadyToPayScreen: Creating payment intent :: {"totalAmount":5,"category":"masjid operations 2025"}
2025-11-29T16:03:40.930Z [INFO]:[1764432220917]: ðŸ”„ [Native] Creating payment intent :: {"amount":500}
2025-11-29T16:03:41.427Z [INFO]:[1764432220917]: âœ… [Native] Payment intent created successfully :: {"paymentIntentId":"pi_3SYqcbLsBgg9CC461UAXPghw"}
2025-11-29T16:03:41.433Z [INFO]:[FE-1764432221431]: âœ… [Payment Intent] Created :: {"paymentIntentId":"pi_3SYqcbLsBgg9CC461UAXPghw","previousPaymentIntentId":""}
2025-11-29T16:03:41.434Z [INFO]:[FE-1764432221432]: ReadyToPayScreen: Payment status changed :: "initialized"
2025-11-29T16:03:41.436Z [INFO]:[FE-1764432221432]: â±ï¸ [Payment Intent Timeout] Starting timeout tracking :: {"paymentIntentId":"pi_3SYqcbLsBgg9CC461UAXPghw","createdAt":1764432221428}
2025-11-29T16:03:41.438Z [INFO]:[FE-1764432221432]: â±ï¸ [Payment Intent Timeout] Tracking started :: {"paymentIntentId":"pi_3SYqcbLsBgg9CC461UAXPghw","timeoutIn":"60 minutes"}
2025-11-29T16:03:41.446Z [INFO]:[ASYNC]: onDidChangePaymentStatus:  :: "waitingForInput"
2025-11-29T16:03:41.450Z [INFO]:[FE-1764432221449]: ReadyToPayScreen: Payment status changed :: "waitingForInput"
2025-11-29T16:03:41.932Z [INFO]:[ASYNC]: onDidRequestReaderInput:  :: ["swipeCard","insertCard","tapCard"]
2025-11-29T16:03:41.936Z [INFO]:[FE-1764432221934]: ReadyToPayScreen: Payment status changed :: "readerInput"
2025-11-29T16:04:01.130Z [INFO]:[ASYNC]: guidedAccessStatusDidChange:  :: {"enabled":false}
2025-11-29T16:04:01.137Z [INFO]:[ASYNC]: isGuidedAccessEnabled :: false
2025-11-29T16:04:01.145Z [INFO]:[FE-1764432241142]: Guided Access Enabled :: false
2025-11-29T16:04:06.126Z [INFO]:[ASYNC]: Start fetchTokenProvider :: {"fetchURL":"https://sandbox.api.goodbricks.app/stripe/connection-token?organizationPublicId=icsd.org"}
2025-11-29T16:04:06.657Z [INFO]:[ASYNC]: guidedAccessStatusDidChange:  :: {"enabled":false}
2025-11-29T16:04:07.852Z [INFO]:[ASYNC]: Done fetchTokenProvider :: {"connectionToken":"pst_test_YWNjdF8xQU1WY3FMc0JnZzlDQzQ2LGlhRTlDYnA4WVNKRVNaYWlwT1o4RGd4Umh5UWtaUzA_00XtYBaCHI","locationId":"tml_Enq6AmuRiHOSAi","applicationFeesCapInCents":3000,"applicationFeesInPercent":1.5,"receiptAmountThresholdInDollars":50}