› Skipping dev server
› Planning build
    Run script build phase '[CP-User] [Hermes] Replace Hermes for the right configuration, if needed' will be run during every build because it does not specify any outputs. To address this issue, either add output dependencies to the script phase, or configure it to run in every build by unchecking "Based on dependency analysis" in the script phase. (in target 'hermes-engine' from project 'Pods')
› Executing react-native Pods/hermes-engine » [CP-User] [Hermes] Replace Hermes for the right configuration, if needed
› Preparing expo-constants Pods/EXConstants-EXConstants » ResourceBundle-EXConstants-EXConstants-Info.plist
› Preparing Pods/expo-dev-menu-EXDevMenu » ResourceBundle-EXDevMenu-expo-dev-menu-Info.plist
› Preparing Pods/EXConstants-ExpoConstants_privacy » ResourceBundle-ExpoConstants_privacy-EXConstants-Info.plist
› Preparing Pods/ExpoFileSystem-ExpoFileSystem_privacy » ResourceBundle-ExpoFileSystem_privacy-ExpoFileSystem-Info.plist
› Preparing Pods/ExpoDevice-ExpoDevice_privacy » ResourceBundle-ExpoDevice_privacy-ExpoDevice-Info.plist
› Compiling expo-dev-launcher Pods/expo-dev-launcher-EXDevLauncher » EXDevLauncherErrorView.storyboard
› Preparing Pods/React-Core-RCTI18nStrings » ResourceBundle-RCTI18nStrings-React-Core-Info.plist
› Preparing Pods/RNCAsyncStorage-RNCAsyncStorage_resources » ResourceBundle-RNCAsyncStorage_resources-RNCAsyncStorage-Info.plist
› Executing react-native Pods/React-Fabric » [CP-User] [RN]Check rncore
› Preparing Pods/expo-dev-launcher-EXDevLauncher » ResourceBundle-EXDevLauncher-expo-dev-launcher-Info.plist
› Executing expo-constants Pods/EXConstants » [CP-User] Generate app.config for prebuilt Constants.manifest
› Executing GoodbricksTerminal » [Expo] Configure project
› Compiling GoodbricksTerminal » SplashScreen.storyboard
› Preparing GoodbricksTerminal » Info.plist
› Executing GoodbricksTerminal » Bundle React Native code and images
› Executing GoodbricksTerminal » [CP] Copy Pods Resources
› Signing   GoodbricksTerminal » GoodbricksTerminal.debug.dylib
› Signing   GoodbricksTerminal » __preview.dylib
› Signing   GoodbricksTerminal » GoodbricksTerminal.app
    Run script build phase '[CP-User] [RN]Check rncore' will be run during every build because it does not specify any outputs. To address this issue, either add output dependencies to the script phase, or configure it to run in every build by unchecking "Based on dependency analysis" in the script phase. (in target 'React-Fabric' from project 'Pods')
    Run script build phase '[CP-User] Generate app.config for prebuilt Constants.manifest' will be run during every build because it does not specify any outputs. To address this issue, either add output dependencies to the script phase, or configure it to run in every build by unchecking "Based on dependency analysis" in the script phase. (in target 'EXConstants' from project 'Pods')
› Build Succeeded

› 0 error(s), and 3 warning(s)

Waiting on http://localhost:8081
› Installing on iPad (10th generation)
› Opening on iPad (10th generation) (com.caretapps.goodbricks.ios.terminal)
› Opening exp+gb2-terminal-expo://expo-development-client/?url=http%3A%2F%2F192.168.7.130%3A8081 on iPad (10th generation)
