2025-12-04T02:40:23.886Z [INFO]:[FE-1764816020410]: ReaderHealthManager:DiscoveredReaderChange:  :: {"lockedReader":"STRM26146035736","connectingToReader":false,"connectedReader":"STRM26146035736","readerDiscoveryStatus":"","readerConnectionStatus":"connected","discoveredReaders":[]}
2025-12-04T02:40:23.887Z [INFO]:[FE-1764816020410]: Connected Reader :: {"id":"tmr_GQYt1QSBSl0d3R","locationId":"tml_Enq6AmuRiHOSAi","label":null,"batteryLevel":1,"serialNumber":"STRM26146035736","locationStatus":"set","ipAddress":null,"deviceSoftwareVersion":"2.01.00.38-SZZZ_Prod_US_v12-481001","isCharging":false,"deviceType":"stripeM2","availableUpdate":null,"location":{"displayNameKanji":null,"displayNameKana":null,"livemode":false,"addressKanji":null,"address":{"city":"San Diego","country":"US","postalCode":"92117","line2":"","town":null,"state":"CA","line1":"6666 Beadnell Way Unit 8"},"addressKana":null,"id":"tml_Enq6AmuRiHOSAi","phone":null,"displayName":"ICSD Primary Location"},"batteryStatus":"nominal","simulated":false,"status":"offline"}
2025-12-04T02:40:50.420Z [INFO]:[ASYNC]: readerSoftwareUpdateProgress After finish :  :: ""
2025-12-04T02:40:50.426Z [INFO]:[1764816050412]: handleGetConnectedReader :: {"id":"tmr_GQYt1QSBSl0d3R","locationId":"tml_Enq6AmuRiHOSAi","label":null,"batteryLevel":1,"serialNumber":"STRM26146035736","locationStatus":"set","ipAddress":null,"deviceSoftwareVersion":"2.01.00.38-SZZZ_Prod_US_v12-481001","isCharging":false,"deviceType":"stripeM2","availableUpdate":null,"location":{"displayNameKanji":null,"displayNameKana":null,"livemode":false,"addressKanji":null,"address":{"city":"San Diego","country":"US","postalCode":"92117","line2":"","town":null,"state":"CA","line1":"6666 Beadnell Way Unit 8"},"addressKana":null,"id":"tml_Enq6AmuRiHOSAi","phone":null,"displayName":"ICSD Primary Location"},"batteryStatus":"nominal","simulated":false,"status":"offline"}
2025-12-04T02:40:50.434Z [INFO]:[FE-1764816050431]: Connected Reader :: {"id":"tmr_GQYt1QSBSl0d3R","locationId":"tml_Enq6AmuRiHOSAi","label":null,"batteryLevel":1,"serialNumber":"STRM26146035736","locationStatus":"set","ipAddress":null,"deviceSoftwareVersion":"2.01.00.38-SZZZ_Prod_US_v12-481001","isCharging":false,"deviceType":"stripeM2","availableUpdate":null,"location":{"displayNameKanji":null,"displayNameKana":null,"livemode":false,"addressKanji":null,"address":{"city":"San Diego","country":"US","postalCode":"92117","line2":"","town":null,"state":"CA","line1":"6666 Beadnell Way Unit 8"},"addressKana":null,"id":"tml_Enq6AmuRiHOSAi","phone":null,"displayName":"ICSD Primary Location"},"batteryStatus":"nominal","simulated":false,"status":"offline"}
2025-12-04T02:40:50.435Z [INFO]:[FE-1764816050431]: ReaderHealthManager:DiscoveredReaderChange:  :: {"lockedReader":"STRM26146035736","connectingToReader":false,"connectedReader":"STRM26146035736","readerDiscoveryStatus":"","readerConnectionStatus":"connected","discoveredReaders":[]}
2025-12-04T02:41:20.441Z [INFO]:[ASYNC]: readerSoftwareUpdateProgress After finish :  :: ""
2025-12-04T02:41:20.447Z [INFO]:[1764816080433]: handleGetConnectedReader :: {"id":"tmr_GQYt1QSBSl0d3R","locationId":"tml_Enq6AmuRiHOSAi","label":null,"batteryLevel":1,"serialNumber":"STRM26146035736","locationStatus":"set","ipAddress":null,"deviceSoftwareVersion":"2.01.00.38-SZZZ_Prod_US_v12-481001","isCharging":false,"deviceType":"stripeM2","availableUpdate":null,"location":{"displayNameKanji":null,"displayNameKana":null,"livemode":false,"addressKanji":null,"address":{"city":"San Diego","country":"US","postalCode":"92117","line2":"","town":null,"state":"CA","line1":"6666 Beadnell Way Unit 8"},"addressKana":null,"id":"tml_Enq6AmuRiHOSAi","phone":null,"displayName":"ICSD Primary Location"},"batteryStatus":"nominal","simulated":false,"status":"offline"}
2025-12-04T02:41:20.455Z [INFO]:[FE-1764816080452]: Connected Reader :: {"id":"tmr_GQYt1QSBSl0d3R","locationId":"tml_Enq6AmuRiHOSAi","label":null,"batteryLevel":1,"serialNumber":"STRM26146035736","locationStatus":"set","ipAddress":null,"deviceSoftwareVersion":"2.01.00.38-SZZZ_Prod_US_v12-481001","isCharging":false,"deviceType":"stripeM2","availableUpdate":null,"location":{"displayNameKanji":null,"displayNameKana":null,"livemode":false,"addressKanji":null,"address":{"city":"San Diego","country":"US","postalCode":"92117","line2":"","town":null,"state":"CA","line1":"6666 Beadnell Way Unit 8"},"addressKana":null,"id":"tml_Enq6AmuRiHOSAi","phone":null,"displayName":"ICSD Primary Location"},"batteryStatus":"nominal","simulated":false,"status":"offline"}
2025-12-04T02:41:20.457Z [INFO]:[FE-1764816080453]: ReaderHealthManager:DiscoveredReaderChange:  :: {"lockedReader":"STRM26146035736","connectingToReader":false,"connectedReader":"STRM26146035736","readerDiscoveryStatus":"","readerConnectionStatus":"connected","discoveredReaders":[]}
2025-12-04T02:41:50.463Z [INFO]:[ASYNC]: readerSoftwareUpdateProgress After finish :  :: ""
2025-12-04T02:41:50.470Z [INFO]:[1764816110454]: handleGetConnectedReader :: {"id":"tmr_GQYt1QSBSl0d3R","locationId":"tml_Enq6AmuRiHOSAi","label":null,"batteryLevel":1,"serialNumber":"STRM26146035736","locationStatus":"set","ipAddress":null,"deviceSoftwareVersion":"2.01.00.38-SZZZ_Prod_US_v12-481001","isCharging":false,"deviceType":"stripeM2","availableUpdate":null,"location":{"displayNameKanji":null,"displayNameKana":null,"livemode":false,"addressKanji":null,"address":{"city":"San Diego","country":"US","postalCode":"92117","line2":"","town":null,"state":"CA","line1":"6666 Beadnell Way Unit 8"},"addressKana":null,"id":"tml_Enq6AmuRiHOSAi","phone":null,"displayName":"ICSD Primary Location"},"batteryStatus":"nominal","simulated":false,"status":"offline"}
2025-12-04T02:41:50.480Z [INFO]:[FE-1764816110477]: Connected Reader :: {"id":"tmr_GQYt1QSBSl0d3R","locationId":"tml_Enq6AmuRiHOSAi","label":null,"batteryLevel":1,"serialNumber":"STRM26146035736","locationStatus":"set","ipAddress":null,"deviceSoftwareVersion":"2.01.00.38-SZZZ_Prod_US_v12-481001","isCharging":false,"deviceType":"stripeM2","availableUpdate":null,"location":{"displayNameKanji":null,"displayNameKana":null,"livemode":false,"addressKanji":null,"address":{"city":"San Diego","country":"US","postalCode":"92117","line2":"","town":null,"state":"CA","line1":"6666 Beadnell Way Unit 8"},"addressKana":null,"id":"tml_Enq6AmuRiHOSAi","phone":null,"displayName":"ICSD Primary Location"},"batteryStatus":"nominal","simulated":false,"status":"offline"}
2025-12-04T02:41:50.482Z [INFO]:[FE-1764816110478]: ReaderHealthManager:DiscoveredReaderChange:  :: {"lockedReader":"STRM26146035736","connectingToReader":false,"connectedReader":"STRM26146035736","readerDiscoveryStatus":"","readerConnectionStatus":"connected","discoveredReaders":[]}
2025-12-04T02:42:20.490Z [INFO]:[ASYNC]: readerSoftwareUpdateProgress After finish :  :: ""
2025-12-04T02:42:20.496Z [INFO]:[1764816140482]: handleGetConnectedReader :: {"id":"tmr_GQYt1QSBSl0d3R","locationId":"tml_Enq6AmuRiHOSAi","label":null,"batteryLevel":1,"serialNumber":"STRM26146035736","locationStatus":"set","ipAddress":null,"deviceSoftwareVersion":"2.01.00.38-SZZZ_Prod_US_v12-481001","isCharging":false,"deviceType":"stripeM2","availableUpdate":null,"location":{"displayNameKanji":null,"displayNameKana":null,"livemode":false,"addressKanji":null,"address":{"city":"San Diego","country":"US","postalCode":"92117","line2":"","town":null,"state":"CA","line1":"6666 Beadnell Way Unit 8"},"addressKana":null,"id":"tml_Enq6AmuRiHOSAi","phone":null,"displayName":"ICSD Primary Location"},"batteryStatus":"nominal","simulated":false,"status":"offline"}
2025-12-04T02:42:20.505Z [INFO]:[FE-1764816140502]: Connected Reader :: {"id":"tmr_GQYt1QSBSl0d3R","locationId":"tml_Enq6AmuRiHOSAi","label":null,"batteryLevel":1,"serialNumber":"STRM26146035736","locationStatus":"set","ipAddress":null,"deviceSoftwareVersion":"2.01.00.38-SZZZ_Prod_US_v12-481001","isCharging":false,"deviceType":"stripeM2","availableUpdate":null,"location":{"displayNameKanji":null,"displayNameKana":null,"livemode":false,"addressKanji":null,"address":{"city":"San Diego","country":"US","postalCode":"92117","line2":"","town":null,"state":"CA","line1":"6666 Beadnell Way Unit 8"},"addressKana":null,"id":"tml_Enq6AmuRiHOSAi","phone":null,"displayName":"ICSD Primary Location"},"batteryStatus":"nominal","simulated":false,"status":"offline"}
2025-12-04T02:42:20.507Z [INFO]:[FE-1764816140503]: ReaderHealthManager:DiscoveredReaderChange:  :: {"lockedReader":"STRM26146035736","connectingToReader":false,"connectedReader":"STRM26146035736","readerDiscoveryStatus":"","readerConnectionStatus":"connected","discoveredReaders":[]}
2025-12-04T02:42:50.535Z [INFO]:[ASYNC]: readerSoftwareUpdateProgress After finish :  :: ""
2025-12-04T02:42:50.541Z [INFO]:[1764816170526]: handleGetConnectedReader :: {"id":"tmr_GQYt1QSBSl0d3R","locationId":"tml_Enq6AmuRiHOSAi","label":null,"batteryLevel":1,"serialNumber":"STRM26146035736","locationStatus":"set","ipAddress":null,"deviceSoftwareVersion":"2.01.00.38-SZZZ_Prod_US_v12-481001","isCharging":false,"deviceType":"stripeM2","availableUpdate":null,"location":{"displayNameKanji":null,"displayNameKana":null,"livemode":false,"addressKanji":null,"address":{"city":"San Diego","country":"US","postalCode":"92117","line2":"","town":null,"state":"CA","line1":"6666 Beadnell Way Unit 8"},"addressKana":null,"id":"tml_Enq6AmuRiHOSAi","phone":null,"displayName":"ICSD Primary Location"},"batteryStatus":"nominal","simulated":false,"status":"offline"}
2025-12-04T02:42:50.549Z [INFO]:[FE-1764816170546]: Connected Reader :: {"id":"tmr_GQYt1QSBSl0d3R","locationId":"tml_Enq6AmuRiHOSAi","label":null,"batteryLevel":1,"serialNumber":"STRM26146035736","locationStatus":"set","ipAddress":null,"deviceSoftwareVersion":"2.01.00.38-SZZZ_Prod_US_v12-481001","isCharging":false,"deviceType":"stripeM2","availableUpdate":null,"location":{"displayNameKanji":null,"displayNameKana":null,"livemode":false,"addressKanji":null,"address":{"city":"San Diego","country":"US","postalCode":"92117","line2":"","town":null,"state":"CA","line1":"6666 Beadnell Way Unit 8"},"addressKana":null,"id":"tml_Enq6AmuRiHOSAi","phone":null,"displayName":"ICSD Primary Location"},"batteryStatus":"nominal","simulated":false,"status":"offline"}
2025-12-04T02:42:50.551Z [INFO]:[FE-1764816170547]: ReaderHealthManager:DiscoveredReaderChange:  :: {"lockedReader":"STRM26146035736","connectingToReader":false,"connectedReader":"STRM26146035736","readerDiscoveryStatus":"","readerConnectionStatus":"connected","discoveredReaders":[]}
2025-12-04T02:43:20.563Z [INFO]:[ASYNC]: readerSoftwareUpdateProgress After finish :  :: ""
2025-12-04T02:43:20.569Z [INFO]:[1764816200554]: handleGetConnectedReader :: {"id":"tmr_GQYt1QSBSl0d3R","locationId":"tml_Enq6AmuRiHOSAi","label":null,"batteryLevel":1,"serialNumber":"STRM26146035736","locationStatus":"set","ipAddress":null,"deviceSoftwareVersion":"2.01.00.38-SZZZ_Prod_US_v12-481001","isCharging":false,"deviceType":"stripeM2","availableUpdate":null,"location":{"displayNameKanji":null,"displayNameKana":null,"livemode":false,"addressKanji":null,"address":{"city":"San Diego","country":"US","postalCode":"92117","line2":"","town":null,"state":"CA","line1":"6666 Beadnell Way Unit 8"},"addressKana":null,"id":"tml_Enq6AmuRiHOSAi","phone":null,"displayName":"ICSD Primary Location"},"batteryStatus":"nominal","simulated":false,"status":"offline"}
2025-12-04T02:43:20.577Z [INFO]:[FE-1764816200574]: Connected Reader :: {"id":"tmr_GQYt1QSBSl0d3R","locationId":"tml_Enq6AmuRiHOSAi","label":null,"batteryLevel":1,"serialNumber":"STRM26146035736","locationStatus":"set","ipAddress":null,"deviceSoftwareVersion":"2.01.00.38-SZZZ_Prod_US_v12-481001","isCharging":false,"deviceType":"stripeM2","availableUpdate":null,"location":{"displayNameKanji":null,"displayNameKana":null,"livemode":false,"addressKanji":null,"address":{"city":"San Diego","country":"US","postalCode":"92117","line2":"","town":null,"state":"CA","line1":"6666 Beadnell Way Unit 8"},"addressKana":null,"id":"tml_Enq6AmuRiHOSAi","phone":null,"displayName":"ICSD Primary Location"},"batteryStatus":"nominal","simulated":false,"status":"offline"}
2025-12-04T02:43:20.579Z [INFO]:[FE-1764816200575]: ReaderHealthManager:DiscoveredReaderChange:  :: {"lockedReader":"STRM26146035736","connectingToReader":false,"connectedReader":"STRM26146035736","readerDiscoveryStatus":"","readerConnectionStatus":"connected","discoveredReaders":[]}
2025-12-04T02:43:50.586Z [INFO]:[ASYNC]: readerSoftwareUpdateProgress After finish :  :: ""
2025-12-04T02:43:50.592Z [INFO]:[1764816230577]: handleGetConnectedReader :: {"id":"tmr_GQYt1QSBSl0d3R","locationId":"tml_Enq6AmuRiHOSAi","label":null,"batteryLevel":1,"serialNumber":"STRM26146035736","locationStatus":"set","ipAddress":null,"deviceSoftwareVersion":"2.01.00.38-SZZZ_Prod_US_v12-481001","isCharging":false,"deviceType":"stripeM2","availableUpdate":null,"location":{"displayNameKanji":null,"displayNameKana":null,"livemode":false,"addressKanji":null,"address":{"city":"San Diego","country":"US","postalCode":"92117","line2":"","town":null,"state":"CA","line1":"6666 Beadnell Way Unit 8"},"addressKana":null,"id":"tml_Enq6AmuRiHOSAi","phone":null,"displayName":"ICSD Primary Location"},"batteryStatus":"nominal","simulated":false,"status":"offline"}
2025-12-04T02:43:50.600Z [INFO]:[FE-1764816230597]: Connected Reader :: {"id":"tmr_GQYt1QSBSl0d3R","locationId":"tml_Enq6AmuRiHOSAi","label":null,"batteryLevel":1,"serialNumber":"STRM26146035736","locationStatus":"set","ipAddress":null,"deviceSoftwareVersion":"2.01.00.38-SZZZ_Prod_US_v12-481001","isCharging":false,"deviceType":"stripeM2","availableUpdate":null,"location":{"displayNameKanji":null,"displayNameKana":null,"livemode":false,"addressKanji":null,"address":{"city":"San Diego","country":"US","postalCode":"92117","line2":"","town":null,"state":"CA","line1":"6666 Beadnell Way Unit 8"},"addressKana":null,"id":"tml_Enq6AmuRiHOSAi","phone":null,"displayName":"ICSD Primary Location"},"batteryStatus":"nominal","simulated":false,"status":"offline"}
2025-12-04T02:43:50.602Z [INFO]:[FE-1764816230597]: ReaderHealthManager:DiscoveredReaderChange:  :: {"lockedReader":"STRM26146035736","connectingToReader":false,"connectedReader":"STRM26146035736","readerDiscoveryStatus":"","readerConnectionStatus":"connected","discoveredReaders":[]}
2025-12-04T02:44:20.608Z [INFO]:[ASYNC]: readerSoftwareUpdateProgress After finish :  :: ""
2025-12-04T02:44:20.614Z [INFO]:[1764816260599]: handleGetConnectedReader :: {"id":"tmr_GQYt1QSBSl0d3R","locationId":"tml_Enq6AmuRiHOSAi","label":null,"batteryLevel":1,"serialNumber":"STRM26146035736","locationStatus":"set","ipAddress":null,"deviceSoftwareVersion":"2.01.00.38-SZZZ_Prod_US_v12-481001","isCharging":false,"deviceType":"stripeM2","availableUpdate":null,"location":{"displayNameKanji":null,"displayNameKana":null,"livemode":false,"addressKanji":null,"address":{"city":"San Diego","country":"US","postalCode":"92117","line2":"","town":null,"state":"CA","line1":"6666 Beadnell Way Unit 8"},"addressKana":null,"id":"tml_Enq6AmuRiHOSAi","phone":null,"displayName":"ICSD Primary Location"},"batteryStatus":"nominal","simulated":false,"status":"offline"}
2025-12-04T02:44:20.622Z [INFO]:[FE-1764816260619]: Connected Reader :: {"id":"tmr_GQYt1QSBSl0d3R","locationId":"tml_Enq6AmuRiHOSAi","label":null,"batteryLevel":1,"serialNumber":"STRM26146035736","locationStatus":"set","ipAddress":null,"deviceSoftwareVersion":"2.01.00.38-SZZZ_Prod_US_v12-481001","isCharging":false,"deviceType":"stripeM2","availableUpdate":null,"location":{"displayNameKanji":null,"displayNameKana":null,"livemode":false,"addressKanji":null,"address":{"city":"San Diego","country":"US","postalCode":"92117","line2":"","town":null,"state":"CA","line1":"6666 Beadnell Way Unit 8"},"addressKana":null,"id":"tml_Enq6AmuRiHOSAi","phone":null,"displayName":"ICSD Primary Location"},"batteryStatus":"nominal","simulated":false,"status":"offline"}
2025-12-04T02:44:20.624Z [INFO]:[FE-1764816260619]: ReaderHealthManager:DiscoveredReaderChange:  :: {"lockedReader":"STRM26146035736","connectingToReader":false,"connectedReader":"STRM26146035736","readerDiscoveryStatus":"","readerConnectionStatus":"connected","discoveredReaders":[]}
2025-12-04T02:44:41.474Z [INFO]:[ASYNC]: onDidRequestReaderDisplayMessage:  :: "retryCard"
2025-12-04T02:44:41.483Z [INFO]:[FE-1764816281480]: ReadyToPayScreen: Payment status changed :: "retryCard"
2025-12-04T02:44:41.832Z [INFO]:[ASYNC]: onDidRequestReaderInput:  :: ["insertCard","tapCard"]
2025-12-04T02:44:41.836Z [INFO]:[FE-1764816281835]: ReadyToPayScreen: Payment status changed :: "readerInput"
2025-12-04T02:44:42.822Z [INFO]:[ASYNC]: onDidRequestReaderDisplayMessage:  :: "removeCard"
2025-12-04T02:44:42.826Z [INFO]:[FE-1764816282824]: ReadyToPayScreen: Payment status changed :: "removeCard"
2025-12-04T02:44:43.468Z [INFO]:[ASYNC]: onDidChangePaymentStatus:  :: "ready"
2025-12-04T02:44:43.473Z [INFO]:[1764806550949]: Collect Payment Method successful :: {"sdkUuid":"1E272A32-39E6-4F9F-B4D3-D73D5D55C456","status":"requiresConfirmation","created":"1764813750940","amountDetails":{"tip":{"amount":null}},"offlineDetails":{"cardPresentDetails":null,"storedAtMs":null,"requiresUpload":false,"amountDetails":null},"currency":"usd","captureMethod":"automatic","paymentMethodId":null,"statementDescriptor":null,"paymentMethodOptions":null,"statementDescriptorSuffix":null,"paymentMethod":null,"amountTip":0,"id":null,"metadata":{"total_amount":"11","offline_mode_preference":"enabled","donation_date_epoch":"1764806550948","reader_serial_number":"STRM26146035736","notes":"Tap-to-Pay","covered_fees":"false","covered_fees_amount":"0","platform":"Goodbricks","network_status_at_creation":"online","terminal_name":"STRM26146035736","payment_mode_type":"offline","purpose":"masjid operations 2025","network_type_at_creation":"wifi","offline_behavior":"force_offline","payment_mode":"Terminal","slug":"masjid-operations-2025","purpose_slug":"masjid-operations-2025","donation_date":"12/3/2025, 4:02:30 PM"},"charges":[],"amount":1100}
2025-12-04T02:44:43.479Z [INFO]:[ASYNC]: onDidChangePaymentStatus:  :: "waitingForInput"
2025-12-04T02:44:43.508Z [INFO]:[FE-1764816283502]: ReadyToPayScreen: Payment status changed :: "ready"
2025-12-04T02:44:43.508Z [INFO]:[FE-1764816283502]: ReadyToPayScreen: Creating payment intent :: {"reason":"timeout_recovery","sdkOnline":true,"offlineModeEnabled":true,"paymentProcessingStatus":"ready"}
2025-12-04T02:44:43.508Z [INFO]:[FE-1764816283502]: ReadyToPayScreen: Creating payment intent :: {"totalAmount":11,"category":"masjid operations 2025"}
2025-12-04T02:44:43.508Z [INFO]:[FE-1764816283503]: ReadyToPayScreen: Payment status changed :: "waitingForInput"
2025-12-04T02:44:43.508Z [INFO]:[1764816283502]: ðŸ”„ [Native] Creating payment intent :: {"amount":1100,"offlineBehavior":"force_offline","offlineModePreference":"enabled","shouldEnableOfflineMode":true,"networkStatus":{"type":"wifi","isConnected":true,"details":{"ipAddress":"192.168.5.148","subnet":"255.255.252.0","isConnectionExpensive":false},"isInternetReachable":true}}
2025-12-04T02:44:44.532Z [INFO]:[ASYNC]: onDidRequestReaderInput:  :: ["insertCard","tapCard"]
2025-12-04T02:44:44.536Z [INFO]:[FE-1764816284535]: ReadyToPayScreen: Payment status changed :: "readerInput"
2025-12-04T02:44:50.742Z [INFO]:[ASYNC]: onDidRequestReaderDisplayMessage:  :: "removeCard"
2025-12-04T02:44:50.746Z [INFO]:[FE-1764816290745]: ReadyToPayScreen: Payment status changed :: "removeCard"
2025-12-04T02:44:51.370Z [INFO]:[ASYNC]: onDidChangePaymentStatus:  :: "ready"
2025-12-04T02:44:51.377Z [INFO]:[1764810150325]: Collect Payment Method successful :: {"sdkUuid":"9495FDB8-1AE3-48C1-898C-2D8D46155DC9","status":"requiresConfirmation","created":"1764813750971","amountDetails":{"tip":{"amount":null}},"offlineDetails":{"cardPresentDetails":null,"storedAtMs":null,"requiresUpload":false,"amountDetails":null},"currency":"usd","captureMethod":"automatic","paymentMethodId":null,"statementDescriptor":null,"paymentMethodOptions":null,"statementDescriptorSuffix":null,"paymentMethod":null,"amountTip":0,"id":null,"metadata":{"total_amount":"11","offline_mode_preference":"enabled","donation_date_epoch":"1764810150325","reader_serial_number":"STRM26146035736","notes":"Tap-to-Pay","covered_fees":"false","covered_fees_amount":"0","platform":"Goodbricks","network_status_at_creation":"online","terminal_name":"STRM26146035736","payment_mode_type":"offline","purpose":"masjid operations 2025","network_type_at_creation":"wifi","offline_behavior":"force_offline","payment_mode":"Terminal","slug":"masjid-operations-2025","purpose_slug":"masjid-operations-2025","donation_date":"12/3/2025, 5:02:30 PM"},"charges":[],"amount":1100}
2025-12-04T02:44:51.387Z [INFO]:[ASYNC]: onDidChangePaymentStatus:  :: "waitingForInput"
2025-12-04T02:44:51.428Z [INFO]:[FE-1764816291420]: ReadyToPayScreen: Payment status changed :: "ready"
2025-12-04T02:44:51.428Z [INFO]:[FE-1764816291420]: ReadyToPayScreen: Creating payment intent :: {"reason":"timeout_recovery","sdkOnline":true,"offlineModeEnabled":true,"paymentProcessingStatus":"ready"}
2025-12-04T02:44:51.428Z [INFO]:[FE-1764816291420]: ReadyToPayScreen: Creating payment intent :: {"totalAmount":11,"category":"masjid operations 2025"}
2025-12-04T02:44:51.428Z [INFO]:[FE-1764816291421]: ReadyToPayScreen: Payment status changed :: "waitingForInput"
2025-12-04T02:44:51.428Z [INFO]:[1764816291420]: ðŸ”„ [Native] Creating payment intent :: {"amount":1100,"offlineBehavior":"force_offline","offlineModePreference":"enabled","shouldEnableOfflineMode":true,"networkStatus":{"type":"wifi","isConnected":true,"details":{"ipAddress":"192.168.5.148","subnet":"255.255.252.0","isConnectionExpensive":false},"isInternetReachable":true}}
2025-12-04T02:44:52.512Z [INFO]:[ASYNC]: onDidRequestReaderInput:  :: ["insertCard","tapCard"]
2025-12-04T02:44:52.516Z [INFO]:[FE-1764816292515]: ReadyToPayScreen: Payment status changed :: "readerInput"
2025-12-04T02:44:53.862Z [INFO]:[ASYNC]: onDidRequestReaderDisplayMessage:  :: "tryAnotherReadMethod"
2025-12-04T02:44:53.867Z [INFO]:[FE-1764816293865]: ReadyToPayScreen: Payment status changed :: "tryAnotherReadMethod"
2025-12-04T02:44:54.226Z [INFO]:[ASYNC]: onDidRequestReaderInput:  :: ["insertCard","tapCard"]
2025-12-04T02:44:54.231Z [INFO]:[FE-1764816294229]: ReadyToPayScreen: Payment status changed :: "readerInput"
2025-12-04T02:44:56.741Z [INFO]:[ASYNC]: onDidRequestReaderDisplayMessage:  :: "tryAnotherReadMethod"
2025-12-04T02:44:56.745Z [INFO]:[FE-1764816296744]: ReadyToPayScreen: Payment status changed :: "tryAnotherReadMethod"
2025-12-04T02:44:57.101Z [INFO]:[ASYNC]: onDidRequestReaderInput:  :: ["insertCard","tapCard"]
2025-12-04T02:44:57.105Z [INFO]:[FE-1764816297104]: ReadyToPayScreen: Payment status changed :: "readerInput"
2025-12-04T02:44:58.122Z [INFO]:[ASYNC]: onDidRequestReaderDisplayMessage:  :: "removeCard"
2025-12-04T02:44:58.126Z [INFO]:[FE-1764816298124]: ReadyToPayScreen: Payment status changed :: "removeCard"
2025-12-04T02:44:58.736Z [INFO]:[ASYNC]: onDidChangePaymentStatus:  :: "ready"
2025-12-04T02:44:58.745Z [INFO]:[1764813750960]: Collect Payment Method successful :: {"sdkUuid":"49F6F2F3-1F01-4F4F-A62D-5673F73D3B5C","status":"requiresConfirmation","created":"1764813750990","amountDetails":{"tip":{"amount":null}},"offlineDetails":{"cardPresentDetails":null,"storedAtMs":null,"requiresUpload":false,"amountDetails":null},"currency":"usd","captureMethod":"automatic","paymentMethodId":null,"statementDescriptor":null,"paymentMethodOptions":null,"statementDescriptorSuffix":null,"paymentMethod":null,"amountTip":0,"id":null,"metadata":{"total_amount":"11","offline_mode_preference":"enabled","donation_date_epoch":"1764813750959","reader_serial_number":"STRM26146035736","notes":"Tap-to-Pay","covered_fees":"false","covered_fees_amount":"0","platform":"Goodbricks","network_status_at_creation":"online","terminal_name":"STRM26146035736","payment_mode_type":"offline","purpose":"masjid operations 2025","network_type_at_creation":"wifi","offline_behavior":"force_offline","payment_mode":"Terminal","slug":"masjid-operations-2025","purpose_slug":"masjid-operations-2025","donation_date":"12/3/2025, 6:02:30 PM"},"charges":[],"amount":1100}
2025-12-04T02:44:58.746Z [ERROR]:[1764806550949]: confirmPaymentIntent error :: {"code":"ProcessInvalidPaymentIntent","message":"confirmPaymentIntent was called with an unknown or invalid PaymentIntent. You must confirm a payment immediately after collecting a payment method."}
2025-12-04T02:44:58.767Z [INFO]:[FE-1764816298763]: ReadyToPayScreen: Payment status changed :: "ready"
2025-12-04T02:44:58.767Z [INFO]:[FE-1764816298763]: ReadyToPayScreen: Creating payment intent :: {"reason":"timeout_recovery","sdkOnline":true,"offlineModeEnabled":true,"paymentProcessingStatus":"ready"}
2025-12-04T02:44:58.767Z [INFO]:[FE-1764816298763]: ReadyToPayScreen: Creating payment intent :: {"totalAmount":11,"category":"masjid operations 2025"}
2025-12-04T02:44:58.768Z [INFO]:[1764816298764]: ðŸ”„ [Native] Creating payment intent :: {"amount":1100,"offlineBehavior":"force_offline","offlineModePreference":"enabled","shouldEnableOfflineMode":true,"networkStatus":{"type":"wifi","isConnected":true,"details":{"ipAddress":"192.168.5.148","subnet":"255.255.252.0","isConnectionExpensive":false},"isInternetReachable":true}}
2025-12-04T02:44:58.771Z [INFO]:[FE-1764816298765]: â±ï¸ [Payment Intent Timeout] Tracking handled by ReaderHealthManager :: {"paymentIntentId":null,"reason":"confirm_payment_error","errorCode":"ProcessInvalidPaymentIntent"}
2025-12-04T02:44:58.772Z [ERROR]:[FE-1764816298767]: Confirm Payment Intent :: "confirmPaymentIntent was called with an unknown or invalid PaymentIntent. You must confirm a payment immediately after collecting a payment method."
2025-12-04T02:44:58.774Z [INFO]:[1764816283502]: âœ… [Native] Payment intent created successfully :: {"paymentIntentId":null}
2025-12-04T02:44:58.777Z [ERROR]:[1764810150325]: confirmPaymentIntent error :: {"message":"confirmPaymentIntent was called with an unknown or invalid PaymentIntent. You must confirm a payment immediately after collecting a payment method.","code":"ProcessInvalidPaymentIntent"}
2025-12-04T02:44:58.787Z [INFO]:[FE-1764816298785]: âœ… [Payment Intent] Created :: {"paymentIntentId":null,"previousPaymentIntentId":""}
2025-12-04T02:44:58.788Z [INFO]:[FE-1764816298786]: â±ï¸ [Payment Intent Timeout] Tracking handled by ReaderHealthManager :: {"paymentIntentId":null,"createdAt":1764816298777}
2025-12-04T02:44:58.788Z [INFO]:[FE-1764816298786]: â±ï¸ [Payment Intent Timeout] Tracking handled by ReaderHealthManager :: {"paymentIntentId":null,"reason":"confirm_payment_error","errorCode":"ProcessInvalidPaymentIntent"}
2025-12-04T02:44:58.789Z [ERROR]:[FE-1764816298786]: Confirm Payment Intent :: "confirmPaymentIntent was called with an unknown or invalid PaymentIntent. You must confirm a payment immediately after collecting a payment method."
2025-12-04T02:44:58.793Z [INFO]:[1764816291420]: âœ… [Native] Payment intent created successfully :: {"paymentIntentId":null}
2025-12-04T02:44:58.796Z [INFO]:[ASYNC]: onDidChangePaymentStatus:  :: "processing"
2025-12-04T02:44:58.801Z [INFO]:[FE-1764816298800]: âœ… [Payment Intent] Created :: {"paymentIntentId":null,"previousPaymentIntentId":""}
2025-12-04T02:44:58.802Z [INFO]:[FE-1764816298801]: â±ï¸ [Payment Intent Timeout] Tracking handled by ReaderHealthManager :: {"paymentIntentId":null,"createdAt":1764816298793}
2025-12-04T02:44:58.807Z [INFO]:[FE-1764816298801]: ReadyToPayScreen: Payment status changed :: "processing"
2025-12-04T02:44:58.807Z [INFO]:[FE-1764816298801]: ReadyToPayScreen: Card tapped, transitioning to payment flow :: undefined
2025-12-04T02:44:58.809Z [INFO]:[FE-1764816298802]: PaymentProcessingScreen :: "PaymentProcessingScreen"
2025-12-04T02:44:58.810Z [INFO]:[FE-1764816298802]: PaymentProcessingScreen:displayPaymentProcessingAnimation:  :: {"error":{"title":"Confirm Payment Intent","message":"confirmPaymentIntent was called with an unknown or invalid PaymentIntent. You must confirm a payment immediately after collecting a payment method.","suppressDialog":true}}
2025-12-04T02:44:58.861Z [INFO]:[ASYNC]: onDidChangeOfflineStatus:  :: {"sdk":{"offlinePaymentAmountsByCurrency":{"usd":1100},"networkStatus":"online","offlinePaymentsCount":1}}
2025-12-04T02:44:58.861Z [INFO]:[ASYNC]: ðŸ”„ Connection restored - forwarding offline payments :: {"count":1,"amounts":{"usd":1100}}
2025-12-04T02:44:58.864Z [INFO]:[ASYNC]: onDidChangePaymentStatus:  :: "ready"
2025-12-04T02:44:58.867Z [INFO]:[1764813750960]: Confirm Payment Intent successful :: {"sdkUuid":"323203B8-3158-494E-98E6-4ECA59AFDCAF","status":"succeeded","created":"1764813750990","amountDetails":{"tip":{"amount":null}},"offlineDetails":{"cardPresentDetails":{"last4":"9969","expYear":2022,"cardholderName":"CARDHOLDER/VISA","readMethod":"contactlessEMV","brand":null,"expMonth":12,"receiptDetails":{"dedicatedFileName":"A0000000031010","authorizationCode":null,"authorizationResponseCode":"","applicationCryptogram":"5EEBA6B39F7862EF","cvm":"none","accountType":null,"applicationPreferredName":"Stripe Credit","terminalVerificationResults":"0000000000","transactionStatusInformation":"0000"}},"storedAtMs":"1764816298835","requiresUpload":true,"amountDetails":{"tip":{"amount":null}}},"currency":"usd","captureMethod":"automatic","paymentMethodId":null,"statementDescriptor":null,"paymentMethodOptions":null,"statementDescriptorSuffix":null,"paymentMethod":null,"amountTip":0,"id":null,"metadata":{"total_amount":"11","offline_mode_preference":"enabled","donation_date_epoch":"1764813750959","reader_serial_number":"STRM26146035736","notes":"Tap-to-Pay","covered_fees":"false","covered_fees_amount":"0","platform":"Goodbricks","network_status_at_creation":"online","terminal_name":"STRM26146035736","payment_mode_type":"offline","purpose":"masjid operations 2025","network_type_at_creation":"wifi","offline_behavior":"force_offline","payment_mode":"Terminal","slug":"masjid-operations-2025","purpose_slug":"masjid-operations-2025","donation_date":"12/3/2025, 6:02:30 PM"},"charges":[],"amount":1100}
2025-12-04T02:44:58.869Z [INFO]:[ASYNC]: Added offline payment to local storage :: {"paymentIntentId":null}
2025-12-04T02:44:58.873Z [INFO]:[ASYNC]: ðŸ’¾ Stored offline payment in local storage :: {"paymentIntentId":null}
2025-12-04T02:44:58.874Z [INFO]:[ASYNC]: Updated transaction in storage :: {"paymentIntentId":null}
2025-12-04T02:44:58.876Z [INFO]:[ASYNC]: ðŸ“ Stored transaction in history :: {"paymentIntentId":null,"mode":"offline","syncStatus":"pending"}
2025-12-04T02:44:58.881Z [INFO]:[FE-1764816298880]: Reader Offline Status :: {"sdk":{"offlinePaymentAmountsByCurrency":{"usd":1100},"networkStatus":"online","offlinePaymentsCount":1}}
2025-12-04T02:44:58.883Z [INFO]:[FE-1764816298881]: PaymentProcessingScreen :: "PaymentProcessingScreen"
2025-12-04T02:44:58.884Z [INFO]:[FE-1764816298881]: PaymentProcessingScreen:displayPaymentProcessingAnimation:  :: {"error":{"title":"Confirm Payment Intent","message":"confirmPaymentIntent was called with an unknown or invalid PaymentIntent. You must confirm a payment immediately after collecting a payment method.","suppressDialog":true}}
2025-12-04T02:44:58.885Z [INFO]:[FE-1764816298881]: Payment Captured :: null
2025-12-04T02:44:58.885Z [INFO]:[FE-1764816298881]: PaymentProcessingScreen :: "PaymentProcessingScreen"
2025-12-04T02:44:58.885Z [INFO]:[FE-1764816298881]: PaymentProcessingScreen:displayPaymentProcessingAnimation:  :: {"error":{"title":"Confirm Payment Intent","message":"confirmPaymentIntent was called with an unknown or invalid PaymentIntent. You must confirm a payment immediately after collecting a payment method.","suppressDialog":true}}
2025-12-04T02:44:58.886Z [INFO]:[FE-1764816298882]: â±ï¸ [Payment Intent Timeout] Tracking handled by ReaderHealthManager :: {"paymentIntentId":null,"reason":"payment_completed"}
2025-12-04T02:44:58.899Z [INFO]:[1764816298764]: âœ… [Native] Payment intent created successfully :: {"paymentIntentId":null}
2025-12-04T02:44:58.904Z [INFO]:[ASYNC]: onDidChangePaymentStatus:  :: "waitingForInput"
2025-12-04T02:44:58.934Z [INFO]:[FE-1764816298933]: âœ… [Payment Intent] Created :: {"paymentIntentId":null,"previousPaymentIntentId":""}
2025-12-04T02:44:58.934Z [INFO]:[FE-1764816298933]: â±ï¸ [Payment Intent Timeout] Tracking handled by ReaderHealthManager :: {"paymentIntentId":null,"createdAt":1764816298899}
2025-12-04T02:44:58.935Z [INFO]:[FE-1764816298933]: PaymentProcessingScreen :: "PaymentProcessingScreen"
2025-12-04T02:44:58.935Z [INFO]:[FE-1764816298933]: PaymentProcessingScreen:displayPaymentProcessingAnimation:  :: {"error":{"title":"Confirm Payment Intent","message":"confirmPaymentIntent was called with an unknown or invalid PaymentIntent. You must confirm a payment immediately after collecting a payment method.","suppressDialog":true}}
2025-12-04T02:45:00.036Z [INFO]:[ASYNC]: onDidRequestReaderInput:  :: ["insertCard","tapCard"]
2025-12-04T02:45:00.040Z [INFO]:[FE-1764816300038]: PaymentProcessingScreen :: "PaymentProcessingScreen"
2025-12-04T02:45:00.041Z [INFO]:[FE-1764816300038]: PaymentProcessingScreen:displayPaymentProcessingAnimation:  :: {"error":{"title":"Confirm Payment Intent","message":"confirmPaymentIntent was called with an unknown or invalid PaymentIntent. You must confirm a payment immediately after collecting a payment method.","suppressDialog":true}}
2025-12-04T02:45:07.817Z [INFO]:[1764816307804]: cancelCollectSetupIntent :: "done"
2025-12-04T02:45:07.829Z [INFO]:[FE-1764816307825]: ReadyToPayScreen mounted :: {"category":{"coverFeePercentage":"3.00","coverFees":true,"defaultAmount":"100","defaultAmounts":"2500,1000,750,500","displayOrder":999,"externalCategoryId":null,"id":"masjid-operations-2025","name":"masjid operations 2025","showNotes":false,"slug":"masjid-operations-2025","tags":"","text":"masjid operations 2025"},"amount":11,"context":{"customerEmail":"","customerName":"","totalAmount":"","category":{}}}
2025-12-04T02:45:07.835Z [INFO]:[FE-1764816307825]: ReadyToPayScreen: Payment status changed :: "initialized"
2025-12-04T02:45:07.835Z [INFO]:[FE-1764816307825]: ReadyToPayScreen: Creating payment intent :: {"reason":"refresh","sdkOnline":true,"offlineModeEnabled":true,"paymentProcessingStatus":"initialized"}
2025-12-04T02:45:07.836Z [INFO]:[FE-1764816307826]: ReadyToPayScreen: Creating payment intent :: {"totalAmount":11,"category":"masjid operations 2025"}
2025-12-04T02:45:07.836Z [INFO]:[FE-1764816307827]: Unhandled Event :: {"topic":"goodbricks.cancelCollectSetupIntent","message":"cancel Collect Setup Intent","executionContext":{"messageId":"ASYNC"}}
2025-12-04T02:45:07.837Z [INFO]:[1764816307826]: ðŸ”„ [Native] Creating payment intent :: {"amount":1100,"offlineBehavior":"force_offline","offlineModePreference":"enabled","shouldEnableOfflineMode":true,"networkStatus":{"type":"wifi","isConnected":true,"details":{"ipAddress":"192.168.5.148","subnet":"255.255.252.0","isConnectionExpensive":false},"isInternetReachable":true}}
2025-12-04T02:45:09.102Z [INFO]:[ASYNC]: onDidRequestReaderDisplayMessage:  :: "tryAnotherReadMethod"
2025-12-04T02:45:09.106Z [INFO]:[FE-1764816309105]: ReadyToPayScreen: Payment status changed :: "tryAnotherReadMethod"
2025-12-04T02:45:09.461Z [INFO]:[ASYNC]: onDidRequestReaderInput:  :: ["insertCard","tapCard"]
2025-12-04T02:45:09.466Z [INFO]:[FE-1764816309464]: ReadyToPayScreen: Payment status changed :: "readerInput"
2025-12-04T02:45:10.480Z [INFO]:[ASYNC]: onDidRequestReaderDisplayMessage:  :: "removeCard"
2025-12-04T02:45:10.488Z [INFO]:[FE-1764816310487]: ReadyToPayScreen: Payment status changed :: "removeCard"
2025-12-04T02:45:11.070Z [INFO]:[ASYNC]: onDidChangePaymentStatus:  :: "ready"
2025-12-04T02:45:11.075Z [INFO]:[1764816283502]: Collect Payment Method successful :: {"sdkUuid":"4E9533BD-86F4-471F-938F-8837BB981FC6","status":"requiresConfirmation","created":"1764816298750","amountDetails":{"tip":{"amount":null}},"offlineDetails":{"cardPresentDetails":null,"storedAtMs":null,"requiresUpload":false,"amountDetails":null},"currency":"usd","captureMethod":"automatic","paymentMethodId":null,"statementDescriptor":null,"paymentMethodOptions":null,"statementDescriptorSuffix":null,"paymentMethod":null,"amountTip":0,"id":null,"metadata":{"total_amount":"11","offline_mode_preference":"enabled","donation_date_epoch":"1764816283502","reader_serial_number":"STRM26146035736","notes":"Tap-to-Pay","covered_fees":"false","covered_fees_amount":"0","platform":"Goodbricks","network_status_at_creation":"online","terminal_name":"STRM26146035736","payment_mode_type":"offline","purpose":"masjid operations 2025","network_type_at_creation":"wifi","offline_behavior":"force_offline","payment_mode":"Terminal","slug":"masjid-operations-2025","purpose_slug":"masjid-operations-2025","donation_date":"12/3/2025, 6:44:43 PM"},"charges":[],"amount":1100}
2025-12-04T02:45:11.081Z [INFO]:[ASYNC]: onDidChangePaymentStatus:  :: "waitingForInput"
2025-12-04T02:45:11.111Z [INFO]:[FE-1764816311105]: ReadyToPayScreen: Payment status changed :: "ready"
2025-12-04T02:45:11.111Z [INFO]:[FE-1764816311105]: ReadyToPayScreen: Creating payment intent :: {"reason":"refresh","sdkOnline":true,"offlineModeEnabled":true,"paymentProcessingStatus":"ready"}
2025-12-04T02:45:11.111Z [INFO]:[FE-1764816311105]: ReadyToPayScreen: Creating payment intent :: {"totalAmount":11,"category":"masjid operations 2025"}
2025-12-04T02:45:11.111Z [INFO]:[FE-1764816311105]: ReadyToPayScreen: Payment status changed :: "waitingForInput"
2025-12-04T02:45:11.111Z [INFO]:[1764816311105]: ðŸ”„ [Native] Creating payment intent :: {"amount":1100,"offlineBehavior":"force_offline","offlineModePreference":"enabled","shouldEnableOfflineMode":true,"networkStatus":{"type":"wifi","isConnected":true,"details":{"ipAddress":"192.168.5.148","subnet":"255.255.252.0","isConnectionExpensive":false},"isInternetReachable":true}}
2025-12-04T02:45:12.522Z [INFO]:[ASYNC]: onDidRequestReaderInput:  :: ["insertCard","tapCard"]
2025-12-04T02:45:12.527Z [INFO]:[FE-1764816312525]: ReadyToPayScreen: Payment status changed :: "readerInput"
2025-12-04T02:45:16.600Z [INFO]:[ASYNC]: Start fetchTokenProvider :: {"fetchURL":"https://sandbox.api.goodbricks.app/stripe/connection-token?organizationPublicId=icsd.org"}
2025-12-04T02:45:16.866Z [INFO]:[ASYNC]: onDidRequestReaderDisplayMessage:  :: "retryCard"
2025-12-04T02:45:16.870Z [INFO]:[FE-1764816316868]: ReadyToPayScreen: Payment status changed :: "retryCard"
2025-12-04T02:45:17.171Z [INFO]:[ASYNC]: onDidRequestReaderInput:  :: ["insertCard","tapCard"]
2025-12-04T02:45:17.181Z [INFO]:[FE-1764816317180]: ReadyToPayScreen: Payment status changed :: "readerInput"
2025-12-04T02:45:17.743Z [INFO]:[ASYNC]: Done fetchTokenProvider :: {"connectionToken":"pst_test_YWNjdF8xQU1WY3FMc0JnZzlDQzQ2LFNlTHpTeGR6THNyS1BPdlpORkhFVmc4cHdMbHZYa3Y_00CN4Faref","locationId":"tml_Enq6AmuRiHOSAi","applicationFeesCapInCents":3000,"applicationFeesInPercent":1.5,"receiptAmountThresholdInDollars":50}
2025-12-04T02:45:18.191Z [INFO]:[ASYNC]: onDidRequestReaderDisplayMessage:  :: "removeCard"
2025-12-04T02:45:18.196Z [INFO]:[FE-1764816318194]: ReadyToPayScreen: Payment status changed :: "removeCard"
2025-12-04T02:45:18.741Z [INFO]:[ASYNC]: onDidChangeOfflineStatus:  :: {"sdk":{"offlinePaymentAmountsByCurrency":{"usd":1100},"networkStatus":"online","offlinePaymentsCount":1}}
2025-12-04T02:45:18.742Z [INFO]:[ASYNC]: ðŸ”„ Connection restored - forwarding offline payments :: {"count":1,"amounts":{"usd":1100}}
2025-12-04T02:45:18.745Z [INFO]:[FE-1764816318744]: Reader Offline Status :: {"sdk":{"offlinePaymentAmountsByCurrency":{"usd":1100},"networkStatus":"online","offlinePaymentsCount":1}}
2025-12-04T02:45:18.778Z [INFO]:[ASYNC]: onDidChangePaymentStatus:  :: "ready"
2025-12-04T02:45:18.781Z [INFO]:[1764816291420]: Collect Payment Method successful :: {"sdkUuid":"34B24BD2-80F5-4172-BD76-8D18FC85E45A","status":"requiresConfirmation","created":"1764816298777","amountDetails":{"tip":{"amount":null}},"offlineDetails":{"cardPresentDetails":null,"storedAtMs":null,"requiresUpload":false,"amountDetails":null},"currency":"usd","captureMethod":"automatic","paymentMethodId":null,"statementDescriptor":null,"paymentMethodOptions":null,"statementDescriptorSuffix":null,"paymentMethod":null,"amountTip":0,"id":null,"metadata":{"total_amount":"11","offline_mode_preference":"enabled","donation_date_epoch":"1764816291420","reader_serial_number":"STRM26146035736","network_status_at_creation":"online","covered_fees":"false","covered_fees_amount":"0","platform":"Goodbricks","terminal_name":"STRM26146035736","payment_mode_type":"offline","purpose":"masjid operations 2025","network_type_at_creation":"wifi","offline_behavior":"force_offline","slug":"masjid-operations-2025","notes":"Tap-to-Pay","purpose_slug":"masjid-operations-2025","donation_date":"12/3/2025, 6:44:51 PM","payment_mode":"Terminal"},"charges":[],"amount":1100}
2025-12-04T02:45:18.785Z [INFO]:[ASYNC]: onDidChangePaymentStatus:  :: "waitingForInput"
2025-12-04T02:45:18.821Z [INFO]:[FE-1764816318815]: ReadyToPayScreen: Payment status changed :: "ready"
2025-12-04T02:45:18.821Z [INFO]:[FE-1764816318815]: ReadyToPayScreen: Creating payment intent :: {"reason":"refresh","sdkOnline":true,"offlineModeEnabled":true,"paymentProcessingStatus":"ready"}
2025-12-04T02:45:18.821Z [INFO]:[FE-1764816318815]: ReadyToPayScreen: Creating payment intent :: {"totalAmount":11,"category":"masjid operations 2025"}
2025-12-04T02:45:18.821Z [INFO]:[FE-1764816318815]: ReadyToPayScreen: Payment status changed :: "waitingForInput"
2025-12-04T02:45:18.821Z [INFO]:[1764816318815]: ðŸ”„ [Native] Creating payment intent :: {"amount":1100,"offlineBehavior":"force_offline","offlineModePreference":"enabled","shouldEnableOfflineMode":true,"networkStatus":{"type":"wifi","isConnected":true,"details":{"ipAddress":"192.168.5.148","subnet":"255.255.252.0","isConnectionExpensive":false},"isInternetReachable":true}}
2025-12-04T02:45:19.872Z [INFO]:[ASYNC]: onDidRequestReaderInput:  :: ["insertCard","tapCard"]
2025-12-04T02:45:19.877Z [INFO]:[FE-1764816319875]: ReadyToPayScreen: Payment status changed :: "readerInput"
2025-12-04T02:45:20.111Z [INFO]:[ASYNC]: onDidChangeOfflineStatus:  :: {"sdk":{"offlinePaymentAmountsByCurrency":{},"networkStatus":"online","offlinePaymentsCount":0}}
2025-12-04T02:45:20.117Z [INFO]:[FE-1764816320115]: Reader Offline Status :: {"sdk":{"offlinePaymentAmountsByCurrency":{},"networkStatus":"online","offlinePaymentsCount":0}}
2025-12-04T02:45:20.164Z [INFO]:[ASYNC]: onDidChangeOfflineStatus:  :: {"sdk":{"offlinePaymentAmountsByCurrency":{},"networkStatus":"online","offlinePaymentsCount":0}}
2025-12-04T02:45:20.168Z [INFO]:[ASYNC]: âœ… Payment forwarded to Stripe successfully :: {"paymentIntentId":"pi_3SaSXiLsBgg9CC461fky5oIA","amount":1100,"status":"succeeded"}
2025-12-04T02:45:20.168Z [INFO]:[FE-1764816320166]: Reader Offline Status :: {"sdk":{"offlinePaymentAmountsByCurrency":{},"networkStatus":"online","offlinePaymentsCount":0}}
2025-12-04T02:45:20.170Z [WARN]:[ASYNC]: Transaction not found for sync status update :: {"paymentIntentId":"pi_3SaSXiLsBgg9CC461fky5oIA"}
2025-12-04T02:45:20.171Z [INFO]:[FE-1764816320170]: âœ… Offline payment synced successfully :: {"paymentIntentId":"pi_3SaSXiLsBgg9CC461fky5oIA","amount":1100,"status":"succeeded"}
2025-12-04T02:45:20.650Z [INFO]:[ASYNC]: onDidChangeOfflineStatus:  :: {"sdk":{"offlinePaymentAmountsByCurrency":{},"networkStatus":"online","offlinePaymentsCount":0}}
2025-12-04T02:45:20.656Z [INFO]:[ASYNC]: âœ… Payment forwarded to Stripe successfully :: {"paymentIntentId":"pi_3SaSXkLsBgg9CC460SzxrkVc","amount":1100,"status":"requiresPaymentMethod"}
2025-12-04T02:45:20.656Z [INFO]:[FE-1764816320653]: Reader Offline Status :: {"sdk":{"offlinePaymentAmountsByCurrency":{},"networkStatus":"online","offlinePaymentsCount":0}}
2025-12-04T02:45:20.658Z [WARN]:[ASYNC]: Transaction not found for sync status update :: {"paymentIntentId":"pi_3SaSXkLsBgg9CC460SzxrkVc"}
2025-12-04T02:45:20.661Z [INFO]:[FE-1764816320659]: âœ… Offline payment synced successfully :: {"paymentIntentId":"pi_3SaSXkLsBgg9CC460SzxrkVc","amount":1100,"status":"requiresPaymentMethod"}
2025-12-04T02:45:21.157Z [INFO]:[ASYNC]: onDidChangeOfflineStatus:  :: {"sdk":{"offlinePaymentAmountsByCurrency":{},"networkStatus":"online","offlinePaymentsCount":0}}
2025-12-04T02:45:21.162Z [INFO]:[ASYNC]: âœ… Payment forwarded to Stripe successfully :: {"paymentIntentId":"pi_3SaSXlLsBgg9CC4612aYqvxh","amount":1100,"status":"requiresPaymentMethod"}
2025-12-04T02:45:21.165Z [INFO]:[FE-1764816321162]: Reader Offline Status :: {"sdk":{"offlinePaymentAmountsByCurrency":{},"networkStatus":"online","offlinePaymentsCount":0}}
2025-12-04T02:45:21.165Z [WARN]:[ASYNC]: Transaction not found for sync status update :: {"paymentIntentId":"pi_3SaSXlLsBgg9CC4612aYqvxh"}
2025-12-04T02:45:21.168Z [INFO]:[FE-1764816321166]: âœ… Offline payment synced successfully :: {"paymentIntentId":"pi_3SaSXlLsBgg9CC4612aYqvxh","amount":1100,"status":"requiresPaymentMethod"}
2025-12-04T02:45:22.631Z [INFO]:[ASYNC]: onDidRequestReaderDisplayMessage:  :: "removeCard"
2025-12-04T02:45:22.635Z [INFO]:[FE-1764816322633]: ReadyToPayScreen: Payment status changed :: "removeCard"
2025-12-04T02:45:23.221Z [INFO]:[ASYNC]: onDidChangePaymentStatus:  :: "ready"
2025-12-04T02:45:23.226Z [INFO]:[1764816298764]: Collect Payment Method successful :: {"sdkUuid":"941221E8-7FE0-4058-9F6B-FC7FB2CEF351","status":"requiresConfirmation","created":"1764816298868","amountDetails":{"tip":{"amount":null}},"offlineDetails":{"cardPresentDetails":null,"storedAtMs":null,"requiresUpload":false,"amountDetails":null},"currency":"usd","captureMethod":"automatic","paymentMethodId":null,"statementDescriptor":null,"paymentMethodOptions":null,"statementDescriptorSuffix":null,"paymentMethod":null,"amountTip":0,"id":null,"metadata":{"total_amount":"11","offline_mode_preference":"enabled","donation_date_epoch":"1764816298763","reader_serial_number":"STRM26146035736","notes":"Tap-to-Pay","covered_fees":"false","covered_fees_amount":"0","network_status_at_creation":"online","terminal_name":"STRM26146035736","payment_mode_type":"offline","purpose":"masjid operations 2025","network_type_at_creation":"wifi","offline_behavior":"force_offline","slug":"masjid-operations-2025","platform":"Goodbricks","donation_date":"12/3/2025, 6:44:58 PM","purpose_slug":"masjid-operations-2025","payment_mode":"Terminal"},"charges":[],"amount":1100}
2025-12-04T02:45:23.247Z [INFO]:[FE-1764816323243]: ReadyToPayScreen: Payment status changed :: "ready"
2025-12-04T02:45:23.247Z [INFO]:[FE-1764816323243]: ReadyToPayScreen: Creating payment intent :: {"reason":"refresh","sdkOnline":true,"offlineModeEnabled":true,"paymentProcessingStatus":"ready"}
2025-12-04T02:45:23.247Z [INFO]:[FE-1764816323243]: ReadyToPayScreen: Creating payment intent :: {"totalAmount":11,"category":"masjid operations 2025"}
2025-12-04T02:45:23.248Z [INFO]:[1764816323244]: ðŸ”„ [Native] Creating payment intent :: {"amount":1100,"offlineBehavior":"force_offline","offlineModePreference":"enabled","shouldEnableOfflineMode":true,"networkStatus":{"type":"wifi","isConnected":true,"details":{"ipAddress":"192.168.5.148","subnet":"255.255.252.0","isConnectionExpensive":false},"isInternetReachable":true}}
2025-12-04T02:45:23.254Z [INFO]:[1764816307826]: âœ… [Native] Payment intent created successfully :: {"paymentIntentId":null}
2025-12-04T02:45:23.255Z [ERROR]:[1764816283502]: confirmPaymentIntent error :: {"message":"confirmPaymentIntent was called with an unknown or invalid PaymentIntent. You must confirm a payment immediately after collecting a payment method.","code":"ProcessInvalidPaymentIntent"}
2025-12-04T02:45:23.265Z [INFO]:[FE-1764816323264]: âœ… [Payment Intent] Created :: {"paymentIntentId":null,"previousPaymentIntentId":""}
2025-12-04T02:45:23.266Z [INFO]:[FE-1764816323265]: ReadyToPayScreen: Payment status changed :: "ready"
2025-12-04T02:45:23.266Z [INFO]:[FE-1764816323265]: ReadyToPayScreen: Creating payment intent :: {"reason":"timeout_recovery","sdkOnline":true,"offlineModeEnabled":true,"paymentProcessingStatus":"ready"}
2025-12-04T02:45:23.266Z [WARN]:[FE-1764816323265]: ReadyToPayScreen: Payment intent creation already in progress, skipping duplicate call :: undefined
2025-12-04T02:45:23.267Z [INFO]:[FE-1764816323265]: â±ï¸ [Payment Intent Timeout] Tracking handled by ReaderHealthManager :: {"paymentIntentId":null,"createdAt":1764816323256}
2025-12-04T02:45:23.267Z [INFO]:[FE-1764816323265]: â±ï¸ [Payment Intent Timeout] Tracking handled by ReaderHealthManager :: {"paymentIntentId":null,"reason":"confirm_payment_error","errorCode":"ProcessInvalidPaymentIntent"}
2025-12-04T02:45:23.267Z [ERROR]:[FE-1764816323265]: Confirm Payment Intent :: "confirmPaymentIntent was called with an unknown or invalid PaymentIntent. You must confirm a payment immediately after collecting a payment method."
2025-12-04T02:45:23.271Z [INFO]:[1764816311105]: âœ… [Native] Payment intent created successfully :: {"paymentIntentId":null}
2025-12-04T02:45:23.274Z [ERROR]:[1764816291420]: confirmPaymentIntent error :: {"message":"confirmPaymentIntent was called with an unknown or invalid PaymentIntent. You must confirm a payment immediately after collecting a payment method.","code":"ProcessInvalidPaymentIntent"}
2025-12-04T02:45:23.285Z [INFO]:[FE-1764816323284]: âœ… [Payment Intent] Created :: {"paymentIntentId":null,"previousPaymentIntentId":""}
2025-12-04T02:45:23.285Z [INFO]:[FE-1764816323284]: â±ï¸ [Payment Intent Timeout] Tracking handled by ReaderHealthManager :: {"paymentIntentId":null,"createdAt":1764816323272}
2025-12-04T02:45:23.285Z [INFO]:[FE-1764816323284]: â±ï¸ [Payment Intent Timeout] Tracking handled by ReaderHealthManager :: {"paymentIntentId":null,"reason":"confirm_payment_error","errorCode":"ProcessInvalidPaymentIntent"}
2025-12-04T02:45:23.286Z [ERROR]:[FE-1764816323284]: Confirm Payment Intent :: "confirmPaymentIntent was called with an unknown or invalid PaymentIntent. You must confirm a payment immediately after collecting a payment method."
2025-12-04T02:45:23.289Z [INFO]:[1764816318815]: âœ… [Native] Payment intent created successfully :: {"paymentIntentId":null}
2025-12-04T02:45:23.294Z [INFO]:[ASYNC]: onDidChangePaymentStatus:  :: "processing"
2025-12-04T02:45:23.348Z [INFO]:[FE-1764816323347]: âœ… [Payment Intent] Created :: {"paymentIntentId":null,"previousPaymentIntentId":""}
2025-12-04T02:45:23.349Z [INFO]:[FE-1764816323347]: â±ï¸ [Payment Intent Timeout] Tracking handled by ReaderHealthManager :: {"paymentIntentId":null,"createdAt":1764816323290}
2025-12-04T02:45:23.349Z [INFO]:[FE-1764816323347]: ReadyToPayScreen: Payment status changed :: "processing"
2025-12-04T02:45:23.351Z [INFO]:[FE-1764816323347]: ReadyToPayScreen: Card tapped, transitioning to payment flow :: undefined
2025-12-04T02:45:23.351Z [INFO]:[FE-1764816323348]: PaymentProcessingScreen :: "PaymentProcessingScreen"
2025-12-04T02:45:23.353Z [INFO]:[FE-1764816323348]: PaymentProcessingScreen:displayPaymentProcessingAnimation:  :: {"error":{"title":"Confirm Payment Intent","message":"confirmPaymentIntent was called with an unknown or invalid PaymentIntent. You must confirm a payment immediately after collecting a payment method.","suppressDialog":true}}
2025-12-04T02:45:23.355Z [INFO]:[ASYNC]: onDidChangeOfflineStatus:  :: {"sdk":{"offlinePaymentAmountsByCurrency":{"usd":1100},"networkStatus":"online","offlinePaymentsCount":1}}
2025-12-04T02:45:23.358Z [INFO]:[ASYNC]: onDidChangePaymentStatus:  :: "ready"
2025-12-04T02:45:23.358Z [INFO]:[ASYNC]: ðŸ”„ Connection restored - forwarding offline payments :: {"count":1,"amounts":{"usd":1100}}
2025-12-04T02:45:23.359Z [INFO]:[1764816298764]: Confirm Payment Intent successful :: {"sdkUuid":"DE171750-E0C4-44EB-A605-9EB745803BD9","status":"succeeded","created":"1764816298868","amountDetails":{"tip":{"amount":null}},"offlineDetails":{"cardPresentDetails":{"last4":"9969","expYear":2022,"cardholderName":"CARDHOLDER/VISA","readMethod":"contactlessEMV","brand":null,"expMonth":12,"receiptDetails":{"dedicatedFileName":"A0000000031010","authorizationCode":null,"authorizationResponseCode":"","applicationCryptogram":"7D8EBC8967C15702","cvm":"none","accountType":null,"applicationPreferredName":"Stripe Credit","terminalVerificationResults":"0000000000","transactionStatusInformation":"0000"}},"storedAtMs":"1764816323324","requiresUpload":true,"amountDetails":{"tip":{"amount":null}}},"currency":"usd","captureMethod":"automatic","paymentMethodId":null,"statementDescriptor":null,"paymentMethodOptions":null,"statementDescriptorSuffix":null,"paymentMethod":null,"amountTip":0,"id":null,"metadata":{"total_amount":"11","offline_mode_preference":"enabled","donation_date_epoch":"1764816298763","reader_serial_number":"STRM26146035736","notes":"Tap-to-Pay","covered_fees":"false","covered_fees_amount":"0","platform":"Goodbricks","network_status_at_creation":"online","terminal_name":"STRM26146035736","payment_mode_type":"offline","purpose":"masjid operations 2025","network_type_at_creation":"wifi","offline_behavior":"force_offline","slug":"masjid-operations-2025","payment_mode":"Terminal","donation_date":"12/3/2025, 6:44:58 PM","purpose_slug":"masjid-operations-2025"},"charges":[],"amount":1100}
2025-12-04T02:45:23.363Z [INFO]:[ASYNC]: Added offline payment to local storage :: {"paymentIntentId":null}
2025-12-04T02:45:23.366Z [INFO]:[ASYNC]: ðŸ’¾ Stored offline payment in local storage :: {"paymentIntentId":null}
2025-12-04T02:45:23.367Z [INFO]:[ASYNC]: Updated transaction in storage :: {"paymentIntentId":null}
2025-12-04T02:45:23.369Z [INFO]:[ASYNC]: ðŸ“ Stored transaction in history :: {"paymentIntentId":null,"mode":"offline","syncStatus":"pending"}
2025-12-04T02:45:23.376Z [INFO]:[FE-1764816323374]: PaymentProcessingScreen :: "PaymentProcessingScreen"
2025-12-04T02:45:23.376Z [INFO]:[FE-1764816323374]: PaymentProcessingScreen:displayPaymentProcessingAnimation:  :: {"error":{"title":"Confirm Payment Intent","message":"confirmPaymentIntent was called with an unknown or invalid PaymentIntent. You must confirm a payment immediately after collecting a payment method.","suppressDialog":true}}
2025-12-04T02:45:23.376Z [INFO]:[FE-1764816323374]: Reader Offline Status :: {"sdk":{"offlinePaymentAmountsByCurrency":{"usd":1100},"networkStatus":"online","offlinePaymentsCount":1}}
2025-12-04T02:45:23.377Z [INFO]:[FE-1764816323375]: Payment Captured :: null
2025-12-04T02:45:23.377Z [INFO]:[FE-1764816323375]: PaymentProcessingScreen :: "PaymentProcessingScreen"
2025-12-04T02:45:23.377Z [INFO]:[FE-1764816323375]: PaymentProcessingScreen:displayPaymentProcessingAnimation:  :: {"error":{"title":"Confirm Payment Intent","message":"confirmPaymentIntent was called with an unknown or invalid PaymentIntent. You must confirm a payment immediately after collecting a payment method.","suppressDialog":true}}
2025-12-04T02:45:23.378Z [INFO]:[FE-1764816323375]: â±ï¸ [Payment Intent Timeout] Tracking handled by ReaderHealthManager :: {"paymentIntentId":null,"reason":"payment_completed"}
2025-12-04T02:45:23.391Z [INFO]:[1764816323244]: âœ… [Native] Payment intent created successfully :: {"paymentIntentId":null}
2025-12-04T02:45:23.396Z [INFO]:[ASYNC]: onDidChangePaymentStatus:  :: "waitingForInput"
2025-12-04T02:45:23.426Z [INFO]:[FE-1764816323425]: âœ… [Payment Intent] Created :: {"paymentIntentId":null,"previousPaymentIntentId":""}
2025-12-04T02:45:23.427Z [INFO]:[FE-1764816323425]: â±ï¸ [Payment Intent Timeout] Tracking handled by ReaderHealthManager :: {"paymentIntentId":null,"createdAt":1764816323391}
2025-12-04T02:45:23.427Z [INFO]:[FE-1764816323425]: PaymentProcessingScreen :: "PaymentProcessingScreen"
2025-12-04T02:45:23.427Z [INFO]:[FE-1764816323425]: PaymentProcessingScreen:displayPaymentProcessingAnimation:  :: {"error":{"title":"Confirm Payment Intent","message":"confirmPaymentIntent was called with an unknown or invalid PaymentIntent. You must confirm a payment immediately after collecting a payment method.","suppressDialog":true}}
2025-12-04T02:45:24.461Z [INFO]:[ASYNC]: onDidRequestReaderInput:  :: ["insertCard","tapCard"]
2025-12-04T02:45:24.466Z [INFO]:[FE-1764816324463]: PaymentProcessingScreen :: "PaymentProcessingScreen"
2025-12-04T02:45:24.466Z [INFO]:[FE-1764816324464]: PaymentProcessingScreen:displayPaymentProcessingAnimation:  :: {"error":{"title":"Confirm Payment Intent","message":"confirmPaymentIntent was called with an unknown or invalid PaymentIntent. You must confirm a payment immediately after collecting a payment method.","suppressDialog":true}}
2025-12-04T02:45:25.482Z [INFO]:[ASYNC]: onDidRequestReaderDisplayMessage:  :: "removeCard"
2025-12-04T02:45:25.486Z [INFO]:[FE-1764816325484]: PaymentProcessingScreen :: "PaymentProcessingScreen"
2025-12-04T02:45:25.487Z [INFO]:[FE-1764816325484]: PaymentProcessingScreen:displayPaymentProcessingAnimation:  :: {"error":{"title":"Confirm Payment Intent","message":"confirmPaymentIntent was called with an unknown or invalid PaymentIntent. You must confirm a payment immediately after collecting a payment method.","suppressDialog":true}}
2025-12-04T02:45:26.087Z [INFO]:[ASYNC]: onDidChangePaymentStatus:  :: "ready"
2025-12-04T02:45:26.094Z [INFO]:[1764816307826]: Collect Payment Method successful :: {"sdkUuid":"D213D1DC-996E-4423-BEC8-7532A5C0303F","status":"requiresConfirmation","created":"1764816323228","amountDetails":{"tip":{"amount":null}},"offlineDetails":{"cardPresentDetails":null,"storedAtMs":null,"requiresUpload":false,"amountDetails":null},"currency":"usd","captureMethod":"automatic","paymentMethodId":null,"statementDescriptor":null,"paymentMethodOptions":null,"statementDescriptorSuffix":null,"paymentMethod":null,"amountTip":0,"id":null,"metadata":{"total_amount":"11","offline_mode_preference":"enabled","donation_date_epoch":"1764816307826","reader_serial_number":"STRM26146035736","notes":"Tap-to-Pay","covered_fees":"false","covered_fees_amount":"0","platform":"Goodbricks","network_status_at_creation":"online","terminal_name":"STRM26146035736","payment_mode_type":"offline","purpose":"masjid operations 2025","network_type_at_creation":"wifi","offline_behavior":"force_offline","slug":"masjid-operations-2025","payment_mode":"Terminal","donation_date":"12/3/2025, 6:45:07 PM","purpose_slug":"masjid-operations-2025"},"charges":[],"amount":1100}
2025-12-04T02:45:26.104Z [INFO]:[ASYNC]: onDidChangePaymentStatus:  :: "waitingForInput"
2025-12-04T02:45:26.140Z [INFO]:[FE-1764816326134]: PaymentProcessingScreen :: "PaymentProcessingScreen"
2025-12-04T02:45:26.141Z [INFO]:[FE-1764816326134]: PaymentProcessingScreen:displayPaymentProcessingAnimation:  :: {"error":{"title":"Confirm Payment Intent","message":"confirmPaymentIntent was called with an unknown or invalid PaymentIntent. You must confirm a payment immediately after collecting a payment method.","suppressDialog":true}}
2025-12-04T02:45:26.141Z [INFO]:[FE-1764816326135]: PaymentProcessingScreen :: "PaymentProcessingScreen"
2025-12-04T02:45:26.141Z [INFO]:[FE-1764816326135]: PaymentProcessingScreen:displayPaymentProcessingAnimation:  :: {"error":{"title":"Confirm Payment Intent","message":"confirmPaymentIntent was called with an unknown or invalid PaymentIntent. You must confirm a payment immediately after collecting a payment method.","suppressDialog":true}}
2025-12-04T02:45:27.159Z [INFO]:[ASYNC]: onDidRequestReaderInput:  :: ["insertCard","tapCard"]
2025-12-04T02:45:27.164Z [INFO]:[FE-1764816327161]: PaymentProcessingScreen :: "PaymentProcessingScreen"
2025-12-04T02:45:27.164Z [INFO]:[FE-1764816327162]: PaymentProcessingScreen:displayPaymentProcessingAnimation:  :: {"error":{"title":"Confirm Payment Intent","message":"confirmPaymentIntent was called with an unknown or invalid PaymentIntent. You must confirm a payment immediately after collecting a payment method.","suppressDialog":true}}
2025-12-04T02:45:28.151Z [INFO]:[ASYNC]: onDidRequestReaderDisplayMessage:  :: "removeCard"
2025-12-04T02:45:28.156Z [INFO]:[FE-1764816328154]: PaymentProcessingScreen :: "PaymentProcessingScreen"
2025-12-04T02:45:28.156Z [INFO]:[FE-1764816328154]: PaymentProcessingScreen:displayPaymentProcessingAnimation:  :: {"error":{"title":"Confirm Payment Intent","message":"confirmPaymentIntent was called with an unknown or invalid PaymentIntent. You must confirm a payment immediately after collecting a payment method.","suppressDialog":true}}
2025-12-04T02:45:28.775Z [INFO]:[ASYNC]: onDidChangePaymentStatus:  :: "ready"
2025-12-04T02:45:28.780Z [INFO]:[1764816311105]: Collect Payment Method successful :: {"sdkUuid":"385953FD-8992-4770-A911-B4E98219EBFB","status":"requiresConfirmation","created":"1764816323255","amountDetails":{"tip":{"amount":null}},"offlineDetails":{"cardPresentDetails":null,"storedAtMs":null,"requiresUpload":false,"amountDetails":null},"currency":"usd","captureMethod":"automatic","paymentMethodId":null,"statementDescriptor":null,"paymentMethodOptions":null,"statementDescriptorSuffix":null,"paymentMethod":null,"amountTip":0,"id":null,"metadata":{"total_amount":"11","offline_mode_preference":"enabled","donation_date_epoch":"1764816311105","reader_serial_number":"STRM26146035736","notes":"Tap-to-Pay","covered_fees":"false","covered_fees_amount":"0","platform":"Goodbricks","network_status_at_creation":"online","terminal_name":"STRM26146035736","payment_mode_type":"offline","purpose":"masjid operations 2025","network_type_at_creation":"wifi","offline_behavior":"force_offline","slug":"masjid-operations-2025","payment_mode":"Terminal","donation_date":"12/3/2025, 6:45:11 PM","purpose_slug":"masjid-operations-2025"},"charges":[],"amount":1100}
2025-12-04T02:45:28.786Z [INFO]:[ASYNC]: onDidChangePaymentStatus:  :: "waitingForInput"
2025-12-04T02:45:28.816Z [INFO]:[FE-1764816328810]: PaymentProcessingScreen :: "PaymentProcessingScreen"
2025-12-04T02:45:28.816Z [INFO]:[FE-1764816328810]: PaymentProcessingScreen:displayPaymentProcessingAnimation:  :: {"error":{"title":"Confirm Payment Intent","message":"confirmPaymentIntent was called with an unknown or invalid PaymentIntent. You must confirm a payment immediately after collecting a payment method.","suppressDialog":true}}
2025-12-04T02:45:28.816Z [INFO]:[FE-1764816328811]: PaymentProcessingScreen :: "PaymentProcessingScreen"
2025-12-04T02:45:28.817Z [INFO]:[FE-1764816328811]: PaymentProcessingScreen:displayPaymentProcessingAnimation:  :: {"error":{"title":"Confirm Payment Intent","message":"confirmPaymentIntent was called with an unknown or invalid PaymentIntent. You must confirm a payment immediately after collecting a payment method.","suppressDialog":true}}
2025-12-04T02:45:29.833Z [INFO]:[ASYNC]: onDidRequestReaderInput:  :: ["insertCard","tapCard"]
2025-12-04T02:45:29.841Z [INFO]:[FE-1764816329838]: PaymentProcessingScreen :: "PaymentProcessingScreen"
2025-12-04T02:45:29.841Z [INFO]:[FE-1764816329838]: PaymentProcessingScreen:displayPaymentProcessingAnimation:  :: {"error":{"title":"Confirm Payment Intent","message":"confirmPaymentIntent was called with an unknown or invalid PaymentIntent. You must confirm a payment immediately after collecting a payment method.","suppressDialog":true}}
2025-12-04T02:45:32.362Z [INFO]:[1764816332350]: cancelCollectSetupIntent :: "done"
2025-12-04T02:45:32.373Z [INFO]:[FE-1764816332362]: ReadyToPayScreen mounted :: {"category":{"coverFeePercentage":"3.00","coverFees":true,"defaultAmount":"100","defaultAmounts":"2500,1000,750,500","displayOrder":999,"externalCategoryId":null,"id":"masjid-operations-2025","name":"masjid operations 2025","showNotes":false,"slug":"masjid-operations-2025","tags":"","text":"masjid operations 2025"},"amount":11,"context":{"customerEmail":"","customerName":"","totalAmount":"","category":{}}}
2025-12-04T02:45:32.375Z [INFO]:[FE-1764816332363]: ReadyToPayScreen: Payment status changed :: "initialized"
2025-12-04T02:45:32.375Z [INFO]:[FE-1764816332363]: ReadyToPayScreen: Creating payment intent :: {"reason":"refresh","sdkOnline":true,"offlineModeEnabled":true,"paymentProcessingStatus":"initialized"}
2025-12-04T02:45:32.376Z [INFO]:[FE-1764816332363]: ReadyToPayScreen: Creating payment intent :: {"totalAmount":11,"category":"masjid operations 2025"}
2025-12-04T02:45:32.376Z [INFO]:[1764816332364]: ðŸ”„ [Native] Creating payment intent :: {"amount":1100,"offlineBehavior":"force_offline","offlineModePreference":"enabled","shouldEnableOfflineMode":true,"networkStatus":{"type":"wifi","isConnected":true,"details":{"ipAddress":"192.168.5.148","subnet":"255.255.252.0","isConnectionExpensive":false},"isInternetReachable":true}}
2025-12-04T02:45:32.383Z [INFO]:[FE-1764816332375]: Unhandled Event :: {"topic":"goodbricks.cancelCollectSetupIntent","message":"cancel Collect Setup Intent","executionContext":{"messageId":"ASYNC"}}
2025-12-04T02:45:42.988Z [INFO]:[ASYNC]: onDidChangeOfflineStatus:  :: {"sdk":{"offlinePaymentAmountsByCurrency":{"usd":1100},"networkStatus":"online","offlinePaymentsCount":1}}
2025-12-04T02:45:42.990Z [INFO]:[ASYNC]: ðŸ”„ Connection restored - forwarding offline payments :: {"count":1,"amounts":{"usd":1100}}
2025-12-04T02:45:42.998Z [INFO]:[FE-1764816342995]: Reader Offline Status :: {"sdk":{"offlinePaymentAmountsByCurrency":{"usd":1100},"networkStatus":"online","offlinePaymentsCount":1}}
2025-12-04T02:45:44.186Z [INFO]:[ASYNC]: onDidChangeOfflineStatus:  :: {"sdk":{"offlinePaymentAmountsByCurrency":{},"networkStatus":"online","offlinePaymentsCount":0}}
2025-12-04T02:45:44.192Z [INFO]:[FE-1764816344190]: Reader Offline Status :: {"sdk":{"offlinePaymentAmountsByCurrency":{},"networkStatus":"online","offlinePaymentsCount":0}}
2025-12-04T02:45:44.238Z [INFO]:[ASYNC]: onDidChangeOfflineStatus:  :: {"sdk":{"offlinePaymentAmountsByCurrency":{},"networkStatus":"online","offlinePaymentsCount":0}}
2025-12-04T02:45:44.242Z [INFO]:[ASYNC]: âœ… Payment forwarded to Stripe successfully :: {"paymentIntentId":"pi_3SaSY6LsBgg9CC460Dto5BU0","amount":1100,"status":"succeeded"}
2025-12-04T02:45:44.243Z [INFO]:[FE-1764816344240]: Reader Offline Status :: {"sdk":{"offlinePaymentAmountsByCurrency":{},"networkStatus":"online","offlinePaymentsCount":0}}
2025-12-04T02:45:44.244Z [WARN]:[ASYNC]: Transaction not found for sync status update :: {"paymentIntentId":"pi_3SaSY6LsBgg9CC460Dto5BU0"}
2025-12-04T02:45:44.246Z [INFO]:[FE-1764816344245]: âœ… Offline payment synced successfully :: {"paymentIntentId":"pi_3SaSY6LsBgg9CC460Dto5BU0","amount":1100,"status":"succeeded"}
2025-12-04T02:45:44.768Z [INFO]:[ASYNC]: onDidChangeOfflineStatus:  :: {"sdk":{"offlinePaymentAmountsByCurrency":{},"networkStatus":"online","offlinePaymentsCount":0}}
2025-12-04T02:45:44.774Z [INFO]:[ASYNC]: âœ… Payment forwarded to Stripe successfully :: {"paymentIntentId":"pi_3SaSY8LsBgg9CC461Fpm4kqa","amount":1100,"status":"requiresPaymentMethod"}
2025-12-04T02:45:44.775Z [INFO]:[FE-1764816344771]: Reader Offline Status :: {"sdk":{"offlinePaymentAmountsByCurrency":{},"networkStatus":"online","offlinePaymentsCount":0}}
2025-12-04T02:45:44.776Z [WARN]:[ASYNC]: Transaction not found for sync status update :: {"paymentIntentId":"pi_3SaSY8LsBgg9CC461Fpm4kqa"}
2025-12-04T02:45:44.779Z [INFO]:[FE-1764816344778]: âœ… Offline payment synced successfully :: {"paymentIntentId":"pi_3SaSY8LsBgg9CC461Fpm4kqa","amount":1100,"status":"requiresPaymentMethod"}
2025-12-04T02:45:45.236Z [INFO]:[ASYNC]: onDidChangeOfflineStatus:  :: {"sdk":{"offlinePaymentAmountsByCurrency":{},"networkStatus":"online","offlinePaymentsCount":0}}
2025-12-04T02:45:45.241Z [INFO]:[ASYNC]: âœ… Payment forwarded to Stripe successfully :: {"paymentIntentId":"pi_3SaSY9LsBgg9CC4608T6Wxlv","amount":1100,"status":"requiresPaymentMethod"}
2025-12-04T02:45:45.243Z [INFO]:[FE-1764816345241]: Reader Offline Status :: {"sdk":{"offlinePaymentAmountsByCurrency":{},"networkStatus":"online","offlinePaymentsCount":0}}
2025-12-04T02:45:45.244Z [WARN]:[ASYNC]: Transaction not found for sync status update :: {"paymentIntentId":"pi_3SaSY9LsBgg9CC4608T6Wxlv"}
2025-12-04T02:45:45.247Z [INFO]:[FE-1764816345245]: âœ… Offline payment synced successfully :: {"paymentIntentId":"pi_3SaSY9LsBgg9CC4608T6Wxlv","amount":1100,"status":"requiresPaymentMethod"}
2025-12-04T02:45:45.714Z [INFO]:[ASYNC]: onDidChangeOfflineStatus:  :: {"sdk":{"offlinePaymentAmountsByCurrency":{},"networkStatus":"online","offlinePaymentsCount":0}}
2025-12-04T02:45:45.719Z [INFO]:[ASYNC]: âœ… Payment forwarded to Stripe successfully :: {"paymentIntentId":"pi_3SaSY9LsBgg9CC461MOmktl5","amount":1100,"status":"requiresPaymentMethod"}
2025-12-04T02:45:45.720Z [INFO]:[FE-1764816345717]: Reader Offline Status :: {"sdk":{"offlinePaymentAmountsByCurrency":{},"networkStatus":"online","offlinePaymentsCount":0}}
2025-12-04T02:45:45.722Z [WARN]:[ASYNC]: Transaction not found for sync status update :: {"paymentIntentId":"pi_3SaSY9LsBgg9CC461MOmktl5"}
2025-12-04T02:45:45.725Z [INFO]:[FE-1764816345723]: âœ… Offline payment synced successfully :: {"paymentIntentId":"pi_3SaSY9LsBgg9CC461MOmktl5","amount":1100,"status":"requiresPaymentMethod"}
2025-12-04T02:45:47.292Z [INFO]:[ASYNC]: onDidRequestReaderDisplayMessage:  :: "removeCard"
2025-12-04T02:45:47.296Z [INFO]:[FE-1764816347294]: ReadyToPayScreen: Payment status changed :: "removeCard"
2025-12-04T02:45:47.915Z [INFO]:[ASYNC]: onDidChangePaymentStatus:  :: "ready"
2025-12-04T02:45:47.922Z [INFO]:[1764816318815]: Collect Payment Method successful :: {"sdkUuid":"D7D85076-5DB2-44E2-B55A-3C60EEAD29DA","status":"requiresConfirmation","created":"1764816323275","amountDetails":{"tip":{"amount":null}},"offlineDetails":{"cardPresentDetails":null,"storedAtMs":null,"requiresUpload":false,"amountDetails":null},"currency":"usd","captureMethod":"automatic","paymentMethodId":null,"statementDescriptor":null,"paymentMethodOptions":null,"statementDescriptorSuffix":null,"paymentMethod":null,"amountTip":0,"id":null,"metadata":{"total_amount":"11","donation_date_epoch":"1764816318815","network_status_at_creation":"online","reader_serial_number":"STRM26146035736","offline_mode_preference":"enabled","covered_fees":"false","covered_fees_amount":"0","platform":"Goodbricks","terminal_name":"STRM26146035736","payment_mode_type":"offline","purpose":"masjid operations 2025","offline_behavior":"force_offline","network_type_at_creation":"wifi","payment_mode":"Terminal","notes":"Tap-to-Pay","donation_date":"12/3/2025, 6:45:18 PM","purpose_slug":"masjid-operations-2025","slug":"masjid-operations-2025"},"charges":[],"amount":1100}
2025-12-04T02:45:47.931Z [INFO]:[ASYNC]: onDidChangePaymentStatus:  :: "waitingForInput"
2025-12-04T02:45:47.972Z [INFO]:[FE-1764816347965]: ReadyToPayScreen: Payment status changed :: "ready"
2025-12-04T02:45:47.973Z [INFO]:[FE-1764816347965]: ReadyToPayScreen: Creating payment intent :: {"reason":"refresh","sdkOnline":true,"offlineModeEnabled":true,"paymentProcessingStatus":"ready"}
2025-12-04T02:45:47.973Z [INFO]:[FE-1764816347965]: ReadyToPayScreen: Creating payment intent :: {"totalAmount":11,"category":"masjid operations 2025"}
2025-12-04T02:45:47.973Z [INFO]:[FE-1764816347966]: ReadyToPayScreen: Payment status changed :: "waitingForInput"
2025-12-04T02:45:47.973Z [INFO]:[1764816347965]: ðŸ”„ [Native] Creating payment intent :: {"amount":1100,"offlineBehavior":"force_offline","offlineModePreference":"enabled","shouldEnableOfflineMode":true,"networkStatus":{"type":"wifi","isConnected":true,"details":{"ipAddress":"192.168.5.148","subnet":"255.255.252.0","isConnectionExpensive":false},"isInternetReachable":true}}
2025-12-04T02:45:49.091Z [INFO]:[ASYNC]: onDidRequestReaderInput:  :: ["insertCard","tapCard"]
2025-12-04T02:45:49.096Z [INFO]:[FE-1764816349094]: ReadyToPayScreen: Payment status changed :: "readerInput"
2025-12-04T02:45:56.864Z [INFO]:[ASYNC]: onDidRequestReaderDisplayMessage:  :: "retryCard"
2025-12-04T02:45:56.868Z [INFO]:[FE-1764816356866]: ReadyToPayScreen: Payment status changed :: "retryCard"
2025-12-04T02:45:57.192Z [INFO]:[ASYNC]: onDidRequestReaderInput:  :: ["insertCard","tapCard"]
2025-12-04T02:45:57.196Z [INFO]:[FE-1764816357194]: ReadyToPayScreen: Payment status changed :: "readerInput"
2025-12-04T02:45:58.213Z [INFO]:[ASYNC]: onDidRequestReaderDisplayMessage:  :: "removeCard"
2025-12-04T02:45:58.217Z [INFO]:[FE-1764816358216]: ReadyToPayScreen: Payment status changed :: "removeCard"
2025-12-04T02:45:58.805Z [INFO]:[ASYNC]: onDidChangePaymentStatus:  :: "ready"
2025-12-04T02:45:58.810Z [INFO]:[1764816323244]: Collect Payment Method successful :: {"sdkUuid":"C479655C-FDC1-4144-802A-849EDDA63D0B","status":"requiresConfirmation","created":"1764816323361","amountDetails":{"tip":{"amount":null}},"offlineDetails":{"cardPresentDetails":null,"storedAtMs":null,"requiresUpload":false,"amountDetails":null},"currency":"usd","captureMethod":"automatic","paymentMethodId":null,"statementDescriptor":null,"paymentMethodOptions":null,"statementDescriptorSuffix":null,"paymentMethod":null,"amountTip":0,"id":null,"metadata":{"total_amount":"11","donation_date_epoch":"1764816323243","network_status_at_creation":"online","reader_serial_number":"STRM26146035736","notes":"Tap-to-Pay","covered_fees":"false","covered_fees_amount":"0","platform":"Goodbricks","offline_mode_preference":"enabled","offline_behavior":"force_offline","network_type_at_creation":"wifi","purpose":"masjid operations 2025","terminal_name":"STRM26146035736","payment_mode_type":"offline","slug":"masjid-operations-2025","donation_date":"12/3/2025, 6:45:23 PM","purpose_slug":"masjid-operations-2025","payment_mode":"Terminal"},"charges":[],"amount":1100}
2025-12-04T02:45:58.815Z [ERROR]:[1764816307826]: confirmPaymentIntent error :: {"code":"ProcessInvalidPaymentIntent","message":"confirmPaymentIntent was called with an unknown or invalid PaymentIntent. You must confirm a payment immediately after collecting a payment method."}
2025-12-04T02:45:58.819Z [ERROR]:[1764816311105]: confirmPaymentIntent error :: {"message":"confirmPaymentIntent was called with an unknown or invalid PaymentIntent. You must confirm a payment immediately after collecting a payment method.","code":"ProcessInvalidPaymentIntent"}
2025-12-04T02:45:58.837Z [INFO]:[FE-1764816358833]: ReadyToPayScreen: Payment status changed :: "ready"
2025-12-04T02:45:58.837Z [INFO]:[FE-1764816358833]: ReadyToPayScreen: Creating payment intent :: {"reason":"refresh","sdkOnline":true,"offlineModeEnabled":true,"paymentProcessingStatus":"ready"}
2025-12-04T02:45:58.837Z [INFO]:[FE-1764816358833]: ReadyToPayScreen: Creating payment intent :: {"totalAmount":11,"category":"masjid operations 2025"}
2025-12-04T02:45:58.837Z [INFO]:[FE-1764816358834]: â±ï¸ [Payment Intent Timeout] Tracking handled by ReaderHealthManager :: {"paymentIntentId":null,"reason":"confirm_payment_error","errorCode":"ProcessInvalidPaymentIntent"}
2025-12-04T02:45:58.838Z [ERROR]:[FE-1764816358834]: Confirm Payment Intent :: "confirmPaymentIntent was called with an unknown or invalid PaymentIntent. You must confirm a payment immediately after collecting a payment method."
2025-12-04T02:45:58.838Z [INFO]:[FE-1764816358834]: â±ï¸ [Payment Intent Timeout] Tracking handled by ReaderHealthManager :: {"paymentIntentId":null,"reason":"confirm_payment_error","errorCode":"ProcessInvalidPaymentIntent"}
2025-12-04T02:45:58.839Z [ERROR]:[FE-1764816358834]: Confirm Payment Intent :: "confirmPaymentIntent was called with an unknown or invalid PaymentIntent. You must confirm a payment immediately after collecting a payment method."
2025-12-04T02:45:58.840Z [INFO]:[1764816358833]: ðŸ”„ [Native] Creating payment intent :: {"amount":1100,"offlineBehavior":"force_offline","offlineModePreference":"enabled","shouldEnableOfflineMode":true,"networkStatus":{"type":"wifi","isConnected":true,"details":{"ipAddress":"192.168.5.148","subnet":"255.255.252.0","isConnectionExpensive":false},"isInternetReachable":true}}
2025-12-04T02:45:58.844Z [INFO]:[1764816332364]: âœ… [Native] Payment intent created successfully :: {"paymentIntentId":null}
2025-12-04T02:45:58.846Z [ERROR]:[1764816318815]: confirmPaymentIntent error :: {"message":"confirmPaymentIntent was called with an unknown or invalid PaymentIntent. You must confirm a payment immediately after collecting a payment method.","code":"ProcessInvalidPaymentIntent"}
2025-12-04T02:45:58.855Z [INFO]:[FE-1764816358854]: âœ… [Payment Intent] Created :: {"paymentIntentId":null,"previousPaymentIntentId":""}
2025-12-04T02:45:58.855Z [INFO]:[FE-1764816358854]: ReadyToPayScreen: Payment status changed :: "ready"
2025-12-04T02:45:58.855Z [INFO]:[FE-1764816358854]: ReadyToPayScreen: Creating payment intent :: {"reason":"timeout_recovery","sdkOnline":true,"offlineModeEnabled":true,"paymentProcessingStatus":"ready"}
2025-12-04T02:45:58.856Z [WARN]:[FE-1764816358854]: ReadyToPayScreen: Payment intent creation already in progress, skipping duplicate call :: undefined
2025-12-04T02:45:58.856Z [INFO]:[FE-1764816358854]: â±ï¸ [Payment Intent Timeout] Tracking handled by ReaderHealthManager :: {"paymentIntentId":null,"createdAt":1764816358847}
2025-12-04T02:45:58.857Z [INFO]:[FE-1764816358854]: â±ï¸ [Payment Intent Timeout] Tracking handled by ReaderHealthManager :: {"paymentIntentId":null,"reason":"confirm_payment_error","errorCode":"ProcessInvalidPaymentIntent"}
2025-12-04T02:45:58.857Z [ERROR]:[FE-1764816358854]: Confirm Payment Intent :: "confirmPaymentIntent was called with an unknown or invalid PaymentIntent. You must confirm a payment immediately after collecting a payment method."
2025-12-04T02:45:58.861Z [INFO]:[1764816347965]: âœ… [Native] Payment intent created successfully :: {"paymentIntentId":null}
2025-12-04T02:45:58.864Z [INFO]:[ASYNC]: onDidChangePaymentStatus:  :: "processing"
2025-12-04T02:45:58.917Z [INFO]:[FE-1764816358916]: âœ… [Payment Intent] Created :: {"paymentIntentId":null,"previousPaymentIntentId":""}
2025-12-04T02:45:58.918Z [INFO]:[FE-1764816358916]: â±ï¸ [Payment Intent Timeout] Tracking handled by ReaderHealthManager :: {"paymentIntentId":null,"createdAt":1764816358861}
2025-12-04T02:45:58.919Z [INFO]:[FE-1764816358916]: ReadyToPayScreen: Payment status changed :: "processing"
2025-12-04T02:45:58.919Z [INFO]:[FE-1764816358917]: ReadyToPayScreen: Card tapped, transitioning to payment flow :: undefined
2025-12-04T02:45:58.921Z [INFO]:[FE-1764816358917]: PaymentProcessingScreen :: "PaymentProcessingScreen"
2025-12-04T02:45:58.922Z [INFO]:[FE-1764816358917]: PaymentProcessingScreen:displayPaymentProcessingAnimation:  :: {"error":{"title":"Confirm Payment Intent","message":"confirmPaymentIntent was called with an unknown or invalid PaymentIntent. You must confirm a payment immediately after collecting a payment method.","suppressDialog":true}}
2025-12-04T02:45:58.925Z [INFO]:[ASYNC]: onDidChangeOfflineStatus:  :: {"sdk":{"offlinePaymentAmountsByCurrency":{"usd":1100},"networkStatus":"online","offlinePaymentsCount":1}}
2025-12-04T02:45:58.928Z [INFO]:[ASYNC]: onDidChangePaymentStatus:  :: "ready"
2025-12-04T02:45:58.930Z [INFO]:[1764816323244]: Confirm Payment Intent successful :: {"sdkUuid":"47B13A1D-6E1F-45F7-A572-90BAEAB95D22","status":"succeeded","created":"1764816323361","amountDetails":{"tip":{"amount":null}},"offlineDetails":{"cardPresentDetails":{"last4":"9969","expYear":2022,"cardholderName":"CARDHOLDER/VISA","readMethod":"contactlessEMV","brand":null,"expMonth":12,"receiptDetails":{"dedicatedFileName":"A0000000031010","authorizationCode":null,"authorizationResponseCode":"","applicationCryptogram":"878375A1256AF685","cvm":"none","accountType":null,"applicationPreferredName":"Stripe Credit","terminalVerificationResults":"0000000000","transactionStatusInformation":"0000"}},"storedAtMs":"1764816358894","requiresUpload":true,"amountDetails":{"tip":{"amount":null}}},"currency":"usd","captureMethod":"automatic","paymentMethodId":null,"statementDescriptor":null,"paymentMethodOptions":null,"statementDescriptorSuffix":null,"paymentMethod":null,"amountTip":0,"id":null,"metadata":{"total_amount":"11","donation_date_epoch":"1764816323243","network_status_at_creation":"online","reader_serial_number":"STRM26146035736","notes":"Tap-to-Pay","covered_fees":"false","covered_fees_amount":"0","platform":"Goodbricks","offline_mode_preference":"enabled","offline_behavior":"force_offline","network_type_at_creation":"wifi","purpose":"masjid operations 2025","terminal_name":"STRM26146035736","payment_mode_type":"offline","slug":"masjid-operations-2025","donation_date":"12/3/2025, 6:45:23 PM","purpose_slug":"masjid-operations-2025","payment_mode":"Terminal"},"charges":[],"amount":1100}
2025-12-04T02:45:58.932Z [INFO]:[ASYNC]: ðŸ”„ Connection restored - forwarding offline payments :: {"count":1,"amounts":{"usd":1100}}
2025-12-04T02:45:58.933Z [INFO]:[ASYNC]: Added offline payment to local storage :: {"paymentIntentId":null}
2025-12-04T02:45:58.936Z [INFO]:[ASYNC]: ðŸ’¾ Stored offline payment in local storage :: {"paymentIntentId":null}
2025-12-04T02:45:58.936Z [INFO]:[ASYNC]: Updated transaction in storage :: {"paymentIntentId":null}
2025-12-04T02:45:58.938Z [INFO]:[ASYNC]: ðŸ“ Stored transaction in history :: {"paymentIntentId":null,"mode":"offline","syncStatus":"pending"}
2025-12-04T02:45:58.945Z [INFO]:[FE-1764816358943]: PaymentProcessingScreen :: "PaymentProcessingScreen"
2025-12-04T02:45:58.946Z [INFO]:[FE-1764816358943]: PaymentProcessingScreen:displayPaymentProcessingAnimation:  :: {"error":{"title":"Confirm Payment Intent","message":"confirmPaymentIntent was called with an unknown or invalid PaymentIntent. You must confirm a payment immediately after collecting a payment method.","suppressDialog":true}}
2025-12-04T02:45:58.946Z [INFO]:[FE-1764816358944]: Reader Offline Status :: {"sdk":{"offlinePaymentAmountsByCurrency":{"usd":1100},"networkStatus":"online","offlinePaymentsCount":1}}
2025-12-04T02:45:58.946Z [INFO]:[FE-1764816358944]: Payment Captured :: null
2025-12-04T02:45:58.947Z [INFO]:[FE-1764816358944]: PaymentProcessingScreen :: "PaymentProcessingScreen"
2025-12-04T02:45:58.947Z [INFO]:[FE-1764816358944]: PaymentProcessingScreen:displayPaymentProcessingAnimation:  :: {"error":{"title":"Confirm Payment Intent","message":"confirmPaymentIntent was called with an unknown or invalid PaymentIntent. You must confirm a payment immediately after collecting a payment method.","suppressDialog":true}}
2025-12-04T02:45:58.947Z [INFO]:[FE-1764816358945]: â±ï¸ [Payment Intent Timeout] Tracking handled by ReaderHealthManager :: {"paymentIntentId":null,"reason":"payment_completed"}
2025-12-04T02:45:58.961Z [INFO]:[1764816358833]: âœ… [Native] Payment intent created successfully :: {"paymentIntentId":null}
2025-12-04T02:45:58.966Z [INFO]:[ASYNC]: onDidChangePaymentStatus:  :: "waitingForInput"
2025-12-04T02:45:58.996Z [INFO]:[FE-1764816358995]: âœ… [Payment Intent] Created :: {"paymentIntentId":null,"previousPaymentIntentId":""}
2025-12-04T02:45:58.997Z [INFO]:[FE-1764816358995]: â±ï¸ [Payment Intent Timeout] Tracking handled by ReaderHealthManager :: {"paymentIntentId":null,"createdAt":1764816358961}
2025-12-04T02:45:58.997Z [INFO]:[FE-1764816358995]: PaymentProcessingScreen :: "PaymentProcessingScreen"
2025-12-04T02:45:58.997Z [INFO]:[FE-1764816358995]: PaymentProcessingScreen:displayPaymentProcessingAnimation:  :: {"error":{"title":"Confirm Payment Intent","message":"confirmPaymentIntent was called with an unknown or invalid PaymentIntent. You must confirm a payment immediately after collecting a payment method.","suppressDialog":true}}
2025-12-04T02:46:00.395Z [INFO]:[ASYNC]: onDidRequestReaderInput:  :: ["insertCard","tapCard"]
2025-12-04T02:46:00.399Z [INFO]:[FE-1764816360396]: PaymentProcessingScreen :: "PaymentProcessingScreen"
2025-12-04T02:46:00.399Z [INFO]:[FE-1764816360397]: PaymentProcessingScreen:displayPaymentProcessingAnimation:  :: {"error":{"title":"Confirm Payment Intent","message":"confirmPaymentIntent was called with an unknown or invalid PaymentIntent. You must confirm a payment immediately after collecting a payment method.","suppressDialog":true}}
2025-12-04T02:46:07.931Z [INFO]:[1764816367919]: cancelCollectSetupIntent :: "done"
2025-12-04T02:46:07.940Z [INFO]:[FE-1764816367931]: ReadyToPayScreen mounted :: {"category":{"coverFeePercentage":"3.00","coverFees":true,"defaultAmount":"100","defaultAmounts":"2500,1000,750,500","displayOrder":999,"externalCategoryId":null,"id":"masjid-operations-2025","name":"masjid operations 2025","showNotes":false,"slug":"masjid-operations-2025","tags":"","text":"masjid operations 2025"},"amount":11,"context":{"customerEmail":"","customerName":"","totalAmount":"","category":{}}}
2025-12-04T02:46:07.940Z [INFO]:[FE-1764816367931]: ReadyToPayScreen: Payment status changed :: "initialized"
2025-12-04T02:46:07.941Z [INFO]:[FE-1764816367931]: ReadyToPayScreen: Creating payment intent :: {"reason":"refresh","sdkOnline":true,"offlineModeEnabled":true,"paymentProcessingStatus":"initialized"}
2025-12-04T02:46:07.941Z [INFO]:[FE-1764816367931]: ReadyToPayScreen: Creating payment intent :: {"totalAmount":11,"category":"masjid operations 2025"}
2025-12-04T02:46:07.941Z [INFO]:[1764816367932]: ðŸ”„ [Native] Creating payment intent :: {"amount":1100,"offlineBehavior":"force_offline","offlineModePreference":"enabled","shouldEnableOfflineMode":true,"networkStatus":{"type":"wifi","isConnected":true,"details":{"ipAddress":"192.168.5.148","subnet":"255.255.252.0","isConnectionExpensive":false},"isInternetReachable":true}}
2025-12-04T02:46:07.950Z [INFO]:[FE-1764816367945]: Unhandled Event :: {"topic":"goodbricks.cancelCollectSetupIntent","message":"cancel Collect Setup Intent","executionContext":{"messageId":"ASYNC"}}
2025-12-04T02:46:21.922Z [INFO]:[ASYNC]: onDidChangeOfflineStatus:  :: {"sdk":{"offlinePaymentAmountsByCurrency":{"usd":1100},"networkStatus":"online","offlinePaymentsCount":1}}
2025-12-04T02:46:21.924Z [INFO]:[ASYNC]: ðŸ”„ Connection restored - forwarding offline payments :: {"count":1,"amounts":{"usd":1100}}
2025-12-04T02:46:21.930Z [INFO]:[FE-1764816381926]: Reader Offline Status :: {"sdk":{"offlinePaymentAmountsByCurrency":{"usd":1100},"networkStatus":"online","offlinePaymentsCount":1}}
2025-12-04T02:46:23.190Z [INFO]:[ASYNC]: onDidChangeOfflineStatus:  :: {"sdk":{"offlinePaymentAmountsByCurrency":{},"networkStatus":"online","offlinePaymentsCount":0}}
2025-12-04T02:46:23.196Z [INFO]:[FE-1764816383193]: Reader Offline Status :: {"sdk":{"offlinePaymentAmountsByCurrency":{},"networkStatus":"online","offlinePaymentsCount":0}}
2025-12-04T02:46:23.242Z [INFO]:[ASYNC]: onDidChangeOfflineStatus:  :: {"sdk":{"offlinePaymentAmountsByCurrency":{},"networkStatus":"online","offlinePaymentsCount":0}}
2025-12-04T02:46:23.247Z [INFO]:[ASYNC]: âœ… Payment forwarded to Stripe successfully :: {"paymentIntentId":"pi_3SaSYjLsBgg9CC461GX24IPb","amount":1100,"status":"succeeded"}
2025-12-04T02:46:23.247Z [INFO]:[FE-1764816383244]: Reader Offline Status :: {"sdk":{"offlinePaymentAmountsByCurrency":{},"networkStatus":"online","offlinePaymentsCount":0}}
2025-12-04T02:46:23.248Z [WARN]:[ASYNC]: Transaction not found for sync status update :: {"paymentIntentId":"pi_3SaSYjLsBgg9CC461GX24IPb"}
2025-12-04T02:46:23.250Z [INFO]:[FE-1764816383249]: âœ… Offline payment synced successfully :: {"paymentIntentId":"pi_3SaSYjLsBgg9CC461GX24IPb","amount":1100,"status":"succeeded"}
2025-12-04T02:46:23.685Z [INFO]:[ASYNC]: onDidChangeOfflineStatus:  :: {"sdk":{"offlinePaymentAmountsByCurrency":{},"networkStatus":"online","offlinePaymentsCount":0}}
2025-12-04T02:46:23.690Z [INFO]:[ASYNC]: âœ… Payment forwarded to Stripe successfully :: {"paymentIntentId":"pi_3SaSYlLsBgg9CC460iKv62LZ","amount":1100,"status":"requiresPaymentMethod"}
2025-12-04T02:46:23.693Z [INFO]:[FE-1764816383690]: Reader Offline Status :: {"sdk":{"offlinePaymentAmountsByCurrency":{},"networkStatus":"online","offlinePaymentsCount":0}}
2025-12-04T02:46:23.693Z [WARN]:[ASYNC]: Transaction not found for sync status update :: {"paymentIntentId":"pi_3SaSYlLsBgg9CC460iKv62LZ"}
2025-12-04T02:46:23.698Z [INFO]:[FE-1764816383696]: âœ… Offline payment synced successfully :: {"paymentIntentId":"pi_3SaSYlLsBgg9CC460iKv62LZ","amount":1100,"status":"requiresPaymentMethod"}
2025-12-04T02:46:24.160Z [INFO]:[ASYNC]: onDidChangeOfflineStatus:  :: {"sdk":{"offlinePaymentAmountsByCurrency":{},"networkStatus":"online","offlinePaymentsCount":0}}
2025-12-04T02:46:24.165Z [INFO]:[ASYNC]: âœ… Payment forwarded to Stripe successfully :: {"paymentIntentId":"pi_3SaSYmLsBgg9CC461xcwxHi7","amount":1100,"status":"requiresPaymentMethod"}
2025-12-04T02:46:24.168Z [INFO]:[FE-1764816384165]: Reader Offline Status :: {"sdk":{"offlinePaymentAmountsByCurrency":{},"networkStatus":"online","offlinePaymentsCount":0}}
2025-12-04T02:46:24.168Z [WARN]:[ASYNC]: Transaction not found for sync status update :: {"paymentIntentId":"pi_3SaSYmLsBgg9CC461xcwxHi7"}
2025-12-04T02:46:24.171Z [INFO]:[FE-1764816384170]: âœ… Offline payment synced successfully :: {"paymentIntentId":"pi_3SaSYmLsBgg9CC461xcwxHi7","amount":1100,"status":"requiresPaymentMethod"}