2025-12-10T04:25:31.550Z [INFO]:[FE-1765340731549]: PaymentProcessingScreen :: "PaymentProcessingScreen"
2025-12-10T04:25:31.551Z [INFO]:[FE-1765340731549]: PaymentProcessingScreen:displayPaymentProcessingAnimation:  :: {"paymentProcessingStatus":"initialized"}
2025-12-10T04:25:42.116Z [INFO]:[FE-1765340742113]: PaymentProcessingScreen :: "PaymentProcessingScreen"
2025-12-10T04:25:42.116Z [INFO]:[FE-1765340742114]: PaymentProcessingScreen:displayPaymentProcessingAnimation:  :: {"paymentProcessingStatus":"initialized"}
2025-12-10T04:25:44.114Z [INFO]:[FE-1765340744110]: PaymentProcessingScreen :: "PaymentProcessingScreen"
2025-12-10T04:25:44.114Z [INFO]:[FE-1765340744110]: PaymentProcessingScreen:displayPaymentProcessingAnimation:  :: {"paymentProcessingStatus":"initialized"}
2025-12-10T04:25:50.459Z [INFO]:[ASYNC]: isGuidedAccessEnabled :: false
2025-12-10T04:25:50.459Z [INFO]:[ASYNC]: netInfoState :: {}
2025-12-10T04:25:50.459Z [INFO]:[ASYNC]: Start fetchTokenProvider :: {"fetchURL":"https://sandbox.api.goodbricks.app/stripe/connection-token?organizationPublicId="}
2025-12-10T04:25:50.459Z [INFO]:[ASYNC]: Start fetchTokenProvider :: {"fetchURL":"https://sandbox.api.goodbricks.app/stripe/connection-token?organizationPublicId="}
2025-12-10T04:25:50.460Z [INFO]:[ASYNC]: netInfoState :: {"type":"wifi","isConnected":true,"details":{"ipAddress":"192.168.5.197","subnet":"255.255.252.0","isConnectionExpensive":false},"isInternetReachable":null}
2025-12-10T04:25:50.460Z [INFO]:[ASYNC]: netInfoState :: {"type":"wifi","isConnected":true,"details":{"ipAddress":"192.168.5.197","subnet":"255.255.252.0","isConnectionExpensive":false},"isInternetReachable":null}
2025-12-10T04:25:50.622Z [INFO]:[ASYNC]: netInfoState :: {"type":"wifi","isConnected":true,"details":{"ipAddress":"192.168.5.197","subnet":"255.255.252.0","isConnectionExpensive":false},"isInternetReachable":true}
2025-12-10T04:25:50.971Z [INFO]:[ASYNC]: guidedAccessStatusDidChange:  :: {"enabled":false}
2025-12-10T04:25:51.329Z [INFO]:[ASYNC]: guidedAccessStatusDidChange:  :: {"enabled":false}
2025-12-10T04:25:56.731Z [INFO]:[ASYNC]: Done fetchTokenProvider :: {"connectionToken":"pst_test_YWNjdF8xQU1WY3FMc0JnZzlDQzQ2LFVuenhXOHZ2QUlkTEFWTnhVZHZSODNKWURBMWd3Rjg_00xB0tCyvv","locationId":"tml_Enq6AmuRiHOSAi","applicationFeesCapInCents":3000,"applicationFeesInPercent":1.5,"receiptAmountThresholdInDollars":50}
2025-12-10T04:25:56.733Z [INFO]:[ASYNC]: Updated fetchTokenProvider :: {"organization":{"message":"Internal server error"},"environment":"sandbox"}
2025-12-10T04:25:59.318Z [INFO]:[1765340759316]: Discovering Readers. readerType: bluetooth, discoveryMethod: bluetoothScan, isSimulator: false :: ""
2025-12-10T04:25:59.323Z [INFO]:[FE-1765340759321]: Discovering readers :: "discovering readers"
2025-12-10T04:25:59.336Z [INFO]:[ASYNC]: onDidChangeConnectionStatus :: "discovering"
2025-12-10T04:25:59.343Z [INFO]:[FE-1765340759338]: Reader Connection Status :: "discovering"
2025-12-10T04:25:59.686Z [INFO]:[ASYNC]: Start fetchTokenProvider :: {"fetchURL":"https://sandbox.api.goodbricks.app/stripe/connection-token?organizationPublicId=icsd.org"}
2025-12-10T04:26:00.007Z [INFO]:[ASYNC]: Done fetchTokenProvider :: {"connectionToken":"pst_test_YWNjdF8xQU1WY3FMc0JnZzlDQzQ2LG15eEFqUkVkM2pkb3hkcm5Lb2ZuckVJODNDUUFnV0w_00KeIkZSlN","locationId":"tml_Enq6AmuRiHOSAi","applicationFeesCapInCents":3000,"applicationFeesInPercent":1.5,"receiptAmountThresholdInDollars":50}
2025-12-10T04:26:00.406Z [INFO]:[ASYNC]: onUpdateDiscoveredReaders :: [{"status":"offline","simulated":false,"batteryStatus":"unknown","location":{"displayName":"ICSD Primary Location","phone":null,"id":"tml_Enq6AmuRiHOSAi","addressKana":null,"address":{"line1":"6666 Beadnell Way Unit 8","state":"CA","town":null,"line2":"","postalCode":"92117","country":"US","city":"San Diego"},"addressKanji":null,"livemode":false,"displayNameKana":null,"displayNameKanji":null},"availableUpdate":null,"deviceType":"chipper2X","isCharging":null,"deviceSoftwareVersion":null,"ipAddress":null,"locationStatus":"set","serialNumber":"CHB202937003343","batteryLevel":null,"label":null,"locationId":"tml_Enq6AmuRiHOSAi","id":null}]
2025-12-10T04:26:00.409Z [INFO]:[FE-1765340760408]: Discovered Readers :: [{"status":"offline","simulated":false,"batteryStatus":"unknown","location":{"displayName":"ICSD Primary Location","phone":null,"id":"tml_Enq6AmuRiHOSAi","addressKana":null,"address":{"line1":"6666 Beadnell Way Unit 8","state":"CA","town":null,"line2":"","postalCode":"92117","country":"US","city":"San Diego"},"addressKanji":null,"livemode":false,"displayNameKana":null,"displayNameKanji":null},"availableUpdate":null,"deviceType":"chipper2X","isCharging":null,"deviceSoftwareVersion":null,"ipAddress":null,"locationStatus":"set","serialNumber":"CHB202937003343","batteryLevel":null,"label":null,"locationId":"tml_Enq6AmuRiHOSAi","id":null}]
2025-12-10T04:26:00.412Z [INFO]:[FE-1765340760410]: ReaderHealthManager:DiscoveredReaderChange:  :: {"lockedReader":"CHB20Y118005205","connectingToReader":false,"readerDiscoveryStatus":"discovering-readers","readerConnectionStatus":"discovering","discoveredReaders":[{"status":"offline","simulated":false,"batteryStatus":"unknown","location":{"displayName":"ICSD Primary Location","phone":null,"id":"tml_Enq6AmuRiHOSAi","addressKana":null,"address":{"line1":"6666 Beadnell Way Unit 8","state":"CA","town":null,"line2":"","postalCode":"92117","country":"US","city":"San Diego"},"addressKanji":null,"livemode":false,"displayNameKana":null,"displayNameKanji":null},"availableUpdate":null,"deviceType":"chipper2X","isCharging":null,"deviceSoftwareVersion":null,"ipAddress":null,"locationStatus":"set","serialNumber":"CHB202937003343","batteryLevel":null,"label":null,"locationId":"tml_Enq6AmuRiHOSAi","id":null}]}
2025-12-10T04:26:00.661Z [INFO]:[ASYNC]: onUpdateDiscoveredReaders :: [{"status":"offline","simulated":false,"batteryStatus":"unknown","location":{"displayName":"ICSD Primary Location","phone":null,"id":"tml_Enq6AmuRiHOSAi","addressKana":null,"address":{"line1":"6666 Beadnell Way Unit 8","state":"CA","town":null,"line2":"","postalCode":"92117","country":"US","city":"San Diego"},"addressKanji":null,"livemode":false,"displayNameKana":null,"displayNameKanji":null},"availableUpdate":null,"deviceType":"chipper2X","isCharging":null,"deviceSoftwareVersion":null,"ipAddress":null,"locationStatus":"set","serialNumber":"CHB202937003343","batteryLevel":null,"label":null,"locationId":"tml_Enq6AmuRiHOSAi","id":null},{"status":"offline","simulated":false,"batteryStatus":"unknown","location":{"displayName":"ICSD Primary Location","phone":null,"id":"tml_Enq6AmuRiHOSAi","addressKana":null,"address":{"line1":"6666 Beadnell Way Unit 8","state":"CA","town":null,"line2":"","postalCode":"92117","country":"US","city":"San Diego"},"addressKanji":null,"livemode":false,"displayNameKana":null,"displayNameKanji":null},"availableUpdate":null,"deviceType":"chipper2X","isCharging":null,"deviceSoftwareVersion":null,"ipAddress":null,"locationStatus":"set","serialNumber":"CHB20Y118005205","batteryLevel":null,"label":null,"locationId":"tml_Enq6AmuRiHOSAi","id":null}]
2025-12-10T04:26:00.667Z [INFO]:[FE-1765340760666]: Discovered Readers :: [{"status":"offline","simulated":false,"batteryStatus":"unknown","location":{"displayName":"ICSD Primary Location","phone":null,"id":"tml_Enq6AmuRiHOSAi","addressKana":null,"address":{"line1":"6666 Beadnell Way Unit 8","state":"CA","town":null,"line2":"","postalCode":"92117","country":"US","city":"San Diego"},"addressKanji":null,"livemode":false,"displayNameKana":null,"displayNameKanji":null},"availableUpdate":null,"deviceType":"chipper2X","isCharging":null,"deviceSoftwareVersion":null,"ipAddress":null,"locationStatus":"set","serialNumber":"CHB202937003343","batteryLevel":null,"label":null,"locationId":"tml_Enq6AmuRiHOSAi","id":null},{"status":"offline","simulated":false,"batteryStatus":"unknown","location":{"displayName":"ICSD Primary Location","phone":null,"id":"tml_Enq6AmuRiHOSAi","addressKana":null,"address":{"line1":"6666 Beadnell Way Unit 8","state":"CA","town":null,"line2":"","postalCode":"92117","country":"US","city":"San Diego"},"addressKanji":null,"livemode":false,"displayNameKana":null,"displayNameKanji":null},"availableUpdate":null,"deviceType":"chipper2X","isCharging":null,"deviceSoftwareVersion":null,"ipAddress":null,"locationStatus":"set","serialNumber":"CHB20Y118005205","batteryLevel":null,"label":null,"locationId":"tml_Enq6AmuRiHOSAi","id":null}]
2025-12-10T04:26:00.670Z [INFO]:[FE-1765340760667]: ReaderHealthManager:DiscoveredReaderChange:  :: {"lockedReader":"CHB20Y118005205","connectingToReader":false,"readerDiscoveryStatus":"discovering-readers","readerConnectionStatus":"discovering","discoveredReaders":[{"status":"offline","simulated":false,"batteryStatus":"unknown","location":{"displayName":"ICSD Primary Location","phone":null,"id":"tml_Enq6AmuRiHOSAi","addressKana":null,"address":{"line1":"6666 Beadnell Way Unit 8","state":"CA","town":null,"line2":"","postalCode":"92117","country":"US","city":"San Diego"},"addressKanji":null,"livemode":false,"displayNameKana":null,"displayNameKanji":null},"availableUpdate":null,"deviceType":"chipper2X","isCharging":null,"deviceSoftwareVersion":null,"ipAddress":null,"locationStatus":"set","serialNumber":"CHB202937003343","batteryLevel":null,"label":null,"locationId":"tml_Enq6AmuRiHOSAi","id":null},{"status":"offline","simulated":false,"batteryStatus":"unknown","location":{"displayName":"ICSD Primary Location","phone":null,"id":"tml_Enq6AmuRiHOSAi","addressKana":null,"address":{"line1":"6666 Beadnell Way Unit 8","state":"CA","town":null,"line2":"","postalCode":"92117","country":"US","city":"San Diego"},"addressKanji":null,"livemode":false,"displayNameKana":null,"displayNameKanji":null},"availableUpdate":null,"deviceType":"chipper2X","isCharging":null,"deviceSoftwareVersion":null,"ipAddress":null,"locationStatus":"set","serialNumber":"CHB20Y118005205","batteryLevel":null,"label":null,"locationId":"tml_Enq6AmuRiHOSAi","id":null}]}
2025-12-10T04:26:01.852Z [INFO]:[1765340761850]: handleConnectReader  :: {"payload":{"serialNumber":"CHB20Y118005205","offlineModePreference":"disabled","readerType":"bluetooth"},"discoveredReaders":[{"status":"offline","simulated":false,"batteryStatus":"unknown","location":{"displayName":"ICSD Primary Location","phone":null,"id":"tml_Enq6AmuRiHOSAi","addressKana":null,"address":{"line1":"6666 Beadnell Way Unit 8","state":"CA","town":null,"line2":"","postalCode":"92117","country":"US","city":"San Diego"},"addressKanji":null,"livemode":false,"displayNameKana":null,"displayNameKanji":null},"availableUpdate":null,"deviceType":"chipper2X","isCharging":null,"deviceSoftwareVersion":null,"ipAddress":null,"locationStatus":"set","serialNumber":"CHB202937003343","batteryLevel":null,"label":null,"locationId":"tml_Enq6AmuRiHOSAi","id":null},{"status":"offline","simulated":false,"batteryStatus":"unknown","location":{"displayName":"ICSD Primary Location","phone":null,"id":"tml_Enq6AmuRiHOSAi","addressKana":null,"address":{"line1":"6666 Beadnell Way Unit 8","state":"CA","town":null,"line2":"","postalCode":"92117","country":"US","city":"San Diego"},"addressKanji":null,"livemode":false,"displayNameKana":null,"displayNameKanji":null},"availableUpdate":null,"deviceType":"chipper2X","isCharging":null,"deviceSoftwareVersion":null,"ipAddress":null,"locationStatus":"set","serialNumber":"CHB20Y118005205","batteryLevel":null,"label":null,"locationId":"tml_Enq6AmuRiHOSAi","id":null}]}
2025-12-10T04:26:01.855Z [INFO]:[1765340761850]: handleConnectBluetoothReader  :: {"selectReader":{"status":"offline","simulated":false,"batteryStatus":"unknown","location":{"displayName":"ICSD Primary Location","phone":null,"id":"tml_Enq6AmuRiHOSAi","addressKana":null,"address":{"line1":"6666 Beadnell Way Unit 8","state":"CA","town":null,"line2":"","postalCode":"92117","country":"US","city":"San Diego"},"addressKanji":null,"livemode":false,"displayNameKana":null,"displayNameKanji":null},"availableUpdate":null,"deviceType":"chipper2X","isCharging":null,"deviceSoftwareVersion":null,"ipAddress":null,"locationStatus":"set","serialNumber":"CHB20Y118005205","batteryLevel":null,"label":null,"locationId":"tml_Enq6AmuRiHOSAi","id":null},"offlineModePreference":"disabled"}
2025-12-10T04:26:01.857Z [INFO]:[1765340761850]: Offline mode preference: disabled, enabling: false :: {}
2025-12-10T04:26:01.970Z [INFO]:[1765340759316]: discovering readers :: "started"
2025-12-10T04:26:01.977Z [INFO]:[ASYNC]: onDidChangeConnectionStatus :: "connecting"
2025-12-10T04:26:01.989Z [INFO]:[FE-1765340761985]: Canceled Discovering Readers :: "onFinishDiscoveringReaders error undefined"
2025-12-10T04:26:01.990Z [INFO]:[FE-1765340761987]: Discovered Readers :: [{"status":"offline","simulated":false,"batteryStatus":"unknown","location":{"displayName":"ICSD Primary Location","phone":null,"id":"tml_Enq6AmuRiHOSAi","addressKana":null,"address":{"line1":"6666 Beadnell Way Unit 8","state":"CA","town":null,"line2":"","postalCode":"92117","country":"US","city":"San Diego"},"addressKanji":null,"livemode":false,"displayNameKana":null,"displayNameKanji":null},"availableUpdate":null,"deviceType":"chipper2X","isCharging":null,"deviceSoftwareVersion":null,"ipAddress":null,"locationStatus":"set","serialNumber":"CHB202937003343","batteryLevel":null,"label":null,"locationId":"tml_Enq6AmuRiHOSAi","id":null},{"status":"offline","simulated":false,"batteryStatus":"unknown","location":{"displayName":"ICSD Primary Location","phone":null,"id":"tml_Enq6AmuRiHOSAi","addressKana":null,"address":{"line1":"6666 Beadnell Way Unit 8","state":"CA","town":null,"line2":"","postalCode":"92117","country":"US","city":"San Diego"},"addressKanji":null,"livemode":false,"displayNameKana":null,"displayNameKanji":null},"availableUpdate":null,"deviceType":"chipper2X","isCharging":null,"deviceSoftwareVersion":null,"ipAddress":null,"locationStatus":"set","serialNumber":"CHB20Y118005205","batteryLevel":null,"label":null,"locationId":"tml_Enq6AmuRiHOSAi","id":null}]
2025-12-10T04:26:01.991Z [INFO]:[FE-1765340761987]: ReaderHealthManager:DiscoveredReaderChange:  :: {"lockedReader":"CHB20Y118005205","connectingToReader":false,"readerDiscoveryStatus":"canceled-discovering-readers","readerConnectionStatus":"discovering","discoveredReaders":[{"status":"offline","simulated":false,"batteryStatus":"unknown","location":{"displayName":"ICSD Primary Location","phone":null,"id":"tml_Enq6AmuRiHOSAi","addressKana":null,"address":{"line1":"6666 Beadnell Way Unit 8","state":"CA","town":null,"line2":"","postalCode":"92117","country":"US","city":"San Diego"},"addressKanji":null,"livemode":false,"displayNameKana":null,"displayNameKanji":null},"availableUpdate":null,"deviceType":"chipper2X","isCharging":null,"deviceSoftwareVersion":null,"ipAddress":null,"locationStatus":"set","serialNumber":"CHB202937003343","batteryLevel":null,"label":null,"locationId":"tml_Enq6AmuRiHOSAi","id":null},{"status":"offline","simulated":false,"batteryStatus":"unknown","location":{"displayName":"ICSD Primary Location","phone":null,"id":"tml_Enq6AmuRiHOSAi","addressKana":null,"address":{"line1":"6666 Beadnell Way Unit 8","state":"CA","town":null,"line2":"","postalCode":"92117","country":"US","city":"San Diego"},"addressKanji":null,"livemode":false,"displayNameKana":null,"displayNameKanji":null},"availableUpdate":null,"deviceType":"chipper2X","isCharging":null,"deviceSoftwareVersion":null,"ipAddress":null,"locationStatus":"set","serialNumber":"CHB20Y118005205","batteryLevel":null,"label":null,"locationId":"tml_Enq6AmuRiHOSAi","id":null}]}
2025-12-10T04:26:01.992Z [INFO]:[FE-1765340761987]: Discovering readers :: "discovering readers"
2025-12-10T04:26:01.994Z [INFO]:[FE-1765340761988]: Reader Connection Status :: "connecting"
2025-12-10T04:26:03.306Z [INFO]:[ASYNC]: Start fetchTokenProvider :: {"fetchURL":"https://sandbox.api.goodbricks.app/stripe/connection-token?organizationPublicId=icsd.org"}
2025-12-10T04:26:03.695Z [INFO]:[ASYNC]: Done fetchTokenProvider :: {"connectionToken":"pst_test_YWNjdF8xQU1WY3FMc0JnZzlDQzQ2LDdDSnZQVU05WjdLWWtuMnI4WDB6cFF4b3p0cUxOUkI_004kqaRs6y","locationId":"tml_Enq6AmuRiHOSAi","applicationFeesCapInCents":3000,"applicationFeesInPercent":1.5,"receiptAmountThresholdInDollars":50}
2025-12-10T04:26:04.438Z [INFO]:[ASYNC]: onDidChangeOfflineStatus:  :: {"sdk":{"offlinePaymentAmountsByCurrency":{},"networkStatus":"online","offlinePaymentsCount":0}}
2025-12-10T04:26:04.442Z [INFO]:[FE-1765340764440]: Reader Offline Status :: {"sdk":{"offlinePaymentAmountsByCurrency":{},"networkStatus":"online","offlinePaymentsCount":0}}
2025-12-10T04:26:05.126Z [INFO]:[ASYNC]: onDidChangeConnectionStatus :: "connected"
2025-12-10T04:26:05.127Z [INFO]:[ASYNC]: Battery Level:  :: 0.7200000286102295
2025-12-10T04:26:05.129Z [INFO]:[ASYNC]: onDidChangePaymentStatus:  :: "ready"
2025-12-10T04:26:05.131Z [INFO]:[1765340761850]: Reader connected successfully :: {"status":"offline","simulated":false,"batteryStatus":"nominal","location":{"displayName":"ICSD Primary Location","phone":null,"id":"tml_Enq6AmuRiHOSAi","addressKana":null,"address":{"line1":"6666 Beadnell Way Unit 8","state":"CA","town":null,"line2":"","postalCode":"92117","country":"US","city":"San Diego"},"addressKanji":null,"livemode":false,"displayNameKana":null,"displayNameKanji":null},"availableUpdate":null,"deviceType":"chipper2X","isCharging":false,"deviceSoftwareVersion":"1.03.00.09-SZZZ_Generic_Y_v3-300001","ipAddress":null,"locationStatus":"set","serialNumber":"CHB20Y118005205","batteryLevel":0.7200000286102295,"label":null,"locationId":"tml_Enq6AmuRiHOSAi","id":"tmr_GTRUOgzsHvQ1cu"}
2025-12-10T04:26:05.133Z [INFO]:[1765340761850]: Fetched offline status after reader connection :: {"sdk":{"offlinePaymentsCount":0,"networkStatus":"online","offlinePaymentAmountsByCurrency":{}}}
2025-12-10T04:26:05.135Z [WARN]:[1765340761850]: cancelDiscovering error :: {"message":"discoverReaders could not be canceled because the command has already been canceled or has completed.","code":"CancelFailedAlreadyCompleted"}
2025-12-10T04:26:05.136Z [INFO]:[1765340761850]: cancelDiscoverReaders :: "done"
2025-12-10T04:26:05.136Z [INFO]:[FE-1765340765133]: Reader Connection Status :: "connected"
2025-12-10T04:26:05.137Z [INFO]:[FE-1765340765134]: Battery Level Update :: {"batteryLevel":0.7200000286102295,"isCharging":false,"batteryStatus":"nominal"}
2025-12-10T04:26:05.137Z [INFO]:[FE-1765340765136]: Battery Level Update :: 0.7200000286102295
2025-12-10T04:26:05.138Z [INFO]:[FE-1765340765136]: Reader Connected :: {"status":"offline","simulated":false,"batteryStatus":"nominal","location":{"displayName":"ICSD Primary Location","phone":null,"id":"tml_Enq6AmuRiHOSAi","addressKana":null,"address":{"line1":"6666 Beadnell Way Unit 8","state":"CA","town":null,"line2":"","postalCode":"92117","country":"US","city":"San Diego"},"addressKanji":null,"livemode":false,"displayNameKana":null,"displayNameKanji":null},"availableUpdate":null,"deviceType":"chipper2X","isCharging":false,"deviceSoftwareVersion":"1.03.00.09-SZZZ_Generic_Y_v3-300001","ipAddress":null,"locationStatus":"set","serialNumber":"CHB20Y118005205","batteryLevel":0.7200000286102295,"label":null,"locationId":"tml_Enq6AmuRiHOSAi","id":"tmr_GTRUOgzsHvQ1cu"}
2025-12-10T04:26:05.138Z [INFO]:[FE-1765340765137]: ReaderHealthManager:ConnectedReader:  :: {"connectedReader":"CHB20Y118005205","readerConnectionStatus":"connected","connectingToReader":false}
2025-12-10T04:26:05.139Z [INFO]:[FE-1765340765137]: Reader Offline Status :: {"sdk":{"offlinePaymentsCount":0,"networkStatus":"online","offlinePaymentAmountsByCurrency":{}}}
2025-12-10T04:26:05.139Z [INFO]:[FE-1765340765138]: Canceled Discovering Readers :: "canceled discover readers"
2025-12-10T04:26:09.693Z [INFO]:[FE-1765340769691]: SelectCategoryScreen :: {"transaction":{"paymentIntentId":"","paymentIntentCreatedAt":null,"paymentProcessingStatus":"ready","subscribe":false,"setupIntent":{},"payload":{}},"context":{"customerEmail":"","customerName":"","totalAmount":"","category":{}}}
2025-12-10T04:26:16.690Z [INFO]:[1765340776684]: ðŸ”„ [Native] Creating payment intent :: {"amount":103,"offlineBehavior":"require_online","offlineModePreference":"disabled","shouldEnableOfflineMode":false,"networkStatus":{"type":"wifi","isConnected":true,"details":{"ipAddress":"192.168.5.197","subnet":"255.255.252.0","isConnectionExpensive":false},"isInternetReachable":true}}
2025-12-10T04:26:16.690Z [INFO]:[FE-1765340776687]: PaymentProcessingScreen :: "PaymentProcessingScreen"
2025-12-10T04:26:16.690Z [INFO]:[FE-1765340776687]: PaymentProcessingScreen:displayPaymentProcessingAnimation:  :: {"paymentProcessingStatus":"initialized"}
2025-12-10T04:26:17.042Z [INFO]:[1765340776684]: âœ… [Native] Payment intent created successfully :: {"paymentIntentId":"pi_3SceyiLsBgg9CC4619NLjb62"}
2025-12-10T04:26:17.047Z [INFO]:[FE-1765340777045]: âœ… [Payment Intent] Created :: {"paymentIntentId":"pi_3SceyiLsBgg9CC4619NLjb62","previousPaymentIntentId":""}
2025-12-10T04:26:17.048Z [INFO]:[FE-1765340777047]: â±ï¸ [Payment Intent Timeout] Tracking handled by ReaderHealthManager :: {"paymentIntentId":"pi_3SceyiLsBgg9CC4619NLjb62","createdAt":1765340777043}
2025-12-10T04:26:17.053Z [INFO]:[ASYNC]: onDidChangePaymentStatus:  :: "waitingForInput"
2025-12-10T04:26:17.057Z [INFO]:[FE-1765340777055]: PaymentProcessingScreen :: "PaymentProcessingScreen"
2025-12-10T04:26:17.057Z [INFO]:[FE-1765340777055]: PaymentProcessingScreen:displayPaymentProcessingAnimation:  :: {"paymentProcessingStatus":"waitingForInput"}
2025-12-10T04:26:17.257Z [INFO]:[ASYNC]: onDidRequestReaderInput:  :: ["swipeCard","insertCard","tapCard"]
2025-12-10T04:26:17.260Z [INFO]:[FE-1765340777259]: PaymentProcessingScreen :: "PaymentProcessingScreen"
2025-12-10T04:26:17.261Z [INFO]:[FE-1765340777259]: PaymentProcessingScreen:displayPaymentProcessingAnimation:  :: {"paymentProcessingStatus":"readerInput"}
2025-12-10T04:26:22.152Z [INFO]:[ASYNC]: onDidRequestReaderDisplayMessage:  :: "removeCard"
2025-12-10T04:26:22.155Z [INFO]:[FE-1765340782154]: PaymentProcessingScreen :: "PaymentProcessingScreen"
2025-12-10T04:26:22.155Z [INFO]:[FE-1765340782154]: PaymentProcessingScreen:displayPaymentProcessingAnimation:  :: {"paymentProcessingStatus":"removeCard"}
2025-12-10T04:26:22.730Z [INFO]:[ASYNC]: onDidChangePaymentStatus:  :: "ready"
2025-12-10T04:26:22.735Z [INFO]:[1765340776684]: Collect Payment Method successful :: {"sdkUuid":"BC434529-F3D9-429F-BF67-B307C43A586E","status":"requiresConfirmation","created":"1765340776000","amountDetails":{"tip":{"amount":null}},"offlineDetails":null,"currency":"usd","captureMethod":"automatic","paymentMethodId":null,"statementDescriptor":null,"paymentMethodOptions":{"cardPresent":{"requestPartialAuthorization":"","requestExtendedAuthorization":false,"surcharge":null,"requestIncrementalAuthorizationSupport":false}},"statementDescriptorSuffix":null,"paymentMethod":null,"amountTip":0,"id":"pi_3SceyiLsBgg9CC4619NLjb62","metadata":{"slug":"masjid-operations-2025","reader_serial_number":"CHB20Y118005205","location_longitude":"-117.17139343339065","location_latitude":"32.81279080906747","purpose_slug":"masjid-operations-2025","offline_behavior":"require_online","purpose":"masjid operations 2025","network_type_at_creation":"wifi","donation_date_epoch":"1765340776665","terminal_name":"CHB20Y118005205","payment_mode_type":"online","network_status_at_creation":"online","covered_fees_amount":"0.03","covered_fees":"true","donation_date":"12/9/2025, 8:26:16 PM","payment_mode":"Terminal","platform":"Goodbricks","offline_mode_preference":"disabled","notes":"","total_amount":"1.03"},"charges":[],"amount":103}
2025-12-10T04:26:22.738Z [INFO]:[FE-1765340782735]: PaymentProcessingScreen :: "PaymentProcessingScreen"
2025-12-10T04:26:22.738Z [INFO]:[FE-1765340782736]: PaymentProcessingScreen:displayPaymentProcessingAnimation:  :: {"paymentProcessingStatus":"ready"}
2025-12-10T04:26:22.746Z [INFO]:[ASYNC]: onDidChangePaymentStatus:  :: "processing"
2025-12-10T04:26:22.754Z [INFO]:[FE-1765340782752]: PaymentProcessingScreen :: "PaymentProcessingScreen"
2025-12-10T04:26:22.755Z [INFO]:[FE-1765340782752]: PaymentProcessingScreen:displayPaymentProcessingAnimation:  :: {"paymentProcessingStatus":"processing"}
2025-12-10T04:26:23.215Z [INFO]:[ASYNC]: readerSoftwareUpdateProgress After finish :  :: ""
2025-12-10T04:26:23.217Z [INFO]:[1765340783213]: handleGetConnectedReader :: {"id":"tmr_GTRUOgzsHvQ1cu","locationId":"tml_Enq6AmuRiHOSAi","label":null,"batteryLevel":0.7200000286102295,"serialNumber":"CHB20Y118005205","locationStatus":"set","ipAddress":null,"deviceSoftwareVersion":"1.03.00.09-SZZZ_Generic_Y_v3-300001","isCharging":false,"deviceType":"chipper2X","availableUpdate":null,"location":{"displayNameKanji":null,"displayNameKana":null,"livemode":false,"addressKanji":null,"address":{"city":"San Diego","country":"US","postalCode":"92117","line2":"","town":null,"state":"CA","line1":"6666 Beadnell Way Unit 8"},"addressKana":null,"id":"tml_Enq6AmuRiHOSAi","phone":null,"displayName":"ICSD Primary Location"},"batteryStatus":"nominal","simulated":false,"status":"offline"}
2025-12-10T04:26:23.219Z [INFO]:[FE-1765340783218]: Connected Reader :: {"id":"tmr_GTRUOgzsHvQ1cu","locationId":"tml_Enq6AmuRiHOSAi","label":null,"batteryLevel":0.7200000286102295,"serialNumber":"CHB20Y118005205","locationStatus":"set","ipAddress":null,"deviceSoftwareVersion":"1.03.00.09-SZZZ_Generic_Y_v3-300001","isCharging":false,"deviceType":"chipper2X","availableUpdate":null,"location":{"displayNameKanji":null,"displayNameKana":null,"livemode":false,"addressKanji":null,"address":{"city":"San Diego","country":"US","postalCode":"92117","line2":"","town":null,"state":"CA","line1":"6666 Beadnell Way Unit 8"},"addressKana":null,"id":"tml_Enq6AmuRiHOSAi","phone":null,"displayName":"ICSD Primary Location"},"batteryStatus":"nominal","simulated":false,"status":"offline"}
2025-12-10T04:26:23.220Z [INFO]:[FE-1765340783219]: ReaderHealthManager:DiscoveredReaderChange:  :: {"lockedReader":"CHB20Y118005205","connectingToReader":false,"connectedReader":"CHB20Y118005205","readerDiscoveryStatus":"","readerConnectionStatus":"connected","discoveredReaders":[]}
2025-12-10T04:26:23.880Z [INFO]:[ASYNC]: onDidChangePaymentStatus:  :: "ready"
2025-12-10T04:26:23.884Z [ERROR]:[1765340776684]: confirmPaymentIntent error :: {"message":"Your card was declined. Your request used a real card while testing. For a list of valid test cards, visit: https://stripe.com/docs/testing.","code":"TransactionDeclinedByStripeAPI"}
2025-12-10T04:26:23.887Z [INFO]:[FE-1765340783885]: PaymentProcessingScreen :: "PaymentProcessingScreen"
2025-12-10T04:26:23.887Z [INFO]:[FE-1765340783885]: PaymentProcessingScreen:displayPaymentProcessingAnimation:  :: {"paymentProcessingStatus":"ready"}
2025-12-10T04:26:23.893Z [INFO]:[FE-1765340783891]: â±ï¸ [Payment Intent Timeout] Tracking handled by ReaderHealthManager :: {"paymentIntentId":"pi_3SceyiLsBgg9CC4619NLjb62","reason":"confirm_payment_error","errorCode":"TransactionDeclinedByStripeAPI"}
2025-12-10T04:26:23.896Z [ERROR]:[FE-1765340783895]: Confirm Payment Intent :: "Your card was declined. Your request used a real card while testing. For a list of valid test cards, visit: https://stripe.com/docs/testing."
2025-12-10T04:26:23.897Z [INFO]:[FE-1765340783896]: ðŸ—‘ï¸ [Error Recovery] Canceling payment intent and resetting transaction :: {"paymentIntentId":"pi_3SceyiLsBgg9CC4619NLjb62","reason":"payment_error_TransactionDeclinedByStripeAPI"}
2025-12-10T04:26:23.897Z [INFO]:[1765340783896]: ðŸ—‘ï¸ [Native] Canceling collect payment method :: {"paymentIntentId":"pi_3SceyiLsBgg9CC4619NLjb62"}
2025-12-10T04:26:23.898Z [INFO]:[FE-1765340783896]: PaymentProcessingScreen :: "PaymentProcessingScreen"
2025-12-10T04:26:23.898Z [INFO]:[FE-1765340783896]: PaymentProcessingScreen:displayPaymentProcessingAnimation:  :: {"error":{"title":"Confirm Payment Intent","message":"Your card was declined. Your request used a real card while testing. For a list of valid test cards, visit: https://stripe.com/docs/testing.","suppressDialog":true}}
2025-12-10T04:26:23.902Z [INFO]:[1765340783896]: âœ… [Native] Collect payment method canceled successfully :: {"paymentIntentId":"pi_3SceyiLsBgg9CC4619NLjb62"}
2025-12-10T04:26:23.903Z [INFO]:[1765340783896]: ðŸ—‘ï¸ [Native] Canceling payment intent :: {"paymentIntentId":"pi_3SceyiLsBgg9CC4619NLjb62"}
2025-12-10T04:26:23.904Z [INFO]:[FE-1765340783903]: ðŸ—‘ï¸ [Payment Intent] Collect payment method canceled :: {"paymentIntentId":"pi_3SceyiLsBgg9CC4619NLjb62"}
2025-12-10T04:26:23.904Z [INFO]:[FE-1765340783903]: PaymentProcessingScreen :: "PaymentProcessingScreen"
2025-12-10T04:26:23.905Z [INFO]:[FE-1765340783903]: PaymentProcessingScreen:displayPaymentProcessingAnimation:  :: {"paymentProcessingStatus":"initialized"}
2025-12-10T04:26:23.906Z [INFO]:[FE-1765340783904]: â±ï¸ [Payment Intent Timeout] Tracking handled by ReaderHealthManager :: {"paymentIntentId":"pi_3SceyiLsBgg9CC4619NLjb62","reason":"payment_canceled"}
2025-12-10T04:26:24.219Z [INFO]:[FE-1765340784215]: ReaderHealthManager:HealthCheck: :: {"terminalName":"","lockedReader":"CHB20Y118005205","connectedReader":"unknown","isConnected":false,"isReady":false,"sdkOnline":false,"isReaderOnline":false,"offlineModePreference":"disabled","stripeOfflineModeEnabled":false,"offlineModeEnabled":false,"offlinePaymentsCount":0,"recoveryType":null,"attemptCount":0,"timeSinceFirstFailure":"N/A","readerBatteryLevel":"","discoveredReadersSize":0,"connectedToWifi":"No","isInternetReachable":"No"}
2025-12-10T04:26:24.220Z [WARN]:[FE-1765340784216]: ReaderHealthManager: Skipping health check - Terminal not in payment state :: {"currentStateName":"initializeTerminalScreen","isGuidedAccessEnabled":"unknown","filteredCategoriesLength":4}
2025-12-10T04:26:24.262Z [INFO]:[1765340783896]: â„¹ï¸ [Native] Payment intent not in cancelable state, skipping :: {"paymentIntentId":"pi_3SceyiLsBgg9CC4619NLjb62","status":"requiresPaymentMethod"}
2025-12-10T04:26:24.264Z [INFO]:[FE-1765340784263]: ðŸ—‘ï¸ [Payment Intent] Canceled :: {"paymentIntentId":"pi_3SceyiLsBgg9CC4619NLjb62"}
2025-12-10T04:26:24.401Z [INFO]:[FE-1765340784398]: âœ… [Error Recovery] Transaction reset complete - ready for fresh start :: {"reason":"payment_error_TransactionDeclinedByStripeAPI"}
2025-12-10T04:26:24.402Z [INFO]:[FE-1765340784398]: PaymentProcessingScreen :: "PaymentProcessingScreen"
2025-12-10T04:26:24.402Z [INFO]:[FE-1765340784398]: PaymentProcessingScreen:displayPaymentProcessingAnimation:  :: {"paymentProcessingStatus":"initialized"}
2025-12-10T04:26:29.269Z [INFO]:[FE-1765340789267]: PaymentProcessingScreen :: "PaymentProcessingScreen"
2025-12-10T04:26:29.269Z [INFO]:[FE-1765340789267]: PaymentProcessingScreen:displayPaymentProcessingAnimation:  :: {"paymentProcessingStatus":"initialized"}