2025-12-10T04:26:32.588Z [INFO]:[FE-1765340792586]: PaymentProcessingScreen :: "PaymentProcessingScreen"
2025-12-10T04:26:32.588Z [INFO]:[FE-1765340792586]: PaymentProcessingScreen:displayPaymentProcessingAnimation:  :: {"paymentProcessingStatus":"initialized"}
2025-12-10T04:30:52.895Z [INFO]:[ASYNC]: isGuidedAccessEnabled :: false
2025-12-10T04:30:52.895Z [INFO]:[ASYNC]: netInfoState :: {}
2025-12-10T04:30:52.895Z [INFO]:[ASYNC]: Start fetchTokenProvider :: {"fetchURL":"https://sandbox.api.goodbricks.app/stripe/connection-token?organizationPublicId="}
2025-12-10T04:30:52.895Z [INFO]:[ASYNC]: Start fetchTokenProvider :: {"fetchURL":"https://sandbox.api.goodbricks.app/stripe/connection-token?organizationPublicId="}
2025-12-10T04:30:52.895Z [INFO]:[ASYNC]: netInfoState :: {"type":"wifi","isConnected":true,"details":{"ipAddress":"192.168.5.197","subnet":"255.255.252.0","isConnectionExpensive":false},"isInternetReachable":null}
2025-12-10T04:30:52.895Z [INFO]:[ASYNC]: netInfoState :: {"type":"wifi","isConnected":true,"details":{"ipAddress":"192.168.5.197","subnet":"255.255.252.0","isConnectionExpensive":false},"isInternetReachable":null}
2025-12-10T04:30:53.006Z [INFO]:[ASYNC]: netInfoState :: {"type":"wifi","isConnected":true,"details":{"ipAddress":"192.168.5.197","subnet":"255.255.252.0","isConnectionExpensive":false},"isInternetReachable":true}
2025-12-10T04:30:53.394Z [INFO]:[ASYNC]: guidedAccessStatusDidChange:  :: {"enabled":false}
2025-12-10T04:30:53.763Z [INFO]:[ASYNC]: guidedAccessStatusDidChange:  :: {"enabled":false}
2025-12-10T04:30:59.581Z [INFO]:[ASYNC]: Done fetchTokenProvider :: {"connectionToken":"pst_test_YWNjdF8xQU1WY3FMc0JnZzlDQzQ2LHNnVmNWbzI0VGlISlRiTUNHTjVRenBMcXMxemJLV1k_00Z5c1rFP0","locationId":"tml_Enq6AmuRiHOSAi","applicationFeesCapInCents":3000,"applicationFeesInPercent":1.5,"receiptAmountThresholdInDollars":50}
2025-12-10T04:30:59.583Z [INFO]:[ASYNC]: Updated fetchTokenProvider :: {"organization":{"message":"Internal server error"},"environment":"sandbox"}
2025-12-10T04:31:01.033Z [INFO]:[1765341061031]: Discovering Readers. readerType: bluetooth, discoveryMethod: bluetoothScan, isSimulator: false :: ""
2025-12-10T04:31:01.038Z [INFO]:[FE-1765341061036]: Discovering readers :: "discovering readers"
2025-12-10T04:31:01.051Z [INFO]:[ASYNC]: onDidChangeConnectionStatus :: "discovering"
2025-12-10T04:31:01.057Z [INFO]:[FE-1765341061053]: Reader Connection Status :: "discovering"
2025-12-10T04:31:01.223Z [INFO]:[ASYNC]: Start fetchTokenProvider :: {"fetchURL":"https://sandbox.api.goodbricks.app/stripe/connection-token?organizationPublicId=icsd.org"}
2025-12-10T04:31:01.526Z [INFO]:[ASYNC]: Done fetchTokenProvider :: {"connectionToken":"pst_test_YWNjdF8xQU1WY3FMc0JnZzlDQzQ2LEtuU2JmVWp6b2RUUHN6dzV3NTZxTk9zN0F4bXd4Tnc_00vMK2fH3d","locationId":"tml_Enq6AmuRiHOSAi","applicationFeesCapInCents":3000,"applicationFeesInPercent":1.5,"receiptAmountThresholdInDollars":50}
2025-12-10T04:31:01.878Z [INFO]:[ASYNC]: onUpdateDiscoveredReaders :: [{"status":"offline","simulated":false,"batteryStatus":"unknown","location":{"displayName":"ICSD Primary Location","phone":null,"id":"tml_Enq6AmuRiHOSAi","addressKana":null,"address":{"line1":"6666 Beadnell Way Unit 8","state":"CA","town":null,"line2":"","postalCode":"92117","country":"US","city":"San Diego"},"addressKanji":null,"livemode":false,"displayNameKana":null,"displayNameKanji":null},"availableUpdate":null,"deviceType":"chipper2X","isCharging":null,"deviceSoftwareVersion":null,"ipAddress":null,"locationStatus":"set","serialNumber":"CHB20Y118005205","batteryLevel":null,"label":null,"locationId":"tml_Enq6AmuRiHOSAi","id":null}]
2025-12-10T04:31:01.881Z [INFO]:[FE-1765341061880]: Discovered Readers :: [{"status":"offline","simulated":false,"batteryStatus":"unknown","location":{"displayName":"ICSD Primary Location","phone":null,"id":"tml_Enq6AmuRiHOSAi","addressKana":null,"address":{"line1":"6666 Beadnell Way Unit 8","state":"CA","town":null,"line2":"","postalCode":"92117","country":"US","city":"San Diego"},"addressKanji":null,"livemode":false,"displayNameKana":null,"displayNameKanji":null},"availableUpdate":null,"deviceType":"chipper2X","isCharging":null,"deviceSoftwareVersion":null,"ipAddress":null,"locationStatus":"set","serialNumber":"CHB20Y118005205","batteryLevel":null,"label":null,"locationId":"tml_Enq6AmuRiHOSAi","id":null}]
2025-12-10T04:31:01.891Z [INFO]:[ASYNC]: onUpdateDiscoveredReaders :: [{"status":"offline","simulated":false,"batteryStatus":"unknown","location":{"displayName":"ICSD Primary Location","phone":null,"id":"tml_Enq6AmuRiHOSAi","addressKana":null,"address":{"line1":"6666 Beadnell Way Unit 8","state":"CA","town":null,"line2":"","postalCode":"92117","country":"US","city":"San Diego"},"addressKanji":null,"livemode":false,"displayNameKana":null,"displayNameKanji":null},"availableUpdate":null,"deviceType":"chipper2X","isCharging":null,"deviceSoftwareVersion":null,"ipAddress":null,"locationStatus":"set","serialNumber":"CHB202937003343","batteryLevel":null,"label":null,"locationId":"tml_Enq6AmuRiHOSAi","id":null},{"status":"offline","simulated":false,"batteryStatus":"unknown","location":{"displayName":"ICSD Primary Location","phone":null,"id":"tml_Enq6AmuRiHOSAi","addressKana":null,"address":{"line1":"6666 Beadnell Way Unit 8","state":"CA","town":null,"line2":"","postalCode":"92117","country":"US","city":"San Diego"},"addressKanji":null,"livemode":false,"displayNameKana":null,"displayNameKanji":null},"availableUpdate":null,"deviceType":"chipper2X","isCharging":null,"deviceSoftwareVersion":null,"ipAddress":null,"locationStatus":"set","serialNumber":"CHB20Y118005205","batteryLevel":null,"label":null,"locationId":"tml_Enq6AmuRiHOSAi","id":null}]
2025-12-10T04:31:01.892Z [INFO]:[FE-1765341061882]: ReaderHealthManager:DiscoveredReaderChange:  :: {"lockedReader":"CHB20Y118005205","connectingToReader":false,"readerDiscoveryStatus":"discovering-readers","readerConnectionStatus":"discovering","discoveredReaders":[{"status":"offline","simulated":false,"batteryStatus":"unknown","location":{"displayName":"ICSD Primary Location","phone":null,"id":"tml_Enq6AmuRiHOSAi","addressKana":null,"address":{"line1":"6666 Beadnell Way Unit 8","state":"CA","town":null,"line2":"","postalCode":"92117","country":"US","city":"San Diego"},"addressKanji":null,"livemode":false,"displayNameKana":null,"displayNameKanji":null},"availableUpdate":null,"deviceType":"chipper2X","isCharging":null,"deviceSoftwareVersion":null,"ipAddress":null,"locationStatus":"set","serialNumber":"CHB20Y118005205","batteryLevel":null,"label":null,"locationId":"tml_Enq6AmuRiHOSAi","id":null}]}
2025-12-10T04:31:01.898Z [INFO]:[FE-1765341061896]: Discovered Readers :: [{"status":"offline","simulated":false,"batteryStatus":"unknown","location":{"displayName":"ICSD Primary Location","phone":null,"id":"tml_Enq6AmuRiHOSAi","addressKana":null,"address":{"line1":"6666 Beadnell Way Unit 8","state":"CA","town":null,"line2":"","postalCode":"92117","country":"US","city":"San Diego"},"addressKanji":null,"livemode":false,"displayNameKana":null,"displayNameKanji":null},"availableUpdate":null,"deviceType":"chipper2X","isCharging":null,"deviceSoftwareVersion":null,"ipAddress":null,"locationStatus":"set","serialNumber":"CHB202937003343","batteryLevel":null,"label":null,"locationId":"tml_Enq6AmuRiHOSAi","id":null},{"status":"offline","simulated":false,"batteryStatus":"unknown","location":{"displayName":"ICSD Primary Location","phone":null,"id":"tml_Enq6AmuRiHOSAi","addressKana":null,"address":{"line1":"6666 Beadnell Way Unit 8","state":"CA","town":null,"line2":"","postalCode":"92117","country":"US","city":"San Diego"},"addressKanji":null,"livemode":false,"displayNameKana":null,"displayNameKanji":null},"availableUpdate":null,"deviceType":"chipper2X","isCharging":null,"deviceSoftwareVersion":null,"ipAddress":null,"locationStatus":"set","serialNumber":"CHB20Y118005205","batteryLevel":null,"label":null,"locationId":"tml_Enq6AmuRiHOSAi","id":null}]
2025-12-10T04:31:01.898Z [INFO]:[FE-1765341061897]: ReaderHealthManager:DiscoveredReaderChange:  :: {"lockedReader":"CHB20Y118005205","connectingToReader":false,"readerDiscoveryStatus":"discovering-readers","readerConnectionStatus":"discovering","discoveredReaders":[{"status":"offline","simulated":false,"batteryStatus":"unknown","location":{"displayName":"ICSD Primary Location","phone":null,"id":"tml_Enq6AmuRiHOSAi","addressKana":null,"address":{"line1":"6666 Beadnell Way Unit 8","state":"CA","town":null,"line2":"","postalCode":"92117","country":"US","city":"San Diego"},"addressKanji":null,"livemode":false,"displayNameKana":null,"displayNameKanji":null},"availableUpdate":null,"deviceType":"chipper2X","isCharging":null,"deviceSoftwareVersion":null,"ipAddress":null,"locationStatus":"set","serialNumber":"CHB202937003343","batteryLevel":null,"label":null,"locationId":"tml_Enq6AmuRiHOSAi","id":null},{"status":"offline","simulated":false,"batteryStatus":"unknown","location":{"displayName":"ICSD Primary Location","phone":null,"id":"tml_Enq6AmuRiHOSAi","addressKana":null,"address":{"line1":"6666 Beadnell Way Unit 8","state":"CA","town":null,"line2":"","postalCode":"92117","country":"US","city":"San Diego"},"addressKanji":null,"livemode":false,"displayNameKana":null,"displayNameKanji":null},"availableUpdate":null,"deviceType":"chipper2X","isCharging":null,"deviceSoftwareVersion":null,"ipAddress":null,"locationStatus":"set","serialNumber":"CHB20Y118005205","batteryLevel":null,"label":null,"locationId":"tml_Enq6AmuRiHOSAi","id":null}]}
2025-12-10T04:31:05.286Z [INFO]:[1765341065284]: handleConnectReader  :: {"payload":{"serialNumber":"CHB20Y118005205","offlineModePreference":"disabled","readerType":"bluetooth"},"discoveredReaders":[{"status":"offline","simulated":false,"batteryStatus":"unknown","location":{"displayName":"ICSD Primary Location","phone":null,"id":"tml_Enq6AmuRiHOSAi","addressKana":null,"address":{"line1":"6666 Beadnell Way Unit 8","state":"CA","town":null,"line2":"","postalCode":"92117","country":"US","city":"San Diego"},"addressKanji":null,"livemode":false,"displayNameKana":null,"displayNameKanji":null},"availableUpdate":null,"deviceType":"chipper2X","isCharging":null,"deviceSoftwareVersion":null,"ipAddress":null,"locationStatus":"set","serialNumber":"CHB202937003343","batteryLevel":null,"label":null,"locationId":"tml_Enq6AmuRiHOSAi","id":null},{"status":"offline","simulated":false,"batteryStatus":"unknown","location":{"displayName":"ICSD Primary Location","phone":null,"id":"tml_Enq6AmuRiHOSAi","addressKana":null,"address":{"line1":"6666 Beadnell Way Unit 8","state":"CA","town":null,"line2":"","postalCode":"92117","country":"US","city":"San Diego"},"addressKanji":null,"livemode":false,"displayNameKana":null,"displayNameKanji":null},"availableUpdate":null,"deviceType":"chipper2X","isCharging":null,"deviceSoftwareVersion":null,"ipAddress":null,"locationStatus":"set","serialNumber":"CHB20Y118005205","batteryLevel":null,"label":null,"locationId":"tml_Enq6AmuRiHOSAi","id":null}]}
2025-12-10T04:31:05.289Z [INFO]:[1765341065284]: handleConnectBluetoothReader  :: {"selectReader":{"status":"offline","simulated":false,"batteryStatus":"unknown","location":{"displayName":"ICSD Primary Location","phone":null,"id":"tml_Enq6AmuRiHOSAi","addressKana":null,"address":{"line1":"6666 Beadnell Way Unit 8","state":"CA","town":null,"line2":"","postalCode":"92117","country":"US","city":"San Diego"},"addressKanji":null,"livemode":false,"displayNameKana":null,"displayNameKanji":null},"availableUpdate":null,"deviceType":"chipper2X","isCharging":null,"deviceSoftwareVersion":null,"ipAddress":null,"locationStatus":"set","serialNumber":"CHB20Y118005205","batteryLevel":null,"label":null,"locationId":"tml_Enq6AmuRiHOSAi","id":null},"offlineModePreference":"disabled"}
2025-12-10T04:31:05.291Z [INFO]:[1765341065284]: Offline mode preference: disabled, enabling: false :: {}
2025-12-10T04:31:05.409Z [INFO]:[1765341061031]: discovering readers :: "started"
2025-12-10T04:31:05.417Z [INFO]:[ASYNC]: onDidChangeConnectionStatus :: "connecting"
2025-12-10T04:31:05.429Z [INFO]:[FE-1765341065426]: Canceled Discovering Readers :: "onFinishDiscoveringReaders error undefined"
2025-12-10T04:31:05.430Z [INFO]:[FE-1765341065427]: Discovered Readers :: [{"status":"offline","simulated":false,"batteryStatus":"unknown","location":{"displayName":"ICSD Primary Location","phone":null,"id":"tml_Enq6AmuRiHOSAi","addressKana":null,"address":{"line1":"6666 Beadnell Way Unit 8","state":"CA","town":null,"line2":"","postalCode":"92117","country":"US","city":"San Diego"},"addressKanji":null,"livemode":false,"displayNameKana":null,"displayNameKanji":null},"availableUpdate":null,"deviceType":"chipper2X","isCharging":null,"deviceSoftwareVersion":null,"ipAddress":null,"locationStatus":"set","serialNumber":"CHB202937003343","batteryLevel":null,"label":null,"locationId":"tml_Enq6AmuRiHOSAi","id":null},{"status":"offline","simulated":false,"batteryStatus":"unknown","location":{"displayName":"ICSD Primary Location","phone":null,"id":"tml_Enq6AmuRiHOSAi","addressKana":null,"address":{"line1":"6666 Beadnell Way Unit 8","state":"CA","town":null,"line2":"","postalCode":"92117","country":"US","city":"San Diego"},"addressKanji":null,"livemode":false,"displayNameKana":null,"displayNameKanji":null},"availableUpdate":null,"deviceType":"chipper2X","isCharging":null,"deviceSoftwareVersion":null,"ipAddress":null,"locationStatus":"set","serialNumber":"CHB20Y118005205","batteryLevel":null,"label":null,"locationId":"tml_Enq6AmuRiHOSAi","id":null}]
2025-12-10T04:31:05.431Z [INFO]:[FE-1765341065427]: ReaderHealthManager:DiscoveredReaderChange:  :: {"lockedReader":"CHB20Y118005205","connectingToReader":false,"readerDiscoveryStatus":"canceled-discovering-readers","readerConnectionStatus":"discovering","discoveredReaders":[{"status":"offline","simulated":false,"batteryStatus":"unknown","location":{"displayName":"ICSD Primary Location","phone":null,"id":"tml_Enq6AmuRiHOSAi","addressKana":null,"address":{"line1":"6666 Beadnell Way Unit 8","state":"CA","town":null,"line2":"","postalCode":"92117","country":"US","city":"San Diego"},"addressKanji":null,"livemode":false,"displayNameKana":null,"displayNameKanji":null},"availableUpdate":null,"deviceType":"chipper2X","isCharging":null,"deviceSoftwareVersion":null,"ipAddress":null,"locationStatus":"set","serialNumber":"CHB202937003343","batteryLevel":null,"label":null,"locationId":"tml_Enq6AmuRiHOSAi","id":null},{"status":"offline","simulated":false,"batteryStatus":"unknown","location":{"displayName":"ICSD Primary Location","phone":null,"id":"tml_Enq6AmuRiHOSAi","addressKana":null,"address":{"line1":"6666 Beadnell Way Unit 8","state":"CA","town":null,"line2":"","postalCode":"92117","country":"US","city":"San Diego"},"addressKanji":null,"livemode":false,"displayNameKana":null,"displayNameKanji":null},"availableUpdate":null,"deviceType":"chipper2X","isCharging":null,"deviceSoftwareVersion":null,"ipAddress":null,"locationStatus":"set","serialNumber":"CHB20Y118005205","batteryLevel":null,"label":null,"locationId":"tml_Enq6AmuRiHOSAi","id":null}]}
2025-12-10T04:31:05.432Z [INFO]:[FE-1765341065428]: Discovering readers :: "discovering readers"
2025-12-10T04:31:05.434Z [INFO]:[FE-1765341065428]: Reader Connection Status :: "connecting"
2025-12-10T04:31:06.817Z [INFO]:[ASYNC]: Start fetchTokenProvider :: {"fetchURL":"https://sandbox.api.goodbricks.app/stripe/connection-token?organizationPublicId=icsd.org"}
2025-12-10T04:31:07.159Z [INFO]:[ASYNC]: Done fetchTokenProvider :: {"connectionToken":"pst_test_YWNjdF8xQU1WY3FMc0JnZzlDQzQ2LFRXYnJVQWd1ZzZBV0NYczI2d1hOSGlvaUVvVGZYZWo_00l4KsBuZX","locationId":"tml_Enq6AmuRiHOSAi","applicationFeesCapInCents":3000,"applicationFeesInPercent":1.5,"receiptAmountThresholdInDollars":50}
2025-12-10T04:31:08.003Z [INFO]:[ASYNC]: onDidChangeOfflineStatus:  :: {"sdk":{"offlinePaymentAmountsByCurrency":{},"networkStatus":"online","offlinePaymentsCount":0}}
2025-12-10T04:31:08.007Z [INFO]:[FE-1765341068006]: Reader Offline Status :: {"sdk":{"offlinePaymentAmountsByCurrency":{},"networkStatus":"online","offlinePaymentsCount":0}}
2025-12-10T04:31:08.686Z [INFO]:[ASYNC]: onDidChangeConnectionStatus :: "connected"
2025-12-10T04:31:08.687Z [INFO]:[ASYNC]: Battery Level:  :: 0.7300000190734863
2025-12-10T04:31:08.688Z [INFO]:[ASYNC]: onDidChangePaymentStatus:  :: "ready"
2025-12-10T04:31:08.690Z [INFO]:[1765341065284]: Reader connected successfully :: {"status":"offline","simulated":false,"batteryStatus":"nominal","location":{"displayName":"ICSD Primary Location","phone":null,"id":"tml_Enq6AmuRiHOSAi","addressKana":null,"address":{"line1":"6666 Beadnell Way Unit 8","state":"CA","town":null,"line2":"","postalCode":"92117","country":"US","city":"San Diego"},"addressKanji":null,"livemode":false,"displayNameKana":null,"displayNameKanji":null},"availableUpdate":null,"deviceType":"chipper2X","isCharging":false,"deviceSoftwareVersion":"1.03.00.09-SZZZ_Generic_Y_v3-300001","ipAddress":null,"locationStatus":"set","serialNumber":"CHB20Y118005205","batteryLevel":0.7300000190734863,"label":null,"locationId":"tml_Enq6AmuRiHOSAi","id":"tmr_GTRUOgzsHvQ1cu"}
2025-12-10T04:31:08.691Z [INFO]:[1765341065284]: Fetched offline status after reader connection :: {"sdk":{"offlinePaymentsCount":0,"networkStatus":"online","offlinePaymentAmountsByCurrency":{}}}
2025-12-10T04:31:08.694Z [WARN]:[1765341065284]: cancelDiscovering error :: {"message":"discoverReaders could not be canceled because the command has already been canceled or has completed.","code":"CancelFailedAlreadyCompleted"}
2025-12-10T04:31:08.694Z [INFO]:[FE-1765341068692]: Reader Connection Status :: "connected"
2025-12-10T04:31:08.695Z [INFO]:[FE-1765341068693]: Battery Level Update :: {"batteryLevel":0.7300000190734863,"isCharging":false,"batteryStatus":"nominal"}
2025-12-10T04:31:08.697Z [INFO]:[1765341065284]: cancelDiscoverReaders :: "done"
2025-12-10T04:31:08.697Z [INFO]:[FE-1765341068695]: Battery Level Update :: 0.7300000190734863
2025-12-10T04:31:08.698Z [INFO]:[FE-1765341068695]: Reader Connected :: {"status":"offline","simulated":false,"batteryStatus":"nominal","location":{"displayName":"ICSD Primary Location","phone":null,"id":"tml_Enq6AmuRiHOSAi","addressKana":null,"address":{"line1":"6666 Beadnell Way Unit 8","state":"CA","town":null,"line2":"","postalCode":"92117","country":"US","city":"San Diego"},"addressKanji":null,"livemode":false,"displayNameKana":null,"displayNameKanji":null},"availableUpdate":null,"deviceType":"chipper2X","isCharging":false,"deviceSoftwareVersion":"1.03.00.09-SZZZ_Generic_Y_v3-300001","ipAddress":null,"locationStatus":"set","serialNumber":"CHB20Y118005205","batteryLevel":0.7300000190734863,"label":null,"locationId":"tml_Enq6AmuRiHOSAi","id":"tmr_GTRUOgzsHvQ1cu"}
2025-12-10T04:31:08.699Z [INFO]:[FE-1765341068696]: ReaderHealthManager:ConnectedReader:  :: {"connectedReader":"CHB20Y118005205","readerConnectionStatus":"connected","connectingToReader":false}
2025-12-10T04:31:08.699Z [INFO]:[FE-1765341068696]: Reader Offline Status :: {"sdk":{"offlinePaymentsCount":0,"networkStatus":"online","offlinePaymentAmountsByCurrency":{}}}
2025-12-10T04:31:08.699Z [INFO]:[FE-1765341068698]: Canceled Discovering Readers :: "canceled discover readers"
2025-12-10T04:31:14.341Z [INFO]:[FE-1765341074339]: SelectCategoryScreen :: {"transaction":{"paymentIntentId":"","paymentIntentCreatedAt":null,"paymentProcessingStatus":"ready","subscribe":false,"setupIntent":{},"payload":{}},"context":{"customerEmail":"","customerName":"","totalAmount":"","category":{}}}
2025-12-10T04:31:24.666Z [INFO]:[ASYNC]: readerSoftwareUpdateProgress After finish :  :: ""
2025-12-10T04:31:24.668Z [INFO]:[1765341084660]: handleGetConnectedReader :: {"id":"tmr_GTRUOgzsHvQ1cu","locationId":"tml_Enq6AmuRiHOSAi","label":null,"batteryLevel":0.7300000190734863,"serialNumber":"CHB20Y118005205","locationStatus":"set","ipAddress":null,"deviceSoftwareVersion":"1.03.00.09-SZZZ_Generic_Y_v3-300001","isCharging":false,"deviceType":"chipper2X","availableUpdate":null,"location":{"displayNameKanji":null,"displayNameKana":null,"livemode":false,"addressKanji":null,"address":{"city":"San Diego","country":"US","postalCode":"92117","line2":"","town":null,"state":"CA","line1":"6666 Beadnell Way Unit 8"},"addressKana":null,"id":"tml_Enq6AmuRiHOSAi","phone":null,"displayName":"ICSD Primary Location"},"batteryStatus":"nominal","simulated":false,"status":"offline"}
2025-12-10T04:31:24.673Z [INFO]:[FE-1765341084671]: Connected Reader :: {"id":"tmr_GTRUOgzsHvQ1cu","locationId":"tml_Enq6AmuRiHOSAi","label":null,"batteryLevel":0.7300000190734863,"serialNumber":"CHB20Y118005205","locationStatus":"set","ipAddress":null,"deviceSoftwareVersion":"1.03.00.09-SZZZ_Generic_Y_v3-300001","isCharging":false,"deviceType":"chipper2X","availableUpdate":null,"location":{"displayNameKanji":null,"displayNameKana":null,"livemode":false,"addressKanji":null,"address":{"city":"San Diego","country":"US","postalCode":"92117","line2":"","town":null,"state":"CA","line1":"6666 Beadnell Way Unit 8"},"addressKana":null,"id":"tml_Enq6AmuRiHOSAi","phone":null,"displayName":"ICSD Primary Location"},"batteryStatus":"nominal","simulated":false,"status":"offline"}
2025-12-10T04:31:24.673Z [INFO]:[FE-1765341084672]: ReaderHealthManager:DiscoveredReaderChange:  :: {"lockedReader":"CHB20Y118005205","connectingToReader":false,"connectedReader":"CHB20Y118005205","readerDiscoveryStatus":"","readerConnectionStatus":"connected","discoveredReaders":[]}
2025-12-10T04:31:24.706Z [INFO]:[1765341084702]: ðŸ”„ [Native] Creating payment intent :: {"amount":1030,"offlineBehavior":"require_online","offlineModePreference":"disabled","shouldEnableOfflineMode":false,"networkStatus":{"type":"wifi","isConnected":true,"details":{"ipAddress":"192.168.5.197","subnet":"255.255.252.0","isConnectionExpensive":false},"isInternetReachable":true}}
2025-12-10T04:31:24.707Z [INFO]:[FE-1765341084703]: PaymentProcessingScreen :: "PaymentProcessingScreen"
2025-12-10T04:31:24.707Z [INFO]:[FE-1765341084704]: PaymentProcessingScreen:displayPaymentProcessingAnimation:  :: {"paymentProcessingStatus":"initialized"}
2025-12-10T04:31:25.030Z [INFO]:[1765341084702]: âœ… [Native] Payment intent created successfully :: {"paymentIntentId":"pi_3Scf3gLsBgg9CC4614mf4Lft"}
2025-12-10T04:31:25.035Z [INFO]:[FE-1765341085033]: âœ… [Payment Intent] Created :: {"paymentIntentId":"pi_3Scf3gLsBgg9CC4614mf4Lft","previousPaymentIntentId":""}
2025-12-10T04:31:25.037Z [INFO]:[FE-1765341085034]: â±ï¸ [Payment Intent Timeout] Tracking handled by ReaderHealthManager :: {"paymentIntentId":"pi_3Scf3gLsBgg9CC4614mf4Lft","createdAt":1765341085030}
2025-12-10T04:31:25.041Z [INFO]:[ASYNC]: onDidChangePaymentStatus:  :: "waitingForInput"
2025-12-10T04:31:25.044Z [INFO]:[FE-1765341085043]: PaymentProcessingScreen :: "PaymentProcessingScreen"
2025-12-10T04:31:25.045Z [INFO]:[FE-1765341085043]: PaymentProcessingScreen:displayPaymentProcessingAnimation:  :: {"paymentProcessingStatus":"waitingForInput"}
2025-12-10T04:31:25.274Z [INFO]:[ASYNC]: onDidRequestReaderInput:  :: ["swipeCard","insertCard","tapCard"]
2025-12-10T04:31:25.277Z [INFO]:[FE-1765341085276]: PaymentProcessingScreen :: "PaymentProcessingScreen"
2025-12-10T04:31:25.278Z [INFO]:[FE-1765341085276]: PaymentProcessingScreen:displayPaymentProcessingAnimation:  :: {"paymentProcessingStatus":"readerInput"}
2025-12-10T04:31:25.670Z [INFO]:[FE-1765341085667]: ReaderHealthManager:HealthCheck: :: {"terminalName":"","lockedReader":"CHB20Y118005205","connectedReader":"unknown","isConnected":false,"isReady":false,"sdkOnline":false,"isReaderOnline":false,"offlineModePreference":"disabled","stripeOfflineModeEnabled":false,"offlineModeEnabled":false,"offlinePaymentsCount":0,"recoveryType":null,"attemptCount":0,"timeSinceFirstFailure":"N/A","readerBatteryLevel":"","discoveredReadersSize":0,"connectedToWifi":"No","isInternetReachable":"No"}
2025-12-10T04:31:25.671Z [WARN]:[FE-1765341085667]: ReaderHealthManager: Skipping health check - Terminal not in payment state :: {"currentStateName":"initializeTerminalScreen","isGuidedAccessEnabled":"unknown","filteredCategoriesLength":4}
2025-12-10T04:31:52.064Z [INFO]:[ASYNC]: Start fetchTokenProvider :: {"fetchURL":"https://sandbox.api.goodbricks.app/stripe/connection-token?organizationPublicId=icsd.org"}
2025-12-10T04:31:52.438Z [INFO]:[ASYNC]: Done fetchTokenProvider :: {"connectionToken":"pst_test_YWNjdF8xQU1WY3FMc0JnZzlDQzQ2LGNHY0NPNGw4NDJ4ZTZpeFdzZmM1dWVJNnBNUDJ0eHY_00PqGrKVTT","locationId":"tml_Enq6AmuRiHOSAi","applicationFeesCapInCents":3000,"applicationFeesInPercent":1.5,"receiptAmountThresholdInDollars":50}
2025-12-10T04:31:52.596Z [INFO]:[ASYNC]: guidedAccessStatusDidChange:  :: {"enabled":false}
2025-12-10T04:31:54.663Z [INFO]:[ASYNC]: readerSoftwareUpdateProgress After finish :  :: ""
2025-12-10T04:31:54.666Z [INFO]:[1765341114660]: handleGetConnectedReader :: {"id":"tmr_GTRUOgzsHvQ1cu","locationId":"tml_Enq6AmuRiHOSAi","label":null,"batteryLevel":0.7300000190734863,"serialNumber":"CHB20Y118005205","locationStatus":"set","ipAddress":null,"deviceSoftwareVersion":"1.03.00.09-SZZZ_Generic_Y_v3-300001","isCharging":false,"deviceType":"chipper2X","availableUpdate":null,"location":{"displayNameKanji":null,"displayNameKana":null,"livemode":false,"addressKanji":null,"address":{"city":"San Diego","country":"US","postalCode":"92117","line2":"","town":null,"state":"CA","line1":"6666 Beadnell Way Unit 8"},"addressKana":null,"id":"tml_Enq6AmuRiHOSAi","phone":null,"displayName":"ICSD Primary Location"},"batteryStatus":"nominal","simulated":false,"status":"offline"}
2025-12-10T04:31:54.673Z [INFO]:[FE-1765341114671]: Connected Reader :: {"id":"tmr_GTRUOgzsHvQ1cu","locationId":"tml_Enq6AmuRiHOSAi","label":null,"batteryLevel":0.7300000190734863,"serialNumber":"CHB20Y118005205","locationStatus":"set","ipAddress":null,"deviceSoftwareVersion":"1.03.00.09-SZZZ_Generic_Y_v3-300001","isCharging":false,"deviceType":"chipper2X","availableUpdate":null,"location":{"displayNameKanji":null,"displayNameKana":null,"livemode":false,"addressKanji":null,"address":{"city":"San Diego","country":"US","postalCode":"92117","line2":"","town":null,"state":"CA","line1":"6666 Beadnell Way Unit 8"},"addressKana":null,"id":"tml_Enq6AmuRiHOSAi","phone":null,"displayName":"ICSD Primary Location"},"batteryStatus":"nominal","simulated":false,"status":"offline"}
2025-12-10T04:31:54.674Z [INFO]:[FE-1765341114672]: ReaderHealthManager:DiscoveredReaderChange:  :: {"lockedReader":"CHB20Y118005205","connectingToReader":false,"connectedReader":"CHB20Y118005205","readerDiscoveryStatus":"","readerConnectionStatus":"connected","discoveredReaders":[]}
2025-12-10T04:31:55.665Z [INFO]:[FE-1765341115663]: ReaderHealthManager:HealthCheck: :: {"terminalName":"","lockedReader":"CHB20Y118005205","connectedReader":"unknown","isConnected":false,"isReady":false,"sdkOnline":false,"isReaderOnline":false,"offlineModePreference":"disabled","stripeOfflineModeEnabled":false,"offlineModeEnabled":false,"offlinePaymentsCount":0,"recoveryType":null,"attemptCount":0,"timeSinceFirstFailure":"N/A","readerBatteryLevel":"","discoveredReadersSize":0,"connectedToWifi":"No","isInternetReachable":"No"}
2025-12-10T04:31:55.666Z [WARN]:[FE-1765341115663]: ReaderHealthManager: Skipping health check - Terminal not in payment state :: {"currentStateName":"initializeTerminalScreen","isGuidedAccessEnabled":"unknown","filteredCategoriesLength":4}
2025-12-10T04:31:55.873Z [INFO]:[ASYNC]: guidedAccessStatusDidChange:  :: {"enabled":false}
2025-12-10T04:31:57.884Z [INFO]:[ASYNC]: onDidRequestReaderDisplayMessage:  :: "removeCard"
2025-12-10T04:31:57.888Z [INFO]:[FE-1765341117887]: PaymentProcessingScreen :: "PaymentProcessingScreen"
2025-12-10T04:31:57.889Z [INFO]:[FE-1765341117887]: PaymentProcessingScreen:displayPaymentProcessingAnimation:  :: {"paymentProcessingStatus":"removeCard"}
2025-12-10T04:31:58.444Z [INFO]:[ASYNC]: onDidChangePaymentStatus:  :: "ready"
2025-12-10T04:31:58.448Z [INFO]:[1765341084702]: Collect Payment Method successful :: {"sdkUuid":"415E01F0-31FD-46CA-9C54-60782465E2DE","status":"requiresConfirmation","created":"1765341084000","amountDetails":{"tip":{"amount":null}},"offlineDetails":null,"currency":"usd","captureMethod":"automatic","paymentMethodId":null,"statementDescriptor":null,"paymentMethodOptions":{"cardPresent":{"requestPartialAuthorization":"","requestExtendedAuthorization":false,"surcharge":null,"requestIncrementalAuthorizationSupport":false}},"statementDescriptorSuffix":null,"paymentMethod":null,"amountTip":0,"id":"pi_3Scf3gLsBgg9CC4614mf4Lft","metadata":{"slug":"masjid-operations-2025","reader_serial_number":"CHB20Y118005205","location_longitude":"-117.17129250455909","location_latitude":"32.81285901416124","covered_fees":"true","covered_fees_amount":"0.3","purpose_slug":"masjid-operations-2025","offline_behavior":"require_online","purpose":"masjid operations 2025","network_type_at_creation":"wifi","offline_mode_preference":"disabled","donation_date_epoch":"1765341084682","terminal_name":"CHB20Y118005205","payment_mode_type":"online","network_status_at_creation":"online","donation_date":"12/9/2025, 8:31:24 PM","payment_mode":"Terminal","platform":"Goodbricks","notes":"","total_amount":"10.3"},"charges":[],"amount":1030}
2025-12-10T04:31:58.456Z [INFO]:[FE-1765341118450]: PaymentProcessingScreen :: "PaymentProcessingScreen"
2025-12-10T04:31:58.456Z [INFO]:[FE-1765341118450]: PaymentProcessingScreen:displayPaymentProcessingAnimation:  :: {"paymentProcessingStatus":"ready"}
2025-12-10T04:31:58.463Z [INFO]:[ASYNC]: onDidChangePaymentStatus:  :: "processing"
2025-12-10T04:31:58.469Z [INFO]:[FE-1765341118468]: PaymentProcessingScreen :: "PaymentProcessingScreen"
2025-12-10T04:31:58.470Z [INFO]:[FE-1765341118468]: PaymentProcessingScreen:displayPaymentProcessingAnimation:  :: {"paymentProcessingStatus":"processing"}
2025-12-10T04:31:59.397Z [INFO]:[ASYNC]: onDidChangePaymentStatus:  :: "ready"
2025-12-10T04:31:59.402Z [ERROR]:[1765341084702]: confirmPaymentIntent error :: {"code":"TransactionDeclinedByStripeAPI","message":"Your card was declined. Your request used a real card while testing. For a list of valid test cards, visit: https://stripe.com/docs/testing."}
2025-12-10T04:31:59.404Z [INFO]:[FE-1765341119403]: PaymentProcessingScreen :: "PaymentProcessingScreen"
2025-12-10T04:31:59.408Z [INFO]:[FE-1765341119403]: PaymentProcessingScreen:displayPaymentProcessingAnimation:  :: {"paymentProcessingStatus":"ready"}
2025-12-10T04:31:59.410Z [INFO]:[FE-1765341119408]: â±ï¸ [Payment Intent Timeout] Tracking handled by ReaderHealthManager :: {"paymentIntentId":"pi_3Scf3gLsBgg9CC4614mf4Lft","reason":"confirm_payment_error","errorCode":"TransactionDeclinedByStripeAPI"}
2025-12-10T04:31:59.410Z [ERROR]:[FE-1765341119409]: Confirm Payment Intent :: "Your card was declined. Your request used a real card while testing. For a list of valid test cards, visit: https://stripe.com/docs/testing."
2025-12-10T04:31:59.411Z [INFO]:[FE-1765341119409]: ðŸ—‘ï¸ [Error Recovery] Canceling payment intent and resetting transaction :: {"paymentIntentId":"pi_3Scf3gLsBgg9CC4614mf4Lft","reason":"payment_error_TransactionDeclinedByStripeAPI"}
2025-12-10T04:31:59.411Z [INFO]:[1765341119409]: ðŸ—‘ï¸ [Native] Canceling collect payment method :: {"paymentIntentId":"pi_3Scf3gLsBgg9CC4614mf4Lft"}
2025-12-10T04:31:59.411Z [INFO]:[FE-1765341119409]: PaymentProcessingScreen :: "PaymentProcessingScreen"
2025-12-10T04:31:59.412Z [INFO]:[FE-1765341119409]: PaymentProcessingScreen:displayPaymentProcessingAnimation:  :: {"error":{"title":"Confirm Payment Intent","message":"Your card was declined. Your request used a real card while testing. For a list of valid test cards, visit: https://stripe.com/docs/testing.","code":"TransactionDeclinedByStripeAPI","suppressDialog":true}}
2025-12-10T04:31:59.416Z [INFO]:[1765341119409]: âœ… [Native] Collect payment method canceled successfully :: {"paymentIntentId":"pi_3Scf3gLsBgg9CC4614mf4Lft"}
2025-12-10T04:31:59.417Z [INFO]:[1765341119409]: ðŸ—‘ï¸ [Native] Canceling payment intent :: {"paymentIntentId":"pi_3Scf3gLsBgg9CC4614mf4Lft"}
2025-12-10T04:31:59.418Z [INFO]:[FE-1765341119417]: ðŸ—‘ï¸ [Payment Intent] Collect payment method canceled :: {"paymentIntentId":"pi_3Scf3gLsBgg9CC4614mf4Lft"}
2025-12-10T04:31:59.418Z [INFO]:[FE-1765341119417]: PaymentProcessingScreen :: "PaymentProcessingScreen"
2025-12-10T04:31:59.419Z [INFO]:[FE-1765341119417]: PaymentProcessingScreen:displayPaymentProcessingAnimation:  :: {"paymentProcessingStatus":"initialized"}
2025-12-10T04:31:59.421Z [INFO]:[FE-1765341119419]: â±ï¸ [Payment Intent Timeout] Tracking handled by ReaderHealthManager :: {"paymentIntentId":"pi_3Scf3gLsBgg9CC4614mf4Lft","reason":"payment_canceled"}
2025-12-10T04:31:59.743Z [INFO]:[1765341119409]: â„¹ï¸ [Native] Payment intent not in cancelable state, skipping :: {"paymentIntentId":"pi_3Scf3gLsBgg9CC4614mf4Lft","status":"requiresPaymentMethod"}
2025-12-10T04:31:59.746Z [INFO]:[FE-1765341119745]: ðŸ—‘ï¸ [Payment Intent] Canceled :: {"paymentIntentId":"pi_3Scf3gLsBgg9CC4614mf4Lft"}
2025-12-10T04:31:59.914Z [INFO]:[FE-1765341119911]: âœ… [Error Recovery] Transaction reset complete - ready for fresh start :: {"reason":"payment_error_TransactionDeclinedByStripeAPI"}
2025-12-10T04:31:59.915Z [INFO]:[FE-1765341119912]: PaymentProcessingScreen :: "PaymentProcessingScreen"
2025-12-10T04:31:59.916Z [INFO]:[FE-1765341119912]: PaymentProcessingScreen:displayPaymentProcessingAnimation:  :: {"paymentProcessingStatus":"initialized"}
2025-12-10T04:32:06.815Z [INFO]:[FE-1765341126813]: PaymentProcessingScreen :: "PaymentProcessingScreen"
2025-12-10T04:32:06.816Z [INFO]:[FE-1765341126813]: PaymentProcessingScreen:displayPaymentProcessingAnimation:  :: {"paymentProcessingStatus":"initialized"}
2025-12-10T04:32:24.667Z [INFO]:[ASYNC]: readerSoftwareUpdateProgress After finish :  :: ""
2025-12-10T04:32:24.669Z [INFO]:[1765341144661]: handleGetConnectedReader :: {"id":"tmr_GTRUOgzsHvQ1cu","locationId":"tml_Enq6AmuRiHOSAi","label":null,"batteryLevel":0.7300000190734863,"serialNumber":"CHB20Y118005205","locationStatus":"set","ipAddress":null,"deviceSoftwareVersion":"1.03.00.09-SZZZ_Generic_Y_v3-300001","isCharging":false,"deviceType":"chipper2X","availableUpdate":null,"location":{"displayNameKanji":null,"displayNameKana":null,"livemode":false,"addressKanji":null,"address":{"city":"San Diego","country":"US","postalCode":"92117","line2":"","town":null,"state":"CA","line1":"6666 Beadnell Way Unit 8"},"addressKana":null,"id":"tml_Enq6AmuRiHOSAi","phone":null,"displayName":"ICSD Primary Location"},"batteryStatus":"nominal","simulated":false,"status":"offline"}
2025-12-10T04:32:24.673Z [INFO]:[FE-1765341144671]: Connected Reader :: {"id":"tmr_GTRUOgzsHvQ1cu","locationId":"tml_Enq6AmuRiHOSAi","label":null,"batteryLevel":0.7300000190734863,"serialNumber":"CHB20Y118005205","locationStatus":"set","ipAddress":null,"deviceSoftwareVersion":"1.03.00.09-SZZZ_Generic_Y_v3-300001","isCharging":false,"deviceType":"chipper2X","availableUpdate":null,"location":{"displayNameKanji":null,"displayNameKana":null,"livemode":false,"addressKanji":null,"address":{"city":"San Diego","country":"US","postalCode":"92117","line2":"","town":null,"state":"CA","line1":"6666 Beadnell Way Unit 8"},"addressKana":null,"id":"tml_Enq6AmuRiHOSAi","phone":null,"displayName":"ICSD Primary Location"},"batteryStatus":"nominal","simulated":false,"status":"offline"}
2025-12-10T04:32:24.674Z [INFO]:[FE-1765341144672]: ReaderHealthManager:DiscoveredReaderChange:  :: {"lockedReader":"CHB20Y118005205","connectingToReader":false,"connectedReader":"CHB20Y118005205","readerDiscoveryStatus":"","readerConnectionStatus":"connected","discoveredReaders":[]}
2025-12-10T04:32:25.667Z [INFO]:[FE-1765341145664]: ReaderHealthManager:HealthCheck: :: {"terminalName":"","lockedReader":"CHB20Y118005205","connectedReader":"unknown","isConnected":false,"isReady":false,"sdkOnline":false,"isReaderOnline":false,"offlineModePreference":"disabled","stripeOfflineModeEnabled":false,"offlineModeEnabled":false,"offlinePaymentsCount":0,"recoveryType":null,"attemptCount":0,"timeSinceFirstFailure":"N/A","readerBatteryLevel":"","discoveredReadersSize":0,"connectedToWifi":"No","isInternetReachable":"No"}
2025-12-10T04:32:25.668Z [WARN]:[FE-1765341145664]: ReaderHealthManager: Skipping health check - Terminal not in payment state :: {"currentStateName":"initializeTerminalScreen","isGuidedAccessEnabled":"unknown","filteredCategoriesLength":4}
2025-12-10T04:32:37.354Z [INFO]:[FE-1765341157351]: PaymentProcessingScreen :: "PaymentProcessingScreen"
2025-12-10T04:32:37.354Z [INFO]:[FE-1765341157352]: PaymentProcessingScreen:displayPaymentProcessingAnimation:  :: {"paymentProcessingStatus":"initialized"}
2025-12-10T04:32:42.182Z [INFO]:[FE-1765341162180]: PaymentProcessingScreen :: "PaymentProcessingScreen"
2025-12-10T04:32:42.183Z [INFO]:[FE-1765341162180]: PaymentProcessingScreen:displayPaymentProcessingAnimation:  :: {"paymentProcessingStatus":"initialized"}