2025-12-24T05:38:51.373Z [INFO]:[ASYNC]: isGuidedAccessEnabled :: false
2025-12-24T05:38:51.373Z [INFO]:[ASYNC]: netInfoState :: {}
2025-12-24T05:38:51.374Z [INFO]:[ASYNC]: Start fetchTokenProvider :: {"fetchURL":"https://sandbox.api.goodbricks.app/stripe/connection-token?organizationPublicId="}
2025-12-24T05:38:51.374Z [INFO]:[ASYNC]: Start fetchTokenProvider :: {"fetchURL":"https://sandbox.api.goodbricks.app/stripe/connection-token?organizationPublicId="}
2025-12-24T05:38:51.374Z [INFO]:[ASYNC]: netInfoState :: {"type":"wifi","isConnected":true,"details":{"ipAddress":"192.168.5.197","subnet":"255.255.252.0","isConnectionExpensive":false},"isInternetReachable":null}
2025-12-24T05:38:51.374Z [INFO]:[ASYNC]: netInfoState :: {"type":"wifi","isConnected":true,"details":{"ipAddress":"192.168.5.197","subnet":"255.255.252.0","isConnectionExpensive":false},"isInternetReachable":null}
2025-12-24T05:38:51.455Z [INFO]:[ASYNC]: netInfoState :: {"type":"wifi","isConnected":true,"details":{"ipAddress":"192.168.5.197","subnet":"255.255.252.0","isConnectionExpensive":false},"isInternetReachable":true}
2025-12-24T05:38:55.565Z [INFO]:[ASYNC]: Done fetchTokenProvider :: {"connectionToken":"pst_test_YWNjdF8xTzVDZGlScUJ4TEFaalp6LE5FdVR1SzJOYkJsVEg0blFoR3hNNGh2d3dnbmxkc2I_00vON9Uriu","locationId":"tml_FyMhQgmff3KC7P","applicationFeesCapInCents":3000,"applicationFeesInPercent":1,"receiptAmountThresholdInDollars":50}
2025-12-24T05:38:55.567Z [INFO]:[ASYNC]: Updated fetchTokenProvider :: {"organization":{"message":"Internal server error"},"environment":"sandbox"}
2025-12-24T05:38:56.419Z [INFO]:[1766554736417]: Discovering Readers. readerType: bluetooth, discoveryMethod: bluetoothScan, isSimulator: false :: ""
2025-12-24T05:38:56.423Z [INFO]:[FE-1766554736422]: Discovering readers :: "discovering readers"
2025-12-24T05:38:56.432Z [INFO]:[ASYNC]: onDidChangeConnectionStatus :: "discovering"
2025-12-24T05:38:56.441Z [INFO]:[FE-1766554736438]: Reader Connection Status :: "discovering"
2025-12-24T05:38:56.645Z [INFO]:[ASYNC]: Start fetchTokenProvider :: {"fetchURL":"https://sandbox.api.goodbricks.app/stripe/connection-token?organizationPublicId=irusa.org"}
2025-12-24T05:38:57.100Z [INFO]:[ASYNC]: Done fetchTokenProvider :: {"connectionToken":"pst_test_YWNjdF8xTzVDZGlScUJ4TEFaalp6LDc1Y0xTTHlOak5GOGxTSjZkN1dmalYyR3RQZ0NaMkI_00F26gR9Mu","locationId":"tml_FyMhQgmff3KC7P","applicationFeesCapInCents":3000,"applicationFeesInPercent":1,"receiptAmountThresholdInDollars":50}
2025-12-24T05:38:57.416Z [INFO]:[ASYNC]: onUpdateDiscoveredReaders :: [{"status":"offline","simulated":false,"batteryStatus":"unknown","location":null,"availableUpdate":null,"deviceType":"stripeM2","isCharging":null,"deviceSoftwareVersion":null,"ipAddress":null,"locationStatus":"notSet","serialNumber":"STRM26142024283","batteryLevel":null,"label":null,"locationId":null,"id":null}]
2025-12-24T05:38:57.420Z [INFO]:[FE-1766554737419]: Discovered Readers :: [{"status":"offline","simulated":false,"batteryStatus":"unknown","location":null,"availableUpdate":null,"deviceType":"stripeM2","isCharging":null,"deviceSoftwareVersion":null,"ipAddress":null,"locationStatus":"notSet","serialNumber":"STRM26142024283","batteryLevel":null,"label":null,"locationId":null,"id":null}]
2025-12-24T05:38:57.425Z [INFO]:[FE-1766554737424]: ReaderHealthManager:DiscoveredReaderChange:  :: {"lockedReader":"STRM26142024283","connectingToReader":false,"readerDiscoveryStatus":"discovering-readers","readerConnectionStatus":"discovering","discoveredReaders":[{"status":"offline","simulated":false,"batteryStatus":"unknown","location":null,"availableUpdate":null,"deviceType":"stripeM2","isCharging":null,"deviceSoftwareVersion":null,"ipAddress":null,"locationStatus":"notSet","serialNumber":"STRM26142024283","batteryLevel":null,"label":null,"locationId":null,"id":null}]}
2025-12-24T05:39:01.321Z [INFO]:[1766554741319]: handleConnectReader  :: {"payload":{"serialNumber":"STRM26142024283","offlineModePreference":"disabled","readerType":"bluetooth"},"discoveredReaders":[{"status":"offline","simulated":false,"batteryStatus":"unknown","location":null,"availableUpdate":null,"deviceType":"stripeM2","isCharging":null,"deviceSoftwareVersion":null,"ipAddress":null,"locationStatus":"notSet","serialNumber":"STRM26142024283","batteryLevel":null,"label":null,"locationId":null,"id":null}]}
2025-12-24T05:39:01.323Z [INFO]:[1766554741319]: handleConnectBluetoothReader  :: {"selectReader":{"status":"offline","simulated":false,"batteryStatus":"unknown","location":null,"availableUpdate":null,"deviceType":"stripeM2","isCharging":null,"deviceSoftwareVersion":null,"ipAddress":null,"locationStatus":"notSet","serialNumber":"STRM26142024283","batteryLevel":null,"label":null,"locationId":null,"id":null},"offlineModePreference":"disabled"}
2025-12-24T05:39:01.324Z [INFO]:[1766554741319]: Offline mode preference: disabled, enabling: false :: {}
2025-12-24T05:39:01.440Z [INFO]:[1766554736417]: discovering readers :: "started"
2025-12-24T05:39:01.448Z [INFO]:[ASYNC]: onDidChangeConnectionStatus :: "connecting"
2025-12-24T05:39:01.459Z [INFO]:[FE-1766554741456]: Canceled Discovering Readers :: "onFinishDiscoveringReaders error undefined"
2025-12-24T05:39:01.460Z [INFO]:[FE-1766554741457]: Discovered Readers :: [{"status":"offline","simulated":false,"batteryStatus":"unknown","location":null,"availableUpdate":null,"deviceType":"stripeM2","isCharging":null,"deviceSoftwareVersion":null,"ipAddress":null,"locationStatus":"notSet","serialNumber":"STRM26142024283","batteryLevel":null,"label":null,"locationId":null,"id":null}]
2025-12-24T05:39:01.461Z [INFO]:[FE-1766554741458]: ReaderHealthManager:DiscoveredReaderChange:  :: {"lockedReader":"STRM26142024283","connectingToReader":false,"readerDiscoveryStatus":"canceled-discovering-readers","readerConnectionStatus":"discovering","discoveredReaders":[{"status":"offline","simulated":false,"batteryStatus":"unknown","location":null,"availableUpdate":null,"deviceType":"stripeM2","isCharging":null,"deviceSoftwareVersion":null,"ipAddress":null,"locationStatus":"notSet","serialNumber":"STRM26142024283","batteryLevel":null,"label":null,"locationId":null,"id":null}]}
2025-12-24T05:39:01.462Z [INFO]:[FE-1766554741458]: Discovering readers :: "discovering readers"
2025-12-24T05:39:01.466Z [INFO]:[FE-1766554741459]: Reader Connection Status :: "connecting"
2025-12-24T05:39:03.011Z [INFO]:[ASYNC]: Start fetchTokenProvider :: {"fetchURL":"https://sandbox.api.goodbricks.app/stripe/connection-token?organizationPublicId=irusa.org"}
2025-12-24T05:39:03.348Z [INFO]:[ASYNC]: Done fetchTokenProvider :: {"connectionToken":"pst_test_YWNjdF8xTzVDZGlScUJ4TEFaalp6LG5sa0RxeGdHakZTNjdlaW85NE1LNXdWcXc1d2kyVGw_000henW87P","locationId":"tml_FyMhQgmff3KC7P","applicationFeesCapInCents":3000,"applicationFeesInPercent":1,"receiptAmountThresholdInDollars":50}
2025-12-24T05:39:04.175Z [INFO]:[ASYNC]: Start fetchTokenProvider :: {"fetchURL":"https://sandbox.api.goodbricks.app/stripe/connection-token?organizationPublicId=irusa.org"}
2025-12-24T05:39:04.577Z [INFO]:[ASYNC]: Done fetchTokenProvider :: {"connectionToken":"pst_test_YWNjdF8xTzVDZGlScUJ4TEFaalp6LGVoSERvcWlHN1NXV0J6QVliWlI4SHo2T1lJNndueUY_00gK95Fycg","locationId":"tml_FyMhQgmff3KC7P","applicationFeesCapInCents":3000,"applicationFeesInPercent":1,"receiptAmountThresholdInDollars":50}
2025-12-24T05:39:04.939Z [INFO]:[ASYNC]: onDidChangeOfflineStatus:  :: {"sdk":{"offlinePaymentAmountsByCurrency":{},"networkStatus":"online","offlinePaymentsCount":0}}
2025-12-24T05:39:04.942Z [INFO]:[FE-1766554744941]: Reader Offline Status :: {"sdk":{"offlinePaymentAmountsByCurrency":{},"networkStatus":"online","offlinePaymentsCount":0}}
2025-12-24T05:39:05.891Z [INFO]:[ASYNC]: onDidChangeConnectionStatus :: "connected"
2025-12-24T05:39:05.892Z [INFO]:[ASYNC]: Battery Level:  :: 0.15000000596046448
2025-12-24T05:39:05.893Z [INFO]:[ASYNC]: onDidChangePaymentStatus:  :: "ready"
2025-12-24T05:39:05.896Z [INFO]:[1766554741319]: Reader connected successfully :: {"status":"offline","simulated":false,"batteryStatus":"low","location":{"displayName":"Primary","phone":null,"id":"tml_FyMhQgmff3KC7P","addressKana":null,"address":{"line1":"3655 Wheeler Avenue","state":"VA","town":null,"line2":"","postalCode":"22304","country":"US","city":"Alexandria"},"addressKanji":null,"livemode":false,"displayNameKana":null,"displayNameKanji":null},"availableUpdate":null,"deviceType":"stripeM2","isCharging":false,"deviceSoftwareVersion":"2.01.00.38-SZZZ_Prod_US_v12-481001","ipAddress":null,"locationStatus":"set","serialNumber":"STRM26142024283","batteryLevel":0.15000000596046448,"label":null,"locationId":"tml_FyMhQgmff3KC7P","id":"tmr_GUg8wYOSc9I19D"}
2025-12-24T05:39:05.898Z [INFO]:[1766554741319]: Fetched offline status after reader connection :: {"sdk":{"offlinePaymentsCount":0,"networkStatus":"online","offlinePaymentAmountsByCurrency":{}}}
2025-12-24T05:39:05.902Z [WARN]:[1766554741319]: cancelDiscovering error :: {"code":"CancelFailedAlreadyCompleted","message":"discoverReaders could not be canceled because the command has already been canceled or has completed."}
2025-12-24T05:39:05.902Z [INFO]:[FE-1766554745898]: Reader Connection Status :: "connected"
2025-12-24T05:39:05.902Z [INFO]:[FE-1766554745899]: Battery Level Update :: {"batteryLevel":0.15000000596046448,"isCharging":false,"batteryStatus":"low"}
2025-12-24T05:39:05.902Z [INFO]:[FE-1766554745899]: Battery Level Update :: 0.15000000596046448
2025-12-24T05:39:05.903Z [INFO]:[FE-1766554745899]: Reader Connected :: {"status":"offline","simulated":false,"batteryStatus":"low","location":{"displayName":"Primary","phone":null,"id":"tml_FyMhQgmff3KC7P","addressKana":null,"address":{"line1":"3655 Wheeler Avenue","state":"VA","town":null,"line2":"","postalCode":"22304","country":"US","city":"Alexandria"},"addressKanji":null,"livemode":false,"displayNameKana":null,"displayNameKanji":null},"availableUpdate":null,"deviceType":"stripeM2","isCharging":false,"deviceSoftwareVersion":"2.01.00.38-SZZZ_Prod_US_v12-481001","ipAddress":null,"locationStatus":"set","serialNumber":"STRM26142024283","batteryLevel":0.15000000596046448,"label":null,"locationId":"tml_FyMhQgmff3KC7P","id":"tmr_GUg8wYOSc9I19D"}
2025-12-24T05:39:05.903Z [INFO]:[FE-1766554745900]: ReaderHealthManager:ConnectedReader:  :: {"connectedReader":"STRM26142024283","readerStatus":"offline","readerConnectionStatus":"connected","connectingToReader":false}
2025-12-24T05:39:05.904Z [INFO]:[FE-1766554745902]: Reader Offline Status :: {"sdk":{"offlinePaymentsCount":0,"networkStatus":"online","offlinePaymentAmountsByCurrency":{}}}
2025-12-24T05:39:05.905Z [INFO]:[1766554741319]: cancelDiscoverReaders :: "done"
2025-12-24T05:39:05.906Z [INFO]:[FE-1766554745905]: Canceled Discovering Readers :: "canceled discover readers"
2025-12-24T05:39:07.145Z [INFO]:[FE-1766554747143]: ðŸŽ¯ [Payment Session] Screen unmounting - was active screen :: {"screenName":"showConnectReaderScreen","mountTimestamp":1766554734555,"willResetState":true}
2025-12-24T05:39:07.147Z [INFO]:[FE-1766554747146]: ðŸ”„ [State Machine] State changed :: {"currentState":"showArrangeCategoriesScreen","matches_initializeTerminalScreen":false,"matches_paymentLayouts":false,"matches_paymentFlow":false,"fullStateValue":"\"showArrangeCategoriesScreen\""}
2025-12-24T05:39:10.219Z [INFO]:[FE-1766554750216]: ðŸ”„ [State Machine] State changed :: {"currentState":"showTerminalConfigurationScreen","matches_initializeTerminalScreen":false,"matches_paymentLayouts":false,"matches_paymentFlow":false,"fullStateValue":"\"showTerminalConfigurationScreen\""}
2025-12-24T05:39:12.260Z [INFO]:[FE-1766554752259]: ðŸŽ¯ [Payment Session] Entering initialization screen - isInPaymentSession set to false :: {"screenName":"initializeLayoutToLoad","mountTimestamp":1766554752256,"previousScreen":null}
2025-12-24T05:39:12.261Z [INFO]:[FE-1766554752260]: ðŸ”„ [State Machine] State changed :: {"currentState":{"paymentLayouts":"initializeLayoutToLoad"},"matches_initializeTerminalScreen":false,"matches_paymentLayouts":true,"matches_paymentFlow":false,"fullStateValue":"{\"paymentLayouts\":\"initializeLayoutToLoad\"}"}
2025-12-24T05:39:12.264Z [INFO]:[FE-1766554752263]: ðŸŽ¯ [Payment Session] Screen unmounting - was active screen :: {"screenName":"initializeLayoutToLoad","mountTimestamp":1766554752256,"willResetState":true}
2025-12-24T05:39:12.265Z [INFO]:[FE-1766554752263]: ðŸŽ¯ [Payment Session] Entering payment screen - isInPaymentSession set to true :: {"screenName":"showSelectCategoryScreen","mountTimestamp":1766554752260,"previousScreen":null}
2025-12-24T05:39:12.266Z [INFO]:[FE-1766554752263]: SelectCategoryScreen :: {"transaction":{"paymentIntentId":"","paymentIntentCreatedAt":null,"paymentProcessingStatus":"ready","subscribe":false,"setupIntent":{},"payload":{}},"context":{"customerEmail":"","customerName":"","totalAmount":"","category":{}}}
2025-12-24T05:39:12.270Z [INFO]:[FE-1766554752264]: ðŸ”„ [State Machine] State changed :: {"currentState":{"paymentLayouts":{"multiPageLayout":"showSelectCategoryScreen"}},"matches_initializeTerminalScreen":false,"matches_paymentLayouts":true,"matches_paymentFlow":false,"fullStateValue":"{\"paymentLayouts\":{\"multiPageLayout\":\"showSelectCategoryScreen\"}}"}
2025-12-24T05:39:13.699Z [INFO]:[FE-1766554753697]: ðŸŽ¯ [Payment Session] Screen unmounting - was active screen :: {"screenName":"showSelectCategoryScreen","mountTimestamp":1766554752260,"willResetState":true}
2025-12-24T05:39:13.700Z [INFO]:[FE-1766554753698]: ðŸŽ¯ [Payment Session] Entering payment screen - isInPaymentSession set to true :: {"screenName":"showEnterAmountScreen","mountTimestamp":1766554753689,"previousScreen":null}
2025-12-24T05:39:13.701Z [INFO]:[FE-1766554753699]: ðŸ”„ [State Machine] State changed :: {"currentState":{"paymentLayouts":{"multiPageLayout":"showEnterAmountScreen"}},"matches_initializeTerminalScreen":false,"matches_paymentLayouts":true,"matches_paymentFlow":false,"fullStateValue":"{\"paymentLayouts\":{\"multiPageLayout\":\"showEnterAmountScreen\"}}"}
2025-12-24T05:39:18.429Z [INFO]:[1766554758425]: ðŸ”„ [Native] Creating payment intent :: {"amount":5175,"offlineBehavior":"require_online","offlineModePreference":"disabled","shouldEnableOfflineMode":false,"networkStatus":{"type":"wifi","isConnected":true,"details":{"ipAddress":"192.168.5.197","subnet":"255.255.252.0","isConnectionExpensive":false},"isInternetReachable":true}}
2025-12-24T05:39:18.430Z [INFO]:[FE-1766554758427]: PaymentProcessingScreen :: "PaymentProcessingScreen"
2025-12-24T05:39:18.430Z [INFO]:[FE-1766554758427]: PaymentProcessingScreen:displayPaymentProcessingAnimation:  :: {"paymentProcessingStatus":"initialized"}
2025-12-24T05:39:18.430Z [INFO]:[FE-1766554758428]: ðŸŽ¯ [Payment Session] Screen unmounting - was active screen :: {"screenName":"showEnterAmountScreen","mountTimestamp":1766554753689,"willResetState":true}
2025-12-24T05:39:18.431Z [INFO]:[FE-1766554758429]: ðŸŽ¯ [Payment Session] Entering payment screen - isInPaymentSession set to true :: {"screenName":"showPaymentProcessingScreen","mountTimestamp":1766554758427,"previousScreen":null}
2025-12-24T05:39:18.433Z [INFO]:[FE-1766554758429]: ðŸ”„ [State Machine] State changed :: {"currentState":{"paymentFlow":"showPaymentProcessingScreen"},"matches_initializeTerminalScreen":false,"matches_paymentLayouts":false,"matches_paymentFlow":true,"fullStateValue":"{\"paymentFlow\":\"showPaymentProcessingScreen\"}"}
2025-12-24T05:39:18.883Z [INFO]:[1766554758425]: âœ… [Native] Payment intent created successfully :: {"paymentIntentId":"pi_3Shkn4RqBxLAZjZz0MtDidKw"}
2025-12-24T05:39:18.887Z [INFO]:[FE-1766554758886]: âœ… [Payment Intent] Created :: {"paymentIntentId":"pi_3Shkn4RqBxLAZjZz0MtDidKw","previousPaymentIntentId":""}
2025-12-24T05:39:18.888Z [INFO]:[FE-1766554758887]: â±ï¸ [Payment Intent Timeout] Tracking handled by ReaderHealthManager :: {"paymentIntentId":"pi_3Shkn4RqBxLAZjZz0MtDidKw","createdAt":1766554758884}
2025-12-24T05:39:18.894Z [INFO]:[ASYNC]: onDidChangePaymentStatus:  :: "waitingForInput"
2025-12-24T05:39:18.897Z [INFO]:[FE-1766554758896]: PaymentProcessingScreen :: "PaymentProcessingScreen"
2025-12-24T05:39:18.897Z [INFO]:[FE-1766554758896]: PaymentProcessingScreen:displayPaymentProcessingAnimation:  :: {"paymentProcessingStatus":"waitingForInput"}
2025-12-24T05:39:18.905Z [INFO]:[FE-1766554758904]: ðŸ”„ [Keepalive] Starting keepalive pings :: {"paymentIntentId":"pi_3Shkn4RqBxLAZjZz0MtDidKw","readerPaymentStatus":"waitingForInput","readerSerial":"STRM26142024283","intervalSeconds":30}
2025-12-24T05:39:18.905Z [INFO]:[FE-1766554758904]: ðŸ”„ [Keepalive] Sending keepalive ping :: {"timeSinceLastKeepalive":"1766554759s","paymentIntentId":"pi_3Shkn4RqBxLAZjZz0MtDidKw","readerSerial":"STRM26142024283"}
2025-12-24T05:39:18.906Z [INFO]:[ASYNC]: readerSoftwareUpdateProgress After finish :  :: ""
2025-12-24T05:39:18.921Z [INFO]:[1766554758904]: handleGetConnectedReader :: {"id":"tmr_GUg8wYOSc9I19D","locationId":"tml_FyMhQgmff3KC7P","label":null,"batteryLevel":0.15000000596046448,"serialNumber":"STRM26142024283","locationStatus":"set","ipAddress":null,"deviceSoftwareVersion":"2.01.00.38-SZZZ_Prod_US_v12-481001","isCharging":false,"deviceType":"stripeM2","availableUpdate":null,"location":{"displayNameKanji":null,"displayNameKana":null,"livemode":false,"addressKanji":null,"address":{"city":"Alexandria","country":"US","postalCode":"22304","line2":"","town":null,"state":"VA","line1":"3655 Wheeler Avenue"},"addressKana":null,"id":"tml_FyMhQgmff3KC7P","phone":null,"displayName":"Primary"},"batteryStatus":"low","simulated":false,"status":"offline"}
2025-12-24T05:39:19.344Z [INFO]:[ASYNC]: onDidRequestReaderInput:  :: ["swipeCard","insertCard","tapCard"]
2025-12-24T05:39:19.348Z [INFO]:[FE-1766554759347]: PaymentProcessingScreen :: "PaymentProcessingScreen"
2025-12-24T05:39:19.348Z [INFO]:[FE-1766554759347]: PaymentProcessingScreen:displayPaymentProcessingAnimation:  :: {"paymentProcessingStatus":"readerInput"}
2025-12-24T05:39:22.446Z [INFO]:[ASYNC]: readerSoftwareUpdateProgress After finish :  :: ""
2025-12-24T05:39:22.449Z [INFO]:[1766554762444]: handleGetConnectedReader :: {"id":"tmr_GUg8wYOSc9I19D","locationId":"tml_FyMhQgmff3KC7P","label":null,"batteryLevel":0.15000000596046448,"serialNumber":"STRM26142024283","locationStatus":"set","ipAddress":null,"deviceSoftwareVersion":"2.01.00.38-SZZZ_Prod_US_v12-481001","isCharging":false,"deviceType":"stripeM2","availableUpdate":null,"location":{"displayNameKanji":null,"displayNameKana":null,"livemode":false,"addressKanji":null,"address":{"city":"Alexandria","country":"US","postalCode":"22304","line2":"","town":null,"state":"VA","line1":"3655 Wheeler Avenue"},"addressKana":null,"id":"tml_FyMhQgmff3KC7P","phone":null,"displayName":"Primary"},"batteryStatus":"low","simulated":false,"status":"offline"}
2025-12-24T05:39:22.521Z [INFO]:[FE-1766554762520]: PaymentReaderInputAnimation: Canceling payment intent :: "pi_3Shkn4RqBxLAZjZz0MtDidKw"
2025-12-24T05:39:22.522Z [INFO]:[1766554762520]: ðŸ—‘ï¸ [Native] Canceling collect payment method :: {"paymentIntentId":"pi_3Shkn4RqBxLAZjZz0MtDidKw"}
2025-12-24T05:39:22.527Z [INFO]:[FE-1766554762526]: ðŸŽ¯ [Payment Session] Screen unmounting - was active screen :: {"screenName":"showPaymentProcessingScreen","mountTimestamp":1766554758427,"willResetState":true}
2025-12-24T05:39:22.528Z [INFO]:[FE-1766554762527]: ðŸŽ¯ [Payment Session] Entering payment screen - isInPaymentSession set to true :: {"screenName":"showEnterAmountScreen","mountTimestamp":1766554762522,"previousScreen":null}
2025-12-24T05:39:22.529Z [INFO]:[FE-1766554762527]: ðŸ”„ [Keepalive] Stopping keepalive pings :: undefined
2025-12-24T05:39:22.531Z [INFO]:[FE-1766554762527]: ðŸ”„ [State Machine] State changed :: {"currentState":{"paymentLayouts":{"multiPageLayout":"showEnterAmountScreen"}},"matches_initializeTerminalScreen":false,"matches_paymentLayouts":true,"matches_paymentFlow":false,"fullStateValue":"{\"paymentLayouts\":{\"multiPageLayout\":\"showEnterAmountScreen\"}}"}
2025-12-24T05:39:22.675Z [INFO]:[1766554762520]: âœ… [Native] Collect payment method canceled successfully :: {"paymentIntentId":"pi_3Shkn4RqBxLAZjZz0MtDidKw"}
2025-12-24T05:39:22.677Z [INFO]:[1766554762520]: ðŸ—‘ï¸ [Native] Canceling payment intent :: {"paymentIntentId":"pi_3Shkn4RqBxLAZjZz0MtDidKw"}
2025-12-24T05:39:22.678Z [INFO]:[FE-1766554762677]: ðŸ—‘ï¸ [Payment Intent] Collect payment method canceled :: {"paymentIntentId":"pi_3Shkn4RqBxLAZjZz0MtDidKw"}
2025-12-24T05:39:22.679Z [INFO]:[FE-1766554762678]: â±ï¸ [Payment Intent Timeout] Tracking handled by ReaderHealthManager :: {"paymentIntentId":"pi_3Shkn4RqBxLAZjZz0MtDidKw","reason":"payment_canceled"}
2025-12-24T05:39:22.777Z [INFO]:[ASYNC]: onDidChangePaymentStatus:  :: "ready"
2025-12-24T05:39:22.779Z [INFO]:[1766554758425]: â„¹ï¸ [Native] User canceled Tap to Pay prompt :: {"paymentIntentId":"pi_3Shkn4RqBxLAZjZz0MtDidKw"}
2025-12-24T05:39:22.780Z [INFO]:[1766554758425]: ðŸ—‘ï¸ [Native] Canceling payment intent :: {"paymentIntentId":"pi_3Shkn4RqBxLAZjZz0MtDidKw"}
2025-12-24T05:39:23.057Z [INFO]:[1766554762520]: â„¹ï¸ [Native] Payment intent not in cancelable state, skipping :: {"paymentIntentId":"pi_3Shkn4RqBxLAZjZz0MtDidKw","status":"requiresPaymentMethod"}
2025-12-24T05:39:23.060Z [INFO]:[FE-1766554763059]: ðŸ—‘ï¸ [Payment Intent] Canceled :: {"paymentIntentId":"pi_3Shkn4RqBxLAZjZz0MtDidKw"}
2025-12-24T05:39:23.136Z [INFO]:[1766554758425]: â„¹ï¸ [Native] Payment intent not in cancelable state, skipping :: {"paymentIntentId":"pi_3Shkn4RqBxLAZjZz0MtDidKw","status":"requiresPaymentMethod"}
2025-12-24T05:39:23.138Z [INFO]:[FE-1766554763137]: ðŸ—‘ï¸ [Payment Intent] Canceled :: {"paymentIntentId":"pi_3Shkn4RqBxLAZjZz0MtDidKw"}
2025-12-24T05:39:23.139Z [INFO]:[FE-1766554763138]: â±ï¸ [Payment Intent Timeout] Tracking handled by ReaderHealthManager :: {"paymentIntentId":"pi_3Shkn4RqBxLAZjZz0MtDidKw","reason":"user_canceled_tap_to_pay_prompt"}
2025-12-24T05:39:23.139Z [INFO]:[FE-1766554763138]: ðŸ—‘ï¸ [Payment Intent] User canceled Tap to Pay prompt :: {"paymentIntentId":"pi_3Shkn4RqBxLAZjZz0MtDidKw"}
2025-12-24T05:39:23.451Z [INFO]:[FE-1766554763448]: ReaderHealthManager:HealthCheck: :: {"terminalName":"","lockedReader":"STRM26142024283","connectedReader":"STRM26142024283","isConnected":true,"isReady":true,"sdkOnline":true,"readerPaymentStatus":"ready","offlineModePreference":"disabled","stripeOfflineModeEnabled":true,"offlineModeEnabled":false,"offlinePaymentsCount":0,"recoveryType":null,"attemptCount":0,"timeSinceFirstFailure":"N/A","readerBatteryLevel":0.15000000596046448,"isReaderCharging":false,"discoveredReadersSize":0,"connectedToWifi":"Yes","isInternetReachable":"Yes"}
2025-12-24T05:39:28.494Z [INFO]:[1766554768488]: ðŸ”„ [Native] Creating payment intent :: {"amount":10350,"offlineBehavior":"require_online","offlineModePreference":"disabled","shouldEnableOfflineMode":false,"networkStatus":{"type":"wifi","isConnected":true,"details":{"ipAddress":"192.168.5.197","subnet":"255.255.252.0","isConnectionExpensive":false},"isInternetReachable":true}}
2025-12-24T05:39:28.494Z [INFO]:[FE-1766554768490]: PaymentProcessingScreen :: "PaymentProcessingScreen"
2025-12-24T05:39:28.495Z [INFO]:[FE-1766554768490]: PaymentProcessingScreen:displayPaymentProcessingAnimation:  :: {"error":{"title":"Payment Canceled","message":"You canceled the payment. Tap 'Try Again' to start a new payment.","code":"UserCanceledTapToPay","suppressDialog":true}}
2025-12-24T05:39:28.495Z [INFO]:[FE-1766554768492]: ðŸŽ¯ [Payment Session] Screen unmounting - was active screen :: {"screenName":"showEnterAmountScreen","mountTimestamp":1766554762522,"willResetState":true}
2025-12-24T05:39:28.496Z [INFO]:[FE-1766554768493]: ðŸŽ¯ [Payment Session] Entering payment screen - isInPaymentSession set to true :: {"screenName":"showPaymentProcessingScreen","mountTimestamp":1766554768490,"previousScreen":null}
2025-12-24T05:39:28.498Z [INFO]:[FE-1766554768494]: ðŸ”„ [State Machine] State changed :: {"currentState":{"paymentFlow":"showPaymentProcessingScreen"},"matches_initializeTerminalScreen":false,"matches_paymentLayouts":false,"matches_paymentFlow":true,"fullStateValue":"{\"paymentFlow\":\"showPaymentProcessingScreen\"}"}
2025-12-24T05:39:28.899Z [INFO]:[1766554768488]: âœ… [Native] Payment intent created successfully :: {"paymentIntentId":"pi_3ShknERqBxLAZjZz0oUdiamF"}
2025-12-24T05:39:28.903Z [INFO]:[FE-1766554768902]: âœ… [Payment Intent] Created :: {"paymentIntentId":"pi_3ShknERqBxLAZjZz0oUdiamF","previousPaymentIntentId":""}
2025-12-24T05:39:28.905Z [INFO]:[FE-1766554768904]: â±ï¸ [Payment Intent Timeout] Tracking handled by ReaderHealthManager :: {"paymentIntentId":"pi_3ShknERqBxLAZjZz0oUdiamF","createdAt":1766554768900}
2025-12-24T05:39:28.910Z [INFO]:[ASYNC]: onDidChangePaymentStatus:  :: "waitingForInput"
2025-12-24T05:39:28.913Z [INFO]:[FE-1766554768912]: PaymentProcessingScreen :: "PaymentProcessingScreen"
2025-12-24T05:39:28.914Z [INFO]:[FE-1766554768912]: PaymentProcessingScreen:displayPaymentProcessingAnimation:  :: {"error":{"title":"Payment Canceled","message":"You canceled the payment. Tap 'Try Again' to start a new payment.","code":"UserCanceledTapToPay","suppressDialog":true}}
2025-12-24T05:39:28.914Z [INFO]:[FE-1766554768913]: ðŸ”„ [Keepalive] Starting keepalive pings :: {"paymentIntentId":"pi_3ShknERqBxLAZjZz0oUdiamF","readerPaymentStatus":"waitingForInput","readerSerial":"STRM26142024283","intervalSeconds":30}
2025-12-24T05:39:28.916Z [INFO]:[FE-1766554768913]: ðŸ”„ [Keepalive] Sending keepalive ping :: {"timeSinceLastKeepalive":"10s","paymentIntentId":"pi_3ShknERqBxLAZjZz0oUdiamF","readerSerial":"STRM26142024283"}
2025-12-24T05:39:28.916Z [INFO]:[ASYNC]: readerSoftwareUpdateProgress After finish :  :: ""
2025-12-24T05:39:28.935Z [INFO]:[1766554768913]: handleGetConnectedReader :: {"id":"tmr_GUg8wYOSc9I19D","locationId":"tml_FyMhQgmff3KC7P","label":null,"batteryLevel":0.15000000596046448,"serialNumber":"STRM26142024283","locationStatus":"set","ipAddress":null,"deviceSoftwareVersion":"2.01.00.38-SZZZ_Prod_US_v12-481001","isCharging":false,"deviceType":"stripeM2","availableUpdate":null,"location":{"displayNameKanji":null,"displayNameKana":null,"livemode":false,"addressKanji":null,"address":{"city":"Alexandria","country":"US","postalCode":"22304","line2":"","town":null,"state":"VA","line1":"3655 Wheeler Avenue"},"addressKana":null,"id":"tml_FyMhQgmff3KC7P","phone":null,"displayName":"Primary"},"batteryStatus":"low","simulated":false,"status":"offline"}
2025-12-24T05:39:29.360Z [INFO]:[ASYNC]: onDidRequestReaderInput:  :: ["swipeCard","insertCard","tapCard"]
2025-12-24T05:39:29.362Z [INFO]:[FE-1766554769361]: PaymentProcessingScreen :: "PaymentProcessingScreen"
2025-12-24T05:39:29.363Z [INFO]:[FE-1766554769361]: PaymentProcessingScreen:displayPaymentProcessingAnimation:  :: {"error":{"title":"Payment Canceled","message":"You canceled the payment. Tap 'Try Again' to start a new payment.","code":"UserCanceledTapToPay","suppressDialog":true}}
2025-12-24T05:39:37.501Z [INFO]:[1766554777496]: cancelCollectSetupIntent :: "done"
2025-12-24T05:39:37.503Z [INFO]:[FE-1766554777500]: ðŸŽ¯ [Payment Session] Screen unmounting - was active screen :: {"screenName":"showPaymentProcessingScreen","mountTimestamp":1766554768490,"willResetState":true}
2025-12-24T05:39:37.504Z [INFO]:[FE-1766554777501]: ðŸŽ¯ [Payment Session] Entering payment screen - isInPaymentSession set to true :: {"screenName":"showSelectCategoryScreen","mountTimestamp":1766554777499,"previousScreen":null}
2025-12-24T05:39:37.505Z [INFO]:[FE-1766554777501]: ðŸ”„ [Keepalive] Stopping keepalive pings :: undefined
2025-12-24T05:39:37.505Z [INFO]:[FE-1766554777502]: SelectCategoryScreen :: {"transaction":{"paymentIntentId":"","paymentIntentCreatedAt":null,"paymentProcessingStatus":"initialized","subscribe":false,"setupIntent":{},"payload":{}},"context":{"customerEmail":"","customerName":"","totalAmount":"","category":{}}}
2025-12-24T05:39:37.506Z [INFO]:[FE-1766554777502]: ðŸ”„ [State Machine] State changed :: {"currentState":{"paymentLayouts":{"multiPageLayout":"showSelectCategoryScreen"}},"matches_initializeTerminalScreen":false,"matches_paymentLayouts":true,"matches_paymentFlow":false,"fullStateValue":"{\"paymentLayouts\":{\"multiPageLayout\":\"showSelectCategoryScreen\"}}"}
2025-12-24T05:39:37.507Z [INFO]:[FE-1766554777504]: ðŸ—‘ï¸ [Payment Intent] Collect payment method canceled :: {"paymentIntentId":"cancel Collect Setup Intent"}