2025-12-17T05:09:17.142Z [INFO]:[ASYNC]: Done fetchTokenProvider :: {"connectionToken":"pst_test_YWNjdF8xQU1WY3FMc0JnZzlDQzQ2LEt2bUJyYmhTNE1TQ1oxMjI4NWpPaG11b3g0U2JkU0w_00lMrZ0ZhL","locationId":"tml_Enq6AmuRiHOSAi","applicationFeesCapInCents":3000,"applicationFeesInPercent":1.5,"receiptAmountThresholdInDollars":50}
2025-12-17T05:09:17.150Z [INFO]:[ASYNC]: Updated fetchTokenProvider :: {"organization":{"message":"Internal server error"},"environment":"sandbox"}
2025-12-17T05:09:17.209Z [INFO]:[ASYNC]: Start fetchTokenProvider :: {"fetchURL":"https://sandbox.api.goodbricks.app/stripe/connection-token?organizationPublicId=icsd.org"}
2025-12-17T05:09:17.664Z [INFO]:[ASYNC]: Done fetchTokenProvider :: {"connectionToken":"pst_test_YWNjdF8xQU1WY3FMc0JnZzlDQzQ2LFJYQmpLSTlPWWdkNGNMa1lYM3RZMVJRZEkyNEhhbUE_00p8IU5GFP","locationId":"tml_Enq6AmuRiHOSAi","applicationFeesCapInCents":3000,"applicationFeesInPercent":1.5,"receiptAmountThresholdInDollars":50}
2025-12-17T05:09:18.068Z [INFO]:[ASYNC]: onUpdateDiscoveredReaders :: [{"status":"offline","simulated":false,"batteryStatus":"unknown","location":{"displayName":"ICSD Primary Location","phone":null,"id":"tml_Enq6AmuRiHOSAi","addressKana":null,"address":{"line1":"6666 Beadnell Way Unit 8","state":"CA","town":null,"line2":"","postalCode":"92117","country":"US","city":"San Diego"},"addressKanji":null,"livemode":false,"displayNameKana":null,"displayNameKanji":null},"availableUpdate":null,"deviceType":"stripeM2","isCharging":null,"deviceSoftwareVersion":null,"ipAddress":null,"locationStatus":"set","serialNumber":"STRM26142024283","batteryLevel":null,"label":null,"locationId":"tml_Enq6AmuRiHOSAi","id":null}]
2025-12-17T05:09:18.073Z [INFO]:[FE-1765948158070]: Discovered Readers :: [{"status":"offline","simulated":false,"batteryStatus":"unknown","location":{"displayName":"ICSD Primary Location","phone":null,"id":"tml_Enq6AmuRiHOSAi","addressKana":null,"address":{"line1":"6666 Beadnell Way Unit 8","state":"CA","town":null,"line2":"","postalCode":"92117","country":"US","city":"San Diego"},"addressKanji":null,"livemode":false,"displayNameKana":null,"displayNameKanji":null},"availableUpdate":null,"deviceType":"stripeM2","isCharging":null,"deviceSoftwareVersion":null,"ipAddress":null,"locationStatus":"set","serialNumber":"STRM26142024283","batteryLevel":null,"label":null,"locationId":"tml_Enq6AmuRiHOSAi","id":null}]
2025-12-17T05:09:18.076Z [INFO]:[FE-1765948158073]: ReaderHealthManager:DiscoveredReaderChange:  :: {"lockedReader":"STRM26142024283","connectingToReader":false,"readerDiscoveryStatus":"discovering-readers","readerConnectionStatus":"discovering","discoveredReaders":[{"status":"offline","simulated":false,"batteryStatus":"unknown","location":{"displayName":"ICSD Primary Location","phone":null,"id":"tml_Enq6AmuRiHOSAi","addressKana":null,"address":{"line1":"6666 Beadnell Way Unit 8","state":"CA","town":null,"line2":"","postalCode":"92117","country":"US","city":"San Diego"},"addressKanji":null,"livemode":false,"displayNameKana":null,"displayNameKanji":null},"availableUpdate":null,"deviceType":"stripeM2","isCharging":null,"deviceSoftwareVersion":null,"ipAddress":null,"locationStatus":"set","serialNumber":"STRM26142024283","batteryLevel":null,"label":null,"locationId":"tml_Enq6AmuRiHOSAi","id":null}]}
2025-12-17T05:09:19.316Z [INFO]:[1765948159313]: handleConnectReader  :: {"payload":{"serialNumber":"STRM26142024283","offlineModePreference":"disabled","readerType":"bluetooth"},"discoveredReaders":[{"status":"offline","simulated":false,"batteryStatus":"unknown","location":{"displayName":"ICSD Primary Location","phone":null,"id":"tml_Enq6AmuRiHOSAi","addressKana":null,"address":{"line1":"6666 Beadnell Way Unit 8","state":"CA","town":null,"line2":"","postalCode":"92117","country":"US","city":"San Diego"},"addressKanji":null,"livemode":false,"displayNameKana":null,"displayNameKanji":null},"availableUpdate":null,"deviceType":"stripeM2","isCharging":null,"deviceSoftwareVersion":null,"ipAddress":null,"locationStatus":"set","serialNumber":"STRM26142024283","batteryLevel":null,"label":null,"locationId":"tml_Enq6AmuRiHOSAi","id":null}]}
2025-12-17T05:09:19.320Z [INFO]:[1765948159313]: handleConnectBluetoothReader  :: {"selectReader":{"status":"offline","simulated":false,"batteryStatus":"unknown","location":{"displayName":"ICSD Primary Location","phone":null,"id":"tml_Enq6AmuRiHOSAi","addressKana":null,"address":{"line1":"6666 Beadnell Way Unit 8","state":"CA","town":null,"line2":"","postalCode":"92117","country":"US","city":"San Diego"},"addressKanji":null,"livemode":false,"displayNameKana":null,"displayNameKanji":null},"availableUpdate":null,"deviceType":"stripeM2","isCharging":null,"deviceSoftwareVersion":null,"ipAddress":null,"locationStatus":"set","serialNumber":"STRM26142024283","batteryLevel":null,"label":null,"locationId":"tml_Enq6AmuRiHOSAi","id":null},"offlineModePreference":"disabled"}
2025-12-17T05:09:19.323Z [INFO]:[1765948159313]: Offline mode preference: disabled, enabling: false :: {}
2025-12-17T05:09:19.449Z [INFO]:[1765948156929]: discovering readers :: "started"
2025-12-17T05:09:19.461Z [INFO]:[ASYNC]: onDidChangeConnectionStatus :: "connecting"
2025-12-17T05:09:19.478Z [INFO]:[FE-1765948159472]: Canceled Discovering Readers :: "onFinishDiscoveringReaders error undefined"
2025-12-17T05:09:19.479Z [INFO]:[FE-1765948159473]: Discovered Readers :: [{"status":"offline","simulated":false,"batteryStatus":"unknown","location":{"displayName":"ICSD Primary Location","phone":null,"id":"tml_Enq6AmuRiHOSAi","addressKana":null,"address":{"line1":"6666 Beadnell Way Unit 8","state":"CA","town":null,"line2":"","postalCode":"92117","country":"US","city":"San Diego"},"addressKanji":null,"livemode":false,"displayNameKana":null,"displayNameKanji":null},"availableUpdate":null,"deviceType":"stripeM2","isCharging":null,"deviceSoftwareVersion":null,"ipAddress":null,"locationStatus":"set","serialNumber":"STRM26142024283","batteryLevel":null,"label":null,"locationId":"tml_Enq6AmuRiHOSAi","id":null}]
2025-12-17T05:09:19.479Z [INFO]:[FE-1765948159473]: ReaderHealthManager:DiscoveredReaderChange:  :: {"lockedReader":"STRM26142024283","connectingToReader":false,"readerDiscoveryStatus":"canceled-discovering-readers","readerConnectionStatus":"discovering","discoveredReaders":[{"status":"offline","simulated":false,"batteryStatus":"unknown","location":{"displayName":"ICSD Primary Location","phone":null,"id":"tml_Enq6AmuRiHOSAi","addressKana":null,"address":{"line1":"6666 Beadnell Way Unit 8","state":"CA","town":null,"line2":"","postalCode":"92117","country":"US","city":"San Diego"},"addressKanji":null,"livemode":false,"displayNameKana":null,"displayNameKanji":null},"availableUpdate":null,"deviceType":"stripeM2","isCharging":null,"deviceSoftwareVersion":null,"ipAddress":null,"locationStatus":"set","serialNumber":"STRM26142024283","batteryLevel":null,"label":null,"locationId":"tml_Enq6AmuRiHOSAi","id":null}]}
2025-12-17T05:09:19.480Z [INFO]:[FE-1765948159474]: Discovering readers :: "discovering readers"
2025-12-17T05:09:19.480Z [INFO]:[FE-1765948159474]: Reader Connection Status :: "connecting"
2025-12-17T05:09:21.023Z [INFO]:[FE-1765948161018]: ReaderHealthManager:HealthCheck: :: {"terminalName":"","lockedReader":"STRM26142024283","isConnected":false,"isReady":false,"sdkOnline":true,"readerPaymentStatus":"unknown","isReaderOnline":false,"readerOfflineDuration":"1 min","offlineModePreference":"disabled","stripeOfflineModeEnabled":true,"offlineModeEnabled":false,"offlinePaymentsCount":0,"recoveryType":null,"attemptCount":0,"timeSinceFirstFailure":"N/A","readerBatteryLevel":"","discoveredReadersSize":0,"connectedToWifi":"Yes","isInternetReachable":"Yes"}
2025-12-17T05:09:21.025Z [WARN]:[FE-1765948161019]: ReaderHealthManager: Skipping health check - Not in payment session :: {"isInPaymentSession":false,"isGuidedAccessEnabled":"unknown","filteredCategoriesLength":4}
2025-12-17T05:09:21.145Z [INFO]:[ASYNC]: Start fetchTokenProvider :: {"fetchURL":"https://sandbox.api.goodbricks.app/stripe/connection-token?organizationPublicId=icsd.org"}
2025-12-17T05:09:21.405Z [INFO]:[ASYNC]: Done fetchTokenProvider :: {"connectionToken":"pst_test_YWNjdF8xQU1WY3FMc0JnZzlDQzQ2LFpQYXE5M3hiZnMwNVdrZUdCUXdCUEt5cWRhR1dKZEs_009tt2t669","locationId":"tml_Enq6AmuRiHOSAi","applicationFeesCapInCents":3000,"applicationFeesInPercent":1.5,"receiptAmountThresholdInDollars":50}
2025-12-17T05:09:22.558Z [INFO]:[ASYNC]: onDidChangeOfflineStatus:  :: {"sdk":{"offlinePaymentAmountsByCurrency":{},"networkStatus":"online","offlinePaymentsCount":0}}
2025-12-17T05:09:22.562Z [INFO]:[FE-1765948162561]: Reader Offline Status :: {"sdk":{"offlinePaymentAmountsByCurrency":{},"networkStatus":"online","offlinePaymentsCount":0}}
2025-12-17T05:09:23.336Z [INFO]:[ASYNC]: onDidChangeConnectionStatus :: "connected"
2025-12-17T05:09:23.338Z [INFO]:[ASYNC]: Battery Level:  :: 0.4399999976158142
2025-12-17T05:09:23.339Z [INFO]:[ASYNC]: onDidChangePaymentStatus:  :: "ready"
2025-12-17T05:09:23.342Z [INFO]:[1765948159313]: Reader connected successfully :: {"status":"offline","simulated":false,"batteryStatus":"nominal","location":{"displayName":"ICSD Primary Location","phone":null,"id":"tml_Enq6AmuRiHOSAi","addressKana":null,"address":{"line1":"6666 Beadnell Way Unit 8","state":"CA","town":null,"line2":"","postalCode":"92117","country":"US","city":"San Diego"},"addressKanji":null,"livemode":false,"displayNameKana":null,"displayNameKanji":null},"availableUpdate":null,"deviceType":"stripeM2","isCharging":true,"deviceSoftwareVersion":"2.01.00.38-SZZZ_Prod_US_v12-481001","ipAddress":null,"locationStatus":"set","serialNumber":"STRM26142024283","batteryLevel":0.4399999976158142,"label":null,"locationId":"tml_Enq6AmuRiHOSAi","id":"tmr_GSboQJ8sLseIaJ"}
2025-12-17T05:09:23.344Z [INFO]:[1765948159313]: Fetched offline status after reader connection :: {"sdk":{"offlinePaymentsCount":0,"networkStatus":"online","offlinePaymentAmountsByCurrency":{}}}
2025-12-17T05:09:23.346Z [WARN]:[1765948159313]: cancelDiscovering error :: {"code":"CancelFailedAlreadyCompleted","message":"discoverReaders could not be canceled because the command has already been canceled or has completed."}
2025-12-17T05:09:23.348Z [INFO]:[1765948159313]: cancelDiscoverReaders :: "done"
2025-12-17T05:09:23.348Z [INFO]:[FE-1765948163346]: Reader Connection Status :: "connected"
2025-12-17T05:09:23.349Z [INFO]:[FE-1765948163347]: Battery Level Update :: {"batteryLevel":0.4399999976158142,"isCharging":true,"batteryStatus":"nominal"}
2025-12-17T05:09:23.351Z [INFO]:[FE-1765948163349]: Battery Level Update :: 0.4399999976158142
2025-12-17T05:09:23.351Z [INFO]:[FE-1765948163349]: Reader Connected :: {"status":"offline","simulated":false,"batteryStatus":"nominal","location":{"displayName":"ICSD Primary Location","phone":null,"id":"tml_Enq6AmuRiHOSAi","addressKana":null,"address":{"line1":"6666 Beadnell Way Unit 8","state":"CA","town":null,"line2":"","postalCode":"92117","country":"US","city":"San Diego"},"addressKanji":null,"livemode":false,"displayNameKana":null,"displayNameKanji":null},"availableUpdate":null,"deviceType":"stripeM2","isCharging":true,"deviceSoftwareVersion":"2.01.00.38-SZZZ_Prod_US_v12-481001","ipAddress":null,"locationStatus":"set","serialNumber":"STRM26142024283","batteryLevel":0.4399999976158142,"label":null,"locationId":"tml_Enq6AmuRiHOSAi","id":"tmr_GSboQJ8sLseIaJ"}
2025-12-17T05:09:23.351Z [INFO]:[FE-1765948163349]: ReaderHealthManager:ConnectedReader:  :: {"connectedReader":"STRM26142024283","readerStatus":"offline","readerConnectionStatus":"connected","connectingToReader":false}
2025-12-17T05:09:23.352Z [INFO]:[FE-1765948163349]: Reader Offline Status :: {"sdk":{"offlinePaymentsCount":0,"networkStatus":"online","offlinePaymentAmountsByCurrency":{}}}
2025-12-17T05:09:23.352Z [INFO]:[FE-1765948163349]: Canceled Discovering Readers :: "canceled discover readers"
2025-12-17T05:09:26.666Z [INFO]:[FE-1765948166664]: ðŸŽ¯ [Payment Session] Screen unmounting - was active screen :: {"screenName":"showConnectReaderScreen","mountTimestamp":1765948155529,"willResetState":true}
2025-12-17T05:09:26.669Z [INFO]:[FE-1765948166667]: ðŸ”„ [State Machine] State changed :: {"currentState":"showArrangeCategoriesScreen","matches_initializeTerminalScreen":false,"matches_paymentLayouts":false,"matches_paymentFlow":false,"fullStateValue":"\"showArrangeCategoriesScreen\""}
2025-12-17T05:09:28.866Z [INFO]:[FE-1765948168864]: ðŸ”„ [State Machine] State changed :: {"currentState":"showTerminalConfigurationScreen","matches_initializeTerminalScreen":false,"matches_paymentLayouts":false,"matches_paymentFlow":false,"fullStateValue":"\"showTerminalConfigurationScreen\""}
2025-12-17T05:09:29.695Z [INFO]:[FE-1765948169691]: ðŸŽ¯ [Payment Session] Entering initialization screen - isInPaymentSession set to false :: {"screenName":"initializeLayoutToLoad","mountTimestamp":1765948169688,"previousScreen":null}
2025-12-17T05:09:29.697Z [INFO]:[FE-1765948169692]: ðŸ”„ [State Machine] State changed :: {"currentState":{"paymentLayouts":"initializeLayoutToLoad"},"matches_initializeTerminalScreen":false,"matches_paymentLayouts":true,"matches_paymentFlow":false,"fullStateValue":"{\"paymentLayouts\":\"initializeLayoutToLoad\"}"}
2025-12-17T05:09:29.701Z [INFO]:[FE-1765948169699]: ðŸŽ¯ [Payment Session] Screen unmounting - was active screen :: {"screenName":"initializeLayoutToLoad","mountTimestamp":1765948169688,"willResetState":true}
2025-12-17T05:09:29.701Z [INFO]:[FE-1765948169699]: ðŸŽ¯ [Payment Session] Entering payment screen - isInPaymentSession set to true :: {"screenName":"showReadyToPayScreen","mountTimestamp":1765948169694,"previousScreen":null}
2025-12-17T05:09:29.702Z [INFO]:[FE-1765948169700]: ReadyToPayScreen mounted :: {"category":{"coverFeePercentage":"3.00","coverFees":true,"defaultAmount":"100","defaultAmounts":"2500,1000,750,500","displayOrder":999,"externalCategoryId":null,"id":"masjid-operations-2025","name":"masjid operations 2025","showNotes":false,"slug":"masjid-operations-2025","tags":"","text":"masjid operations 2025"},"amount":13,"context":{}}
2025-12-17T05:09:29.703Z [INFO]:[FE-1765948169700]: ðŸ”„ [State Machine] State changed :: {"currentState":{"paymentLayouts":{"tapToPayLayout":"showReadyToPayScreen"}},"matches_initializeTerminalScreen":false,"matches_paymentLayouts":true,"matches_paymentFlow":false,"fullStateValue":"{\"paymentLayouts\":{\"tapToPayLayout\":\"showReadyToPayScreen\"}}"}
2025-12-17T05:09:29.703Z [INFO]:[FE-1765948169701]: ReadyToPayScreen: Payment status changed :: "initialized"
2025-12-17T05:09:29.704Z [INFO]:[FE-1765948169701]: ReadyToPayScreen: Creating payment intent :: {"reason":"refresh","sdkOnline":true,"offlineModeEnabled":false}
2025-12-17T05:09:29.704Z [INFO]:[FE-1765948169701]: ReadyToPayScreen: Creating payment intent for one-time payment :: {"totalAmount":13,"category":"masjid operations 2025"}
2025-12-17T05:09:29.724Z [INFO]:[1765948169719]: ðŸ”„ [Native] Creating payment intent :: {"amount":1300,"offlineBehavior":"require_online","offlineModePreference":"disabled","shouldEnableOfflineMode":false,"networkStatus":{"type":"wifi","isConnected":true,"details":{"ipAddress":"192.168.7.199","subnet":"255.255.252.0","isConnectionExpensive":false},"isInternetReachable":true}}
2025-12-17T05:09:30.180Z [INFO]:[1765948169719]: âœ… [Native] Payment intent created successfully :: {"paymentIntentId":"pi_3SfCzOLsBgg9CC461UXpDW6F"}
2025-12-17T05:09:30.185Z [INFO]:[FE-1765948170183]: âœ… [Payment Intent] Created :: {"paymentIntentId":"pi_3SfCzOLsBgg9CC461UXpDW6F","previousPaymentIntentId":""}
2025-12-17T05:09:30.188Z [INFO]:[FE-1765948170186]: ReadyToPayScreen: Payment status changed :: "initialized"
2025-12-17T05:09:30.188Z [INFO]:[FE-1765948170186]: â±ï¸ [Payment Intent Timeout] Tracking handled by ReaderHealthManager :: {"paymentIntentId":"pi_3SfCzOLsBgg9CC461UXpDW6F","createdAt":1765948170180}
2025-12-17T05:09:30.194Z [INFO]:[ASYNC]: onDidChangePaymentStatus:  :: "waitingForInput"
2025-12-17T05:09:30.199Z [INFO]:[FE-1765948170198]: ðŸ”„ [Keepalive] Starting keepalive pings :: {"paymentIntentId":"pi_3SfCzOLsBgg9CC461UXpDW6F","readerPaymentStatus":"waitingForInput","readerSerial":"STRM26142024283","intervalSeconds":30}
2025-12-17T05:09:30.200Z [INFO]:[FE-1765948170198]: ðŸ”„ [Keepalive] Sending keepalive ping :: {"timeSinceLastKeepalive":"1765948170s","paymentIntentId":"pi_3SfCzOLsBgg9CC461UXpDW6F","readerSerial":"STRM26142024283"}
2025-12-17T05:09:30.684Z [INFO]:[ASYNC]: onDidRequestReaderInput:  :: ["swipeCard","insertCard","tapCard"]
2025-12-17T05:09:35.571Z [INFO]:[ASYNC]: guidedAccessStatusDidChange:  :: {"enabled":false}
2025-12-17T05:09:35.580Z [INFO]:[ASYNC]: isGuidedAccessEnabled :: false
2025-12-17T05:09:35.586Z [INFO]:[FE-1765948175582]: Guided Access Enabled :: false
2025-12-17T05:09:37.449Z [INFO]:[ASYNC]: guidedAccessStatusDidChange:  :: {"enabled":true}
2025-12-17T05:09:37.454Z [INFO]:[ASYNC]: isGuidedAccessEnabled :: true
2025-12-17T05:09:37.464Z [INFO]:[FE-1765948177458]: Guided Access Enabled :: true
2025-12-17T05:09:51.025Z [INFO]:[FE-1765948191020]: ReaderHealthManager:HealthCheck: :: {"terminalName":"","lockedReader":"STRM26142024283","connectedReader":"STRM26142024283","isConnected":true,"isReady":true,"sdkOnline":true,"readerPaymentStatus":"waitingForInput","isReaderOnline":false,"readerOfflineDuration":"1 min","offlineModePreference":"disabled","stripeOfflineModeEnabled":true,"offlineModeEnabled":false,"offlinePaymentsCount":0,"recoveryType":null,"attemptCount":0,"timeSinceFirstFailure":"N/A","readerBatteryLevel":0.4399999976158142,"isReaderCharging":true,"discoveredReadersSize":0,"connectedToWifi":"Yes","isInternetReachable":"Yes"}
2025-12-17T05:09:51.027Z [WARN]:[FE-1765948191023]: Reader status is offline (cannot reach Stripe backend) :: {"sdkOnline":true,"isReaderOnline":false,"offlineModeEnabled":false}
2025-12-17T05:09:51.032Z [WARN]:[FE-1765948191024]: Health issue detected: reader-offline :: undefined
2025-12-17T05:10:00.207Z [INFO]:[FE-1765948200203]: ðŸ”„ [Keepalive] Sending keepalive ping :: {"timeSinceLastKeepalive":"30s","paymentIntentId":"pi_3SfCzOLsBgg9CC461UXpDW6F","readerSerial":"STRM26142024283"}
2025-12-17T05:10:21.024Z [INFO]:[FE-1765948221019]: ReaderHealthManager:HealthCheck: :: {"terminalName":"","lockedReader":"STRM26142024283","connectedReader":"STRM26142024283","isConnected":true,"isReady":true,"sdkOnline":true,"readerPaymentStatus":"waitingForInput","isReaderOnline":false,"readerOfflineDuration":"2 min","offlineModePreference":"disabled","stripeOfflineModeEnabled":true,"offlineModeEnabled":false,"offlinePaymentsCount":0,"recoveryType":"reader-offline","attemptCount":0,"timeSinceFirstFailure":"1 min","readerBatteryLevel":0.4399999976158142,"isReaderCharging":true,"discoveredReadersSize":0,"connectedToWifi":"Yes","isInternetReachable":"Yes"}
2025-12-17T05:10:21.027Z [WARN]:[FE-1765948221020]: Reader status is offline (cannot reach Stripe backend) :: {"sdkOnline":true,"isReaderOnline":false,"offlineModeEnabled":false}
2025-12-17T05:10:21.028Z [WARN]:[FE-1765948221020]: Recovery attempt #1 for reader-offline (1 min since first failure) :: undefined
2025-12-17T05:10:21.028Z [WARN]:[FE-1765948221020]: Reader status is offline - attempting full reconnection :: undefined
2025-12-17T05:10:21.038Z [INFO]:[FE-1765948221024]: Attempting reader reconnection :: undefined
2025-12-17T05:10:21.038Z [WARN]:[1765948221024]: cancelDiscovering error :: {"message":"discoverReaders could not be canceled because the command has already been canceled or has completed.","code":"CancelFailedAlreadyCompleted"}
2025-12-17T05:10:21.041Z [INFO]:[1765948221024]: cancelDiscoverReaders :: "done"
2025-12-17T05:10:21.043Z [INFO]:[FE-1765948221042]: Canceled Discovering Readers :: "canceled discover readers"
2025-12-17T05:10:24.029Z [INFO]:[1765948224025]: Discovering Readers. readerType: bluetooth, discoveryMethod: bluetoothScan, isSimulator: false :: ""
2025-12-17T05:10:24.039Z [INFO]:[FE-1765948224036]: Discovering readers :: "discovering readers"
2025-12-17T05:10:30.204Z [INFO]:[FE-1765948230200]: ðŸ”„ [Keepalive] Sending keepalive ping :: {"timeSinceLastKeepalive":"30s","paymentIntentId":"pi_3SfCzOLsBgg9CC461UXpDW6F","readerSerial":"STRM26142024283"}
2025-12-17T05:10:51.024Z [INFO]:[FE-1765948251019]: ReaderHealthManager:HealthCheck: :: {"terminalName":"","lockedReader":"STRM26142024283","connectedReader":"STRM26142024283","isConnected":true,"isReady":true,"sdkOnline":true,"readerPaymentStatus":"waitingForInput","isReaderOnline":false,"readerOfflineDuration":"2 min","offlineModePreference":"disabled","stripeOfflineModeEnabled":true,"offlineModeEnabled":false,"offlinePaymentsCount":0,"recoveryType":"reader-offline","attemptCount":1,"timeSinceFirstFailure":"1 min","readerBatteryLevel":0.4399999976158142,"isReaderCharging":true,"discoveredReadersSize":0,"connectedToWifi":"Yes","isInternetReachable":"Yes"}
2025-12-17T05:10:51.026Z [WARN]:[FE-1765948251020]: Reader status is offline (cannot reach Stripe backend) :: {"sdkOnline":true,"isReaderOnline":false,"offlineModeEnabled":false}
2025-12-17T05:10:51.027Z [INFO]:[FE-1765948251020]: Waiting 30s before next recovery attempt #2 :: undefined
2025-12-17T05:11:00.206Z [INFO]:[FE-1765948260201]: ðŸ”„ [Keepalive] Sending keepalive ping :: {"timeSinceLastKeepalive":"30s","paymentIntentId":"pi_3SfCzOLsBgg9CC461UXpDW6F","readerSerial":"STRM26142024283"}
2025-12-17T05:11:21.025Z [INFO]:[FE-1765948281020]: ReaderHealthManager:HealthCheck: :: {"terminalName":"","lockedReader":"STRM26142024283","connectedReader":"STRM26142024283","isConnected":true,"isReady":true,"sdkOnline":true,"readerPaymentStatus":"waitingForInput","isReaderOnline":false,"readerOfflineDuration":"3 min","offlineModePreference":"disabled","stripeOfflineModeEnabled":true,"offlineModeEnabled":false,"offlinePaymentsCount":0,"recoveryType":"reader-offline","attemptCount":1,"timeSinceFirstFailure":"2 min","readerBatteryLevel":0.4399999976158142,"isReaderCharging":true,"discoveredReadersSize":0,"connectedToWifi":"Yes","isInternetReachable":"Yes"}
2025-12-17T05:11:21.027Z [WARN]:[FE-1765948281020]: Reader status is offline (cannot reach Stripe backend) :: {"sdkOnline":true,"isReaderOnline":false,"offlineModeEnabled":false}
2025-12-17T05:11:21.028Z [WARN]:[FE-1765948281020]: Recovery attempt #2 for reader-offline (2 min since first failure) :: undefined
2025-12-17T05:11:21.032Z [WARN]:[FE-1765948281020]: Reader status is offline - attempting full reconnection :: undefined
2025-12-17T05:11:21.034Z [INFO]:[FE-1765948281020]: Attempting reader reconnection :: undefined
2025-12-17T05:11:21.038Z [WARN]:[1765948224025]: Discovering Readers Error (Canceled):  :: {"message":"discoverReaders was canceled.","code":"Canceled"}
2025-12-17T05:11:21.039Z [INFO]:[1765948281020]: cancelDiscoverReaders :: "done"
2025-12-17T05:11:21.040Z [INFO]:[FE-1765948281035]: Canceled Discovering Readers :: "onFinishDiscoveringReaders error discoverReaders was canceled."
2025-12-17T05:11:21.041Z [INFO]:[FE-1765948281036]: Discovered Readers :: []
2025-12-17T05:11:21.044Z [WARN]:[FE-1765948281042]: Discover Readers :: "discoverReaders was canceled."
2025-12-17T05:11:21.045Z [INFO]:[FE-1765948281043]: Canceled Discovering Readers :: "canceled discover readers"
2025-12-17T05:11:24.027Z [INFO]:[1765948284022]: Discovering Readers. readerType: bluetooth, discoveryMethod: bluetoothScan, isSimulator: false :: ""
2025-12-17T05:11:24.039Z [INFO]:[FE-1765948284034]: Discovering readers :: "discovering readers"
2025-12-17T05:11:30.207Z [INFO]:[FE-1765948290202]: ðŸ”„ [Keepalive] Sending keepalive ping :: {"timeSinceLastKeepalive":"30s","paymentIntentId":"pi_3SfCzOLsBgg9CC461UXpDW6F","readerSerial":"STRM26142024283"}
2025-12-17T05:11:51.026Z [INFO]:[FE-1765948311021]: ReaderHealthManager:HealthCheck: :: {"terminalName":"","lockedReader":"STRM26142024283","connectedReader":"STRM26142024283","isConnected":true,"isReady":true,"sdkOnline":true,"readerPaymentStatus":"waitingForInput","isReaderOnline":false,"readerOfflineDuration":"3 min","offlineModePreference":"disabled","stripeOfflineModeEnabled":true,"offlineModeEnabled":false,"offlinePaymentsCount":0,"recoveryType":"reader-offline","attemptCount":2,"timeSinceFirstFailure":"2 min","readerBatteryLevel":0.4399999976158142,"isReaderCharging":true,"discoveredReadersSize":0,"connectedToWifi":"Yes","isInternetReachable":"Yes"}
2025-12-17T05:11:51.028Z [WARN]:[FE-1765948311022]: Reader status is offline (cannot reach Stripe backend) :: {"sdkOnline":true,"isReaderOnline":false,"offlineModeEnabled":false}
2025-12-17T05:11:51.028Z [INFO]:[FE-1765948311022]: Waiting 90s before next recovery attempt #3 :: undefined
2025-12-17T05:12:00.208Z [INFO]:[FE-1765948320203]: ðŸ”„ [Keepalive] Sending keepalive ping :: {"timeSinceLastKeepalive":"30s","paymentIntentId":"pi_3SfCzOLsBgg9CC461UXpDW6F","readerSerial":"STRM26142024283"}
2025-12-17T05:12:21.025Z [INFO]:[FE-1765948341020]: ReaderHealthManager:HealthCheck: :: {"terminalName":"","lockedReader":"STRM26142024283","connectedReader":"STRM26142024283","isConnected":true,"isReady":true,"sdkOnline":true,"readerPaymentStatus":"waitingForInput","isReaderOnline":false,"readerOfflineDuration":"4 min","offlineModePreference":"disabled","stripeOfflineModeEnabled":true,"offlineModeEnabled":false,"offlinePaymentsCount":0,"recoveryType":"reader-offline","attemptCount":2,"timeSinceFirstFailure":"3 min","readerBatteryLevel":0.4399999976158142,"isReaderCharging":true,"discoveredReadersSize":0,"connectedToWifi":"Yes","isInternetReachable":"Yes"}
2025-12-17T05:12:21.028Z [WARN]:[FE-1765948341020]: Reader status is offline (cannot reach Stripe backend) :: {"sdkOnline":true,"isReaderOnline":false,"offlineModeEnabled":false}
2025-12-17T05:12:21.028Z [INFO]:[FE-1765948341020]: Waiting 60s before next recovery attempt #3 :: undefined
2025-12-17T05:12:30.208Z [INFO]:[FE-1765948350203]: ðŸ”„ [Keepalive] Sending keepalive ping :: {"timeSinceLastKeepalive":"30s","paymentIntentId":"pi_3SfCzOLsBgg9CC461UXpDW6F","readerSerial":"STRM26142024283"}
2025-12-17T05:12:51.025Z [INFO]:[FE-1765948371020]: ReaderHealthManager:HealthCheck: :: {"terminalName":"","lockedReader":"STRM26142024283","connectedReader":"STRM26142024283","isConnected":true,"isReady":true,"sdkOnline":true,"readerPaymentStatus":"waitingForInput","isReaderOnline":false,"readerOfflineDuration":"4 min","offlineModePreference":"disabled","stripeOfflineModeEnabled":true,"offlineModeEnabled":false,"offlinePaymentsCount":0,"recoveryType":"reader-offline","attemptCount":2,"timeSinceFirstFailure":"3 min","readerBatteryLevel":0.4399999976158142,"isReaderCharging":true,"discoveredReadersSize":0,"connectedToWifi":"Yes","isInternetReachable":"Yes"}
2025-12-17T05:12:51.027Z [WARN]:[FE-1765948371020]: Reader status is offline (cannot reach Stripe backend) :: {"sdkOnline":true,"isReaderOnline":false,"offlineModeEnabled":false}
2025-12-17T05:12:51.028Z [INFO]:[FE-1765948371020]: Waiting 30s before next recovery attempt #3 :: undefined
2025-12-17T05:13:00.209Z [INFO]:[FE-1765948380204]: ðŸ”„ [Keepalive] Sending keepalive ping :: {"timeSinceLastKeepalive":"30s","paymentIntentId":"pi_3SfCzOLsBgg9CC461UXpDW6F","readerSerial":"STRM26142024283"}
2025-12-17T05:13:21.026Z [INFO]:[FE-1765948401020]: ReaderHealthManager:HealthCheck: :: {"terminalName":"","lockedReader":"STRM26142024283","connectedReader":"STRM26142024283","isConnected":true,"isReady":true,"sdkOnline":true,"readerPaymentStatus":"waitingForInput","isReaderOnline":false,"readerOfflineDuration":"5 min","offlineModePreference":"disabled","stripeOfflineModeEnabled":true,"offlineModeEnabled":false,"offlinePaymentsCount":0,"recoveryType":"reader-offline","attemptCount":2,"timeSinceFirstFailure":"4 min","readerBatteryLevel":0.4399999976158142,"isReaderCharging":true,"discoveredReadersSize":0,"connectedToWifi":"Yes","isInternetReachable":"Yes"}
2025-12-17T05:13:21.028Z [WARN]:[FE-1765948401020]: Reader status is offline (cannot reach Stripe backend) :: {"sdkOnline":true,"isReaderOnline":false,"offlineModeEnabled":false}
2025-12-17T05:13:21.029Z [WARN]:[FE-1765948401020]: Recovery attempt #3 for reader-offline (4 min since first failure) :: undefined
2025-12-17T05:13:21.029Z [WARN]:[FE-1765948401021]: Reader status is offline - attempting full reconnection :: undefined
2025-12-17T05:13:21.035Z [INFO]:[FE-1765948401021]: Attempting reader reconnection :: undefined
2025-12-17T05:13:21.039Z [WARN]:[1765948284022]: Discovering Readers Error (Canceled):  :: {"code":"Canceled","message":"discoverReaders was canceled."}
2025-12-17T05:13:21.040Z [INFO]:[1765948401021]: cancelDiscoverReaders :: "done"
2025-12-17T05:13:21.041Z [INFO]:[FE-1765948401035]: Canceled Discovering Readers :: "onFinishDiscoveringReaders error discoverReaders was canceled."
2025-12-17T05:13:21.043Z [INFO]:[FE-1765948401035]: Discovered Readers :: []
2025-12-17T05:13:21.045Z [WARN]:[FE-1765948401041]: Discover Readers :: "discoverReaders was canceled."
2025-12-17T05:13:21.046Z [INFO]:[FE-1765948401044]: Canceled Discovering Readers :: "canceled discover readers"
2025-12-17T05:13:24.027Z [INFO]:[1765948404023]: Discovering Readers. readerType: bluetooth, discoveryMethod: bluetoothScan, isSimulator: false :: ""
2025-12-17T05:13:24.042Z [INFO]:[FE-1765948404035]: Discovering readers :: "discovering readers"
2025-12-17T05:13:30.209Z [INFO]:[FE-1765948410204]: ðŸ”„ [Keepalive] Sending keepalive ping :: {"timeSinceLastKeepalive":"30s","paymentIntentId":"pi_3SfCzOLsBgg9CC461UXpDW6F","readerSerial":"STRM26142024283"}
2025-12-17T05:13:30.695Z [INFO]:[FE-1765948410690]: ðŸ›¡ï¸ [Safety Monitor] Payment intent safety check :: {"hasPaymentIntent":true,"paymentIntentId":"pi_3SfCzOLsBgg9CC461UXpDW6F","paymentIntentAge":"240s","isInPaymentSession":true,"checkInterval":"60s"}
2025-12-17T05:13:51.029Z [WARN]:[FE-1765948431024]: ðŸ“´ [Reader Offline] Reader has been offline for 5 minutes :: {"readerSerial":"STRM26142024283","sdkOnline":true,"offlineSince":"2025-12-17T05:08:20.028Z","durationMinutes":5}
2025-12-17T05:13:51.031Z [INFO]:[FE-1765948431025]: ReaderHealthManager:HealthCheck: :: {"terminalName":"","lockedReader":"STRM26142024283","connectedReader":"STRM26142024283","isConnected":true,"isReady":true,"sdkOnline":true,"readerPaymentStatus":"waitingForInput","isReaderOnline":false,"readerOfflineDuration":"5 min","offlineModePreference":"disabled","stripeOfflineModeEnabled":true,"offlineModeEnabled":false,"offlinePaymentsCount":0,"recoveryType":"reader-offline","attemptCount":3,"timeSinceFirstFailure":"4 min","readerBatteryLevel":0.4399999976158142,"isReaderCharging":true,"discoveredReadersSize":0,"connectedToWifi":"Yes","isInternetReachable":"Yes"}
2025-12-17T05:13:51.033Z [WARN]:[FE-1765948431025]: Reader status is offline (cannot reach Stripe backend) :: {"sdkOnline":true,"isReaderOnline":false,"offlineModeEnabled":false}
2025-12-17T05:13:51.033Z [INFO]:[FE-1765948431025]: Waiting 270s before next recovery attempt #4 :: undefined
2025-12-17T05:14:00.210Z [INFO]:[FE-1765948440206]: ðŸ”„ [Keepalive] Sending keepalive ping :: {"timeSinceLastKeepalive":"30s","paymentIntentId":"pi_3SfCzOLsBgg9CC461UXpDW6F","readerSerial":"STRM26142024283"}
2025-12-17T05:14:21.026Z [INFO]:[FE-1765948461021]: ReaderHealthManager:HealthCheck: :: {"terminalName":"","lockedReader":"STRM26142024283","connectedReader":"STRM26142024283","isConnected":true,"isReady":true,"sdkOnline":true,"readerPaymentStatus":"waitingForInput","isReaderOnline":false,"readerOfflineDuration":"6 min","offlineModePreference":"disabled","stripeOfflineModeEnabled":true,"offlineModeEnabled":false,"offlinePaymentsCount":0,"recoveryType":"reader-offline","attemptCount":3,"timeSinceFirstFailure":"5 min","readerBatteryLevel":0.4399999976158142,"isReaderCharging":true,"discoveredReadersSize":0,"connectedToWifi":"Yes","isInternetReachable":"Yes"}
2025-12-17T05:14:21.028Z [WARN]:[FE-1765948461021]: Reader status is offline (cannot reach Stripe backend) :: {"sdkOnline":true,"isReaderOnline":false,"offlineModeEnabled":false}
2025-12-17T05:14:21.029Z [INFO]:[FE-1765948461021]: Waiting 240s before next recovery attempt #4 :: undefined
2025-12-17T05:14:30.208Z [INFO]:[FE-1765948470206]: ðŸ”„ [Keepalive] Sending keepalive ping :: {"timeSinceLastKeepalive":"30s","paymentIntentId":"pi_3SfCzOLsBgg9CC461UXpDW6F","readerSerial":"STRM26142024283"}
2025-12-17T05:14:51.029Z [INFO]:[FE-1765948491025]: ReaderHealthManager:HealthCheck: :: {"terminalName":"","lockedReader":"STRM26142024283","connectedReader":"STRM26142024283","isConnected":true,"isReady":true,"sdkOnline":true,"readerPaymentStatus":"waitingForInput","isReaderOnline":false,"readerOfflineDuration":"6 min","offlineModePreference":"disabled","stripeOfflineModeEnabled":true,"offlineModeEnabled":false,"offlinePaymentsCount":0,"recoveryType":"reader-offline","attemptCount":3,"timeSinceFirstFailure":"5 min","readerBatteryLevel":0.4399999976158142,"isReaderCharging":true,"discoveredReadersSize":0,"connectedToWifi":"Yes","isInternetReachable":"Yes"}
2025-12-17T05:14:51.030Z [WARN]:[FE-1765948491025]: Reader status is offline (cannot reach Stripe backend) :: {"sdkOnline":true,"isReaderOnline":false,"offlineModeEnabled":false}
2025-12-17T05:14:51.031Z [INFO]:[FE-1765948491025]: Waiting 210s before next recovery attempt #4 :: undefined
2025-12-17T05:15:00.211Z [INFO]:[FE-1765948500207]: ðŸ”„ [Keepalive] Sending keepalive ping :: {"timeSinceLastKeepalive":"30s","paymentIntentId":"pi_3SfCzOLsBgg9CC461UXpDW6F","readerSerial":"STRM26142024283"}
2025-12-17T05:15:21.026Z [INFO]:[FE-1765948521021]: ReaderHealthManager:HealthCheck: :: {"terminalName":"","lockedReader":"STRM26142024283","connectedReader":"STRM26142024283","isConnected":true,"isReady":true,"sdkOnline":true,"readerPaymentStatus":"waitingForInput","isReaderOnline":false,"readerOfflineDuration":"7 min","offlineModePreference":"disabled","stripeOfflineModeEnabled":true,"offlineModeEnabled":false,"offlinePaymentsCount":0,"recoveryType":"reader-offline","attemptCount":3,"timeSinceFirstFailure":"6 min","readerBatteryLevel":0.4399999976158142,"isReaderCharging":true,"discoveredReadersSize":0,"connectedToWifi":"Yes","isInternetReachable":"Yes"}
2025-12-17T05:15:21.029Z [WARN]:[FE-1765948521022]: Reader status is offline (cannot reach Stripe backend) :: {"sdkOnline":true,"isReaderOnline":false,"offlineModeEnabled":false}
2025-12-17T05:15:21.029Z [INFO]:[FE-1765948521022]: Waiting 180s before next recovery attempt #4 :: undefined
2025-12-17T05:15:30.213Z [INFO]:[FE-1765948530208]: ðŸ”„ [Keepalive] Sending keepalive ping :: {"timeSinceLastKeepalive":"30s","paymentIntentId":"pi_3SfCzOLsBgg9CC461UXpDW6F","readerSerial":"STRM26142024283"}
2025-12-17T05:15:39.711Z [INFO]:[ASYNC]: guidedAccessStatusDidChange:  :: {"enabled":false}
2025-12-17T05:15:39.719Z [INFO]:[ASYNC]: isGuidedAccessEnabled :: false
2025-12-17T05:15:39.724Z [INFO]:[FE-1765948539723]: Guided Access Enabled :: false