2026-02-16T15:18:33.114Z [INFO]:[ASYNC]: reportReaderSoftwareUpdateProgress:  :: "0.2326857"
2026-02-16T15:18:33.124Z [INFO]:[FE-1771255113122]: Reader Software Update Progress :: "0.2326857"
2026-02-16T15:18:33.661Z [INFO]:[ASYNC]: reportReaderSoftwareUpdateProgress:  :: "0.23351897"
2026-02-16T15:18:33.665Z [INFO]:[FE-1771255113664]: Reader Software Update Progress :: "0.23351897"
2026-02-16T15:18:34.196Z [INFO]:[ASYNC]: reportReaderSoftwareUpdateProgress:  :: "0.23435222"
2026-02-16T15:18:34.200Z [INFO]:[FE-1771255114199]: Reader Software Update Progress :: "0.23435222"
2026-02-16T15:18:34.466Z [INFO]:[ASYNC]: reportReaderSoftwareUpdateProgress:  :: "0.23476884"
2026-02-16T15:18:34.471Z [INFO]:[FE-1771255114470]: Reader Software Update Progress :: "0.23476884"
2026-02-16T15:18:35.036Z [INFO]:[ASYNC]: reportReaderSoftwareUpdateProgress:  :: "0.2356021"
2026-02-16T15:18:35.040Z [INFO]:[FE-1771255115038]: Reader Software Update Progress :: "0.2356021"
2026-02-16T15:18:35.587Z [INFO]:[ASYNC]: reportReaderSoftwareUpdateProgress:  :: "0.23643537"
2026-02-16T15:18:35.590Z [INFO]:[FE-1771255115589]: Reader Software Update Progress :: "0.23643537"
2026-02-16T15:18:36.115Z [INFO]:[ASYNC]: reportReaderSoftwareUpdateProgress:  :: "0.23726858"
2026-02-16T15:18:36.120Z [INFO]:[FE-1771255116118]: Reader Software Update Progress :: "0.23726858"
2026-02-16T15:18:36.660Z [INFO]:[ASYNC]: reportReaderSoftwareUpdateProgress:  :: "0.23810185"
2026-02-16T15:18:36.663Z [INFO]:[FE-1771255116662]: Reader Software Update Progress :: "0.23810185"
2026-02-16T15:18:37.224Z [INFO]:[ASYNC]: reportReaderSoftwareUpdateProgress:  :: "0.23893511"
2026-02-16T15:18:37.228Z [INFO]:[FE-1771255117227]: Reader Software Update Progress :: "0.23893511"
2026-02-16T15:18:37.766Z [INFO]:[ASYNC]: reportReaderSoftwareUpdateProgress:  :: "0.23976836"
2026-02-16T15:18:37.770Z [INFO]:[FE-1771255117769]: Reader Software Update Progress :: "0.23976836"
2026-02-16T15:18:38.310Z [INFO]:[ASYNC]: reportReaderSoftwareUpdateProgress:  :: "0.24060161"
2026-02-16T15:18:38.313Z [INFO]:[FE-1771255118312]: Reader Software Update Progress :: "0.24060161"
2026-02-16T15:18:38.879Z [INFO]:[ASYNC]: reportReaderSoftwareUpdateProgress:  :: "0.24143489"
2026-02-16T15:18:38.883Z [INFO]:[FE-1771255118882]: Reader Software Update Progress :: "0.24143489"
2026-02-16T15:18:39.414Z [INFO]:[ASYNC]: reportReaderSoftwareUpdateProgress:  :: "0.2422681"
2026-02-16T15:18:39.418Z [INFO]:[FE-1771255119417]: Reader Software Update Progress :: "0.2422681"
2026-02-16T15:18:40.017Z [INFO]:[ASYNC]: reportReaderSoftwareUpdateProgress:  :: "0.24310134"
2026-02-16T15:18:40.020Z [INFO]:[FE-1771255120019]: Reader Software Update Progress :: "0.24310134"
2026-02-16T15:18:40.287Z [INFO]:[ASYNC]: reportReaderSoftwareUpdateProgress:  :: "0.243518"
2026-02-16T15:18:40.290Z [INFO]:[FE-1771255120289]: Reader Software Update Progress :: "0.243518"
2026-02-16T15:18:40.855Z [INFO]:[ASYNC]: reportReaderSoftwareUpdateProgress:  :: "0.24435125"
2026-02-16T15:18:40.859Z [INFO]:[FE-1771255120858]: Reader Software Update Progress :: "0.24435125"
2026-02-16T15:18:41.426Z [INFO]:[ASYNC]: reportReaderSoftwareUpdateProgress:  :: "0.2451845"
2026-02-16T15:18:41.430Z [INFO]:[FE-1771255121429]: Reader Software Update Progress :: "0.2451845"
2026-02-16T15:18:42.025Z [INFO]:[ASYNC]: reportReaderSoftwareUpdateProgress:  :: "0.24601775"
2026-02-16T15:18:42.029Z [INFO]:[FE-1771255122028]: Reader Software Update Progress :: "0.24601775"
2026-02-16T15:18:42.597Z [INFO]:[ASYNC]: reportReaderSoftwareUpdateProgress:  :: "0.24685103"
2026-02-16T15:18:42.601Z [INFO]:[FE-1771255122600]: Reader Software Update Progress :: "0.24685103"
2026-02-16T15:18:43.170Z [INFO]:[ASYNC]: reportReaderSoftwareUpdateProgress:  :: "0.24768424"
2026-02-16T15:18:43.173Z [INFO]:[FE-1771255123172]: Reader Software Update Progress :: "0.24768424"
2026-02-16T15:18:43.765Z [INFO]:[ASYNC]: reportReaderSoftwareUpdateProgress:  :: "0.24851748"
2026-02-16T15:18:43.769Z [INFO]:[FE-1771255123768]: Reader Software Update Progress :: "0.24851748"
2026-02-16T15:18:44.336Z [INFO]:[ASYNC]: reportReaderSoftwareUpdateProgress:  :: "0.24935076"
2026-02-16T15:18:44.340Z [INFO]:[FE-1771255124339]: Reader Software Update Progress :: "0.24935076"
2026-02-16T15:18:44.937Z [INFO]:[ASYNC]: reportReaderSoftwareUpdateProgress:  :: "0.25018403"
2026-02-16T15:18:44.941Z [INFO]:[FE-1771255124940]: Reader Software Update Progress :: "0.25018403"
2026-02-16T15:18:45.566Z [INFO]:[ASYNC]: reportReaderSoftwareUpdateProgress:  :: "0.25101727"
2026-02-16T15:18:45.569Z [INFO]:[FE-1771255125568]: Reader Software Update Progress :: "0.25101727"
2026-02-16T15:18:46.133Z [INFO]:[ASYNC]: reportReaderSoftwareUpdateProgress:  :: "0.25185052"
2026-02-16T15:18:46.137Z [INFO]:[FE-1771255126136]: Reader Software Update Progress :: "0.25185052"
2026-02-16T15:18:46.401Z [INFO]:[ASYNC]: reportReaderSoftwareUpdateProgress:  :: "0.25226712"
2026-02-16T15:18:46.405Z [INFO]:[FE-1771255126404]: Reader Software Update Progress :: "0.25226712"
2026-02-16T15:18:46.975Z [INFO]:[ASYNC]: reportReaderSoftwareUpdateProgress:  :: "0.2531004"
2026-02-16T15:18:46.980Z [INFO]:[FE-1771255126979]: Reader Software Update Progress :: "0.2531004"
2026-02-16T15:18:47.546Z [INFO]:[ASYNC]: reportReaderSoftwareUpdateProgress:  :: "0.25393364"
2026-02-16T15:18:47.551Z [INFO]:[FE-1771255127550]: Reader Software Update Progress :: "0.25393364"
2026-02-16T15:18:48.089Z [INFO]:[ASYNC]: reportReaderSoftwareUpdateProgress:  :: "0.25476688"
2026-02-16T15:18:48.093Z [INFO]:[FE-1771255128092]: Reader Software Update Progress :: "0.25476688"
2026-02-16T15:18:48.627Z [INFO]:[ASYNC]: reportReaderSoftwareUpdateProgress:  :: "0.25560012"
2026-02-16T15:18:48.631Z [INFO]:[FE-1771255128629]: Reader Software Update Progress :: "0.25560012"
2026-02-16T15:18:49.198Z [INFO]:[ASYNC]: reportReaderSoftwareUpdateProgress:  :: "0.2564334"
2026-02-16T15:18:49.201Z [INFO]:[FE-1771255129200]: Reader Software Update Progress :: "0.2564334"
2026-02-16T15:18:49.742Z [INFO]:[ASYNC]: reportReaderSoftwareUpdateProgress:  :: "0.25726667"
2026-02-16T15:18:49.747Z [INFO]:[FE-1771255129746]: Reader Software Update Progress :: "0.25726667"
2026-02-16T15:18:50.277Z [INFO]:[ASYNC]: reportReaderSoftwareUpdateProgress:  :: "0.2580999"
2026-02-16T15:18:50.280Z [INFO]:[FE-1771255130279]: Reader Software Update Progress :: "0.2580999"
2026-02-16T15:18:50.847Z [INFO]:[ASYNC]: reportReaderSoftwareUpdateProgress:  :: "0.25893316"
2026-02-16T15:18:50.850Z [INFO]:[FE-1771255130849]: Reader Software Update Progress :: "0.25893316"
2026-02-16T15:18:51.386Z [INFO]:[ASYNC]: reportReaderSoftwareUpdateProgress:  :: "0.2597664"
2026-02-16T15:18:51.390Z [INFO]:[FE-1771255131389]: Reader Software Update Progress :: "0.2597664"
2026-02-16T15:18:51.927Z [INFO]:[ASYNC]: reportReaderSoftwareUpdateProgress:  :: "0.26059967"
2026-02-16T15:18:51.932Z [INFO]:[FE-1771255131930]: Reader Software Update Progress :: "0.26059967"
2026-02-16T15:18:52.227Z [INFO]:[ASYNC]: reportReaderSoftwareUpdateProgress:  :: "0.26101628"
2026-02-16T15:18:52.232Z [INFO]:[FE-1771255132231]: Reader Software Update Progress :: "0.26101628"
2026-02-16T15:18:52.769Z [INFO]:[ASYNC]: reportReaderSoftwareUpdateProgress:  :: "0.26184955"
2026-02-16T15:18:52.772Z [INFO]:[FE-1771255132771]: Reader Software Update Progress :: "0.26184955"
2026-02-16T15:18:53.022Z [INFO]:[FE-1771255133014]: [StateMachine] Entering screen: showOrganizationSelectScreen :: undefined
2026-02-16T15:18:53.022Z [WARN]:[1771255133013]: cancelDiscovering error :: {"message":"discoverReaders could not be canceled because the command has already been canceled or has completed.","code":"CancelFailedAlreadyCompleted"}
2026-02-16T15:18:53.025Z [INFO]:[1771255133013]: cancelDiscoverReaders :: "done"
2026-02-16T15:18:53.028Z [INFO]:[FE-1771255133020]: 🎯 [Payment Session] Screen unmounting - was active screen :: {"screenName":"showConnectReaderScreen","mountTimestamp":1771255077173,"willResetState":true}
2026-02-16T15:18:53.031Z [INFO]:[FE-1771255133022]: 🎯 [Payment Session] Entering initialization screen - isInPaymentSession set to false :: {"screenName":"showOrganizationSelectScreen","mountTimestamp":1771255133016,"previousScreen":null}
2026-02-16T15:18:53.034Z [INFO]:[FE-1771255133022]: 🔄 [State Machine] State changed :: {"currentState":"showOrganizationSelectScreen","matches_initializeTerminalScreen":false,"matches_paymentLayouts":false,"matches_paymentFlow":false,"fullStateValue":"\"showOrganizationSelectScreen\""}
2026-02-16T15:18:53.034Z [INFO]:[FE-1771255133032]: Canceled Discovering Readers :: "canceled discover readers"
2026-02-16T15:18:53.311Z [INFO]:[ASYNC]: reportReaderSoftwareUpdateProgress:  :: "0.2626828"
2026-02-16T15:18:53.315Z [INFO]:[FE-1771255133314]: Reader Software Update Progress :: "0.2626828"
2026-02-16T15:18:53.846Z [INFO]:[ASYNC]: reportReaderSoftwareUpdateProgress:  :: "0.26351604"
2026-02-16T15:18:53.849Z [INFO]:[FE-1771255133848]: Reader Software Update Progress :: "0.26351604"
2026-02-16T15:18:54.004Z [INFO]:[ASYNC]: Initialized Terminal :: {"organizationPublicId":"mccgsdfoundation.org","environment":"production"}
2026-02-16T15:18:54.005Z [INFO]:[FE-1771255134002]: [StateMachine] Entering screen: showConnectReaderScreen :: undefined
2026-02-16T15:18:54.013Z [INFO]:[FE-1771255134007]: 🎯 [Payment Session] Screen unmounting - was active screen :: {"screenName":"showOrganizationSelectScreen","mountTimestamp":1771255133016,"willResetState":true}
2026-02-16T15:18:54.020Z [INFO]:[FE-1771255134008]: 🎯 [Payment Session] Entering initialization screen - isInPaymentSession set to false :: {"screenName":"showConnectReaderScreen","mountTimestamp":1771255134003,"previousScreen":null}
2026-02-16T15:18:54.022Z [INFO]:[FE-1771255134009]: 🔄 [State Machine] State changed :: {"currentState":"showConnectReaderScreen","matches_initializeTerminalScreen":false,"matches_paymentLayouts":false,"matches_paymentFlow":false,"fullStateValue":"\"showConnectReaderScreen\""}
2026-02-16T15:18:54.418Z [INFO]:[ASYNC]: reportReaderSoftwareUpdateProgress:  :: "0.26434928"
2026-02-16T15:18:54.421Z [INFO]:[FE-1771255134420]: Reader Software Update Progress :: "0.26434928"
2026-02-16T15:18:55.017Z [INFO]:[ASYNC]: reportReaderSoftwareUpdateProgress:  :: "0.26518255"
2026-02-16T15:18:55.022Z [INFO]:[FE-1771255135021]: Reader Software Update Progress :: "0.26518255"
2026-02-16T15:18:55.585Z [INFO]:[ASYNC]: reportReaderSoftwareUpdateProgress:  :: "0.26601583"
2026-02-16T15:18:55.589Z [INFO]:[FE-1771255135588]: Reader Software Update Progress :: "0.26601583"
2026-02-16T15:18:56.153Z [INFO]:[ASYNC]: reportReaderSoftwareUpdateProgress:  :: "0.26684907"
2026-02-16T15:18:56.158Z [INFO]:[FE-1771255136156]: Reader Software Update Progress :: "0.26684907"
2026-02-16T15:18:56.723Z [INFO]:[ASYNC]: reportReaderSoftwareUpdateProgress:  :: "0.2676823"
2026-02-16T15:18:56.729Z [INFO]:[FE-1771255136727]: Reader Software Update Progress :: "0.2676823"
2026-02-16T15:18:56.865Z [INFO]:[FE-1771255136860]: ReaderHealthManager:HealthCheck: :: {"terminalName":"","lockedReader":"STRM2D507019553","connectedReader":"STRM2D507019553","isConnected":"STRM2D507019553","isReady":false,"sdkOnline":true,"readerPaymentStatus":"unknown","offlineModePreference":"enabled","stripeOfflineModeEnabled":true,"offlineModeEnabled":true,"offlinePaymentsCount":0,"recoveryType":null,"attemptCount":0,"timeSinceFirstFailure":"N/A","readerBatteryLevel":"","isReaderCharging":false,"discoveredReadersSize":0,"connectedToWifi":"Yes","isInternetReachable":"Yes"}
2026-02-16T15:18:56.867Z [WARN]:[FE-1771255136860]: ReaderHealthManager: Skipping health check - Not in payment session :: {"isInPaymentSession":false,"isGuidedAccessEnabled":"unknown","filteredCategoriesLength":2}
2026-02-16T15:18:57.293Z [INFO]:[ASYNC]: reportReaderSoftwareUpdateProgress:  :: "0.26851556"
2026-02-16T15:18:57.298Z [INFO]:[FE-1771255137297]: Reader Software Update Progress :: "0.26851556"
2026-02-16T15:19:00.435Z [INFO]:[ASYNC]: isGuidedAccessEnabled :: false
2026-02-16T15:19:00.435Z [INFO]:[ASYNC]: netInfoState :: {}
2026-02-16T15:19:00.435Z [INFO]:[ASYNC]: Start fetchTokenProvider :: {"fetchURL":"https://sandbox.api.goodbricks.app/stripe/connection-token?organizationPublicId="}
2026-02-16T15:19:00.435Z [INFO]:[ASYNC]: Start fetchTokenProvider :: {"fetchURL":"https://sandbox.api.goodbricks.app/stripe/connection-token?organizationPublicId="}
2026-02-16T15:19:00.436Z [INFO]:[ASYNC]: netInfoState :: {"type":"wifi","isConnected":true,"details":{"ipAddress":"192.168.6.40","subnet":"255.255.252.0","isConnectionExpensive":false},"isInternetReachable":null}
2026-02-16T15:19:00.436Z [INFO]:[ASYNC]: netInfoState :: {"type":"wifi","isConnected":true,"details":{"ipAddress":"192.168.6.40","subnet":"255.255.252.0","isConnectionExpensive":false},"isInternetReachable":null}
2026-02-16T15:19:00.613Z [INFO]:[ASYNC]: netInfoState :: {"type":"wifi","isConnected":true,"details":{"ipAddress":"192.168.6.40","subnet":"255.255.252.0","isConnectionExpensive":false},"isInternetReachable":true}
2026-02-16T15:19:00.947Z [INFO]:[ASYNC]: guidedAccessStatusDidChange:  :: {"enabled":false}
2026-02-16T15:19:01.119Z [INFO]:[ASYNC]: guidedAccessStatusDidChange:  :: {"enabled":false}
2026-02-16T15:19:04.357Z [INFO]:[ASYNC]: Done fetchTokenProvider :: {"connectionToken":"pst_live_YWNjdF8xS25CWFVEbDFtemh3Q2RhLHM2QkdaY3hjY0FtbEdhcExCUlQ3M3ptSjNIUDA5bjg_00vW6TJrNW","locationId":"tml_FBrOcQZ8ei67ca","applicationFeesCapInCents":0,"applicationFeesInPercent":1.5,"receiptAmountThresholdInDollars":0}
2026-02-16T15:19:04.360Z [INFO]:[ASYNC]: Updated fetchTokenProvider :: {"organization":{"message":"Internal server error"},"environment":"production"}
2026-02-16T15:19:06.331Z [INFO]:[1771255146327]: Discovering Readers. readerType: bluetooth, discoveryMethod: bluetoothScan, isSimulator: false :: ""
2026-02-16T15:19:06.338Z [INFO]:[FE-1771255146336]: Discovering readers :: "discovering readers"
2026-02-16T15:19:06.352Z [INFO]:[ASYNC]: onDidChangeConnectionStatus :: "discovering"
2026-02-16T15:19:06.357Z [INFO]:[FE-1771255146355]: Reader Connection Status :: "discovering"
2026-02-16T15:19:06.578Z [INFO]:[ASYNC]: Start fetchTokenProvider :: {"fetchURL":"https://api.goodbricks.app/stripe/connection-token?organizationPublicId=mccgsdfoundation.org"}
2026-02-16T15:19:06.946Z [INFO]:[ASYNC]: Done fetchTokenProvider :: {"connectionToken":"pst_live_YWNjdF8xS25CWFVEbDFtemh3Q2RhLHlEcENHMlpjc2U0eU9JUVBnZHFsOWZBUk9jRTkyRFc_00sOPa3QQl","locationId":"tml_FBrOcQZ8ei67ca","applicationFeesCapInCents":0,"applicationFeesInPercent":1.5,"receiptAmountThresholdInDollars":0}
2026-02-16T15:19:07.282Z [INFO]:[ASYNC]: onUpdateDiscoveredReaders :: [{"status":"offline","simulated":false,"batteryStatus":"unknown","location":null,"availableUpdate":null,"deviceType":"stripeM2","isCharging":null,"deviceSoftwareVersion":null,"ipAddress":null,"locationStatus":"notSet","serialNumber":"STRM2D507019556","batteryLevel":null,"label":null,"locationId":null,"id":null}]
2026-02-16T15:19:07.289Z [INFO]:[ASYNC]: onUpdateDiscoveredReaders :: [{"status":"offline","simulated":false,"batteryStatus":"unknown","location":null,"availableUpdate":null,"deviceType":"stripeM2","isCharging":null,"deviceSoftwareVersion":null,"ipAddress":null,"locationStatus":"notSet","serialNumber":"STRM2D507019555","batteryLevel":null,"label":null,"locationId":null,"id":null},{"status":"offline","simulated":false,"batteryStatus":"unknown","location":null,"availableUpdate":null,"deviceType":"stripeM2","isCharging":null,"deviceSoftwareVersion":null,"ipAddress":null,"locationStatus":"notSet","serialNumber":"STRM2D507019556","batteryLevel":null,"label":null,"locationId":null,"id":null}]
2026-02-16T15:19:07.295Z [INFO]:[ASYNC]: onUpdateDiscoveredReaders :: [{"status":"offline","simulated":false,"batteryStatus":"unknown","location":null,"availableUpdate":null,"deviceType":"stripeM2","isCharging":null,"deviceSoftwareVersion":null,"ipAddress":null,"locationStatus":"notSet","serialNumber":"STRM2D507019555","batteryLevel":null,"label":null,"locationId":null,"id":null},{"status":"offline","simulated":false,"batteryStatus":"unknown","location":null,"availableUpdate":null,"deviceType":"stripeM2","isCharging":null,"deviceSoftwareVersion":null,"ipAddress":null,"locationStatus":"notSet","serialNumber":"STRM2D507019554","batteryLevel":null,"label":null,"locationId":null,"id":null},{"status":"offline","simulated":false,"batteryStatus":"unknown","location":null,"availableUpdate":null,"deviceType":"stripeM2","isCharging":null,"deviceSoftwareVersion":null,"ipAddress":null,"locationStatus":"notSet","serialNumber":"STRM2D507019556","batteryLevel":null,"label":null,"locationId":null,"id":null}]
2026-02-16T15:19:07.305Z [INFO]:[ASYNC]: onUpdateDiscoveredReaders :: [{"status":"offline","simulated":false,"batteryStatus":"unknown","location":null,"availableUpdate":null,"deviceType":"stripeM2","isCharging":null,"deviceSoftwareVersion":null,"ipAddress":null,"locationStatus":"notSet","serialNumber":"STRM2D507019555","batteryLevel":null,"label":null,"locationId":null,"id":null},{"status":"offline","simulated":false,"batteryStatus":"unknown","location":null,"availableUpdate":null,"deviceType":"stripeM2","isCharging":null,"deviceSoftwareVersion":null,"ipAddress":null,"locationStatus":"notSet","serialNumber":"STRM2D507019556","batteryLevel":null,"label":null,"locationId":null,"id":null},{"status":"offline","simulated":false,"batteryStatus":"unknown","location":{"displayName":"Primary","phone":null,"id":"tml_FBrOcQZ8ei67ca","addressKana":null,"address":{"line1":"14698 Via Fiesta","state":"CA","town":null,"line2":"","postalCode":"92127","country":"US","city":"San Diego"},"addressKanji":null,"livemode":true,"displayNameKana":null,"displayNameKanji":null},"availableUpdate":null,"deviceType":"stripeM2","isCharging":null,"deviceSoftwareVersion":null,"ipAddress":null,"locationStatus":"set","serialNumber":"STRM2D507019553","batteryLevel":null,"label":null,"locationId":"tml_FBrOcQZ8ei67ca","id":null},{"status":"offline","simulated":false,"batteryStatus":"unknown","location":null,"availableUpdate":null,"deviceType":"stripeM2","isCharging":null,"deviceSoftwareVersion":null,"ipAddress":null,"locationStatus":"notSet","serialNumber":"STRM2D507019554","batteryLevel":null,"label":null,"locationId":null,"id":null}]
2026-02-16T15:19:07.306Z [INFO]:[FE-1771255147292]: Discovered Readers :: [{"status":"offline","simulated":false,"batteryStatus":"unknown","location":null,"availableUpdate":null,"deviceType":"stripeM2","isCharging":null,"deviceSoftwareVersion":null,"ipAddress":null,"locationStatus":"notSet","serialNumber":"STRM2D507019556","batteryLevel":null,"label":null,"locationId":null,"id":null}]
2026-02-16T15:19:07.306Z [INFO]:[FE-1771255147294]: ReaderHealthManager:DiscoveredReaderChange:  :: {"lockedReader":"STRM2D507019553","connectingToReader":false,"readerDiscoveryStatus":"discovering-readers","readerConnectionStatus":"discovering","discoveredReaders":[{"status":"offline","simulated":false,"batteryStatus":"unknown","location":null,"availableUpdate":null,"deviceType":"stripeM2","isCharging":null,"deviceSoftwareVersion":null,"ipAddress":null,"locationStatus":"notSet","serialNumber":"STRM2D507019556","batteryLevel":null,"label":null,"locationId":null,"id":null}]}
2026-02-16T15:19:07.307Z [INFO]:[FE-1771255147301]: Discovered Readers :: [{"status":"offline","simulated":false,"batteryStatus":"unknown","location":null,"availableUpdate":null,"deviceType":"stripeM2","isCharging":null,"deviceSoftwareVersion":null,"ipAddress":null,"locationStatus":"notSet","serialNumber":"STRM2D507019555","batteryLevel":null,"label":null,"locationId":null,"id":null},{"status":"offline","simulated":false,"batteryStatus":"unknown","location":null,"availableUpdate":null,"deviceType":"stripeM2","isCharging":null,"deviceSoftwareVersion":null,"ipAddress":null,"locationStatus":"notSet","serialNumber":"STRM2D507019556","batteryLevel":null,"label":null,"locationId":null,"id":null}]
2026-02-16T15:19:07.307Z [INFO]:[FE-1771255147302]: ReaderHealthManager:DiscoveredReaderChange:  :: {"lockedReader":"STRM2D507019553","connectingToReader":false,"readerDiscoveryStatus":"discovering-readers","readerConnectionStatus":"discovering","discoveredReaders":[{"status":"offline","simulated":false,"batteryStatus":"unknown","location":null,"availableUpdate":null,"deviceType":"stripeM2","isCharging":null,"deviceSoftwareVersion":null,"ipAddress":null,"locationStatus":"notSet","serialNumber":"STRM2D507019555","batteryLevel":null,"label":null,"locationId":null,"id":null},{"status":"offline","simulated":false,"batteryStatus":"unknown","location":null,"availableUpdate":null,"deviceType":"stripeM2","isCharging":null,"deviceSoftwareVersion":null,"ipAddress":null,"locationStatus":"notSet","serialNumber":"STRM2D507019556","batteryLevel":null,"label":null,"locationId":null,"id":null}]}
2026-02-16T15:19:07.308Z [INFO]:[FE-1771255147303]: Discovered Readers :: [{"status":"offline","simulated":false,"batteryStatus":"unknown","location":null,"availableUpdate":null,"deviceType":"stripeM2","isCharging":null,"deviceSoftwareVersion":null,"ipAddress":null,"locationStatus":"notSet","serialNumber":"STRM2D507019554","batteryLevel":null,"label":null,"locationId":null,"id":null},{"status":"offline","simulated":false,"batteryStatus":"unknown","location":null,"availableUpdate":null,"deviceType":"stripeM2","isCharging":null,"deviceSoftwareVersion":null,"ipAddress":null,"locationStatus":"notSet","serialNumber":"STRM2D507019555","batteryLevel":null,"label":null,"locationId":null,"id":null},{"status":"offline","simulated":false,"batteryStatus":"unknown","location":null,"availableUpdate":null,"deviceType":"stripeM2","isCharging":null,"deviceSoftwareVersion":null,"ipAddress":null,"locationStatus":"notSet","serialNumber":"STRM2D507019556","batteryLevel":null,"label":null,"locationId":null,"id":null}]
2026-02-16T15:19:07.309Z [INFO]:[FE-1771255147303]: ReaderHealthManager:DiscoveredReaderChange:  :: {"lockedReader":"STRM2D507019553","connectingToReader":false,"readerDiscoveryStatus":"discovering-readers","readerConnectionStatus":"discovering","discoveredReaders":[{"status":"offline","simulated":false,"batteryStatus":"unknown","location":null,"availableUpdate":null,"deviceType":"stripeM2","isCharging":null,"deviceSoftwareVersion":null,"ipAddress":null,"locationStatus":"notSet","serialNumber":"STRM2D507019554","batteryLevel":null,"label":null,"locationId":null,"id":null},{"status":"offline","simulated":false,"batteryStatus":"unknown","location":null,"availableUpdate":null,"deviceType":"stripeM2","isCharging":null,"deviceSoftwareVersion":null,"ipAddress":null,"locationStatus":"notSet","serialNumber":"STRM2D507019555","batteryLevel":null,"label":null,"locationId":null,"id":null},{"status":"offline","simulated":false,"batteryStatus":"unknown","location":null,"availableUpdate":null,"deviceType":"stripeM2","isCharging":null,"deviceSoftwareVersion":null,"ipAddress":null,"locationStatus":"notSet","serialNumber":"STRM2D507019556","batteryLevel":null,"label":null,"locationId":null,"id":null}]}
2026-02-16T15:19:07.313Z [INFO]:[FE-1771255147310]: Discovered Readers :: [{"status":"offline","simulated":false,"batteryStatus":"unknown","location":{"displayName":"Primary","phone":null,"id":"tml_FBrOcQZ8ei67ca","addressKana":null,"address":{"line1":"14698 Via Fiesta","state":"CA","town":null,"line2":"","postalCode":"92127","country":"US","city":"San Diego"},"addressKanji":null,"livemode":true,"displayNameKana":null,"displayNameKanji":null},"availableUpdate":null,"deviceType":"stripeM2","isCharging":null,"deviceSoftwareVersion":null,"ipAddress":null,"locationStatus":"set","serialNumber":"STRM2D507019553","batteryLevel":null,"label":null,"locationId":"tml_FBrOcQZ8ei67ca","id":null},{"status":"offline","simulated":false,"batteryStatus":"unknown","location":null,"availableUpdate":null,"deviceType":"stripeM2","isCharging":null,"deviceSoftwareVersion":null,"ipAddress":null,"locationStatus":"notSet","serialNumber":"STRM2D507019554","batteryLevel":null,"label":null,"locationId":null,"id":null},{"status":"offline","simulated":false,"batteryStatus":"unknown","location":null,"availableUpdate":null,"deviceType":"stripeM2","isCharging":null,"deviceSoftwareVersion":null,"ipAddress":null,"locationStatus":"notSet","serialNumber":"STRM2D507019555","batteryLevel":null,"label":null,"locationId":null,"id":null},{"status":"offline","simulated":false,"batteryStatus":"unknown","location":null,"availableUpdate":null,"deviceType":"stripeM2","isCharging":null,"deviceSoftwareVersion":null,"ipAddress":null,"locationStatus":"notSet","serialNumber":"STRM2D507019556","batteryLevel":null,"label":null,"locationId":null,"id":null}]
2026-02-16T15:19:07.314Z [INFO]:[FE-1771255147311]: ReaderHealthManager:DiscoveredReaderChange:  :: {"lockedReader":"STRM2D507019553","connectingToReader":false,"readerDiscoveryStatus":"discovering-readers","readerConnectionStatus":"discovering","discoveredReaders":[{"status":"offline","simulated":false,"batteryStatus":"unknown","location":{"displayName":"Primary","phone":null,"id":"tml_FBrOcQZ8ei67ca","addressKana":null,"address":{"line1":"14698 Via Fiesta","state":"CA","town":null,"line2":"","postalCode":"92127","country":"US","city":"San Diego"},"addressKanji":null,"livemode":true,"displayNameKana":null,"displayNameKanji":null},"availableUpdate":null,"deviceType":"stripeM2","isCharging":null,"deviceSoftwareVersion":null,"ipAddress":null,"locationStatus":"set","serialNumber":"STRM2D507019553","batteryLevel":null,"label":null,"locationId":"tml_FBrOcQZ8ei67ca","id":null},{"status":"offline","simulated":false,"batteryStatus":"unknown","location":null,"availableUpdate":null,"deviceType":"stripeM2","isCharging":null,"deviceSoftwareVersion":null,"ipAddress":null,"locationStatus":"notSet","serialNumber":"STRM2D507019554","batteryLevel":null,"label":null,"locationId":null,"id":null},{"status":"offline","simulated":false,"batteryStatus":"unknown","location":null,"availableUpdate":null,"deviceType":"stripeM2","isCharging":null,"deviceSoftwareVersion":null,"ipAddress":null,"locationStatus":"notSet","serialNumber":"STRM2D507019555","batteryLevel":null,"label":null,"locationId":null,"id":null},{"status":"offline","simulated":false,"batteryStatus":"unknown","location":null,"availableUpdate":null,"deviceType":"stripeM2","isCharging":null,"deviceSoftwareVersion":null,"ipAddress":null,"locationStatus":"notSet","serialNumber":"STRM2D507019556","batteryLevel":null,"label":null,"locationId":null,"id":null}]}
2026-02-16T15:19:08.275Z [INFO]:[1771255148274]: handleConnectReader  :: {"payload":{"serialNumber":"STRM2D507019553","offlineModePreference":"enabled","readerType":"bluetooth"},"discoveredReaders":[{"status":"offline","simulated":false,"batteryStatus":"unknown","location":{"displayName":"Primary","phone":null,"id":"tml_FBrOcQZ8ei67ca","addressKana":null,"address":{"line1":"14698 Via Fiesta","state":"CA","town":null,"line2":"","postalCode":"92127","country":"US","city":"San Diego"},"addressKanji":null,"livemode":true,"displayNameKana":null,"displayNameKanji":null},"availableUpdate":null,"deviceType":"stripeM2","isCharging":null,"deviceSoftwareVersion":null,"ipAddress":null,"locationStatus":"set","serialNumber":"STRM2D507019553","batteryLevel":null,"label":null,"locationId":"tml_FBrOcQZ8ei67ca","id":null},{"status":"offline","simulated":false,"batteryStatus":"unknown","location":null,"availableUpdate":null,"deviceType":"stripeM2","isCharging":null,"deviceSoftwareVersion":null,"ipAddress":null,"locationStatus":"notSet","serialNumber":"STRM2D507019554","batteryLevel":null,"label":null,"locationId":null,"id":null},{"status":"offline","simulated":false,"batteryStatus":"unknown","location":null,"availableUpdate":null,"deviceType":"stripeM2","isCharging":null,"deviceSoftwareVersion":null,"ipAddress":null,"locationStatus":"notSet","serialNumber":"STRM2D507019555","batteryLevel":null,"label":null,"locationId":null,"id":null},{"status":"offline","simulated":false,"batteryStatus":"unknown","location":null,"availableUpdate":null,"deviceType":"stripeM2","isCharging":null,"deviceSoftwareVersion":null,"ipAddress":null,"locationStatus":"notSet","serialNumber":"STRM2D507019556","batteryLevel":null,"label":null,"locationId":null,"id":null}]}
2026-02-16T15:19:08.278Z [INFO]:[1771255148274]: handleConnectBluetoothReader  :: {"selectReader":{"status":"offline","simulated":false,"batteryStatus":"unknown","location":{"displayName":"Primary","phone":null,"id":"tml_FBrOcQZ8ei67ca","addressKana":null,"address":{"line1":"14698 Via Fiesta","state":"CA","town":null,"line2":"","postalCode":"92127","country":"US","city":"San Diego"},"addressKanji":null,"livemode":true,"displayNameKana":null,"displayNameKanji":null},"availableUpdate":null,"deviceType":"stripeM2","isCharging":null,"deviceSoftwareVersion":null,"ipAddress":null,"locationStatus":"set","serialNumber":"STRM2D507019553","batteryLevel":null,"label":null,"locationId":"tml_FBrOcQZ8ei67ca","id":null},"offlineModePreference":"enabled"}
2026-02-16T15:19:08.280Z [INFO]:[1771255148274]: Offline mode preference: enabled, enabling: true :: {}
2026-02-16T15:19:08.392Z [INFO]:[1771255146327]: discovering readers :: "started"
2026-02-16T15:19:08.396Z [INFO]:[ASYNC]: onDidChangeConnectionStatus :: "connecting"
2026-02-16T15:19:08.405Z [INFO]:[FE-1771255148401]: Canceled Discovering Readers :: "onFinishDiscoveringReaders error undefined"
2026-02-16T15:19:08.405Z [INFO]:[FE-1771255148401]: Discovered Readers :: [{"status":"offline","simulated":false,"batteryStatus":"unknown","location":{"displayName":"Primary","phone":null,"id":"tml_FBrOcQZ8ei67ca","addressKana":null,"address":{"line1":"14698 Via Fiesta","state":"CA","town":null,"line2":"","postalCode":"92127","country":"US","city":"San Diego"},"addressKanji":null,"livemode":true,"displayNameKana":null,"displayNameKanji":null},"availableUpdate":null,"deviceType":"stripeM2","isCharging":null,"deviceSoftwareVersion":null,"ipAddress":null,"locationStatus":"set","serialNumber":"STRM2D507019553","batteryLevel":null,"label":null,"locationId":"tml_FBrOcQZ8ei67ca","id":null},{"status":"offline","simulated":false,"batteryStatus":"unknown","location":null,"availableUpdate":null,"deviceType":"stripeM2","isCharging":null,"deviceSoftwareVersion":null,"ipAddress":null,"locationStatus":"notSet","serialNumber":"STRM2D507019554","batteryLevel":null,"label":null,"locationId":null,"id":null},{"status":"offline","simulated":false,"batteryStatus":"unknown","location":null,"availableUpdate":null,"deviceType":"stripeM2","isCharging":null,"deviceSoftwareVersion":null,"ipAddress":null,"locationStatus":"notSet","serialNumber":"STRM2D507019555","batteryLevel":null,"label":null,"locationId":null,"id":null},{"status":"offline","simulated":false,"batteryStatus":"unknown","location":null,"availableUpdate":null,"deviceType":"stripeM2","isCharging":null,"deviceSoftwareVersion":null,"ipAddress":null,"locationStatus":"notSet","serialNumber":"STRM2D507019556","batteryLevel":null,"label":null,"locationId":null,"id":null}]
2026-02-16T15:19:08.406Z [INFO]:[FE-1771255148402]: ReaderHealthManager:DiscoveredReaderChange:  :: {"lockedReader":"STRM2D507019553","connectingToReader":false,"readerDiscoveryStatus":"canceled-discovering-readers","readerConnectionStatus":"discovering","discoveredReaders":[{"status":"offline","simulated":false,"batteryStatus":"unknown","location":{"displayName":"Primary","phone":null,"id":"tml_FBrOcQZ8ei67ca","addressKana":null,"address":{"line1":"14698 Via Fiesta","state":"CA","town":null,"line2":"","postalCode":"92127","country":"US","city":"San Diego"},"addressKanji":null,"livemode":true,"displayNameKana":null,"displayNameKanji":null},"availableUpdate":null,"deviceType":"stripeM2","isCharging":null,"deviceSoftwareVersion":null,"ipAddress":null,"locationStatus":"set","serialNumber":"STRM2D507019553","batteryLevel":null,"label":null,"locationId":"tml_FBrOcQZ8ei67ca","id":null},{"status":"offline","simulated":false,"batteryStatus":"unknown","location":null,"availableUpdate":null,"deviceType":"stripeM2","isCharging":null,"deviceSoftwareVersion":null,"ipAddress":null,"locationStatus":"notSet","serialNumber":"STRM2D507019554","batteryLevel":null,"label":null,"locationId":null,"id":null},{"status":"offline","simulated":false,"batteryStatus":"unknown","location":null,"availableUpdate":null,"deviceType":"stripeM2","isCharging":null,"deviceSoftwareVersion":null,"ipAddress":null,"locationStatus":"notSet","serialNumber":"STRM2D507019555","batteryLevel":null,"label":null,"locationId":null,"id":null},{"status":"offline","simulated":false,"batteryStatus":"unknown","location":null,"availableUpdate":null,"deviceType":"stripeM2","isCharging":null,"deviceSoftwareVersion":null,"ipAddress":null,"locationStatus":"notSet","serialNumber":"STRM2D507019556","batteryLevel":null,"label":null,"locationId":null,"id":null}]}
2026-02-16T15:19:08.407Z [INFO]:[FE-1771255148402]: Discovering readers :: "discovering readers"
2026-02-16T15:19:08.407Z [INFO]:[FE-1771255148402]: Reader Connection Status :: "connecting"
2026-02-16T15:19:09.580Z [INFO]:[ASYNC]: Start fetchTokenProvider :: {"fetchURL":"https://api.goodbricks.app/stripe/connection-token?organizationPublicId=mccgsdfoundation.org"}
2026-02-16T15:19:09.916Z [INFO]:[ASYNC]: Done fetchTokenProvider :: {"connectionToken":"pst_live_YWNjdF8xS25CWFVEbDFtemh3Q2RhLDA0ZUI3OXVkYUJkM3hicGNCOUVWV0ZETWZnOGJ6aFQ_00fohBzaxw","locationId":"tml_FBrOcQZ8ei67ca","applicationFeesCapInCents":0,"applicationFeesInPercent":1.5,"receiptAmountThresholdInDollars":0}
2026-02-16T15:19:10.662Z [INFO]:[ASYNC]: onDidChangeOfflineStatus:  :: {"sdk":{"offlinePaymentAmountsByCurrency":{},"networkStatus":"online","offlinePaymentsCount":0}}
2026-02-16T15:19:10.665Z [INFO]:[FE-1771255150664]: Reader Offline Status :: {"sdk":{"offlinePaymentAmountsByCurrency":{},"networkStatus":"online","offlinePaymentsCount":0}}
2026-02-16T15:19:11.333Z [INFO]:[ASYNC]: startInstallingUpdate:  :: {"estimatedUpdateTime":"estimate5To15Minutes","requiredAt":"1771168751325","deviceSoftwareVersion":"2.01.00.38-SZZZ_Prod_US_v12-481001"}
2026-02-16T15:19:11.338Z [INFO]:[FE-1771255151336]: Unhandled Event :: {"topic":"goodbricks.startInstallingUpdate","message":{"estimatedUpdateTime":"estimate5To15Minutes","requiredAt":"1771168751325","deviceSoftwareVersion":"2.01.00.38-SZZZ_Prod_US_v12-481001"},"executionContext":null}
2026-02-16T15:19:11.620Z [INFO]:[ASYNC]: reportReaderSoftwareUpdateProgress:  :: "0.0020575013"
2026-02-16T15:19:11.631Z [INFO]:[FE-1771255151628]: Reader Software Update Progress :: "0.0020575013"
2026-02-16T15:19:11.658Z [INFO]:[ASYNC]: reportReaderSoftwareUpdateProgress:  :: "0.0040780916"
2026-02-16T15:19:11.662Z [INFO]:[FE-1771255151661]: Reader Software Update Progress :: "0.0040780916"
2026-02-16T15:19:11.709Z [INFO]:[ASYNC]: reportReaderSoftwareUpdateProgress:  :: "0.0060986816"
2026-02-16T15:19:11.715Z [INFO]:[FE-1771255151713]: Reader Software Update Progress :: "0.0060986816"
2026-02-16T15:19:11.718Z [INFO]:[ASYNC]: reportReaderSoftwareUpdateProgress:  :: "0.00862442"
2026-02-16T15:19:11.722Z [INFO]:[ASYNC]: reportReaderSoftwareUpdateProgress:  :: "0.010645009"
2026-02-16T15:19:11.723Z [INFO]:[FE-1771255151722]: Reader Software Update Progress :: "0.00862442"
2026-02-16T15:19:11.726Z [INFO]:[FE-1771255151725]: Reader Software Update Progress :: "0.010645009"
2026-02-16T15:19:11.763Z [INFO]:[ASYNC]: reportReaderSoftwareUpdateProgress:  :: "0.013170748"
2026-02-16T15:19:11.768Z [INFO]:[ASYNC]: reportReaderSoftwareUpdateProgress:  :: "0.015161623"
2026-02-16T15:19:11.769Z [INFO]:[FE-1771255151767]: Reader Software Update Progress :: "0.013170748"
2026-02-16T15:19:11.773Z [INFO]:[FE-1771255151772]: Reader Software Update Progress :: "0.015161623"
2026-02-16T15:19:11.775Z [INFO]:[ASYNC]: reportReaderSoftwareUpdateProgress:  :: "0.017211927"
2026-02-16T15:19:11.780Z [INFO]:[ASYNC]: reportReaderSoftwareUpdateProgress:  :: "0.019737666"
2026-02-16T15:19:11.780Z [INFO]:[FE-1771255151779]: Reader Software Update Progress :: "0.017211927"
2026-02-16T15:19:11.783Z [INFO]:[FE-1771255151782]: Reader Software Update Progress :: "0.019737666"
2026-02-16T15:19:11.784Z [INFO]:[ASYNC]: reportReaderSoftwareUpdateProgress:  :: "0.022263406"
2026-02-16T15:19:11.787Z [INFO]:[FE-1771255151786]: Reader Software Update Progress :: "0.022263406"
2026-02-16T15:19:11.789Z [INFO]:[ASYNC]: reportReaderSoftwareUpdateProgress:  :: "0.024759427"
2026-02-16T15:19:11.792Z [INFO]:[FE-1771255151791]: Reader Software Update Progress :: "0.024759427"
2026-02-16T15:19:11.816Z [INFO]:[ASYNC]: reportReaderSoftwareUpdateProgress:  :: "0.026809733"
2026-02-16T15:19:11.819Z [INFO]:[FE-1771255151818]: Reader Software Update Progress :: "0.026809733"
2026-02-16T15:19:11.822Z [INFO]:[ASYNC]: reportReaderSoftwareUpdateProgress:  :: "0.028830323"
2026-02-16T15:19:11.825Z [INFO]:[FE-1771255151824]: Reader Software Update Progress :: "0.028830323"
2026-02-16T15:19:11.830Z [INFO]:[ASYNC]: reportReaderSoftwareUpdateProgress:  :: "0.030821199"
2026-02-16T15:19:11.832Z [INFO]:[FE-1771255151832]: Reader Software Update Progress :: "0.030821199"
2026-02-16T15:19:11.834Z [INFO]:[ASYNC]: reportReaderSoftwareUpdateProgress:  :: "0.032871503"
2026-02-16T15:19:11.837Z [INFO]:[FE-1771255151836]: Reader Software Update Progress :: "0.032871503"
2026-02-16T15:19:11.837Z [INFO]:[ASYNC]: reportReaderSoftwareUpdateProgress:  :: "0.03489209"
2026-02-16T15:19:11.840Z [INFO]:[FE-1771255151839]: Reader Software Update Progress :: "0.03489209"
2026-02-16T15:19:11.848Z [INFO]:[ASYNC]: reportReaderSoftwareUpdateProgress:  :: "0.03691268"
2026-02-16T15:19:11.850Z [INFO]:[FE-1771255151849]: Reader Software Update Progress :: "0.03691268"
2026-02-16T15:19:11.851Z [INFO]:[ASYNC]: reportReaderSoftwareUpdateProgress:  :: "0.0397878"
2026-02-16T15:19:11.853Z [INFO]:[ASYNC]: reportReaderSoftwareUpdateProgress:  :: "0.0397878"
2026-02-16T15:19:11.860Z [INFO]:[FE-1771255151857]: Reader Software Update Progress :: "0.0397878"
2026-02-16T15:19:12.884Z [INFO]:[ASYNC]: reportReaderSoftwareUpdateProgress:  :: "0.04774536"
2026-02-16T15:19:12.886Z [INFO]:[FE-1771255152886]: Reader Software Update Progress :: "0.04774536"
2026-02-16T15:19:13.194Z [INFO]:[ASYNC]: reportReaderSoftwareUpdateProgress:  :: "0.09549072"
2026-02-16T15:19:13.198Z [INFO]:[FE-1771255153197]: Reader Software Update Progress :: "0.09549072"
2026-02-16T15:19:13.405Z [INFO]:[ASYNC]: reportReaderSoftwareUpdateProgress:  :: "0.10344828"
2026-02-16T15:19:13.409Z [INFO]:[FE-1771255153408]: Reader Software Update Progress :: "0.10344828"
2026-02-16T15:19:16.255Z [INFO]:[ASYNC]: reportReaderSoftwareUpdateProgress:  :: "0.1591512"
2026-02-16T15:19:16.256Z [INFO]:[ASYNC]: reportReaderSoftwareUpdateProgress:  :: "0.198939"
2026-02-16T15:19:16.260Z [INFO]:[FE-1771255156258]: Reader Software Update Progress :: "0.1591512"
2026-02-16T15:19:16.262Z [INFO]:[FE-1771255156260]: Reader Software Update Progress :: "0.198939"
2026-02-16T15:19:16.858Z [INFO]:[ASYNC]: reportReaderSoftwareUpdateProgress:  :: "0.19977224"
2026-02-16T15:19:16.862Z [INFO]:[FE-1771255156861]: Reader Software Update Progress :: "0.19977224"
2026-02-16T15:19:17.397Z [INFO]:[ASYNC]: reportReaderSoftwareUpdateProgress:  :: "0.20060551"
2026-02-16T15:19:17.401Z [INFO]:[FE-1771255157400]: Reader Software Update Progress :: "0.20060551"
2026-02-16T15:19:17.997Z [INFO]:[ASYNC]: reportReaderSoftwareUpdateProgress:  :: "0.20143875"
2026-02-16T15:19:18.001Z [INFO]:[FE-1771255157999]: Reader Software Update Progress :: "0.20143875"
2026-02-16T15:19:18.541Z [INFO]:[ASYNC]: reportReaderSoftwareUpdateProgress:  :: "0.202272"
2026-02-16T15:19:18.545Z [INFO]:[FE-1771255158544]: Reader Software Update Progress :: "0.202272"
2026-02-16T15:19:19.076Z [INFO]:[ASYNC]: reportReaderSoftwareUpdateProgress:  :: "0.20310526"
2026-02-16T15:19:19.080Z [INFO]:[FE-1771255159078]: Reader Software Update Progress :: "0.20310526"
2026-02-16T15:19:19.646Z [INFO]:[ASYNC]: reportReaderSoftwareUpdateProgress:  :: "0.20393851"
2026-02-16T15:19:19.649Z [INFO]:[FE-1771255159648]: Reader Software Update Progress :: "0.20393851"
2026-02-16T15:19:20.186Z [INFO]:[ASYNC]: reportReaderSoftwareUpdateProgress:  :: "0.20477176"
2026-02-16T15:19:20.190Z [INFO]:[FE-1771255160189]: Reader Software Update Progress :: "0.20477176"
2026-02-16T15:19:20.727Z [INFO]:[ASYNC]: reportReaderSoftwareUpdateProgress:  :: "0.20560502"
2026-02-16T15:19:20.733Z [INFO]:[FE-1771255160732]: Reader Software Update Progress :: "0.20560502"
2026-02-16T15:19:21.267Z [INFO]:[ASYNC]: reportReaderSoftwareUpdateProgress:  :: "0.20643826"
2026-02-16T15:19:21.271Z [INFO]:[FE-1771255161269]: Reader Software Update Progress :: "0.20643826"
2026-02-16T15:19:21.805Z [INFO]:[ASYNC]: reportReaderSoftwareUpdateProgress:  :: "0.20727153"
2026-02-16T15:19:21.810Z [INFO]:[FE-1771255161808]: Reader Software Update Progress :: "0.20727153"
2026-02-16T15:19:22.405Z [INFO]:[ASYNC]: reportReaderSoftwareUpdateProgress:  :: "0.20810479"
2026-02-16T15:19:22.409Z [INFO]:[FE-1771255162407]: Reader Software Update Progress :: "0.20810479"
2026-02-16T15:19:22.712Z [INFO]:[ASYNC]: reportReaderSoftwareUpdateProgress:  :: "0.20852141"
2026-02-16T15:19:22.716Z [INFO]:[FE-1771255162715]: Reader Software Update Progress :: "0.20852141"
2026-02-16T15:19:23.245Z [INFO]:[ASYNC]: reportReaderSoftwareUpdateProgress:  :: "0.20935464"
2026-02-16T15:19:23.248Z [INFO]:[FE-1771255163247]: Reader Software Update Progress :: "0.20935464"
2026-02-16T15:19:23.790Z [INFO]:[ASYNC]: reportReaderSoftwareUpdateProgress:  :: "0.2101879"
2026-02-16T15:19:23.794Z [INFO]:[FE-1771255163792]: Reader Software Update Progress :: "0.2101879"
2026-02-16T15:19:24.326Z [INFO]:[ASYNC]: reportReaderSoftwareUpdateProgress:  :: "0.21102114"
2026-02-16T15:19:24.331Z [INFO]:[FE-1771255164330]: Reader Software Update Progress :: "0.21102114"
2026-02-16T15:19:24.924Z [INFO]:[ASYNC]: reportReaderSoftwareUpdateProgress:  :: "0.2118544"
2026-02-16T15:19:24.928Z [INFO]:[FE-1771255164927]: Reader Software Update Progress :: "0.2118544"
2026-02-16T15:19:25.465Z [INFO]:[ASYNC]: reportReaderSoftwareUpdateProgress:  :: "0.21268764"
2026-02-16T15:19:25.468Z [INFO]:[FE-1771255165467]: Reader Software Update Progress :: "0.21268764"
2026-02-16T15:19:26.005Z [INFO]:[ASYNC]: reportReaderSoftwareUpdateProgress:  :: "0.21352091"
2026-02-16T15:19:26.009Z [INFO]:[FE-1771255166008]: Reader Software Update Progress :: "0.21352091"
2026-02-16T15:19:26.575Z [INFO]:[ASYNC]: reportReaderSoftwareUpdateProgress:  :: "0.21435416"
2026-02-16T15:19:26.579Z [INFO]:[FE-1771255166578]: Reader Software Update Progress :: "0.21435416"
2026-02-16T15:19:27.147Z [INFO]:[ASYNC]: reportReaderSoftwareUpdateProgress:  :: "0.21518742"
2026-02-16T15:19:27.151Z [INFO]:[FE-1771255167149]: Reader Software Update Progress :: "0.21518742"
2026-02-16T15:19:27.716Z [INFO]:[ASYNC]: reportReaderSoftwareUpdateProgress:  :: "0.21602066"
2026-02-16T15:19:27.719Z [INFO]:[FE-1771255167718]: Reader Software Update Progress :: "0.21602066"
2026-02-16T15:19:28.287Z [INFO]:[ASYNC]: reportReaderSoftwareUpdateProgress:  :: "0.2168539"
2026-02-16T15:19:28.291Z [INFO]:[FE-1771255168289]: Reader Software Update Progress :: "0.2168539"
2026-02-16T15:19:28.557Z [INFO]:[ASYNC]: reportReaderSoftwareUpdateProgress:  :: "0.21727054"
2026-02-16T15:19:28.561Z [INFO]:[FE-1771255168559]: Reader Software Update Progress :: "0.21727054"
2026-02-16T15:19:29.156Z [INFO]:[ASYNC]: reportReaderSoftwareUpdateProgress:  :: "0.21810378"
2026-02-16T15:19:29.160Z [INFO]:[FE-1771255169158]: Reader Software Update Progress :: "0.21810378"
2026-02-16T15:19:29.700Z [INFO]:[ASYNC]: reportReaderSoftwareUpdateProgress:  :: "0.21893705"
2026-02-16T15:19:29.704Z [INFO]:[FE-1771255169703]: Reader Software Update Progress :: "0.21893705"
2026-02-16T15:19:30.297Z [INFO]:[ASYNC]: reportReaderSoftwareUpdateProgress:  :: "0.21977031"
2026-02-16T15:19:30.300Z [INFO]:[FE-1771255170299]: Reader Software Update Progress :: "0.21977031"
2026-02-16T15:19:30.868Z [INFO]:[ASYNC]: reportReaderSoftwareUpdateProgress:  :: "0.22060354"
2026-02-16T15:19:30.872Z [INFO]:[FE-1771255170871]: Reader Software Update Progress :: "0.22060354"
2026-02-16T15:19:31.467Z [INFO]:[ASYNC]: reportReaderSoftwareUpdateProgress:  :: "0.2214368"
2026-02-16T15:19:31.471Z [INFO]:[FE-1771255171470]: Reader Software Update Progress :: "0.2214368"
2026-02-16T15:19:31.771Z [INFO]:[FE-1771255171769]: ReaderHealthManager:ConnectedReader:  :: {"connectedReader":"STRM2D507019553","readerStatus":"offline","readerConnectionStatus":"connecting","connectingToReader":false}
2026-02-16T15:19:32.065Z [INFO]:[ASYNC]: reportReaderSoftwareUpdateProgress:  :: "0.22227004"
2026-02-16T15:19:32.069Z [INFO]:[FE-1771255172068]: Reader Software Update Progress :: "0.22227004"
2026-02-16T15:19:32.696Z [INFO]:[ASYNC]: reportReaderSoftwareUpdateProgress:  :: "0.22310331"
2026-02-16T15:19:32.700Z [INFO]:[FE-1771255172699]: Reader Software Update Progress :: "0.22310331"
2026-02-16T15:19:32.770Z [INFO]:[FE-1771255172766]: ReaderHealthManager:HealthCheck: :: {"terminalName":"","lockedReader":"STRM2D507019553","connectedReader":"STRM2D507019553","isConnected":"STRM2D507019553","isReady":false,"sdkOnline":true,"readerPaymentStatus":"unknown","offlineModePreference":"enabled","stripeOfflineModeEnabled":true,"offlineModeEnabled":true,"offlinePaymentsCount":0,"recoveryType":null,"attemptCount":0,"timeSinceFirstFailure":"N/A","readerBatteryLevel":"","isReaderCharging":false,"discoveredReadersSize":0,"connectedToWifi":"Yes","isInternetReachable":"Yes"}
2026-02-16T15:19:32.772Z [WARN]:[FE-1771255172767]: ReaderHealthManager: Skipping health check - Not in payment session :: {"isInPaymentSession":false,"isGuidedAccessEnabled":"unknown","filteredCategoriesLength":2}
2026-02-16T15:19:33.266Z [INFO]:[ASYNC]: reportReaderSoftwareUpdateProgress:  :: "0.22393657"
2026-02-16T15:19:33.271Z [INFO]:[FE-1771255173270]: Reader Software Update Progress :: "0.22393657"
2026-02-16T15:19:33.870Z [INFO]:[ASYNC]: reportReaderSoftwareUpdateProgress:  :: "0.22476982"
2026-02-16T15:19:33.875Z [INFO]:[FE-1771255173873]: Reader Software Update Progress :: "0.22476982"
2026-02-16T15:19:34.405Z [INFO]:[ASYNC]: reportReaderSoftwareUpdateProgress:  :: "0.22560307"
2026-02-16T15:19:34.410Z [INFO]:[FE-1771255174408]: Reader Software Update Progress :: "0.22560307"
2026-02-16T15:19:34.735Z [INFO]:[ASYNC]: reportReaderSoftwareUpdateProgress:  :: "0.22601968"
2026-02-16T15:19:34.738Z [INFO]:[FE-1771255174737]: Reader Software Update Progress :: "0.22601968"
2026-02-16T15:19:35.307Z [INFO]:[ASYNC]: reportReaderSoftwareUpdateProgress:  :: "0.22685294"
2026-02-16T15:19:35.312Z [INFO]:[FE-1771255175311]: Reader Software Update Progress :: "0.22685294"
2026-02-16T15:19:35.876Z [INFO]:[ASYNC]: reportReaderSoftwareUpdateProgress:  :: "0.22768621"
2026-02-16T15:19:35.880Z [INFO]:[FE-1771255175879]: Reader Software Update Progress :: "0.22768621"
2026-02-16T15:19:36.447Z [INFO]:[ASYNC]: reportReaderSoftwareUpdateProgress:  :: "0.22851945"
2026-02-16T15:19:36.451Z [INFO]:[FE-1771255176450]: Reader Software Update Progress :: "0.22851945"
2026-02-16T15:19:36.990Z [INFO]:[ASYNC]: reportReaderSoftwareUpdateProgress:  :: "0.2293527"
2026-02-16T15:19:36.995Z [INFO]:[FE-1771255176994]: Reader Software Update Progress :: "0.2293527"