 LOG  [INFO]:[FE-1768273071817]: [StateMachine] Entering screen: showOrganizationSelectScreen :: undefined
 LOG  [INFO]:[1768273071817]: cancelDiscoverReaders :: "done"
 LOG  [INFO]:[FE-1768273071823]: 🎯 [Payment Session] Screen unmounting - was active screen :: {"screenName":"showConnectReaderScreen","mountTimestamp":1768273014513,"willResetState":true}
 LOG  [INFO]:[FE-1768273071824]: 🎯 [Payment Session] Entering initialization screen - isInPaymentSession set to false :: {"screenName":"showOrganizationSelectScreen","mountTimestamp":1768273071819,"previousScreen":null}
 LOG  [INFO]:[FE-1768273071825]: 🔄 [State Machine] State changed :: {"currentState":"showOrganizationSelectScreen","matches_initializeTerminalScreen":false,"matches_paymentLayouts":false,"matches_paymentFlow":false,"fullStateValue":"\"showOrganizationSelectScreen\""}
 LOG  [INFO]:[FE-1768273071839]: Canceled Discovering Readers :: "canceled discover readers"
 LOG  [Stripe terminal]: didChangeConnectionStatus notConnected
 LOG  [INFO]:[ASYNC]: onDidChangeConnectionStatus :: "notConnected"
 WARN  [WARN]:[1768273017252]: Discovering Readers Error (Canceled):  :: {"message":"discoverReaders was canceled.","code":"Canceled"}
 LOG  [Stripe terminal]: didFinishDiscoveringReaders {"error": {"code": "Canceled", "message": "discoverReaders was canceled."}}
 LOG   On Finish Discovering Readers:  {"code": "Canceled", "message": "discoverReaders was canceled."}
 LOG  [INFO]:[FE-1768273071951]: Canceled Discovering Readers :: "onFinishDiscoveringReaders error discoverReaders was canceled."
 LOG  [INFO]:[FE-1768273071952]: Discovered Readers :: []
 LOG  [INFO]:[FE-1768273071957]: Reader Connection Status :: "notConnected"
 LOG  [WARN]:[FE-1768273071962]: Discover Readers :: "discoverReaders was canceled."
 LOG  [Stripe terminal]: didChangeOfflineStatus {"reader": undefined, "sdk": {"networkStatus": "online", "offlinePaymentAmountsByCurrency": {}, "offlinePaymentsCount": 0}}
 LOG  [INFO]:[ASYNC]: onDidChangeOfflineStatus:  :: {"sdk":{"offlinePaymentAmountsByCurrency":{},"networkStatus":"online","offlinePaymentsCount":0}}
 LOG  [INFO]:[FE-1768273077972]: Reader Offline Status :: {"sdk":{"offlinePaymentAmountsByCurrency":{},"networkStatus":"online","offlinePaymentsCount":0}}
 LOG  [INFO]:[FE-1768273077973]: 🌐 [Network Recovery] Network is back online :: {"previousStatus":"offline","newStatus":"online"}
 LOG  [INFO]:[ASYNC]: Initialized Terminal :: {"organizationPublicId":"mccsandiego.org","environment":"production"}
 LOG  [INFO]:[FE-1768273080571]: [StateMachine] Entering screen: showConnectReaderScreen :: undefined
 LOG  [INFO]:[FE-1768273080577]: 🎯 [Payment Session] Screen unmounting - was active screen :: {"screenName":"showOrganizationSelectScreen","mountTimestamp":1768273071819,"willResetState":true}
 LOG  [INFO]:[FE-1768273080578]: 🎯 [Payment Session] Entering initialization screen - isInPaymentSession set to false :: {"screenName":"showConnectReaderScreen","mountTimestamp":1768273080573,"previousScreen":null}
 LOG  [INFO]:[FE-1768273080578]: 🔄 [State Machine] State changed :: {"currentState":"showConnectReaderScreen","matches_initializeTerminalScreen":false,"matches_paymentLayouts":false,"matches_paymentFlow":false,"fullStateValue":"\"showConnectReaderScreen\""}
 WARN  [WARN]:[1768273080571]: Disconnect Readers Error (NotConnectedToReader):  :: {"message":"No reader is connected. Connect to a reader before trying again.","code":"NotConnectedToReader"}
 LOG  [INFO]:[FE-1768273087516]: ReaderHealthManager:HealthCheck: :: {"terminalName":"","lockedReader":"CHB20Y118005205","isConnected":false,"isReady":false,"sdkOnline":true,"readerPaymentStatus":"notReady","offlineModePreference":"disabled","stripeOfflineModeEnabled":true,"offlineModeEnabled":false,"offlinePaymentsCount":0,"recoveryType":null,"attemptCount":0,"timeSinceFirstFailure":"N/A","readerBatteryLevel":"","discoveredReadersSize":0,"connectedToWifi":"Yes","isInternetReachable":"Yes"}
 LOG  [WARN]:[FE-1768273087516]: ReaderHealthManager: Skipping health check - Not in payment session :: {"isInPaymentSession":false,"isGuidedAccessEnabled":"unknown","filteredCategoriesLength":4}
 LOG  [INFO]:[1768273090325]: Discovering Readers. readerType: bluetooth, discoveryMethod: bluetoothScan, isSimulator: false :: ""
 LOG  [INFO]:[FE-1768273090339]: Discovering readers :: "discovering readers"
 LOG  [Stripe terminal]: didChangeConnectionStatus discovering
 LOG  [INFO]:[ASYNC]: onDidChangeConnectionStatus :: "discovering"
 LOG  [INFO]:[FE-1768273090358]: Reader Connection Status :: "discovering"
 LOG  [INFO]:[ASYNC]: Start fetchTokenProvider :: {"fetchURL":"https://api.goodbricks.app/stripe/connection-token?organizationPublicId=mccsandiego.org","environment":"production","organizationPublicId":"mccsandiego.org"}
 ERROR  [ERROR]:[ASYNC]: fetchTokenProvider API error :: {"status":502,"statusText":"","responseData":{"message":"Internal server error"},"fetchURL":"https://api.goodbricks.app/stripe/connection-token?organizationPublicId=mccsandiego.org","environment":"production","organizationPublicId":"mccsandiego.org"}
 LOG  [Stripe terminal]: didUpdateDiscoveredReaders [{"availableUpdate": null, "batteryLevel": null, "batteryStatus": "unknown", "deviceSoftwareVersion": null, "deviceType": "chipper2X", "id": null, "ipAddress": null, "isCharging": null, "label": null, "location": {"address": [Object], "addressKana": null, "addressKanji": null, "displayName": "ICSD Primary Location", "displayNameKana": null, "displayNameKanji": null, "id": "tml_Enq6AmuRiHOSAi", "livemode": false, "phone": null}, "locationId": "tml_Enq6AmuRiHOSAi", "locationStatus": "set", "serialNumber": "CHB20Y118005205", "simulated": false, "status": "offline"}]
 LOG  [INFO]:[ASYNC]: onUpdateDiscoveredReaders :: [{"status":"offline","simulated":false,"batteryStatus":"unknown","location":{"displayName":"ICSD Primary Location","phone":null,"id":"tml_Enq6AmuRiHOSAi","addressKana":null,"address":{"line1":"6666 Beadnell Way Unit 8","state":"CA","town":null,"line2":"","postalCode":"92117","country":"US","city":"San Diego"},"addressKanji":null,"livemode":false,"displayNameKana":null,"displayNameKanji":null},"availableUpdate":null,"deviceType":"chipper2X","isCharging":null,"deviceSoftwareVersion":null,"ipAddress":null,"locationStatus":"set","serialNumber":"CHB20Y118005205","batteryLevel":null,"label":null,"locationId":"tml_Enq6AmuRiHOSAi","id":null}]
 LOG  [Stripe terminal]: didChangeOfflineStatus {"reader": undefined, "sdk": {"networkStatus": "offline", "offlinePaymentAmountsByCurrency": {}, "offlinePaymentsCount": 0}}
 LOG  [INFO]:[ASYNC]: onDidChangeOfflineStatus:  :: {"sdk":{"offlinePaymentAmountsByCurrency":{},"networkStatus":"offline","offlinePaymentsCount":0}}
 WARN  [WARN]:[ASYNC]: 📴 SDK went offline - offline mode active :: {"pendingPayments":0}
 LOG  [INFO]:[FE-1768273091728]: Discovered Readers :: [{"status":"offline","simulated":false,"batteryStatus":"unknown","location":{"displayName":"ICSD Primary Location","phone":null,"id":"tml_Enq6AmuRiHOSAi","addressKana":null,"address":{"line1":"6666 Beadnell Way Unit 8","state":"CA","town":null,"line2":"","postalCode":"92117","country":"US","city":"San Diego"},"addressKanji":null,"livemode":false,"displayNameKana":null,"displayNameKanji":null},"availableUpdate":null,"deviceType":"chipper2X","isCharging":null,"deviceSoftwareVersion":null,"ipAddress":null,"locationStatus":"set","serialNumber":"CHB20Y118005205","batteryLevel":null,"label":null,"locationId":"tml_Enq6AmuRiHOSAi","id":null}]
 LOG  [INFO]:[FE-1768273091728]: ReaderHealthManager:DiscoveredReaderChange:  :: {"lockedReader":"CHB20Y118005205","connectingToReader":false,"readerDiscoveryStatus":"discovering-readers","readerConnectionStatus":"discovering","discoveredReaders":[{"status":"offline","simulated":false,"batteryStatus":"unknown","location":{"displayName":"ICSD Primary Location","phone":null,"id":"tml_Enq6AmuRiHOSAi","addressKana":null,"address":{"line1":"6666 Beadnell Way Unit 8","state":"CA","town":null,"line2":"","postalCode":"92117","country":"US","city":"San Diego"},"addressKanji":null,"livemode":false,"displayNameKana":null,"displayNameKanji":null},"availableUpdate":null,"deviceType":"chipper2X","isCharging":null,"deviceSoftwareVersion":null,"ipAddress":null,"locationStatus":"set","serialNumber":"CHB20Y118005205","batteryLevel":null,"label":null,"locationId":"tml_Enq6AmuRiHOSAi","id":null}]}
 LOG  [INFO]:[FE-1768273091731]: Reader Offline Status :: {"sdk":{"offlinePaymentAmountsByCurrency":{},"networkStatus":"offline","offlinePaymentsCount":0}}
 LOG  [INFO]:[FE-1768273117518]: ReaderHealthManager:HealthCheck: :: {"terminalName":"","lockedReader":"CHB20Y118005205","isConnected":false,"isReady":false,"sdkOnline":false,"readerPaymentStatus":"notReady","offlineModePreference":"disabled","stripeOfflineModeEnabled":true,"offlineModeEnabled":false,"offlinePaymentsCount":0,"recoveryType":null,"attemptCount":0,"timeSinceFirstFailure":"N/A","readerBatteryLevel":"","discoveredReadersSize":0,"connectedToWifi":"Yes","isInternetReachable":"Yes"}
 LOG  [WARN]:[FE-1768273117518]: ReaderHealthManager: Skipping health check - Not in payment session :: {"isInPaymentSession":false,"isGuidedAccessEnabled":"unknown","filteredCategoriesLength":4}
 LOG  [INFO]:[FE-1768273128196]: [StateMachine] Entering screen: showOrganizationSelectScreen :: undefined
 LOG  [INFO]:[FE-1768273128205]: 🎯 [Payment Session] Screen unmounting - was active screen :: {"screenName":"showConnectReaderScreen","mountTimestamp":1768273080573,"willResetState":true}
 LOG  [INFO]:[1768273128194]: cancelDiscoverReaders :: "done"
 LOG  [INFO]:[FE-1768273128207]: 🎯 [Payment Session] Entering initialization screen - isInPaymentSession set to false :: {"screenName":"showOrganizationSelectScreen","mountTimestamp":1768273128199,"previousScreen":null}
 LOG  [INFO]:[FE-1768273128209]: 🔄 [State Machine] State changed :: {"currentState":"showOrganizationSelectScreen","matches_initializeTerminalScreen":false,"matches_paymentLayouts":false,"matches_paymentFlow":false,"fullStateValue":"\"showOrganizationSelectScreen\""}
 LOG  [INFO]:[FE-1768273128222]: Canceled Discovering Readers :: "canceled discover readers"
 LOG  [Stripe terminal]: didChangeConnectionStatus notConnected
 LOG  [INFO]:[ASYNC]: onDidChangeConnectionStatus :: "notConnected"
 WARN  [WARN]:[1768273090325]: Discovering Readers Error (Canceled):  :: {"message":"discoverReaders was canceled.","code":"Canceled"}
 LOG  [Stripe terminal]: didFinishDiscoveringReaders {"error": {"code": "Canceled", "message": "discoverReaders was canceled."}}
 LOG   On Finish Discovering Readers:  {"code": "Canceled", "message": "discoverReaders was canceled."}
 LOG  [INFO]:[FE-1768273128335]: Canceled Discovering Readers :: "onFinishDiscoveringReaders error discoverReaders was canceled."
 LOG  [INFO]:[FE-1768273128336]: Discovered Readers :: []
 LOG  [INFO]:[FE-1768273128341]: Reader Connection Status :: "notConnected"
 LOG  [WARN]:[FE-1768273128345]: Discover Readers :: "discoverReaders was canceled."
 LOG  [INFO]:[ASYNC]: Initialized Terminal :: {"organizationPublicId":"irusa.org","environment":"production"}
 LOG  [INFO]:[ASYNC]: Start fetchTokenProvider :: {"fetchURL":"https://api.goodbricks.app/stripe/connection-token?organizationPublicId=irusa.org","environment":"production","organizationPublicId":"irusa.org"}
 LOG  [INFO]:[FE-1768273142869]: [StateMachine] Entering screen: showConnectReaderScreen :: undefined
 LOG  [INFO]:[FE-1768273142875]: 🎯 [Payment Session] Screen unmounting - was active screen :: {"screenName":"showOrganizationSelectScreen","mountTimestamp":1768273128199,"willResetState":true}
 LOG  [INFO]:[FE-1768273142876]: 🎯 [Payment Session] Entering initialization screen - isInPaymentSession set to false :: {"screenName":"showConnectReaderScreen","mountTimestamp":1768273142871,"previousScreen":null}
 LOG  [INFO]:[FE-1768273142877]: 🔄 [State Machine] State changed :: {"currentState":"showConnectReaderScreen","matches_initializeTerminalScreen":false,"matches_paymentLayouts":false,"matches_paymentFlow":false,"fullStateValue":"\"showConnectReaderScreen\""}
 WARN  [WARN]:[1768273142868]: Disconnect Readers Error (NotConnectedToReader):  :: {"message":"No reader is connected. Connect to a reader before trying again.","code":"NotConnectedToReader"}
 LOG  [INFO]:[ASYNC]: Done fetchTokenProvider :: {"organization":{"connectionToken":"pst_live_YWNjdF8xTzVDZGlScUJ4TEFaalp6LHRTcUlZanZCVkFIV1Q2Yk5HM3h0QlR2N2RSZnBlRDE_00Lyr1qmgw","locationId":"tml_FYGWxgeCFc4bem","applicationFeesCapInCents":3000,"applicationFeesInPercent":1.25,"receiptAmountThresholdInDollars":0},"locationId":"tml_FYGWxgeCFc4bem","hasLocationId":true,"environment":"production"}
 LOG  [INFO]:[ASYNC]: Updated fetchTokenProvider :: {"organization":{"message":"Internal server error"},"environment":"production"}
 LOG  [INFO]:[1768273145907]: Discovering Readers. readerType: bluetooth, discoveryMethod: bluetoothScan, isSimulator: false :: ""
 LOG  [INFO]:[FE-1768273145919]: Discovering readers :: "discovering readers"
 LOG  [Stripe terminal]: didChangeConnectionStatus discovering
 LOG  [INFO]:[ASYNC]: onDidChangeConnectionStatus :: "discovering"
 LOG  [INFO]:[FE-1768273145951]: Reader Connection Status :: "discovering"
 LOG  [Stripe terminal]: didUpdateDiscoveredReaders [{"availableUpdate": null, "batteryLevel": null, "batteryStatus": "unknown", "deviceSoftwareVersion": null, "deviceType": "chipper2X", "id": null, "ipAddress": null, "isCharging": null, "label": null, "location": {"address": [Object], "addressKana": null, "addressKanji": null, "displayName": "ICSD Primary Location", "displayNameKana": null, "displayNameKanji": null, "id": "tml_Enq6AmuRiHOSAi", "livemode": false, "phone": null}, "locationId": "tml_Enq6AmuRiHOSAi", "locationStatus": "set", "serialNumber": "CHB20Y118005205", "simulated": false, "status": "offline"}]
 LOG  [INFO]:[ASYNC]: onUpdateDiscoveredReaders :: [{"status":"offline","simulated":false,"batteryStatus":"unknown","location":{"displayName":"ICSD Primary Location","phone":null,"id":"tml_Enq6AmuRiHOSAi","addressKana":null,"address":{"line1":"6666 Beadnell Way Unit 8","state":"CA","town":null,"line2":"","postalCode":"92117","country":"US","city":"San Diego"},"addressKanji":null,"livemode":false,"displayNameKana":null,"displayNameKanji":null},"availableUpdate":null,"deviceType":"chipper2X","isCharging":null,"deviceSoftwareVersion":null,"ipAddress":null,"locationStatus":"set","serialNumber":"CHB20Y118005205","batteryLevel":null,"label":null,"locationId":"tml_Enq6AmuRiHOSAi","id":null}]
 LOG  [INFO]:[FE-1768273146253]: Discovered Readers :: [{"status":"offline","simulated":false,"batteryStatus":"unknown","location":{"displayName":"ICSD Primary Location","phone":null,"id":"tml_Enq6AmuRiHOSAi","addressKana":null,"address":{"line1":"6666 Beadnell Way Unit 8","state":"CA","town":null,"line2":"","postalCode":"92117","country":"US","city":"San Diego"},"addressKanji":null,"livemode":false,"displayNameKana":null,"displayNameKanji":null},"availableUpdate":null,"deviceType":"chipper2X","isCharging":null,"deviceSoftwareVersion":null,"ipAddress":null,"locationStatus":"set","serialNumber":"CHB20Y118005205","batteryLevel":null,"label":null,"locationId":"tml_Enq6AmuRiHOSAi","id":null}]
 LOG  [INFO]:[FE-1768273146254]: ReaderHealthManager:DiscoveredReaderChange:  :: {"lockedReader":"CHB20Y118005205","connectingToReader":false,"readerDiscoveryStatus":"discovering-readers","readerConnectionStatus":"discovering","discoveredReaders":[{"status":"offline","simulated":false,"batteryStatus":"unknown","location":{"displayName":"ICSD Primary Location","phone":null,"id":"tml_Enq6AmuRiHOSAi","addressKana":null,"address":{"line1":"6666 Beadnell Way Unit 8","state":"CA","town":null,"line2":"","postalCode":"92117","country":"US","city":"San Diego"},"addressKanji":null,"livemode":false,"displayNameKana":null,"displayNameKanji":null},"availableUpdate":null,"deviceType":"chipper2X","isCharging":null,"deviceSoftwareVersion":null,"ipAddress":null,"locationStatus":"set","serialNumber":"CHB20Y118005205","batteryLevel":null,"label":null,"locationId":"tml_Enq6AmuRiHOSAi","id":null}]}
 LOG  [INFO]:[FE-1768273147518]: ReaderHealthManager:HealthCheck: :: {"terminalName":"","lockedReader":"CHB20Y118005205","isConnected":false,"isReady":false,"sdkOnline":false,"readerPaymentStatus":"notReady","offlineModePreference":"disabled","stripeOfflineModeEnabled":true,"offlineModeEnabled":false,"offlinePaymentsCount":0,"recoveryType":null,"attemptCount":0,"timeSinceFirstFailure":"N/A","readerBatteryLevel":"","discoveredReadersSize":0,"connectedToWifi":"Yes","isInternetReachable":"Yes"}
 LOG  [WARN]:[FE-1768273147518]: ReaderHealthManager: Skipping health check - Not in payment session :: {"isInPaymentSession":false,"isGuidedAccessEnabled":"unknown","filteredCategoriesLength":4}
 LOG  [INFO]:[1768273147654]: Discovering Readers. readerType: bluetooth, discoveryMethod: bluetoothScan, isSimulator: false :: ""
 WARN  [WARN]:[1768273147654]: Discovering Readers Error (AlreadyDiscovering):  :: {"message":"Could not execute discoverReaders because the SDK is busy with another command: discoverReaders.","code":"AlreadyDiscovering"}
 LOG  [INFO]:[FE-1768273147665]: Discovering readers :: "discovering readers"
 LOG  [WARN]:[FE-1768273147675]: Discover Readers :: "Could not execute discoverReaders because the SDK is busy with another command: discoverReaders."
 LOG  [INFO]:[FE-1768273151589]: [StateMachine] Entering screen: showOrganizationSelectScreen :: undefined
 LOG  [INFO]:[FE-1768273151595]: 🎯 [Payment Session] Screen unmounting - was active screen :: {"screenName":"showConnectReaderScreen","mountTimestamp":1768273142871,"willResetState":true}
 LOG  [INFO]:[FE-1768273151596]: 🎯 [Payment Session] Entering initialization screen - isInPaymentSession set to false :: {"screenName":"showOrganizationSelectScreen","mountTimestamp":1768273151591,"previousScreen":null}
 LOG  [INFO]:[FE-1768273151597]: 🔄 [State Machine] State changed :: {"currentState":"showOrganizationSelectScreen","matches_initializeTerminalScreen":false,"matches_paymentLayouts":false,"matches_paymentFlow":false,"fullStateValue":"\"showOrganizationSelectScreen\""}
 LOG  [INFO]:[1768273151589]: cancelDiscoverReaders :: "done"
 LOG  [INFO]:[FE-1768273151619]: Canceled Discovering Readers :: "canceled discover readers"
 LOG  [Stripe terminal]: didChangeConnectionStatus notConnected
 LOG  [INFO]:[ASYNC]: onDidChangeConnectionStatus :: "notConnected"
 WARN  [WARN]:[1768273145907]: Discovering Readers Error (Canceled):  :: {"message":"discoverReaders was canceled.","code":"Canceled"}
 LOG  [Stripe terminal]: didFinishDiscoveringReaders {"error": {"code": "Canceled", "message": "discoverReaders was canceled."}}
 LOG   On Finish Discovering Readers:  {"code": "Canceled", "message": "discoverReaders was canceled."}
 LOG  [INFO]:[FE-1768273151720]: Canceled Discovering Readers :: "onFinishDiscoveringReaders error discoverReaders was canceled."
 LOG  [INFO]:[FE-1768273151720]: Discovered Readers :: []
 LOG  [INFO]:[FE-1768273151723]: Reader Connection Status :: "notConnected"
 LOG  [WARN]:[FE-1768273151725]: Discover Readers :: "discoverReaders was canceled."
 LOG  [INFO]:[ASYNC]: Initialized Terminal :: {"organizationPublicId":"irusa.org","environment":"production"}
 LOG  [INFO]:[FE-1768273152705]: [StateMachine] Entering screen: showConnectReaderScreen :: undefined
 LOG  [INFO]:[FE-1768273152710]: 🎯 [Payment Session] Screen unmounting - was active screen :: {"screenName":"showOrganizationSelectScreen","mountTimestamp":1768273151591,"willResetState":true}
 LOG  [INFO]:[FE-1768273152711]: 🎯 [Payment Session] Entering initialization screen - isInPaymentSession set to false :: {"screenName":"showConnectReaderScreen","mountTimestamp":1768273152707,"previousScreen":null}
 LOG  [INFO]:[FE-1768273152711]: 🔄 [State Machine] State changed :: {"currentState":"showConnectReaderScreen","matches_initializeTerminalScreen":false,"matches_paymentLayouts":false,"matches_paymentFlow":false,"fullStateValue":"\"showConnectReaderScreen\""}
 WARN  [WARN]:[1768273152705]: Disconnect Readers Error (NotConnectedToReader):  :: {"message":"No reader is connected. Connect to a reader before trying again.","code":"NotConnectedToReader"}
 LOG  [INFO]:[1768273153907]: Discovering Readers. readerType: bluetooth, discoveryMethod: bluetoothScan, isSimulator: false :: ""
 LOG  [INFO]:[FE-1768273153922]: Discovering readers :: "discovering readers"
 LOG  [Stripe terminal]: didChangeConnectionStatus discovering
 LOG  [INFO]:[ASYNC]: onDidChangeConnectionStatus :: "discovering"
 LOG  [INFO]:[FE-1768273153941]: Reader Connection Status :: "discovering"
 LOG  [Stripe terminal]: didUpdateDiscoveredReaders [{"availableUpdate": null, "batteryLevel": null, "batteryStatus": "unknown", "deviceSoftwareVersion": null, "deviceType": "chipper2X", "id": null, "ipAddress": null, "isCharging": null, "label": null, "location": {"address": [Object], "addressKana": null, "addressKanji": null, "displayName": "ICSD Primary Location", "displayNameKana": null, "displayNameKanji": null, "id": "tml_Enq6AmuRiHOSAi", "livemode": false, "phone": null}, "locationId": "tml_Enq6AmuRiHOSAi", "locationStatus": "set", "serialNumber": "CHB20Y118005205", "simulated": false, "status": "offline"}]
 LOG  [INFO]:[ASYNC]: onUpdateDiscoveredReaders :: [{"status":"offline","simulated":false,"batteryStatus":"unknown","location":{"displayName":"ICSD Primary Location","phone":null,"id":"tml_Enq6AmuRiHOSAi","addressKana":null,"address":{"line1":"6666 Beadnell Way Unit 8","state":"CA","town":null,"line2":"","postalCode":"92117","country":"US","city":"San Diego"},"addressKanji":null,"livemode":false,"displayNameKana":null,"displayNameKanji":null},"availableUpdate":null,"deviceType":"chipper2X","isCharging":null,"deviceSoftwareVersion":null,"ipAddress":null,"locationStatus":"set","serialNumber":"CHB20Y118005205","batteryLevel":null,"label":null,"locationId":"tml_Enq6AmuRiHOSAi","id":null}]
 LOG  [INFO]:[FE-1768273154082]: Discovered Readers :: [{"status":"offline","simulated":false,"batteryStatus":"unknown","location":{"displayName":"ICSD Primary Location","phone":null,"id":"tml_Enq6AmuRiHOSAi","addressKana":null,"address":{"line1":"6666 Beadnell Way Unit 8","state":"CA","town":null,"line2":"","postalCode":"92117","country":"US","city":"San Diego"},"addressKanji":null,"livemode":false,"displayNameKana":null,"displayNameKanji":null},"availableUpdate":null,"deviceType":"chipper2X","isCharging":null,"deviceSoftwareVersion":null,"ipAddress":null,"locationStatus":"set","serialNumber":"CHB20Y118005205","batteryLevel":null,"label":null,"locationId":"tml_Enq6AmuRiHOSAi","id":null}]
 LOG  [INFO]:[FE-1768273154083]: ReaderHealthManager:DiscoveredReaderChange:  :: {"lockedReader":"CHB20Y118005205","connectingToReader":false,"readerDiscoveryStatus":"discovering-readers","readerConnectionStatus":"discovering","discoveredReaders":[{"status":"offline","simulated":false,"batteryStatus":"unknown","location":{"displayName":"ICSD Primary Location","phone":null,"id":"tml_Enq6AmuRiHOSAi","addressKana":null,"address":{"line1":"6666 Beadnell Way Unit 8","state":"CA","town":null,"line2":"","postalCode":"92117","country":"US","city":"San Diego"},"addressKanji":null,"livemode":false,"displayNameKana":null,"displayNameKanji":null},"availableUpdate":null,"deviceType":"chipper2X","isCharging":null,"deviceSoftwareVersion":null,"ipAddress":null,"locationStatus":"set","serialNumber":"CHB20Y118005205","batteryLevel":null,"label":null,"locationId":"tml_Enq6AmuRiHOSAi","id":null}]}
 LOG  [INFO]:[1768273155692]: handleConnectReader  :: {"payload":{"serialNumber":"CHB20Y118005205","offlineModePreference":"disabled","readerType":"bluetooth"},"discoveredReaders":[{"status":"offline","simulated":false,"batteryStatus":"unknown","location":{"displayName":"ICSD Primary Location","phone":null,"id":"tml_Enq6AmuRiHOSAi","addressKana":null,"address":{"line1":"6666 Beadnell Way Unit 8","state":"CA","town":null,"line2":"","postalCode":"92117","country":"US","city":"San Diego"},"addressKanji":null,"livemode":false,"displayNameKana":null,"displayNameKanji":null},"availableUpdate":null,"deviceType":"chipper2X","isCharging":null,"deviceSoftwareVersion":null,"ipAddress":null,"locationStatus":"set","serialNumber":"CHB20Y118005205","batteryLevel":null,"label":null,"locationId":"tml_Enq6AmuRiHOSAi","id":null}]}
 LOG  [INFO]:[1768273155692]: handleConnectBluetoothReader  :: {"selectReader":{"status":"offline","simulated":false,"batteryStatus":"unknown","location":{"displayName":"ICSD Primary Location","phone":null,"id":"tml_Enq6AmuRiHOSAi","addressKana":null,"address":{"line1":"6666 Beadnell Way Unit 8","state":"CA","town":null,"line2":"","postalCode":"92117","country":"US","city":"San Diego"},"addressKanji":null,"livemode":false,"displayNameKana":null,"displayNameKanji":null},"availableUpdate":null,"deviceType":"chipper2X","isCharging":null,"deviceSoftwareVersion":null,"ipAddress":null,"locationStatus":"set","serialNumber":"CHB20Y118005205","batteryLevel":null,"label":null,"locationId":"tml_Enq6AmuRiHOSAi","id":null},"offlineModePreference":"disabled","locationId":"tml_FYGWxgeCFc4bem","fullOrganization":{"connectionToken":"pst_live_YWNjdF8xTzVDZGlScUJ4TEFaalp6LHRTcUlZanZCVkFIV1Q2Yk5HM3h0QlR2N2RSZnBlRDE_00Lyr1qmgw","locationId":"tml_FYGWxgeCFc4bem","applicationFeesCapInCents":3000,"applicationFeesInPercent":1.25,"receiptAmountThresholdInDollars":0}}
 LOG  [INFO]:[1768273155692]: Offline mode preference: disabled, enabling: false :: {}
 LOG  [INFO]:[1768273153907]: discovering readers :: "started"
 LOG  [Stripe terminal]: didFinishDiscoveringReaders {"error": null}
 LOG   On Finish Discovering Readers:  null
 LOG  [Stripe terminal]: didChangeConnectionStatus connecting
 LOG  [INFO]:[ASYNC]: onDidChangeConnectionStatus :: "connecting"
 LOG  [INFO]:[FE-1768273155860]: Canceled Discovering Readers :: "onFinishDiscoveringReaders error undefined"
 LOG  [INFO]:[FE-1768273155861]: Discovered Readers :: [{"status":"offline","simulated":false,"batteryStatus":"unknown","location":{"displayName":"ICSD Primary Location","phone":null,"id":"tml_Enq6AmuRiHOSAi","addressKana":null,"address":{"line1":"6666 Beadnell Way Unit 8","state":"CA","town":null,"line2":"","postalCode":"92117","country":"US","city":"San Diego"},"addressKanji":null,"livemode":false,"displayNameKana":null,"displayNameKanji":null},"availableUpdate":null,"deviceType":"chipper2X","isCharging":null,"deviceSoftwareVersion":null,"ipAddress":null,"locationStatus":"set","serialNumber":"CHB20Y118005205","batteryLevel":null,"label":null,"locationId":"tml_Enq6AmuRiHOSAi","id":null}]
 LOG  [INFO]:[FE-1768273155861]: ReaderHealthManager:DiscoveredReaderChange:  :: {"lockedReader":"CHB20Y118005205","connectingToReader":false,"readerDiscoveryStatus":"canceled-discovering-readers","readerConnectionStatus":"discovering","discoveredReaders":[{"status":"offline","simulated":false,"batteryStatus":"unknown","location":{"displayName":"ICSD Primary Location","phone":null,"id":"tml_Enq6AmuRiHOSAi","addressKana":null,"address":{"line1":"6666 Beadnell Way Unit 8","state":"CA","town":null,"line2":"","postalCode":"92117","country":"US","city":"San Diego"},"addressKanji":null,"livemode":false,"displayNameKana":null,"displayNameKanji":null},"availableUpdate":null,"deviceType":"chipper2X","isCharging":null,"deviceSoftwareVersion":null,"ipAddress":null,"locationStatus":"set","serialNumber":"CHB20Y118005205","batteryLevel":null,"label":null,"locationId":"tml_Enq6AmuRiHOSAi","id":null}]}
 LOG  [INFO]:[FE-1768273155861]: Discovering readers :: "discovering readers"
 LOG  [INFO]:[FE-1768273155861]: Reader Connection Status :: "connecting"
 LOG  [INFO]:[ASYNC]: Start fetchTokenProvider :: {"fetchURL":"https://api.goodbricks.app/stripe/connection-token?organizationPublicId=irusa.org","environment":"production","organizationPublicId":"irusa.org"}
 LOG  [INFO]:[ASYNC]: Done fetchTokenProvider :: {"organization":{"connectionToken":"pst_live_YWNjdF8xTzVDZGlScUJ4TEFaalp6LEVCeWZUZmZQbDBka3MzUGxzajR2M2huOFhxQlpDSDc_00PTx0FM80","locationId":"tml_FYGWxgeCFc4bem","applicationFeesCapInCents":3000,"applicationFeesInPercent":1.25,"receiptAmountThresholdInDollars":0},"locationId":"tml_FYGWxgeCFc4bem","hasLocationId":true,"environment":"production"}
 LOG  [INFO]:[ASYNC]: Start fetchTokenProvider :: {"fetchURL":"https://api.goodbricks.app/stripe/connection-token?organizationPublicId=irusa.org","environment":"production","organizationPublicId":"irusa.org"}
 LOG  [Stripe terminal]: didChangeOfflineStatus {"reader": undefined, "sdk": {"networkStatus": "online", "offlinePaymentAmountsByCurrency": {}, "offlinePaymentsCount": 0}}
 LOG  [INFO]:[ASYNC]: onDidChangeOfflineStatus:  :: {"sdk":{"offlinePaymentAmountsByCurrency":{},"networkStatus":"online","offlinePaymentsCount":0}}
 LOG  [INFO]:[FE-1768273158449]: Reader Offline Status :: {"sdk":{"offlinePaymentAmountsByCurrency":{},"networkStatus":"online","offlinePaymentsCount":0}}
 LOG  [INFO]:[FE-1768273158449]: 🌐 [Network Recovery] Network is back online :: {"previousStatus":"offline","newStatus":"online"}
 LOG  [INFO]:[ASYNC]: Done fetchTokenProvider :: {"organization":{"connectionToken":"pst_live_YWNjdF8xTzVDZGlScUJ4TEFaalp6LFU3dWh3Q01rNmxQWVZtbTk4WVFOSmpzOGtreGptbFE_00DkgENm0z","locationId":"tml_FYGWxgeCFc4bem","applicationFeesCapInCents":3000,"applicationFeesInPercent":1.25,"receiptAmountThresholdInDollars":0},"locationId":"tml_FYGWxgeCFc4bem","hasLocationId":true,"environment":"production"}
 LOG  [Stripe terminal]: didChangeOfflineStatus {"reader": undefined, "sdk": {"networkStatus": "online", "offlinePaymentAmountsByCurrency": {}, "offlinePaymentsCount": 0}}
 LOG  [INFO]:[ASYNC]: onDidChangeOfflineStatus:  :: {"sdk":{"offlinePaymentAmountsByCurrency":{},"networkStatus":"online","offlinePaymentsCount":0}}
 LOG  [INFO]:[FE-1768273159077]: Reader Offline Status :: {"sdk":{"offlinePaymentAmountsByCurrency":{},"networkStatus":"online","offlinePaymentsCount":0}}
 LOG  [Stripe terminal]: didChangeConnectionStatus connected
 LOG  [INFO]:[ASYNC]: onDidChangeConnectionStatus :: "connected"
 LOG  [Stripe terminal]: didUpdateBatteryLevel {"batteryLevel": 0.7200000286102295, "batteryStatus": "nominal", "isCharging": false}
 LOG  [INFO]:[ASYNC]: Battery Level:  :: 0.7200000286102295
 LOG  [Stripe terminal]: didChangePaymentStatus ready
 LOG  [INFO]:[ASYNC]: onDidChangePaymentStatus:  :: "ready"
 LOG  [INFO]:[1768273155692]: Reader connected successfully :: {"status":"offline","simulated":false,"batteryStatus":"nominal","location":{"displayName":"Primary","phone":null,"id":"tml_FYGWxgeCFc4bem","addressKana":null,"address":{"line1":"3655 Wheeler Avenue","state":"CA","town":null,"line2":"","postalCode":"22304","country":"US","city":"Alexandria"},"addressKanji":null,"livemode":true,"displayNameKana":null,"displayNameKanji":null},"availableUpdate":null,"deviceType":"chipper2X","isCharging":false,"deviceSoftwareVersion":"1.03.00.09-SZZZ_Generic_Y_v3-300001","ipAddress":null,"locationStatus":"set","serialNumber":"CHB20Y118005205","batteryLevel":0.7200000286102295,"label":null,"locationId":"tml_FYGWxgeCFc4bem","id":"tmr_GWJ4gQimOUxT8Q"}
 LOG  [INFO]:[FE-1768273159987]: Reader Connection Status :: "connected"
 LOG  [INFO]:[FE-1768273159988]: Battery Level Update :: {"batteryLevel":0.7200000286102295,"isCharging":false,"batteryStatus":"nominal"}
 LOG  [INFO]:[FE-1768273159990]: Battery Level Update :: 0.7200000286102295
 LOG  [INFO]:[1768273155692]: Fetched offline status after reader connection :: {"sdk":{"offlinePaymentsCount":0,"networkStatus":"online","offlinePaymentAmountsByCurrency":{}}}
 LOG  [INFO]:[FE-1768273159990]: Reader Connected :: {"status":"offline","simulated":false,"batteryStatus":"nominal","location":{"displayName":"Primary","phone":null,"id":"tml_FYGWxgeCFc4bem","addressKana":null,"address":{"line1":"3655 Wheeler Avenue","state":"CA","town":null,"line2":"","postalCode":"22304","country":"US","city":"Alexandria"},"addressKanji":null,"livemode":true,"displayNameKana":null,"displayNameKanji":null},"availableUpdate":null,"deviceType":"chipper2X","isCharging":false,"deviceSoftwareVersion":"1.03.00.09-SZZZ_Generic_Y_v3-300001","ipAddress":null,"locationStatus":"set","serialNumber":"CHB20Y118005205","batteryLevel":0.7200000286102295,"label":null,"locationId":"tml_FYGWxgeCFc4bem","id":"tmr_GWJ4gQimOUxT8Q"}
 LOG  [INFO]:[FE-1768273159991]: ReaderHealthManager:ConnectedReader:  :: {"connectedReader":"CHB20Y118005205","readerStatus":"offline","readerConnectionStatus":"connected","connectingToReader":false}
 WARN  [WARN]:[1768273155692]: cancelDiscovering error :: {"message":"discoverReaders could not be canceled because the command has already been canceled or has completed.","code":"CancelFailedAlreadyCompleted"}
 LOG  [INFO]:[FE-1768273159995]: Reader Offline Status :: {"sdk":{"offlinePaymentsCount":0,"networkStatus":"online","offlinePaymentAmountsByCurrency":{}}}
 LOG  [INFO]:[1768273155692]: cancelDiscoverReaders :: "done"
 LOG  [INFO]:[FE-1768273160000]: Canceled Discovering Readers :: "canceled discover readers"
 LOG  [INFO]:[FE-1768273177518]: ReaderHealthManager:HealthCheck: :: {"terminalName":"","lockedReader":"CHB20Y118005205","connectedReader":"CHB20Y118005205","isConnected":true,"isReady":true,"sdkOnline":true,"readerPaymentStatus":"ready","offlineModePreference":"disabled","stripeOfflineModeEnabled":true,"offlineModeEnabled":false,"offlinePaymentsCount":0,"recoveryType":null,"attemptCount":0,"timeSinceFirstFailure":"N/A","readerBatteryLevel":0.7200000286102295,"isReaderCharging":false,"discoveredReadersSize":0,"connectedToWifi":"Yes","isInternetReachable":"Yes"}
 LOG  [WARN]:[FE-1768273177519]: ReaderHealthManager: Skipping health check - Not in payment session :: {"isInPaymentSession":false,"isGuidedAccessEnabled":"unknown","filteredCategoriesLength":4}
 WARN  [WARN]:[1768273197310]: cancelDiscovering error :: {"message":"discoverReaders could not be canceled because the command has already been canceled or has completed.","code":"CancelFailedAlreadyCompleted"}
 LOG  [INFO]:[FE-1768273197311]: [StateMachine] Entering screen: showOrganizationSelectScreen :: undefined
 LOG  [INFO]:[FE-1768273197316]: 🎯 [Payment Session] Screen unmounting - was active screen :: {"screenName":"showConnectReaderScreen","mountTimestamp":1768273152707,"willResetState":true}
 LOG  [INFO]:[FE-1768273197318]: 🎯 [Payment Session] Entering initialization screen - isInPaymentSession set to false :: {"screenName":"showOrganizationSelectScreen","mountTimestamp":1768273197313,"previousScreen":null}
 LOG  [INFO]:[FE-1768273197318]: 🔄 [State Machine] State changed :: {"currentState":"showOrganizationSelectScreen","matches_initializeTerminalScreen":false,"matches_paymentLayouts":false,"matches_paymentFlow":false,"fullStateValue":"\"showOrganizationSelectScreen\""}
 LOG  [INFO]:[1768273197310]: cancelDiscoverReaders :: "done"
 LOG  [INFO]:[FE-1768273197336]: Canceled Discovering Readers :: "canceled discover readers"
 LOG  [INFO]:[FE-1768273207520]: ReaderHealthManager:HealthCheck: :: {"terminalName":"","lockedReader":"CHB20Y118005205","connectedReader":"CHB20Y118005205","isConnected":true,"isReady":true,"sdkOnline":true,"readerPaymentStatus":"ready","offlineModePreference":"disabled","stripeOfflineModeEnabled":true,"offlineModeEnabled":false,"offlinePaymentsCount":0,"recoveryType":null,"attemptCount":0,"timeSinceFirstFailure":"N/A","readerBatteryLevel":0.7200000286102295,"isReaderCharging":false,"discoveredReadersSize":0,"connectedToWifi":"Yes","isInternetReachable":"Yes"}
 LOG  [WARN]:[FE-1768273207520]: ReaderHealthManager: Skipping health check - Not in payment session :: {"isInPaymentSession":false,"isGuidedAccessEnabled":"unknown","filteredCategoriesLength":4}
 LOG  [INFO]:[ASYNC]: Initialized Terminal :: {"organizationPublicId":"tricityislamiccenter.org","environment":"production"}
 LOG  [INFO]:[ASYNC]: Start fetchTokenProvider :: {"fetchURL":"https://api.goodbricks.app/stripe/connection-token?organizationPublicId=tricityislamiccenter.org","environment":"production","organizationPublicId":"tricityislamiccenter.org"}
 LOG  [INFO]:[FE-1768273208861]: [StateMachine] Entering screen: showConnectReaderScreen :: undefined
 LOG  [INFO]:[FE-1768273208866]: 🎯 [Payment Session] Screen unmounting - was active screen :: {"screenName":"showOrganizationSelectScreen","mountTimestamp":1768273197313,"willResetState":true}
 LOG  [INFO]:[FE-1768273208868]: 🎯 [Payment Session] Entering initialization screen - isInPaymentSession set to false :: {"screenName":"showConnectReaderScreen","mountTimestamp":1768273208863,"previousScreen":null}
 LOG  [INFO]:[FE-1768273208868]: 🔄 [State Machine] State changed :: {"currentState":"showConnectReaderScreen","matches_initializeTerminalScreen":false,"matches_paymentLayouts":false,"matches_paymentFlow":false,"fullStateValue":"\"showConnectReaderScreen\""}
 LOG  [Stripe terminal]: didChangePaymentStatus notReady
 LOG  [INFO]:[ASYNC]: onDidChangePaymentStatus:  :: "notReady"
 LOG  [INFO]:[ASYNC]: Done fetchTokenProvider :: {"organization":{"connectionToken":"pst_live_YWNjdF8xRkVVQjZBRTM1aWNlRUJiLG14bWlJc1AxazJNWVcwMnNYVm1LanpQV3V2WFR3WjQ_00iUtfOIid","locationId":"tml_FBhABQTVgxATMu","applicationFeesCapInCents":0,"applicationFeesInPercent":1.5,"receiptAmountThresholdInDollars":0},"locationId":"tml_FBhABQTVgxATMu","hasLocationId":true,"environment":"production"}
 LOG  [INFO]:[ASYNC]: Updated fetchTokenProvider :: {"organization":{"connectionToken":"pst_live_YWNjdF8xTzVDZGlScUJ4TEFaalp6LFU3dWh3Q01rNmxQWVZtbTk4WVFOSmpzOGtreGptbFE_00DkgENm0z","locationId":"tml_FYGWxgeCFc4bem","applicationFeesCapInCents":3000,"applicationFeesInPercent":1.25,"receiptAmountThresholdInDollars":0},"environment":"production"}
 LOG  [Stripe terminal]: didChangeConnectionStatus notConnected
 LOG  [INFO]:[ASYNC]: onDidChangeConnectionStatus :: "notConnected"
 LOG  [Stripe terminal]: didDisconnect disconnectRequested
 LOG  [INFO]:[ASYNC]: onDidDisconnect :: {"reason":"disconnectRequested","reasonType":"string","reasonKeys":["0","1","2","3","4","5","6","7","8","9","10","11","12","13","14","15","16","17","18"],"timestamp":"2026-01-13T03:00:09.200Z"}
 LOG  [INFO]:[1768273208860]: disconnectReader :: "done"
 LOG  [INFO]:[FE-1768273209192]: Reader Connection Status :: "notConnected"
 LOG  [WARN]:[FE-1768273209207]: Reader Disconnected (User Requested) :: {"reason":"disconnectRequested","timestamp":"2026-01-13T03:00:09.207Z","readerSerial":"CHB20Y118005205","readerType":"chipper2X","readerBatteryLevel":0.7200000286102295,"connectionDuration":"257s","paymentIntentId":"","readerPaymentStatus":"notReady","readerConnectionStatus":"notConnected","lastHealthCheckTime":"3s ago"}
 LOG  [INFO]:[FE-1768273209208]: ReaderHealthManager:ConnectedReader:  :: {"readerConnectionStatus":"notConnected","connectingToReader":false}
 LOG  [INFO]:[FE-1768273209208]: Reader Disconnected :: "disconnected reader successfully"
 LOG  [INFO]:[1768273211777]: Discovering Readers. readerType: bluetooth, discoveryMethod: bluetoothScan, isSimulator: false :: ""
 LOG  [INFO]:[FE-1768273211789]: Discovering readers :: "discovering readers"
 LOG  [Stripe terminal]: didChangeConnectionStatus discovering
 LOG  [INFO]:[ASYNC]: onDidChangeConnectionStatus :: "discovering"
 LOG  [INFO]:[FE-1768273211808]: Reader Connection Status :: "discovering"
 LOG  [INFO]:[ASYNC]: Start fetchTokenProvider :: {"fetchURL":"https://api.goodbricks.app/stripe/connection-token?organizationPublicId=tricityislamiccenter.org","environment":"production","organizationPublicId":"tricityislamiccenter.org"}
 LOG  [INFO]:[ASYNC]: Done fetchTokenProvider :: {"organization":{"connectionToken":"pst_live_YWNjdF8xRkVVQjZBRTM1aWNlRUJiLE1FS2MyVHhvS2pLRzlCRFRtTkJEQ3lmUjZEVldtVkc_00F97ZAV9Y","locationId":"tml_FBhABQTVgxATMu","applicationFeesCapInCents":0,"applicationFeesInPercent":1.5,"receiptAmountThresholdInDollars":0},"locationId":"tml_FBhABQTVgxATMu","hasLocationId":true,"environment":"production"}
 LOG  [Stripe terminal]: didUpdateDiscoveredReaders [{"availableUpdate": null, "batteryLevel": null, "batteryStatus": "unknown", "deviceSoftwareVersion": null, "deviceType": "chipper2X", "id": null, "ipAddress": null, "isCharging": null, "label": null, "location": null, "locationId": null, "locationStatus": "notSet", "serialNumber": "CHB20Y118005205", "simulated": false, "status": "offline"}]
 LOG  [INFO]:[ASYNC]: onUpdateDiscoveredReaders :: [{"status":"offline","simulated":false,"batteryStatus":"unknown","location":null,"availableUpdate":null,"deviceType":"chipper2X","isCharging":null,"deviceSoftwareVersion":null,"ipAddress":null,"locationStatus":"notSet","serialNumber":"CHB20Y118005205","batteryLevel":null,"label":null,"locationId":null,"id":null}]
 LOG  [INFO]:[FE-1768273212519]: Discovered Readers :: [{"status":"offline","simulated":false,"batteryStatus":"unknown","location":null,"availableUpdate":null,"deviceType":"chipper2X","isCharging":null,"deviceSoftwareVersion":null,"ipAddress":null,"locationStatus":"notSet","serialNumber":"CHB20Y118005205","batteryLevel":null,"label":null,"locationId":null,"id":null}]
 LOG  [INFO]:[FE-1768273212520]: ReaderHealthManager:DiscoveredReaderChange:  :: {"lockedReader":"CHB20Y118005205","connectingToReader":false,"readerDiscoveryStatus":"discovering-readers","readerConnectionStatus":"discovering","discoveredReaders":[{"status":"offline","simulated":false,"batteryStatus":"unknown","location":null,"availableUpdate":null,"deviceType":"chipper2X","isCharging":null,"deviceSoftwareVersion":null,"ipAddress":null,"locationStatus":"notSet","serialNumber":"CHB20Y118005205","batteryLevel":null,"label":null,"locationId":null,"id":null}]}
 LOG  [INFO]:[1768273214733]: handleConnectReader  :: {"payload":{"serialNumber":"CHB20Y118005205","offlineModePreference":"disabled","readerType":"bluetooth"},"discoveredReaders":[{"status":"offline","simulated":false,"batteryStatus":"unknown","location":null,"availableUpdate":null,"deviceType":"chipper2X","isCharging":null,"deviceSoftwareVersion":null,"ipAddress":null,"locationStatus":"notSet","serialNumber":"CHB20Y118005205","batteryLevel":null,"label":null,"locationId":null,"id":null}]}
 LOG  [INFO]:[1768273214733]: handleConnectBluetoothReader  :: {"selectReader":{"status":"offline","simulated":false,"batteryStatus":"unknown","location":null,"availableUpdate":null,"deviceType":"chipper2X","isCharging":null,"deviceSoftwareVersion":null,"ipAddress":null,"locationStatus":"notSet","serialNumber":"CHB20Y118005205","batteryLevel":null,"label":null,"locationId":null,"id":null},"offlineModePreference":"disabled","locationId":"tml_FBhABQTVgxATMu","fullOrganization":{"connectionToken":"pst_live_YWNjdF8xRkVVQjZBRTM1aWNlRUJiLE1FS2MyVHhvS2pLRzlCRFRtTkJEQ3lmUjZEVldtVkc_00F97ZAV9Y","locationId":"tml_FBhABQTVgxATMu","applicationFeesCapInCents":0,"applicationFeesInPercent":1.5,"receiptAmountThresholdInDollars":0}}
 LOG  [INFO]:[1768273214733]: Offline mode preference: disabled, enabling: false :: {}
 LOG  [INFO]:[1768273211777]: discovering readers :: "started"
 LOG  [Stripe terminal]: didFinishDiscoveringReaders {"error": null}
 LOG   On Finish Discovering Readers:  null
 LOG  [Stripe terminal]: didChangeConnectionStatus connecting
 LOG  [INFO]:[ASYNC]: onDidChangeConnectionStatus :: "connecting"
 LOG  [INFO]:[FE-1768273214898]: Canceled Discovering Readers :: "onFinishDiscoveringReaders error undefined"
 LOG  [INFO]:[FE-1768273214899]: Discovered Readers :: [{"status":"offline","simulated":false,"batteryStatus":"unknown","location":null,"availableUpdate":null,"deviceType":"chipper2X","isCharging":null,"deviceSoftwareVersion":null,"ipAddress":null,"locationStatus":"notSet","serialNumber":"CHB20Y118005205","batteryLevel":null,"label":null,"locationId":null,"id":null}]
 LOG  [INFO]:[FE-1768273214899]: ReaderHealthManager:DiscoveredReaderChange:  :: {"lockedReader":"CHB20Y118005205","connectingToReader":false,"readerDiscoveryStatus":"canceled-discovering-readers","readerConnectionStatus":"discovering","discoveredReaders":[{"status":"offline","simulated":false,"batteryStatus":"unknown","location":null,"availableUpdate":null,"deviceType":"chipper2X","isCharging":null,"deviceSoftwareVersion":null,"ipAddress":null,"locationStatus":"notSet","serialNumber":"CHB20Y118005205","batteryLevel":null,"label":null,"locationId":null,"id":null}]}
 LOG  [INFO]:[FE-1768273214899]: Discovering readers :: "discovering readers"
 LOG  [INFO]:[FE-1768273214899]: Reader Connection Status :: "connecting"
 LOG  [INFO]:[ASYNC]: Start fetchTokenProvider :: {"fetchURL":"https://api.goodbricks.app/stripe/connection-token?organizationPublicId=tricityislamiccenter.org","environment":"production","organizationPublicId":"tricityislamiccenter.org"}
 LOG  [INFO]:[ASYNC]: Done fetchTokenProvider :: {"organization":{"connectionToken":"pst_live_YWNjdF8xRkVVQjZBRTM1aWNlRUJiLDU4c09iRThDODd5bFBEdW5VWGhJVEVFTER6VDdhdDU_00BPxMAEtE","locationId":"tml_FBhABQTVgxATMu","applicationFeesCapInCents":0,"applicationFeesInPercent":1.5,"receiptAmountThresholdInDollars":0},"locationId":"tml_FBhABQTVgxATMu","hasLocationId":true,"environment":"production"}
 LOG  [INFO]:[ASYNC]: Start fetchTokenProvider :: {"fetchURL":"https://api.goodbricks.app/stripe/connection-token?organizationPublicId=tricityislamiccenter.org","environment":"production","organizationPublicId":"tricityislamiccenter.org"}
 LOG  [INFO]:[ASYNC]: Done fetchTokenProvider :: {"organization":{"connectionToken":"pst_live_YWNjdF8xRkVVQjZBRTM1aWNlRUJiLEsxYUFKU0VrMUtJcFo2NDNlOUdnenZHZjhCS2k5TUU_00KcZHddZj","locationId":"tml_FBhABQTVgxATMu","applicationFeesCapInCents":0,"applicationFeesInPercent":1.5,"receiptAmountThresholdInDollars":0},"locationId":"tml_FBhABQTVgxATMu","hasLocationId":true,"environment":"production"}
 LOG  [Stripe terminal]: didChangeOfflineStatus {"reader": undefined, "sdk": {"networkStatus": "online", "offlinePaymentAmountsByCurrency": {}, "offlinePaymentsCount": 0}}
 LOG  [INFO]:[ASYNC]: onDidChangeOfflineStatus:  :: {"sdk":{"offlinePaymentAmountsByCurrency":{},"networkStatus":"online","offlinePaymentsCount":0}}
 LOG  [INFO]:[FE-1768273217654]: Reader Offline Status :: {"sdk":{"offlinePaymentAmountsByCurrency":{},"networkStatus":"online","offlinePaymentsCount":0}}
 LOG  [Stripe terminal]: didChangeConnectionStatus connected
 LOG  [INFO]:[ASYNC]: onDidChangeConnectionStatus :: "connected"
 LOG  [Stripe terminal]: didUpdateBatteryLevel {"batteryLevel": 0.7200000286102295, "batteryStatus": "nominal", "isCharging": false}
 LOG  [INFO]:[ASYNC]: Battery Level:  :: 0.7200000286102295
 LOG  [Stripe terminal]: didChangePaymentStatus ready
 LOG  [INFO]:[ASYNC]: onDidChangePaymentStatus:  :: "ready"
 LOG  [INFO]:[1768273214733]: Reader connected successfully :: {"status":"offline","simulated":false,"batteryStatus":"nominal","location":{"displayName":"Primary","phone":null,"id":"tml_FBhABQTVgxATMu","addressKana":null,"address":{"line1":"2136 Industrial Court","state":"CA","town":null,"line2":"","postalCode":"92081","country":"US","city":"Vista"},"addressKanji":null,"livemode":true,"displayNameKana":null,"displayNameKanji":null},"availableUpdate":null,"deviceType":"chipper2X","isCharging":false,"deviceSoftwareVersion":"1.03.00.09-SZZZ_Generic_Y_v3-300001","ipAddress":null,"locationStatus":"set","serialNumber":"CHB20Y118005205","batteryLevel":0.7200000286102295,"label":null,"locationId":"tml_FBhABQTVgxATMu","id":"tmr_GWJ4vA6Pept4L8"}
 LOG  [INFO]:[FE-1768273218079]: Reader Connection Status :: "connected"
 LOG  [INFO]:[FE-1768273218080]: Battery Level Update :: {"batteryLevel":0.7200000286102295,"isCharging":false,"batteryStatus":"nominal"}
 LOG  [INFO]:[1768273214733]: Fetched offline status after reader connection :: {"sdk":{"offlinePaymentsCount":0,"networkStatus":"online","offlinePaymentAmountsByCurrency":{}}}
 LOG  [INFO]:[FE-1768273218083]: Battery Level Update :: 0.7200000286102295
 LOG  [INFO]:[FE-1768273218083]: Reader Connected :: {"status":"offline","simulated":false,"batteryStatus":"nominal","location":{"displayName":"Primary","phone":null,"id":"tml_FBhABQTVgxATMu","addressKana":null,"address":{"line1":"2136 Industrial Court","state":"CA","town":null,"line2":"","postalCode":"92081","country":"US","city":"Vista"},"addressKanji":null,"livemode":true,"displayNameKana":null,"displayNameKanji":null},"availableUpdate":null,"deviceType":"chipper2X","isCharging":false,"deviceSoftwareVersion":"1.03.00.09-SZZZ_Generic_Y_v3-300001","ipAddress":null,"locationStatus":"set","serialNumber":"CHB20Y118005205","batteryLevel":0.7200000286102295,"label":null,"locationId":"tml_FBhABQTVgxATMu","id":"tmr_GWJ4vA6Pept4L8"}
 LOG  [INFO]:[FE-1768273218083]: ReaderHealthManager:ConnectedReader:  :: {"connectedReader":"CHB20Y118005205","readerStatus":"offline","readerConnectionStatus":"connected","connectingToReader":false}
 WARN  [WARN]:[1768273214733]: cancelDiscovering error :: {"message":"discoverReaders could not be canceled because the command has already been canceled or has completed.","code":"CancelFailedAlreadyCompleted"}
 LOG  [INFO]:[FE-1768273218089]: Reader Offline Status :: {"sdk":{"offlinePaymentsCount":0,"networkStatus":"online","offlinePaymentAmountsByCurrency":{}}}
 LOG  [INFO]:[1768273214733]: cancelDiscoverReaders :: "done"
 LOG  [INFO]:[FE-1768273218094]: Canceled Discovering Readers :: "canceled discover readers"
 LOG  [INFO]:[FE-1768273237521]: ReaderHealthManager:HealthCheck: :: {"terminalName":"","lockedReader":"CHB20Y118005205","connectedReader":"CHB20Y118005205","isConnected":true,"isReady":true,"sdkOnline":true,"readerPaymentStatus":"ready","offlineModePreference":"disabled","stripeOfflineModeEnabled":true,"offlineModeEnabled":false,"offlinePaymentsCount":0,"recoveryType":null,"attemptCount":0,"timeSinceFirstFailure":"N/A","readerBatteryLevel":0.7200000286102295,"isReaderCharging":false,"discoveredReadersSize":0,"connectedToWifi":"Yes","isInternetReachable":"Yes"}
 LOG  [WARN]:[FE-1768273237522]: ReaderHealthManager: Skipping health check - Not in payment session :: {"isInPaymentSession":false,"isGuidedAccessEnabled":"unknown","filteredCategoriesLength":4}
 LOG  [INFO]:[FE-1768273267521]: ReaderHealthManager:HealthCheck: :: {"terminalName":"","lockedReader":"CHB20Y118005205","connectedReader":"CHB20Y118005205","isConnected":true,"isReady":true,"sdkOnline":true,"readerPaymentStatus":"ready","offlineModePreference":"disabled","stripeOfflineModeEnabled":true,"offlineModeEnabled":false,"offlinePaymentsCount":0,"recoveryType":null,"attemptCount":0,"timeSinceFirstFailure":"N/A","readerBatteryLevel":0.7200000286102295,"isReaderCharging":false,"discoveredReadersSize":0,"connectedToWifi":"Yes","isInternetReachable":"Yes"}
 LOG  [WARN]:[FE-1768273267522]: ReaderHealthManager: Skipping health check - Not in payment session :: {"isInPaymentSession":false,"isGuidedAccessEnabled":"unknown","filteredCategoriesLength":4}
 LOG  [Stripe terminal]: didChangePaymentStatus notReady
 LOG  [INFO]:[ASYNC]: onDidChangePaymentStatus:  :: "notReady"
 LOG  [INFO]:[FE-1768273272659]: 🛡️ [Safety Monitor] Payment intent safety check :: {"hasPaymentIntent":false,"paymentIntentId":"","paymentIntentAge":"N/A","isInPaymentSession":false,"checkInterval":"60s"}
 LOG  [Stripe terminal]: didChangeConnectionStatus notConnected
 LOG  [INFO]:[ASYNC]: onDidChangeConnectionStatus :: "notConnected"
 LOG  [Stripe terminal]: didDisconnect disconnectRequested
 LOG  [INFO]:[ASYNC]: onDidDisconnect :: {"reason":"disconnectRequested","reasonType":"string","reasonKeys":["0","1","2","3","4","5","6","7","8","9","10","11","12","13","14","15","16","17","18"],"timestamp":"2026-01-13T03:01:13.021Z"}
 LOG  [INFO]:[1768273272633]: disconnectReader :: "done"
 LOG  [INFO]:[FE-1768273273007]: Reader Connection Status :: "notConnected"
 LOG  [INFO]:[1768273272633]: Discovering Readers. readerType: bluetooth, discoveryMethod: bluetoothScan, isSimulator: false :: ""
 LOG  [WARN]:[FE-1768273273037]: Reader Disconnected (User Requested) :: {"reason":"disconnectRequested","timestamp":"2026-01-13T03:01:13.037Z","readerSerial":"CHB20Y118005205","readerType":"chipper2X","readerBatteryLevel":0.7200000286102295,"connectionDuration":"64s","paymentIntentId":"","readerPaymentStatus":"notReady","readerConnectionStatus":"notConnected","lastHealthCheckTime":"7s ago"}
 LOG  [INFO]:[FE-1768273273038]: ReaderHealthManager:ConnectedReader:  :: {"readerConnectionStatus":"notConnected","connectingToReader":false}
 LOG  [INFO]:[FE-1768273273039]: Reader Disconnected :: "disconnected reader successfully"
 LOG  [INFO]:[FE-1768273273042]: Discovering readers :: "discovering readers"
 LOG  [Stripe terminal]: didChangeConnectionStatus discovering
 LOG  [INFO]:[ASYNC]: onDidChangeConnectionStatus :: "discovering"
 LOG  [INFO]:[FE-1768273273057]: Reader Connection Status :: "discovering"
 LOG  [INFO]:[ASYNC]: Start fetchTokenProvider :: {"fetchURL":"https://api.goodbricks.app/stripe/connection-token?organizationPublicId=tricityislamiccenter.org","environment":"production","organizationPublicId":"tricityislamiccenter.org"}
 LOG  [INFO]:[ASYNC]: Done fetchTokenProvider :: {"organization":{"connectionToken":"pst_live_YWNjdF8xRkVVQjZBRTM1aWNlRUJiLFBaVlBqNGY5VlZRN1NVVVF5ZEtad0x5TURPSlFteDQ_00QjES4EV2","locationId":"tml_FBhABQTVgxATMu","applicationFeesCapInCents":0,"applicationFeesInPercent":1.5,"receiptAmountThresholdInDollars":0},"locationId":"tml_FBhABQTVgxATMu","hasLocationId":true,"environment":"production"}
 LOG  [Stripe terminal]: didUpdateDiscoveredReaders [{"availableUpdate": null, "batteryLevel": null, "batteryStatus": "unknown", "deviceSoftwareVersion": null, "deviceType": "chipper2X", "id": null, "ipAddress": null, "isCharging": null, "label": null, "location": {"address": [Object], "addressKana": null, "addressKanji": null, "displayName": "Primary", "displayNameKana": null, "displayNameKanji": null, "id": "tml_FBhABQTVgxATMu", "livemode": true, "phone": null}, "locationId": "tml_FBhABQTVgxATMu", "locationStatus": "set", "serialNumber": "CHB20Y118005205", "simulated": false, "status": "offline"}]
 LOG  [INFO]:[ASYNC]: onUpdateDiscoveredReaders :: [{"status":"offline","simulated":false,"batteryStatus":"unknown","location":{"displayName":"Primary","phone":null,"id":"tml_FBhABQTVgxATMu","addressKana":null,"address":{"line1":"2136 Industrial Court","state":"CA","town":null,"line2":"","postalCode":"92081","country":"US","city":"Vista"},"addressKanji":null,"livemode":true,"displayNameKana":null,"displayNameKanji":null},"availableUpdate":null,"deviceType":"chipper2X","isCharging":null,"deviceSoftwareVersion":null,"ipAddress":null,"locationStatus":"set","serialNumber":"CHB20Y118005205","batteryLevel":null,"label":null,"locationId":"tml_FBhABQTVgxATMu","id":null}]
 LOG  [INFO]:[FE-1768273273878]: Discovered Readers :: [{"status":"offline","simulated":false,"batteryStatus":"unknown","location":{"displayName":"Primary","phone":null,"id":"tml_FBhABQTVgxATMu","addressKana":null,"address":{"line1":"2136 Industrial Court","state":"CA","town":null,"line2":"","postalCode":"92081","country":"US","city":"Vista"},"addressKanji":null,"livemode":true,"displayNameKana":null,"displayNameKanji":null},"availableUpdate":null,"deviceType":"chipper2X","isCharging":null,"deviceSoftwareVersion":null,"ipAddress":null,"locationStatus":"set","serialNumber":"CHB20Y118005205","batteryLevel":null,"label":null,"locationId":"tml_FBhABQTVgxATMu","id":null}]
 LOG  [INFO]:[FE-1768273273879]: ReaderHealthManager:DiscoveredReaderChange:  :: {"lockedReader":"","connectingToReader":false,"readerDiscoveryStatus":"discovering-readers","readerConnectionStatus":"discovering","discoveredReaders":[{"status":"offline","simulated":false,"batteryStatus":"unknown","location":{"displayName":"Primary","phone":null,"id":"tml_FBhABQTVgxATMu","addressKana":null,"address":{"line1":"2136 Industrial Court","state":"CA","town":null,"line2":"","postalCode":"92081","country":"US","city":"Vista"},"addressKanji":null,"livemode":true,"displayNameKana":null,"displayNameKanji":null},"availableUpdate":null,"deviceType":"chipper2X","isCharging":null,"deviceSoftwareVersion":null,"ipAddress":null,"locationStatus":"set","serialNumber":"CHB20Y118005205","batteryLevel":null,"label":null,"locationId":"tml_FBhABQTVgxATMu","id":null}]}
 LOG  [INFO]:[FE-1768273274298]: [StateMachine] Entering screen: showOrganizationSelectScreen :: undefined
 LOG  [INFO]:[FE-1768273274303]: 🎯 [Payment Session] Screen unmounting - was active screen :: {"screenName":"showConnectReaderScreen","mountTimestamp":1768273208863,"willResetState":true}
 LOG  [INFO]:[1768273274298]: cancelDiscoverReaders :: "done"
 LOG  [INFO]:[FE-1768273274305]: 🎯 [Payment Session] Entering initialization screen - isInPaymentSession set to false :: {"screenName":"showOrganizationSelectScreen","mountTimestamp":1768273274300,"previousScreen":null}
 LOG  [INFO]:[FE-1768273274305]: 🔄 [State Machine] State changed :: {"currentState":"showOrganizationSelectScreen","matches_initializeTerminalScreen":false,"matches_paymentLayouts":false,"matches_paymentFlow":false,"fullStateValue":"\"showOrganizationSelectScreen\""}
 LOG  [INFO]:[FE-1768273274329]: Canceled Discovering Readers :: "canceled discover readers"
 LOG  [Stripe terminal]: didChangeConnectionStatus notConnected
 LOG  [INFO]:[ASYNC]: onDidChangeConnectionStatus :: "notConnected"
 WARN  [WARN]:[1768273272633]: Discovering Readers Error (Canceled):  :: {"message":"discoverReaders was canceled.","code":"Canceled"}
 LOG  [Stripe terminal]: didFinishDiscoveringReaders {"error": {"code": "Canceled", "message": "discoverReaders was canceled."}}
 LOG   On Finish Discovering Readers:  {"code": "Canceled", "message": "discoverReaders was canceled."}
 LOG  [INFO]:[FE-1768273274435]: Canceled Discovering Readers :: "onFinishDiscoveringReaders error discoverReaders was canceled."
 LOG  [INFO]:[FE-1768273274435]: Discovered Readers :: []
 LOG  [INFO]:[FE-1768273274441]: Reader Connection Status :: "notConnected"
 LOG  [WARN]:[FE-1768273274442]: Discover Readers :: "discoverReaders was canceled."
 LOG  [INFO]:[ASYNC]: Initialized Terminal :: {"organizationPublicId":"mccsandiego.org","environment":"production"}
 LOG  [INFO]:[FE-1768273291678]: [StateMachine] Entering screen: showConnectReaderScreen :: undefined
 LOG  [INFO]:[ASYNC]: Start fetchTokenProvider :: {"fetchURL":"https://api.goodbricks.app/stripe/connection-token?organizationPublicId=mccsandiego.org","environment":"production","organizationPublicId":"mccsandiego.org"}
 LOG  [INFO]:[FE-1768273291683]: 🎯 [Payment Session] Screen unmounting - was active screen :: {"screenName":"showOrganizationSelectScreen","mountTimestamp":1768273274300,"willResetState":true}
 LOG  [INFO]:[FE-1768273291685]: 🎯 [Payment Session] Entering initialization screen - isInPaymentSession set to false :: {"screenName":"showConnectReaderScreen","mountTimestamp":1768273291679,"previousScreen":null}
 LOG  [INFO]:[FE-1768273291685]: 🔄 [State Machine] State changed :: {"currentState":"showConnectReaderScreen","matches_initializeTerminalScreen":false,"matches_paymentLayouts":false,"matches_paymentFlow":false,"fullStateValue":"\"showConnectReaderScreen\""}
 WARN  [WARN]:[1768273291677]: Disconnect Readers Error (NotConnectedToReader):  :: {"code":"NotConnectedToReader","message":"No reader is connected. Connect to a reader before trying again."}
 ERROR  [ERROR]:[ASYNC]: fetchTokenProvider API error :: {"status":502,"statusText":"","responseData":{"message":"Internal server error"},"fetchURL":"https://api.goodbricks.app/stripe/connection-token?organizationPublicId=mccsandiego.org","environment":"production","organizationPublicId":"mccsandiego.org"}
 LOG  [INFO]:[ASYNC]: Updated fetchTokenProvider :: {"organization":{"connectionToken":"pst_live_YWNjdF8xRkVVQjZBRTM1aWNlRUJiLFBaVlBqNGY5VlZRN1NVVVF5ZEtad0x5TURPSlFteDQ_00QjES4EV2","locationId":"tml_FBhABQTVgxATMu","applicationFeesCapInCents":0,"applicationFeesInPercent":1.5,"receiptAmountThresholdInDollars":0},"environment":"production"}
 LOG  [INFO]:[FE-1768273297524]: ReaderHealthManager:HealthCheck: :: {"terminalName":"","lockedReader":"","isConnected":false,"isReady":false,"sdkOnline":true,"readerPaymentStatus":"notReady","offlineModePreference":"disabled","stripeOfflineModeEnabled":true,"offlineModeEnabled":false,"offlinePaymentsCount":0,"recoveryType":null,"attemptCount":0,"timeSinceFirstFailure":"N/A","readerBatteryLevel":0.7200000286102295,"discoveredReadersSize":0,"connectedToWifi":"Yes","isInternetReachable":"Yes"}
 LOG  [WARN]:[FE-1768273297524]: ReaderHealthManager: Skipping health check - Not in payment session :: {"isInPaymentSession":false,"isGuidedAccessEnabled":"unknown","filteredCategoriesLength":4}
 LOG  [INFO]:[FE-1768273327524]: ReaderHealthManager:HealthCheck: :: {"terminalName":"","lockedReader":"","isConnected":false,"isReady":false,"sdkOnline":true,"readerPaymentStatus":"notReady","offlineModePreference":"disabled","stripeOfflineModeEnabled":true,"offlineModeEnabled":false,"offlinePaymentsCount":0,"recoveryType":null,"attemptCount":0,"timeSinceFirstFailure":"N/A","readerBatteryLevel":0.7200000286102295,"discoveredReadersSize":0,"connectedToWifi":"Yes","isInternetReachable":"Yes"}
 LOG  [WARN]:[FE-1768273327525]: ReaderHealthManager: Skipping health check - Not in payment session :: {"isInPaymentSession":false,"isGuidedAccessEnabled":"unknown","filteredCategoriesLength":4}
 LOG  [INFO]:[FE-1768273357526]: ReaderHealthManager:HealthCheck: :: {"terminalName":"","lockedReader":"","isConnected":false,"isReady":false,"sdkOnline":true,"readerPaymentStatus":"notReady","offlineModePreference":"disabled","stripeOfflineModeEnabled":true,"offlineModeEnabled":false,"offlinePaymentsCount":0,"recoveryType":null,"attemptCount":0,"timeSinceFirstFailure":"N/A","readerBatteryLevel":0.7200000286102295,"discoveredReadersSize":0,"connectedToWifi":"Yes","isInternetReachable":"Yes"}
 LOG  [WARN]:[FE-1768273357526]: ReaderHealthManager: Skipping health check - Not in payment session :: {"isInPaymentSession":false,"isGuidedAccessEnabled":"unknown","filteredCategoriesLength":4}


